#
# A fatal error has been detected by the Java Runtime Environment:
#
#  Internal Error (c1_CodeStubs.hpp:418), pid=880, tid=0x0000000000003b03
#  Error: ShouldNotReachHere()
#
# JRE version: OpenJDK Runtime Environment (8.0_152-b01) (build 1.8.0_152-release-1024-b01)
# Java VM: OpenJDK 64-Bit Server VM (25.152-b01 mixed mode bsd-amd64 compressed oops)
# Failed to write core dump. Core dumps have been disabled. To enable core dumping, try "ulimit -c unlimited" before starting Java again
#
# If you would like to submit a bug report, please visit:
#   http://bugreport.java.com/bugreport/crash.jsp
#

---------------  T H R E A D  ---------------

Current thread (0x00007fac63847000):  JavaThread "C1 CompilerThread3" daemon [_thread_in_native, id=15107, stack(0x0000700003b31000,0x0000700003c31000)]

Stack: [0x0000700003b31000,0x0000700003c31000],  sp=0x0000700003c301c0,  free space=1020k
Native frames: (J=compiled Java code, j=interpreted, Vv=VM code, C=native code)
V  [libjvm.dylib+0x53ea8d]  VMError::report_and_die()+0x3cb
V  [libjvm.dylib+0x1cd762]  report_vm_error(char const*, int, char const*, char const*)+0x54
V  [libjvm.dylib+0xf3a2d]  PatchingStub::install(MacroAssembler*, LIR_PatchCode, RegisterImpl*, CodeEmitInfo*)+0xa3
V  [libjvm.dylib+0xf3970]  LIR_Assembler::patching_epilog(PatchingStub*, LIR_PatchCode, RegisterImpl*, CodeEmitInfo*)+0x68
V  [libjvm.dylib+0xfb5ef]  LIR_Assembler::mem2reg(LIR_OprDesc*, LIR_OprDesc*, BasicType, LIR_PatchCode, CodeEmitInfo*, bool, bool)+0x9a5
V  [libjvm.dylib+0xf491b]  LIR_Assembler::move_op(LIR_OprDesc*, LIR_OprDesc*, BasicType, LIR_PatchCode, CodeEmitInfo*, bool, bool, bool)+0x1e7
V  [libjvm.dylib+0xf46ce]  LIR_Assembler::emit_op1(LIR_Op1*)+0x2fc
V  [libjvm.dylib+0xf3d17]  LIR_Assembler::emit_lir_list(LIR_List*)+0x4b
V  [libjvm.dylib+0xf3d73]  LIR_Assembler::emit_code(BlockList*)+0x2b
V  [libjvm.dylib+0xd8ce5]  Compilation::emit_code_body()+0xc3
V  [libjvm.dylib+0xd9019]  Compilation::compile_java_method()+0x10d
V  [libjvm.dylib+0xd91cc]  Compilation::compile_method()+0x58
V  [libjvm.dylib+0xd938c]  Compilation::Compilation(AbstractCompiler*, ciEnv*, ciMethod*, int, BufferBlob*)+0x144
V  [libjvm.dylib+0xd9e9d]  Compiler::compile_method(ciEnv*, ciMethod*, int)+0x81
V  [libjvm.dylib+0x1a067a]  CompileBroker::invoke_compiler_on_method(CompileTask*)+0x564
V  [libjvm.dylib+0x19fc78]  CompileBroker::compiler_thread_loop()+0x270
V  [libjvm.dylib+0x505e88]  JavaThread::thread_main_inner()+0x82
V  [libjvm.dylib+0x505d4d]  JavaThread::run()+0x199
V  [libjvm.dylib+0x435709]  java_start(Thread*)+0xfa
C  [libsystem_pthread.dylib+0x36c1]  _pthread_body+0x154
C  [libsystem_pthread.dylib+0x356d]  _pthread_body+0x0
C  [libsystem_pthread.dylib+0x2c5d]  thread_start+0xd
C  0x0000000000000000


Current CompileTask:
C1:   4382 3125       3       com.google.common.collect.AbstractMapBasedMultimap$AsMap$AsMapIterator::next (35 bytes)


---------------  P R O C E S S  ---------------

Java Threads: ( => current thread )
  0x00007fac63441800 JavaThread "Memory manager" [_thread_blocked, id=36611, stack(0x0000700005276000,0x0000700005376000)]
  0x00007fac62663000 JavaThread "build operations Thread 8" [_thread_blocked, id=25603, stack(0x0000700005173000,0x0000700005273000)]
  0x00007fac62662000 JavaThread "build operations Thread 7" [_thread_blocked, id=25347, stack(0x0000700005070000,0x0000700005170000)]
  0x00007fac62661800 JavaThread "build operations Thread 6" [_thread_blocked, id=37635, stack(0x0000700004f6d000,0x000070000506d000)]
  0x00007fac66493800 JavaThread "build operations Thread 5" [_thread_blocked, id=38147, stack(0x0000700004e6a000,0x0000700004f6a000)]
  0x00007fac62755800 JavaThread "build operations Thread 4" [_thread_blocked, id=25091, stack(0x0000700004d67000,0x0000700004e67000)]
  0x00007fac67350000 JavaThread "build operations Thread 3" [_thread_blocked, id=38915, stack(0x0000700004c64000,0x0000700004d64000)]
  0x00007fac67025000 JavaThread "build operations Thread 2" [_thread_blocked, id=24835, stack(0x0000700004b61000,0x0000700004c61000)]
  0x00007fac63bb8800 JavaThread "build operations" [_thread_blocked, id=39683, stack(0x0000700004a5e000,0x0000700004b5e000)]
  0x00007fac66a13000 JavaThread "Cache worker for Artifact transforms cache (/Users/annascott/.gradle/caches/transforms-1)" [_thread_blocked, id=39939, stack(0x000070000495b000,0x0000700004a5b000)]
  0x00007fac65027800 JavaThread "Cache worker for file hash cache (/Users/annascott/Downloads/ud843-QuakeReport-starting-point/.gradle/4.4/fileHashes)" [_thread_blocked, id=40451, stack(0x0000700004858000,0x0000700004958000)]
  0x00007fac63bb7000 JavaThread "File lock request listener" [_thread_in_native, id=40963, stack(0x0000700004755000,0x0000700004855000)]
  0x00007fac63bde800 JavaThread "Cache worker for file hash cache (/Users/annascott/.gradle/caches/4.4/fileHashes)" [_thread_blocked, id=24067, stack(0x0000700004652000,0x0000700004752000)]
  0x00007fac6339a800 JavaThread "Stdin handler" [_thread_blocked, id=41219, stack(0x000070000454f000,0x000070000464f000)]
  0x00007fac62381000 JavaThread "Asynchronous log dispatcher for DefaultDaemonConnection: socket connection from /127.0.0.1:50301 to /127.0.0.1:50302" [_thread_blocked, id=41475, stack(0x000070000444c000,0x000070000454c000)]
  0x00007fac63bdd800 JavaThread "Daemon worker" [_thread_in_Java, id=23299, stack(0x0000700004349000,0x0000700004449000)]
  0x00007fac63b9e800 JavaThread "Cancel handler" [_thread_blocked, id=41987, stack(0x0000700004246000,0x0000700004346000)]
  0x00007fac633f8800 JavaThread "Handler for socket connection from /127.0.0.1:50301 to /127.0.0.1:50302" [_thread_in_native, id=42243, stack(0x0000700004143000,0x0000700004243000)]
  0x00007fac6236a000 JavaThread "Daemon" [_thread_blocked, id=22531, stack(0x0000700004040000,0x0000700004140000)]
  0x00007fac63342000 JavaThread "Daemon periodic checks" [_thread_blocked, id=42755, stack(0x0000700003f3d000,0x000070000403d000)]
  0x00007fac63b95800 JavaThread "Incoming local TCP Connector on port 50301" [_thread_in_native, id=43011, stack(0x0000700003e3a000,0x0000700003f3a000)]
  0x00007fac6400b800 JavaThread "Service Thread" daemon [_thread_blocked, id=14595, stack(0x0000700003c34000,0x0000700003d34000)]
=>0x00007fac63847000 JavaThread "C1 CompilerThread3" daemon [_thread_in_native, id=15107, stack(0x0000700003b31000,0x0000700003c31000)]
  0x00007fac63846800 JavaThread "C2 CompilerThread2" daemon [_thread_in_native, id=15363, stack(0x0000700003a2e000,0x0000700003b2e000)]
  0x00007fac61845000 JavaThread "C2 CompilerThread1" daemon [_thread_blocked, id=15875, stack(0x000070000392b000,0x0000700003a2b000)]
  0x00007fac61810800 JavaThread "C2 CompilerThread0" daemon [_thread_blocked, id=16131, stack(0x0000700003828000,0x0000700003928000)]
  0x00007fac6301a800 JavaThread "Signal Dispatcher" daemon [_thread_blocked, id=13571, stack(0x0000700003725000,0x0000700003825000)]
  0x00007fac61803800 JavaThread "Finalizer" daemon [_thread_blocked, id=18691, stack(0x0000700003622000,0x0000700003722000)]
  0x00007fac61800000 JavaThread "Reference Handler" daemon [_thread_blocked, id=19203, stack(0x000070000351f000,0x000070000361f000)]
  0x00007fac63002000 JavaThread "main" [_thread_blocked, id=6147, stack(0x0000700002b01000,0x0000700002c01000)]

Other Threads:
  0x00007fac6383d800 VMThread [stack: 0x000070000341c000,0x000070000351c000] [id=19715]
  0x00007fac61845800 WatcherThread [stack: 0x0000700003d37000,0x0000700003e37000] [id=21763]

VM state:not at safepoint (normal execution)

VM Mutex/Monitor currently owned by a thread: None

Heap:
 PSYoungGen      total 138240K, used 18631K [0x00000007aab00000, 0x00000007b5400000, 0x00000007c0000000)
  eden space 127488K, 14% used [0x00000007aab00000,0x00000007abd31e90,0x00000007b2780000)
  from space 10752K, 0% used [0x00000007b2780000,0x00000007b2780000,0x00000007b3200000)
  to   space 13824K, 0% used [0x00000007b4680000,0x00000007b4680000,0x00000007b5400000)
 ParOldGen       total 172544K, used 19299K [0x0000000780000000, 0x000000078a880000, 0x00000007aab00000)
  object space 172544K, 11% used [0x0000000780000000,0x00000007812d8f98,0x000000078a880000)
 Metaspace       used 35690K, capacity 36230K, committed 36568K, reserved 1081344K
  class space    used 4916K, capacity 5115K, committed 5120K, reserved 1048576K

Card table byte_map: [0x0000000111828000,0x0000000111a29000] byte_map_base: 0x000000010dc28000

Marking Bits: (ParMarkBitMap*) 0x00000001111f81c8
 Begin Bits: [0x0000000111b7f000, 0x0000000112b7f000)
 End Bits:   [0x0000000112b7f000, 0x0000000113b7f000)

Polling page: 0x000000010f87c000

CodeCache: size=245760Kb used=10758Kb max_used=10770Kb free=235001Kb
 bounds [0x000000011dab0000, 0x000000011e540000, 0x000000012cab0000]
 total_blobs=3810 nmethods=3117 adapters=607
 compilation: enabled

Compilation events (10 events):
Event: 4.367 Thread 0x00007fac63847000 3122       3       java.util.ArrayList$ListItr::<init> (16 bytes)
Event: 4.367 Thread 0x00007fac63847000 nmethod 3122 0x000000011e535410 code [0x000000011e535580, 0x000000011e5357d0]
Event: 4.367 Thread 0x00007fac63847000 3126       3       com.google.common.collect.ImmutableListMultimap$Builder::put (9 bytes)
Event: 4.367 Thread 0x00007fac63847000 nmethod 3126 0x000000011e535910 code [0x000000011e535aa0, 0x000000011e535d78]
Event: 4.367 Thread 0x00007fac63847000 3123       3       java.util.ArrayList::listIterator (10 bytes)
Event: 4.367 Thread 0x00007fac63847000 nmethod 3123 0x000000011e535ed0 code [0x000000011e536040, 0x000000011e536350]
Event: 4.368 Thread 0x00007fac63847000 3124       3       com.google.common.collect.AbstractMapBasedMultimap$AsMap$AsMapIterator::next (5 bytes)
Event: 4.368 Thread 0x00007fac63847000 nmethod 3124 0x000000011e536490 code [0x000000011e5366a0, 0x000000011e5372a8]
Event: 4.368 Thread 0x00007fac63847000 3125       3       com.google.common.collect.AbstractMapBasedMultimap$AsMap$AsMapIterator::next (35 bytes)
Event: 4.368 Thread 0x00007fac61810800 3131       4       java.util.ArrayList::<init> (61 bytes)

GC Heap History (10 events):
Event: 2.121 GC heap before
{Heap before GC invocations=3 (full 0):
 PSYoungGen      total 76288K, used 32405K [0x00000007aab00000, 0x00000007b4000000, 0x00000007c0000000)
  eden space 65536K, 33% used [0x00000007aab00000,0x00000007ac07ed38,0x00000007aeb00000)
  from space 10752K, 96% used [0x00000007af580000,0x00000007affa6a78,0x00000007b0000000)
  to   space 10752K, 0% used [0x00000007aeb00000,0x00000007aeb00000,0x00000007af580000)
 ParOldGen       total 175104K, used 24K [0x0000000780000000, 0x000000078ab00000, 0x00000007aab00000)
  object space 175104K, 0% used [0x0000000780000000,0x0000000780006000,0x000000078ab00000)
 Metaspace       used 20810K, capacity 21096K, committed 21248K, reserved 1067008K
  class space    used 2913K, capacity 3016K, committed 3072K, reserved 1048576K
Event: 2.130 GC heap after
Heap after GC invocations=3 (full 0):
 PSYoungGen      total 76288K, used 9061K [0x00000007aab00000, 0x00000007b4000000, 0x00000007c0000000)
  eden space 65536K, 0% used [0x00000007aab00000,0x00000007aab00000,0x00000007aeb00000)
  from space 10752K, 84% used [0x00000007aeb00000,0x00000007af3d9590,0x00000007af580000)
  to   space 10752K, 0% used [0x00000007b3580000,0x00000007b3580000,0x00000007b4000000)
 ParOldGen       total 175104K, used 32K [0x0000000780000000, 0x000000078ab00000, 0x00000007aab00000)
  object space 175104K, 0% used [0x0000000780000000,0x0000000780008000,0x000000078ab00000)
 Metaspace       used 20810K, capacity 21096K, committed 21248K, reserved 1067008K
  class space    used 2913K, capacity 3016K, committed 3072K, reserved 1048576K
}
Event: 2.130 GC heap before
{Heap before GC invocations=4 (full 1):
 PSYoungGen      total 76288K, used 9061K [0x00000007aab00000, 0x00000007b4000000, 0x00000007c0000000)
  eden space 65536K, 0% used [0x00000007aab00000,0x00000007aab00000,0x00000007aeb00000)
  from space 10752K, 84% used [0x00000007aeb00000,0x00000007af3d9590,0x00000007af580000)
  to   space 10752K, 0% used [0x00000007b3580000,0x00000007b3580000,0x00000007b4000000)
 ParOldGen       total 175104K, used 32K [0x0000000780000000, 0x000000078ab00000, 0x00000007aab00000)
  object space 175104K, 0% used [0x0000000780000000,0x0000000780008000,0x000000078ab00000)
 Metaspace       used 20810K, capacity 21096K, committed 21248K, reserved 1067008K
  class space    used 2913K, capacity 3016K, committed 3072K, reserved 1048576K
Event: 2.168 GC heap after
Heap after GC invocations=4 (full 1):
 PSYoungGen      total 76288K, used 0K [0x00000007aab00000, 0x00000007b4000000, 0x00000007c0000000)
  eden space 65536K, 0% used [0x00000007aab00000,0x00000007aab00000,0x00000007aeb00000)
  from space 10752K, 0% used [0x00000007aeb00000,0x00000007aeb00000,0x00000007af580000)
  to   space 10752K, 0% used [0x00000007b3580000,0x00000007b3580000,0x00000007b4000000)
 ParOldGen       total 106496K, used 8788K [0x0000000780000000, 0x0000000786800000, 0x00000007aab00000)
  object space 106496K, 8% used [0x0000000780000000,0x0000000780895280,0x0000000786800000)
 Metaspace       used 20810K, capacity 21096K, committed 21248K, reserved 1067008K
  class space    used 2913K, capacity 3016K, committed 3072K, reserved 1048576K
}
Event: 2.927 GC heap before
{Heap before GC invocations=5 (full 1):
 PSYoungGen      total 76288K, used 65536K [0x00000007aab00000, 0x00000007b4000000, 0x00000007c0000000)
  eden space 65536K, 100% used [0x00000007aab00000,0x00000007aeb00000,0x00000007aeb00000)
  from space 10752K, 0% used [0x00000007aeb00000,0x00000007aeb00000,0x00000007af580000)
  to   space 10752K, 0% used [0x00000007b3580000,0x00000007b3580000,0x00000007b4000000)
 ParOldGen       total 106496K, used 8788K [0x0000000780000000, 0x0000000786800000, 0x00000007aab00000)
  object space 106496K, 8% used [0x0000000780000000,0x0000000780895280,0x0000000786800000)
 Metaspace       used 26079K, capacity 26472K, committed 26880K, reserved 1073152K
  class space    used 3613K, capacity 3775K, committed 3840K, reserved 1048576K
Event: 2.936 GC heap after
Heap after GC invocations=5 (full 1):
 PSYoungGen      total 105472K, used 6694K [0x00000007aab00000, 0x00000007b3c80000, 0x00000007c0000000)
  eden space 98304K, 0% used [0x00000007aab00000,0x00000007aab00000,0x00000007b0b00000)
  from space 7168K, 93% used [0x00000007b3580000,0x00000007b3c09ae0,0x00000007b3c80000)
  to   space 10752K, 0% used [0x00000007b2780000,0x00000007b2780000,0x00000007b3200000)
 ParOldGen       total 106496K, used 8796K [0x0000000780000000, 0x0000000786800000, 0x00000007aab00000)
  object space 106496K, 8% used [0x0000000780000000,0x0000000780897280,0x0000000786800000)
 Metaspace       used 26079K, capacity 26472K, committed 26880K, reserved 1073152K
  class space    used 3613K, capacity 3775K, committed 3840K, reserved 1048576K
}
Event: 4.142 GC heap before
{Heap before GC invocations=6 (full 1):
 PSYoungGen      total 105472K, used 96489K [0x00000007aab00000, 0x00000007b3c80000, 0x00000007c0000000)
  eden space 98304K, 91% used [0x00000007aab00000,0x00000007b02b0b50,0x00000007b0b00000)
  from space 7168K, 93% used [0x00000007b3580000,0x00000007b3c09ae0,0x00000007b3c80000)
  to   space 10752K, 0% used [0x00000007b2780000,0x00000007b2780000,0x00000007b3200000)
 ParOldGen       total 106496K, used 8796K [0x0000000780000000, 0x0000000786800000, 0x00000007aab00000)
  object space 106496K, 8% used [0x0000000780000000,0x0000000780897280,0x0000000786800000)
 Metaspace       used 34720K, capacity 35234K, committed 35416K, reserved 1079296K
  class space    used 4770K, capacity 4951K, committed 4992K, reserved 1048576K
Event: 4.158 GC heap after
Heap after GC invocations=6 (full 1):
 PSYoungGen      total 138240K, used 10746K [0x00000007aab00000, 0x00000007b5400000, 0x00000007c0000000)
  eden space 127488K, 0% used [0x00000007aab00000,0x00000007aab00000,0x00000007b2780000)
  from space 10752K, 99% used [0x00000007b2780000,0x00000007b31fe990,0x00000007b3200000)
  to   space 13824K, 0% used [0x00000007b4680000,0x00000007b4680000,0x00000007b5400000)
 ParOldGen       total 106496K, used 10875K [0x0000000780000000, 0x0000000786800000, 0x00000007aab00000)
  object space 106496K, 10% used [0x0000000780000000,0x0000000780a9edc8,0x0000000786800000)
 Metaspace       used 34720K, capacity 35234K, committed 35416K, reserved 1079296K
  class space    used 4770K, capacity 4951K, committed 4992K, reserved 1048576K
}
Event: 4.158 GC heap before
{Heap before GC invocations=7 (full 2):
 PSYoungGen      total 138240K, used 10746K [0x00000007aab00000, 0x00000007b5400000, 0x00000007c0000000)
  eden space 127488K, 0% used [0x00000007aab00000,0x00000007aab00000,0x00000007b2780000)
  from space 10752K, 99% used [0x00000007b2780000,0x00000007b31fe990,0x00000007b3200000)
  to   space 13824K, 0% used [0x00000007b4680000,0x00000007b4680000,0x00000007b5400000)
 ParOldGen       total 106496K, used 10875K [0x0000000780000000, 0x0000000786800000, 0x00000007aab00000)
  object space 106496K, 10% used [0x0000000780000000,0x0000000780a9edc8,0x0000000786800000)
 Metaspace       used 34720K, capacity 35234K, committed 35416K, reserved 1079296K
  class space    used 4770K, capacity 4951K, committed 4992K, reserved 1048576K
Event: 4.205 GC heap after
Heap after GC invocations=7 (full 2):
 PSYoungGen      total 138240K, used 0K [0x00000007aab00000, 0x00000007b5400000, 0x00000007c0000000)
  eden space 127488K, 0% used [0x00000007aab00000,0x00000007aab00000,0x00000007b2780000)
  from space 10752K, 0% used [0x00000007b2780000,0x00000007b2780000,0x00000007b3200000)
  to   space 13824K, 0% used [0x00000007b4680000,0x00000007b4680000,0x00000007b5400000)
 ParOldGen       total 172544K, used 19299K [0x0000000780000000, 0x000000078a880000, 0x00000007aab00000)
  object space 172544K, 11% used [0x0000000780000000,0x00000007812d8f98,0x000000078a880000)
 Metaspace       used 34720K, capacity 35234K, committed 35416K, reserved 1079296K
  class space    used 4770K, capacity 4951K, committed 4992K, reserved 1048576K
}

Deoptimization events (10 events):
Event: 3.652 Thread 0x00007fac63bdd800 Uncommon trap: reason=bimorphic action=maybe_recompile pc=0x000000011e105e1c method=java.lang.ClassLoader.getPackage(Ljava/lang/String;)Ljava/lang/Package; @ 47
Event: 3.652 Thread 0x00007fac63bdd800 Uncommon trap: reason=bimorphic action=maybe_recompile pc=0x000000011e105e1c method=java.lang.ClassLoader.getPackage(Ljava/lang/String;)Ljava/lang/Package; @ 47
Event: 3.652 Thread 0x00007fac63bdd800 Uncommon trap: reason=bimorphic action=maybe_recompile pc=0x000000011e105e1c method=java.lang.ClassLoader.getPackage(Ljava/lang/String;)Ljava/lang/Package; @ 47
Event: 3.737 Thread 0x00007fac63bdd800 Uncommon trap: reason=class_check action=maybe_recompile pc=0x000000011e323084 method=java.io.BufferedInputStream.read1([BII)I @ 39
Event: 3.737 Thread 0x00007fac63bdd800 Uncommon trap: reason=class_check action=maybe_recompile pc=0x000000011e323084 method=java.io.BufferedInputStream.read1([BII)I @ 39
Event: 3.737 Thread 0x00007fac63bdd800 Uncommon trap: reason=class_check action=maybe_recompile pc=0x000000011e323084 method=java.io.BufferedInputStream.read1([BII)I @ 39
Event: 3.739 Thread 0x00007fac63bdd800 Uncommon trap: reason=unstable_if action=reinterpret pc=0x000000011deed8b0 method=java.util.regex.Pattern.has(I)Z @ 6
Event: 3.903 Thread 0x00007fac63bdd800 Uncommon trap: reason=predicate action=maybe_recompile pc=0x000000011e4580f4 method=java.util.Arrays.binarySearch0([Ljava/lang/Object;IILjava/lang/Object;Ljava/util/Comparator;)I @ 28
Event: 3.903 Thread 0x00007fac63bdd800 Uncommon trap: reason=unstable_if action=reinterpret pc=0x000000011e120b10 method=sun.misc.MetaIndex.mayContain(Ljava/lang/String;)Z @ 38
Event: 4.244 Thread 0x00007fac63bdd800 Uncommon trap: reason=unstable_if action=reinterpret pc=0x000000011e2441dc method=java.util.concurrent.ConcurrentHashMap.get(Ljava/lang/Object;)Ljava/lang/Object; @ 76

Classes redefined (0 events):
No events

Internal exceptions (10 events):
Event: 3.587 Thread 0x00007fac63bdd800 Exception <a 'java/lang/ClassNotFoundException': org/gradle/api/internal/AbstractTaskBeanInfo> (0x00000007ae441458) thrown at [/Volumes/android/AOSP-openjdk-git/jdk8u/hotspot/src/share/vm/classfile/systemDictionary.cpp, line 210]
Event: 3.591 Thread 0x00007fac63bdd800 Exception <a 'java/lang/ClassNotFoundException': org/gradle/api/internal/AbstractTaskCustomizer> (0x00000007ae46b9e8) thrown at [/Volumes/android/AOSP-openjdk-git/jdk8u/hotspot/src/share/vm/classfile/systemDictionary.cpp, line 210]
Event: 3.595 Thread 0x00007fac63bdd800 Exception <a 'java/lang/ClassNotFoundException': org/gradle/api/DefaultTaskCustomizer> (0x00000007ae4f3c28) thrown at [/Volumes/android/AOSP-openjdk-git/jdk8u/hotspot/src/share/vm/classfile/systemDictionary.cpp, line 210]
Event: 3.597 Thread 0x00007fac63bdd800 Exception <a 'java/lang/ClassNotFoundException': org/gradle/api/internal/ConventionTaskCustomizer> (0x00000007ae52daa8) thrown at [/Volumes/android/AOSP-openjdk-git/jdk8u/hotspot/src/share/vm/classfile/systemDictionary.cpp, line 210]
Event: 3.599 Thread 0x00007fac63bdd800 Exception <a 'java/lang/ClassNotFoundException': org/gradle/api/tasks/DeleteCustomizer> (0x00000007ae565758) thrown at [/Volumes/android/AOSP-openjdk-git/jdk8u/hotspot/src/share/vm/classfile/systemDictionary.cpp, line 210]
Event: 3.602 Thread 0x00007fac63bdd800 Exception <a 'java/lang/ClassNotFoundException': org/gradle/api/tasks/Delete_DecoratedCustomizer> (0x00000007ae5aa8b0) thrown at [/Volumes/android/AOSP-openjdk-git/jdk8u/hotspot/src/share/vm/classfile/systemDictionary.cpp, line 210]
Event: 3.642 Thread 0x00007fac63bdd800 Exception <a 'java/lang/ClassNotFoundException': build_80tymhhijqhe464lsmbvblbteBeanInfo> (0x00000007ae785098) thrown at [/Volumes/android/AOSP-openjdk-git/jdk8u/hotspot/src/share/vm/classfile/systemDictionary.cpp, line 210]
Event: 3.642 Thread 0x00007fac63bdd800 Exception <a 'java/lang/ClassNotFoundException': build_80tymhhijqhe464lsmbvblbteCustomizer> (0x00000007ae78fd30) thrown at [/Volumes/android/AOSP-openjdk-git/jdk8u/hotspot/src/share/vm/classfile/systemDictionary.cpp, line 210]
Event: 3.648 Thread 0x00007fac63bdd800 Exception <a 'java/lang/ClassNotFoundException': org/gradle/api/internal/plugins/DefaultObjectConfigurationActionBeanInfo> (0x00000007ae7f6390) thrown at [/Volumes/android/AOSP-openjdk-git/jdk8u/hotspot/src/share/vm/classfile/systemDictionary.cpp, line 21
Event: 3.648 Thread 0x00007fac63bdd800 Exception <a 'java/lang/ClassNotFoundException': org/gradle/api/internal/plugins/DefaultObjectConfigurationActionCustomizer> (0x00000007ae82d648) thrown at [/Volumes/android/AOSP-openjdk-git/jdk8u/hotspot/src/share/vm/classfile/systemDictionary.cpp, line 

Events (10 events):
Event: 4.362 loading class org/apache/tools/ant/helper/AntXMLContext
Event: 4.362 loading class org/apache/tools/ant/helper/AntXMLContext done
Event: 4.363 loading class org/apache/tools/ant/Task
Event: 4.363 loading class org/apache/tools/ant/Task done
Event: 4.363 loading class org/apache/tools/ant/ProjectComponent
Event: 4.363 loading class org/apache/tools/ant/ProjectComponent done
Event: 4.363 loading class org/apache/tools/ant/Target
Event: 4.363 loading class org/apache/tools/ant/Target done
Event: 4.364 loading class org/apache/tools/ant/TaskContainer
Event: 4.364 loading class org/apache/tools/ant/TaskContainer done


Dynamic libraries:
0x000000000c912000 	/System/Library/Frameworks/Cocoa.framework/Versions/A/Cocoa
0x000000000c912000 	/System/Library/Frameworks/Security.framework/Versions/A/Security
0x000000000c912000 	/System/Library/Frameworks/ApplicationServices.framework/Versions/A/ApplicationServices
0x000000000c912000 	/usr/lib/libz.1.dylib
0x000000000c912000 	/usr/lib/libSystem.B.dylib
0x000000000c912000 	/System/Library/Frameworks/CoreFoundation.framework/Versions/A/CoreFoundation
0x000000000c912000 	/System/Library/Frameworks/Foundation.framework/Versions/C/Foundation
0x000000000c912000 	/usr/lib/libobjc.A.dylib
0x000000000c912000 	/System/Library/Frameworks/AppKit.framework/Versions/C/AppKit
0x000000000c912000 	/System/Library/Frameworks/CoreData.framework/Versions/A/CoreData
0x000000000c912000 	/System/Library/PrivateFrameworks/RemoteViewServices.framework/Versions/A/RemoteViewServices
0x000000000c912000 	/System/Library/PrivateFrameworks/UIFoundation.framework/Versions/A/UIFoundation
0x000000000c912000 	/System/Library/PrivateFrameworks/DFRFoundation.framework/Versions/A/DFRFoundation
0x000000000c912000 	/System/Library/Frameworks/Metal.framework/Versions/A/Metal
0x000000000c912000 	/System/Library/PrivateFrameworks/DesktopServicesPriv.framework/Versions/A/DesktopServicesPriv
0x000000000c912000 	/usr/lib/libenergytrace.dylib
0x000000000c912000 	/System/Library/PrivateFrameworks/SkyLight.framework/Versions/A/SkyLight
0x000000000c912000 	/System/Library/Frameworks/CoreGraphics.framework/Versions/A/CoreGraphics
0x000000000c912000 	/usr/lib/libScreenReader.dylib
0x000000000c912000 	/System/Library/Frameworks/Accelerate.framework/Versions/A/Accelerate
0x000000000c912000 	/System/Library/Frameworks/IOSurface.framework/Versions/A/IOSurface
0x000000000c912000 	/System/Library/Frameworks/AudioToolbox.framework/Versions/A/AudioToolbox
0x000000000c912000 	/System/Library/Frameworks/AudioUnit.framework/Versions/A/AudioUnit
0x000000000c912000 	/System/Library/PrivateFrameworks/DataDetectorsCore.framework/Versions/A/DataDetectorsCore
0x000000000c912000 	/System/Library/Frameworks/Carbon.framework/Versions/A/Frameworks/HIToolbox.framework/Versions/A/HIToolbox
0x000000000c912000 	/usr/lib/libicucore.A.dylib
0x000000000c912000 	/System/Library/Frameworks/QuartzCore.framework/Versions/A/QuartzCore
0x000000000c912000 	/System/Library/Frameworks/Carbon.framework/Versions/A/Frameworks/SpeechRecognition.framework/Versions/A/SpeechRecognition
0x000000000c912000 	/usr/lib/libauto.dylib
0x000000000c912000 	/usr/lib/libxml2.2.dylib
0x000000000c912000 	/System/Library/PrivateFrameworks/CoreUI.framework/Versions/A/CoreUI
0x000000000c912000 	/System/Library/Frameworks/CoreAudio.framework/Versions/A/CoreAudio
0x000000000c912000 	/System/Library/Frameworks/DiskArbitration.framework/Versions/A/DiskArbitration
0x000000000c912000 	/usr/lib/liblangid.dylib
0x000000000c912000 	/System/Library/PrivateFrameworks/MultitouchSupport.framework/Versions/A/MultitouchSupport
0x000000000c912000 	/System/Library/Frameworks/IOKit.framework/Versions/A/IOKit
0x000000000c912000 	/usr/lib/libDiagnosticMessagesClient.dylib
0x000000000c912000 	/System/Library/Frameworks/CoreServices.framework/Versions/A/CoreServices
0x000000000c912000 	/System/Library/PrivateFrameworks/PerformanceAnalysis.framework/Versions/A/PerformanceAnalysis
0x000000000c912000 	/System/Library/Frameworks/OpenGL.framework/Versions/A/OpenGL
0x000000000c912000 	/System/Library/Frameworks/ColorSync.framework/Versions/A/ColorSync
0x000000000c912000 	/System/Library/Frameworks/CoreImage.framework/Versions/A/CoreImage
0x000000000c912000 	/System/Library/Frameworks/CoreText.framework/Versions/A/CoreText
0x000000000c912000 	/System/Library/Frameworks/ImageIO.framework/Versions/A/ImageIO
0x000000000c912000 	/System/Library/PrivateFrameworks/Backup.framework/Versions/A/Backup
0x000000000c912000 	/usr/lib/libarchive.2.dylib
0x000000000c912000 	/System/Library/Frameworks/CFNetwork.framework/Versions/A/CFNetwork
0x000000000c912000 	/System/Library/Frameworks/SystemConfiguration.framework/Versions/A/SystemConfiguration
0x000000000c912000 	/usr/lib/libCRFSuite.dylib
0x000000000c912000 	/usr/lib/libc++.1.dylib
0x000000000c912000 	/usr/lib/libc++abi.dylib
0x000000000c912000 	/usr/lib/system/libcache.dylib
0x000000000c912000 	/usr/lib/system/libcommonCrypto.dylib
0x000000000c912000 	/usr/lib/system/libcompiler_rt.dylib
0x000000000c912000 	/usr/lib/system/libcopyfile.dylib
0x000000000c912000 	/usr/lib/system/libcorecrypto.dylib
0x000000000c912000 	/usr/lib/system/libdispatch.dylib
0x000000000c912000 	/usr/lib/system/libdyld.dylib
0x000000000c912000 	/usr/lib/system/libkeymgr.dylib
0x000000000c912000 	/usr/lib/system/liblaunch.dylib
0x000000000c912000 	/usr/lib/system/libmacho.dylib
0x000000000c912000 	/usr/lib/system/libquarantine.dylib
0x000000000c912000 	/usr/lib/system/libremovefile.dylib
0x000000000c912000 	/usr/lib/system/libsystem_asl.dylib
0x000000000c912000 	/usr/lib/system/libsystem_blocks.dylib
0x000000000c912000 	/usr/lib/system/libsystem_c.dylib
0x000000000c912000 	/usr/lib/system/libsystem_configuration.dylib
0x000000000c912000 	/usr/lib/system/libsystem_coreservices.dylib
0x000000000c912000 	/usr/lib/system/libsystem_darwin.dylib
0x000000000c912000 	/usr/lib/system/libsystem_dnssd.dylib
0x000000000c912000 	/usr/lib/system/libsystem_info.dylib
0x000000000c912000 	/usr/lib/system/libsystem_m.dylib
0x000000000c912000 	/usr/lib/system/libsystem_malloc.dylib
0x000000000c912000 	/usr/lib/system/libsystem_network.dylib
0x000000000c912000 	/usr/lib/system/libsystem_networkextension.dylib
0x000000000c912000 	/usr/lib/system/libsystem_notify.dylib
0x000000000c912000 	/usr/lib/system/libsystem_sandbox.dylib
0x000000000c912000 	/usr/lib/system/libsystem_secinit.dylib
0x000000000c912000 	/usr/lib/system/libsystem_kernel.dylib
0x000000000c912000 	/usr/lib/system/libsystem_platform.dylib
0x000000000c912000 	/usr/lib/system/libsystem_pthread.dylib
0x000000000c912000 	/usr/lib/system/libsystem_symptoms.dylib
0x000000000c912000 	/usr/lib/system/libsystem_trace.dylib
0x000000000c912000 	/usr/lib/system/libunwind.dylib
0x000000000c912000 	/usr/lib/system/libxpc.dylib
0x000000000c912000 	/usr/lib/closure/libclosured.dylib
0x000000000c912000 	/usr/lib/libbsm.0.dylib
0x000000000c912000 	/usr/lib/system/libkxld.dylib
0x000000000c912000 	/usr/lib/libOpenScriptingUtil.dylib
0x000000000c912000 	/usr/lib/libcoretls.dylib
0x000000000c912000 	/usr/lib/libcoretls_cfhelpers.dylib
0x000000000c912000 	/usr/lib/libpam.2.dylib
0x000000000c912000 	/usr/lib/libsqlite3.dylib
0x000000000c912000 	/usr/lib/libxar.1.dylib
0x000000000c912000 	/usr/lib/libbz2.1.0.dylib
0x000000000c912000 	/usr/lib/liblzma.5.dylib
0x000000000c912000 	/usr/lib/libnetwork.dylib
0x000000000c912000 	/usr/lib/libapple_nghttp2.dylib
0x000000000c912000 	/usr/lib/libpcap.A.dylib
0x000000000c912000 	/usr/lib/libboringssl.dylib
0x000000000c912000 	/usr/lib/libusrtcp.dylib
0x000000000c912000 	/usr/lib/libapple_crypto.dylib
0x000000000c912000 	/System/Library/Frameworks/CoreServices.framework/Versions/A/Frameworks/FSEvents.framework/Versions/A/FSEvents
0x000000000c912000 	/System/Library/Frameworks/CoreServices.framework/Versions/A/Frameworks/CarbonCore.framework/Versions/A/CarbonCore
0x000000000c912000 	/System/Library/Frameworks/CoreServices.framework/Versions/A/Frameworks/Metadata.framework/Versions/A/Metadata
0x000000000c912000 	/System/Library/Frameworks/CoreServices.framework/Versions/A/Frameworks/OSServices.framework/Versions/A/OSServices
0x000000000c912000 	/System/Library/Frameworks/CoreServices.framework/Versions/A/Frameworks/SearchKit.framework/Versions/A/SearchKit
0x000000000c912000 	/System/Library/Frameworks/CoreServices.framework/Versions/A/Frameworks/AE.framework/Versions/A/AE
0x000000000c912000 	/System/Library/Frameworks/CoreServices.framework/Versions/A/Frameworks/LaunchServices.framework/Versions/A/LaunchServices
0x000000000c912000 	/System/Library/Frameworks/CoreServices.framework/Versions/A/Frameworks/DictionaryServices.framework/Versions/A/DictionaryServices
0x000000000c912000 	/System/Library/Frameworks/CoreServices.framework/Versions/A/Frameworks/SharedFileList.framework/Versions/A/SharedFileList
0x000000000c912000 	/System/Library/Frameworks/NetFS.framework/Versions/A/NetFS
0x000000000c912000 	/System/Library/PrivateFrameworks/NetAuth.framework/Versions/A/NetAuth
0x000000000c912000 	/System/Library/PrivateFrameworks/login.framework/Versions/A/Frameworks/loginsupport.framework/Versions/A/loginsupport
0x000000000c912000 	/System/Library/PrivateFrameworks/TCC.framework/Versions/A/TCC
0x000000000c912000 	/usr/lib/libmecabra.dylib
0x000000000c912000 	/System/Library/Frameworks/ApplicationServices.framework/Versions/A/Frameworks/ATS.framework/Versions/A/ATS
0x000000000c912000 	/System/Library/Frameworks/ApplicationServices.framework/Versions/A/Frameworks/ColorSyncLegacy.framework/Versions/A/ColorSyncLegacy
0x000000000c912000 	/System/Library/Frameworks/ApplicationServices.framework/Versions/A/Frameworks/HIServices.framework/Versions/A/HIServices
0x000000000c912000 	/System/Library/Frameworks/ApplicationServices.framework/Versions/A/Frameworks/LangAnalysis.framework/Versions/A/LangAnalysis
0x000000000c912000 	/System/Library/Frameworks/ApplicationServices.framework/Versions/A/Frameworks/PrintCore.framework/Versions/A/PrintCore
0x000000000c912000 	/System/Library/Frameworks/ApplicationServices.framework/Versions/A/Frameworks/QD.framework/Versions/A/QD
0x000000000c912000 	/System/Library/Frameworks/ApplicationServices.framework/Versions/A/Frameworks/SpeechSynthesis.framework/Versions/A/SpeechSynthesis
0x000000000c912000 	/System/Library/Frameworks/CoreDisplay.framework/Versions/A/CoreDisplay
0x000000000c912000 	/System/Library/Frameworks/Accelerate.framework/Versions/A/Frameworks/vImage.framework/Versions/A/vImage
0x000000000c912000 	/System/Library/Frameworks/Accelerate.framework/Versions/A/Frameworks/vecLib.framework/Versions/A/vecLib
0x000000000c912000 	/System/Library/Frameworks/Accelerate.framework/Versions/A/Frameworks/vecLib.framework/Versions/A/libvDSP.dylib
0x000000000c912000 	/System/Library/Frameworks/Accelerate.framework/Versions/A/Frameworks/vecLib.framework/Versions/A/libBNNS.dylib
0x000000000c912000 	/System/Library/Frameworks/Accelerate.framework/Versions/A/Frameworks/vecLib.framework/Versions/A/libQuadrature.dylib
0x000000000c912000 	/System/Library/Frameworks/Accelerate.framework/Versions/A/Frameworks/vecLib.framework/Versions/A/libvMisc.dylib
0x000000000c912000 	/System/Library/Frameworks/Accelerate.framework/Versions/A/Frameworks/vecLib.framework/Versions/A/libLAPACK.dylib
0x000000000c912000 	/System/Library/Frameworks/Accelerate.framework/Versions/A/Frameworks/vecLib.framework/Versions/A/libBLAS.dylib
0x000000000c912000 	/System/Library/Frameworks/Accelerate.framework/Versions/A/Frameworks/vecLib.framework/Versions/A/libLinearAlgebra.dylib
0x000000000c912000 	/System/Library/Frameworks/Accelerate.framework/Versions/A/Frameworks/vecLib.framework/Versions/A/libSparse.dylib
0x000000000c912000 	/System/Library/Frameworks/Accelerate.framework/Versions/A/Frameworks/vecLib.framework/Versions/A/libSparseBLAS.dylib
0x000000000c912000 	/System/Library/PrivateFrameworks/IOAccelerator.framework/Versions/A/IOAccelerator
0x000000000c912000 	/System/Library/PrivateFrameworks/IOPresentment.framework/Versions/A/IOPresentment
0x000000000c912000 	/System/Library/PrivateFrameworks/DSExternalDisplay.framework/Versions/A/DSExternalDisplay
0x000000000c912000 	/System/Library/Frameworks/OpenGL.framework/Versions/A/Libraries/libCoreFSCache.dylib
0x000000000c912000 	/System/Library/Frameworks/CoreVideo.framework/Versions/A/CoreVideo
0x000000000c912000 	/System/Library/PrivateFrameworks/GraphVisualizer.framework/Versions/A/GraphVisualizer
0x000000000c912000 	/System/Library/Frameworks/MetalPerformanceShaders.framework/Versions/A/MetalPerformanceShaders
0x000000000c912000 	/usr/lib/libFosl_dynamic.dylib
0x000000000c912000 	/System/Library/PrivateFrameworks/FaceCore.framework/Versions/A/FaceCore
0x000000000c912000 	/System/Library/Frameworks/OpenCL.framework/Versions/A/OpenCL
0x000000000c912000 	/usr/lib/libcompression.dylib
0x000000000c912000 	/System/Library/Frameworks/ApplicationServices.framework/Versions/A/Frameworks/ATS.framework/Versions/A/Resources/libFontParser.dylib
0x000000000c912000 	/System/Library/Frameworks/ApplicationServices.framework/Versions/A/Frameworks/ATS.framework/Versions/A/Resources/libFontRegistry.dylib
0x000000000c912000 	/System/Library/Frameworks/ImageIO.framework/Versions/A/Resources/libJPEG.dylib
0x000000000c912000 	/System/Library/Frameworks/ImageIO.framework/Versions/A/Resources/libTIFF.dylib
0x000000000c912000 	/System/Library/Frameworks/ImageIO.framework/Versions/A/Resources/libPng.dylib
0x000000000c912000 	/System/Library/Frameworks/ImageIO.framework/Versions/A/Resources/libGIF.dylib
0x000000000c912000 	/System/Library/Frameworks/ImageIO.framework/Versions/A/Resources/libJP2.dylib
0x000000000c912000 	/System/Library/Frameworks/ImageIO.framework/Versions/A/Resources/libRadiance.dylib
0x000000000c912000 	/System/Library/PrivateFrameworks/AppleJPEG.framework/Versions/A/AppleJPEG
0x000000000c912000 	/System/Library/PrivateFrameworks/MetalTools.framework/Versions/A/MetalTools
0x000000000c912000 	/System/Library/Frameworks/MetalPerformanceShaders.framework/Frameworks/MPSCore.framework/Versions/A/MPSCore
0x000000000c912000 	/System/Library/Frameworks/MetalPerformanceShaders.framework/Frameworks/MPSImage.framework/Versions/A/MPSImage
0x000000000c912000 	/System/Library/Frameworks/MetalPerformanceShaders.framework/Frameworks/MPSMatrix.framework/Versions/A/MPSMatrix
0x000000000c912000 	/System/Library/Frameworks/MetalPerformanceShaders.framework/Frameworks/MPSNeuralNetwork.framework/Versions/A/MPSNeuralNetwork
0x000000000c912000 	/System/Library/Frameworks/OpenGL.framework/Versions/A/Libraries/libGLU.dylib
0x000000000c912000 	/System/Library/Frameworks/OpenGL.framework/Versions/A/Libraries/libGFXShared.dylib
0x000000000c912000 	/System/Library/Frameworks/OpenGL.framework/Versions/A/Libraries/libGL.dylib
0x000000000c912000 	/System/Library/Frameworks/OpenGL.framework/Versions/A/Libraries/libGLImage.dylib
0x000000000c912000 	/System/Library/Frameworks/OpenGL.framework/Versions/A/Libraries/libCVMSPluginSupport.dylib
0x000000000c912000 	/System/Library/Frameworks/OpenGL.framework/Versions/A/Libraries/libCoreVMClient.dylib
0x000000000c912000 	/usr/lib/libcups.2.dylib
0x000000000c912000 	/System/Library/Frameworks/Kerberos.framework/Versions/A/Kerberos
0x000000000c912000 	/System/Library/Frameworks/GSS.framework/Versions/A/GSS
0x000000000c912000 	/usr/lib/libresolv.9.dylib
0x000000000c912000 	/usr/lib/libiconv.2.dylib
0x000000000c912000 	/System/Library/PrivateFrameworks/Heimdal.framework/Versions/A/Heimdal
0x000000000c912000 	/usr/lib/libheimdal-asn1.dylib
0x000000000c912000 	/System/Library/Frameworks/OpenDirectory.framework/Versions/A/OpenDirectory
0x000000000c912000 	/System/Library/PrivateFrameworks/CommonAuth.framework/Versions/A/CommonAuth
0x000000000c912000 	/System/Library/Frameworks/OpenDirectory.framework/Versions/A/Frameworks/CFOpenDirectory.framework/Versions/A/CFOpenDirectory
0x000000000c912000 	/System/Library/Frameworks/SecurityFoundation.framework/Versions/A/SecurityFoundation
0x000000000c912000 	/System/Library/PrivateFrameworks/APFS.framework/Versions/A/APFS
0x000000000c912000 	/usr/lib/libutil.dylib
0x000000000c912000 	/System/Library/PrivateFrameworks/AppleSauce.framework/Versions/A/AppleSauce
0x000000000c912000 	/System/Library/PrivateFrameworks/LinguisticData.framework/Versions/A/LinguisticData
0x000000000c912000 	/usr/lib/libmarisa.dylib
0x000000000c912000 	/System/Library/PrivateFrameworks/Lexicon.framework/Versions/A/Lexicon
0x000000000c912000 	/usr/lib/libChineseTokenizer.dylib
0x000000000c912000 	/usr/lib/libcmph.dylib
0x000000000c912000 	/System/Library/PrivateFrameworks/LanguageModeling.framework/Versions/A/LanguageModeling
0x000000000c912000 	/System/Library/PrivateFrameworks/CoreEmoji.framework/Versions/A/CoreEmoji
0x000000000c912000 	/System/Library/Frameworks/ServiceManagement.framework/Versions/A/ServiceManagement
0x000000000c912000 	/System/Library/PrivateFrameworks/BackgroundTaskManagement.framework/Versions/A/BackgroundTaskManagement
0x000000000c912000 	/usr/lib/libxslt.1.dylib
0x000000000c912000 	/System/Library/Frameworks/Carbon.framework/Versions/A/Frameworks/Ink.framework/Versions/A/Ink
0x000000000c912000 	/System/Library/PrivateFrameworks/TextureIO.framework/Versions/A/TextureIO
0x000000000c912000 	/usr/lib/libate.dylib
0x000000000c912000 	/System/Library/PrivateFrameworks/CrashReporterSupport.framework/Versions/A/CrashReporterSupport
0x000000000c912000 	/System/Library/PrivateFrameworks/Sharing.framework/Versions/A/Sharing
0x000000000c912000 	/System/Library/PrivateFrameworks/IconServices.framework/Versions/A/IconServices
0x000000000c912000 	/System/Library/PrivateFrameworks/ProtocolBuffer.framework/Versions/A/ProtocolBuffer
0x000000000c912000 	/System/Library/PrivateFrameworks/Apple80211.framework/Versions/A/Apple80211
0x000000000c912000 	/System/Library/Frameworks/CoreWLAN.framework/Versions/A/CoreWLAN
0x000000000c912000 	/System/Library/PrivateFrameworks/CoreUtils.framework/Versions/A/CoreUtils
0x000000000c912000 	/System/Library/Frameworks/IOBluetooth.framework/Versions/A/IOBluetooth
0x000000000c912000 	/System/Library/PrivateFrameworks/CoreWiFi.framework/Versions/A/CoreWiFi
0x000000000c912000 	/System/Library/Frameworks/CoreBluetooth.framework/Versions/A/CoreBluetooth
0x000000000c912000 	/System/Library/PrivateFrameworks/SignpostNotification.framework/Versions/A/SignpostNotification
0x000000000c912000 	/System/Library/PrivateFrameworks/DebugSymbols.framework/Versions/A/DebugSymbols
0x000000000c912000 	/System/Library/PrivateFrameworks/CoreSymbolication.framework/Versions/A/CoreSymbolication
0x000000000c912000 	/System/Library/PrivateFrameworks/Symbolication.framework/Versions/A/Symbolication
0x000000000c912000 	/System/Library/PrivateFrameworks/AppleFSCompression.framework/Versions/A/AppleFSCompression
0x000000000c912000 	/System/Library/PrivateFrameworks/SpeechRecognitionCore.framework/Versions/A/SpeechRecognitionCore
0x0000000110a00000 	/Applications/Android Studio.app/Contents/jre/jdk/Contents/Home/jre/lib/server/libjvm.dylib
0x000000000c912000 	/usr/lib/libstdc++.6.0.9.dylib
0x000000010f83c000 	/Applications/Android Studio.app/Contents/jre/jdk/Contents/Home/jre/lib/libverify.dylib
0x000000010f848000 	/Applications/Android Studio.app/Contents/jre/jdk/Contents/Home/jre/lib/libjava.dylib
0x000000010f8c6000 	/Applications/Android Studio.app/Contents/jre/jdk/Contents/Home/jre/lib/libzip.dylib
0x00000001168c7000 	/Applications/Android Studio.app/Contents/jre/jdk/Contents/Home/jre/lib/libnet.dylib
0x0000000116962000 	/Applications/Android Studio.app/Contents/jre/jdk/Contents/Home/jre/lib/libnio.dylib
0x0000000116bc6000 	/Users/annascott/.gradle/native/25/osx-amd64/libnative-platform.dylib
0x0000000116f4c000 	/Applications/Android Studio.app/Contents/jre/jdk/Contents/Home/jre/lib/libmanagement.dylib

VM Arguments:
jvm_args: -XX:+HeapDumpOnOutOfMemoryError -Xmx1024m -Dfile.encoding=UTF-8 -Duser.country=US -Duser.language=en -Duser.variant 
java_command: org.gradle.launcher.daemon.bootstrap.GradleDaemon 4.4
java_class_path (initial): /Users/annascott/.gradle/wrapper/dists/gradle-4.4-all/9br9xq1tocpiv8o6njlyu5op1/gradle-4.4/lib/gradle-launcher-4.4.jar
Launcher Type: SUN_STANDARD

Environment Variables:
PATH=/usr/local/bin:/usr/bin:/bin:/usr/sbin:/sbin
SHELL=/bin/bash

Signal Handlers:
SIGSEGV: [libjvm.dylib+0x53f567], sa_mask[0]=11111111011111110111111111111111, sa_flags=SA_ONSTACK|SA_RESTART|SA_SIGINFO
SIGBUS: [libjvm.dylib+0x53f567], sa_mask[0]=11111111011111110111111111111111, sa_flags=SA_RESTART|SA_SIGINFO
SIGFPE: [libjvm.dylib+0x437adf], sa_mask[0]=11111111011111110111111111111111, sa_flags=SA_RESTART|SA_SIGINFO
SIGPIPE: [libjvm.dylib+0x437adf], sa_mask[0]=11111111011111110111111111111111, sa_flags=SA_RESTART|SA_SIGINFO
SIGXFSZ: [libjvm.dylib+0x437adf], sa_mask[0]=11111111011111110111111111111111, sa_flags=SA_RESTART|SA_SIGINFO
SIGILL: [libjvm.dylib+0x437adf], sa_mask[0]=11111111011111110111111111111111, sa_flags=SA_RESTART|SA_SIGINFO
SIGUSR1: SIG_DFL, sa_mask[0]=00000000000000000000000000000000, sa_flags=none
SIGUSR2: [libjvm.dylib+0x438404], sa_mask[0]=00100000000000000000000000000000, sa_flags=SA_RESTART|SA_SIGINFO
SIGHUP: [libjvm.dylib+0x4365f9], sa_mask[0]=11111111011111110111111111111111, sa_flags=SA_RESTART|SA_SIGINFO
SIGINT: [libjvm.dylib+0x4365f9], sa_mask[0]=11111111011111110111111111111111, sa_flags=SA_RESTART|SA_SIGINFO
SIGTERM: [libjvm.dylib+0x4365f9], sa_mask[0]=11111111011111110111111111111111, sa_flags=SA_RESTART|SA_SIGINFO
SIGQUIT: [libjvm.dylib+0x4365f9], sa_mask[0]=11111111011111110111111111111111, sa_flags=SA_RESTART|SA_SIGINFO


---------------  S Y S T E M  ---------------

OS:Bsduname:Darwin 17.3.0 Darwin Kernel Version 17.3.0: Thu Nov  9 18:09:22 PST 2017; root:xnu-4570.31.3~1/RELEASE_X86_64 x86_64
rlimit: STACK 8192k, CORE 0k, NPROC 1418, NOFILE 10240, AS infinity
load average:2.06 2.25 2.08

CPU:total 8 (initial active 8) (4 cores per cpu, 2 threads per core) family 6 model 94 stepping 3, cmov, cx8, fxsr, mmx, sse, sse2, sse3, ssse3, sse4.1, sse4.2, popcnt, avx, avx2, aes, clmul, erms, rtm, 3dnowpref, lzcnt, ht, tsc, tscinvbit, bmi1, bmi2, adx

Memory: 4k page, physical 16777216k(1609532k free)

/proc/meminfo:


vm_info: OpenJDK 64-Bit Server VM (25.152-b01) for bsd-amd64 JRE (1.8.0_152-release-1024-b01), built by "builder" with gcc 4.2.1 Compatible Apple LLVM 8.1.0 (clang-802.0.42)

time: Tue Jun 12 13:09:11 2018
elapsed time: 4 seconds (0d 0h 0m 4s)

