#
# A fatal error has been detected by the Java Runtime Environment:
#
#  SIGSEGV (0xb) at pc=0x000000010a97c1e2, pid=573, tid=0x0000000000003f03
#
# JRE version: OpenJDK Runtime Environment (8.0_152-b01) (build 1.8.0_152-release-1024-b01)
# Java VM: OpenJDK 64-Bit Server VM (25.152-b01 mixed mode bsd-amd64 compressed oops)
# Problematic frame:
# V  [libjvm.dylib+0x39a1e2]  PhaseIdealLoop::build_loop_early(VectorSet&, Node_List&, Node_Stack&)+0x8e
#
# Failed to write core dump. Core dumps have been disabled. To enable core dumping, try "ulimit -c unlimited" before starting Java again
#
# If you would like to submit a bug report, please visit:
#   http://bugreport.java.com/bugreport/crash.jsp
#

---------------  T H R E A D  ---------------

Current thread (0x00007fcc3000e800):  JavaThread "C2 CompilerThread2" daemon [_thread_in_native, id=16131, stack(0x000070000fb39000,0x000070000fc39000)]

siginfo: si_signo: 11 (SIGSEGV), si_code: 0 (unknown), si_addr: 0x0000000000000000

Registers:
RAX=0x0000000000000093, RBX=0x000070000fc35f50, RCX=0x00007fcc2f1d5cb0, RDX=0x80007fcc327e3780
RSP=0x000070000fc35190, RBP=0x000070000fc351f0, RSI=0x0000000000000000, RDI=0x000070000fc35f50
R8 =0x0000000000000000, R9 =0xffffffff00000000, R10=0x000000010adc3a20, R11=0x0000000000001000
R12=0x0000000000000001, R13=0x000070000fc35460, R14=0x00007fcc327e4418, R15=0x000070000fc35490
RIP=0x000000010a97c1e2, EFLAGS=0x0000000000010246, ERR=0x0000000000000000
  TRAPNO=0x000000000000000d

Top of Stack: (sp=0x000070000fc35190)
0x000070000fc35190:   0000000000000000 000070000fc35490
0x000070000fc351a0:   000070000fc35f70 000070000fc35f50
0x000070000fc351b0:   000070000fc35440 00007fcc327e4418
0x000070000fc351c0:   0000000000000001 00007fcc2e59c9e0
0x000070000fc351d0:   00007fcc2d403220 0000000000000006
0x000070000fc351e0:   000070000fc35f50 00007fcc2d711c90
0x000070000fc351f0:   000070000fc354f0 000000010a97ba43
0x000070000fc35200:   00007fcc2d711c90 0000000000000004
0x000070000fc35210:   00007fcc3107bc10 0000000100000000
0x000070000fc35220:   0000000000000000 0000000108d56000
0x000070000fc35230:   0000000000020010 0000000000020010
0x000070000fc35240:   000070000fc35310 00007fff559a43e1
0x000070000fc35250:   0000000000000000 0000000000000000
0x000070000fc35260:   fd00000070001003 000000010aafffff
0x000070000fc35270:   000070000fc352d0 000000010a7f439d
0x000070000fc35280:   0000000000000014 00007fcc341cee70
0x000070000fc35290:   00007fcc33a40081 0000000108d61a00
0x000070000fc352a0:   00007fcc33a48fa0 0000000000000003
0x000070000fc352b0:   0000000108d57380 0000000000000014
0x000070000fc352c0:   00007fcc2eb25990 0000000000001e00
0x000070000fc352d0:   000070000fc35300 0000000000010010
0x000070000fc352e0:   0000000000000000 000000010adc0ffc
0x000070000fc352f0:   0000000000000000 0000000000020010
0x000070000fc35300:   00007fff8e8f0000 0000000000020010
0x000070000fc35310:   000070000fc35340 00007fff559a4201
0x000070000fc35320:   0000000000020010 000000010adc0ffc
0x000070000fc35330:   000070000fc353b0 000000000000000c
0x000070000fc35340:   000070000fc35360 00007fff559a350b
0x000070000fc35350:   0000000000000000 000000010adc0ffc
0x000070000fc35360:   000070000fc353a0 000000010aa14926
0x000070000fc35370:   0000000000000000 0000000000020010
0x000070000fc35380:   00007fcc3404a800 00007fcc3404a878 

Instructions: (pc=0x000000010a97c1e2)
0x000000010a97c1c2:   47 08 72 0c e8 93 73 08 00 48 8b 45 c0 48 8b 00
0x000000010a97c1d2:   48 8b 4d c8 48 89 08 44 89 60 08 31 f6 4c 89 f2
0x000000010a97c1e2:   8b 4a 18 85 f6 48 89 55 c8 48 89 4d d0 0f 85 42
0x000000010a97c1f2:   01 00 00 48 89 df 49 89 d6 4c 89 f6 e8 f9 ea ff 

Register to memory mapping:

RAX=0x0000000000000093 is an unknown value
RBX=0x000070000fc35f50 is pointing into the stack for thread: 0x00007fcc3000e800
RCX=0x00007fcc2f1d5cb0 is an unknown value
RDX=0x80007fcc327e3780 is an unknown value
RSP=0x000070000fc35190 is pointing into the stack for thread: 0x00007fcc3000e800
RBP=0x000070000fc351f0 is pointing into the stack for thread: 0x00007fcc3000e800
RSI=0x0000000000000000 is an unknown value
RDI=0x000070000fc35f50 is pointing into the stack for thread: 0x00007fcc3000e800
R8 =0x0000000000000000 is an unknown value
R9 =0xffffffff00000000 is an unknown value
R10=0x000000010adc3a20: _ZL8tc_mutex+0x18 in /Applications/Android Studio.app/Contents/jre/jdk/Contents/Home/jre/lib/server/libjvm.dylib at 0x000000010a5e2000
R11=0x0000000000001000 is an unknown value
R12=0x0000000000000001 is an unknown value
R13=0x000070000fc35460 is pointing into the stack for thread: 0x00007fcc3000e800
R14=0x00007fcc327e4418 is an unknown value
R15=0x000070000fc35490 is pointing into the stack for thread: 0x00007fcc3000e800


Stack: [0x000070000fb39000,0x000070000fc39000],  sp=0x000070000fc35190,  free space=1008k
Native frames: (J=compiled Java code, j=interpreted, Vv=VM code, C=native code)
V  [libjvm.dylib+0x39a1e2]  PhaseIdealLoop::build_loop_early(VectorSet&, Node_List&, Node_Stack&)+0x8e
V  [libjvm.dylib+0x399a43]  PhaseIdealLoop::build_and_optimize(bool, bool)+0x521
V  [libjvm.dylib+0x196556]  Compile::Optimize()+0x78e
V  [libjvm.dylib+0x1952ec]  Compile::Compile(ciEnv*, C2Compiler*, ciMethod*, int, bool, bool, bool)+0x95e
V  [libjvm.dylib+0x13b9da]  C2Compiler::compile_method(ciEnv*, ciMethod*, int)+0xa4
V  [libjvm.dylib+0x1a067a]  CompileBroker::invoke_compiler_on_method(CompileTask*)+0x564
V  [libjvm.dylib+0x19fc78]  CompileBroker::compiler_thread_loop()+0x270
V  [libjvm.dylib+0x505e88]  JavaThread::thread_main_inner()+0x82
V  [libjvm.dylib+0x505d4d]  JavaThread::run()+0x199
V  [libjvm.dylib+0x435709]  java_start(Thread*)+0xfa
C  [libsystem_pthread.dylib+0x36c1]  _pthread_body+0x154
C  [libsystem_pthread.dylib+0x356d]  _pthread_body+0x0
C  [libsystem_pthread.dylib+0x2c5d]  thread_start+0xd
C  0x0000000000000000


Current CompileTask:
C2:   4775 3575   !   4       java.util.jar.Attributes::read (380 bytes)


---------------  P R O C E S S  ---------------

Java Threads: ( => current thread )
  0x00007fcc3214f000 JavaThread "Memory manager" [_thread_blocked, id=26627, stack(0x0000700011381000,0x0000700011481000)]
  0x00007fcc32267800 JavaThread "build operations Thread 8" [_thread_blocked, id=38147, stack(0x000070001127e000,0x000070001137e000)]
  0x00007fcc3314d000 JavaThread "build operations Thread 7" [_thread_blocked, id=38659, stack(0x000070001117b000,0x000070001127b000)]
  0x00007fcc2dce1800 JavaThread "build operations Thread 6" [_thread_blocked, id=26371, stack(0x0000700011078000,0x0000700011178000)]
  0x00007fcc32410800 JavaThread "build operations Thread 5" [_thread_blocked, id=39427, stack(0x0000700010f75000,0x0000700011075000)]
  0x00007fcc2dce4800 JavaThread "build operations Thread 4" [_thread_blocked, id=39939, stack(0x0000700010e72000,0x0000700010f72000)]
  0x00007fcc32138800 JavaThread "build operations Thread 3" [_thread_blocked, id=40451, stack(0x0000700010d6f000,0x0000700010e6f000)]
  0x00007fcc2e604800 JavaThread "build operations Thread 2" [_thread_blocked, id=26115, stack(0x0000700010c6c000,0x0000700010d6c000)]
  0x00007fcc34158800 JavaThread "build operations" [_thread_blocked, id=25603, stack(0x0000700010b69000,0x0000700010c69000)]
  0x00007fcc319ce000 JavaThread "Cache worker for Artifact transforms cache (/Users/annascott/.gradle/caches/transforms-1)" [_thread_blocked, id=25091, stack(0x0000700010a66000,0x0000700010b66000)]
  0x00007fcc30674000 JavaThread "Cache worker for file hash cache (/Users/annascott/Downloads/ud843-QuakeReport-starting-point/.gradle/4.4/fileHashes)" [_thread_blocked, id=24579, stack(0x0000700010963000,0x0000700010a63000)]
  0x00007fcc2e48a000 JavaThread "File lock request listener" [_thread_in_native, id=40963, stack(0x0000700010860000,0x0000700010960000)]
  0x00007fcc31374800 JavaThread "Cache worker for file hash cache (/Users/annascott/.gradle/caches/4.4/fileHashes)" [_thread_blocked, id=41475, stack(0x000070001075d000,0x000070001085d000)]
  0x00007fcc2e467000 JavaThread "Stdin handler" [_thread_blocked, id=41731, stack(0x000070001065a000,0x000070001075a000)]
  0x00007fcc3065c000 JavaThread "Asynchronous log dispatcher for DefaultDaemonConnection: socket connection from /127.0.0.1:49545 to /127.0.0.1:49546" [_thread_blocked, id=41987, stack(0x0000700010557000,0x0000700010657000)]
  0x00007fcc30658800 JavaThread "Daemon worker" [_thread_in_Java, id=42243, stack(0x0000700010454000,0x0000700010554000)]
  0x00007fcc3186f000 JavaThread "Cancel handler" [_thread_blocked, id=23299, stack(0x0000700010351000,0x0000700010451000)]
  0x00007fcc2da7e800 JavaThread "Handler for socket connection from /127.0.0.1:49545 to /127.0.0.1:49546" [_thread_in_native, id=22787, stack(0x000070001024e000,0x000070001034e000)]
  0x00007fcc2f817000 JavaThread "Daemon" [_thread_blocked, id=42755, stack(0x000070001014b000,0x000070001024b000)]
  0x00007fcc2e43b000 JavaThread "Daemon periodic checks" [_thread_blocked, id=22275, stack(0x0000700010048000,0x0000700010148000)]
  0x00007fcc3130b800 JavaThread "Incoming local TCP Connector on port 49545" [_thread_in_native, id=22019, stack(0x000070000ff45000,0x0000700010045000)]
  0x00007fcc2e024800 JavaThread "Service Thread" daemon [_thread_blocked, id=15363, stack(0x000070000fd3f000,0x000070000fe3f000)]
  0x00007fcc2f800000 JavaThread "C1 CompilerThread3" daemon [_thread_in_native, id=15619, stack(0x000070000fc3c000,0x000070000fd3c000)]
=>0x00007fcc3000e800 JavaThread "C2 CompilerThread2" daemon [_thread_in_native, id=16131, stack(0x000070000fb39000,0x000070000fc39000)]
  0x00007fcc3000d800 JavaThread "C2 CompilerThread1" daemon [_thread_in_native, id=14339, stack(0x000070000fa36000,0x000070000fb36000)]
  0x00007fcc30009800 JavaThread "C2 CompilerThread0" daemon [_thread_in_native, id=16899, stack(0x000070000f933000,0x000070000fa33000)]
  0x00007fcc2e031800 JavaThread "Signal Dispatcher" daemon [_thread_blocked, id=17163, stack(0x000070000f830000,0x000070000f930000)]
  0x00007fcc2e023800 JavaThread "Finalizer" daemon [_thread_blocked, id=18691, stack(0x000070000f72d000,0x000070000f82d000)]
  0x00007fcc2e01d800 JavaThread "Reference Handler" daemon [_thread_blocked, id=12035, stack(0x000070000f62a000,0x000070000f72a000)]
  0x00007fcc2d809800 JavaThread "main" [_thread_blocked, id=6659, stack(0x000070000ec0c000,0x000070000ed0c000)]

Other Threads:
  0x00007fcc2e018800 VMThread [stack: 0x000070000f527000,0x000070000f627000] [id=11523]
  0x00007fcc3000a000 WatcherThread [stack: 0x000070000fe42000,0x000070000ff42000] [id=14851]

VM state:not at safepoint (normal execution)

VM Mutex/Monitor currently owned by a thread: None

Heap:
 PSYoungGen      total 138240K, used 70778K [0x00000007aab00000, 0x00000007b4900000, 0x00000007c0000000)
  eden space 127488K, 55% used [0x00000007aab00000,0x00000007af01e8f0,0x00000007b2780000)
  from space 10752K, 0% used [0x00000007b2780000,0x00000007b2780000,0x00000007b3200000)
  to   space 13312K, 0% used [0x00000007b3c00000,0x00000007b3c00000,0x00000007b4900000)
 ParOldGen       total 180736K, used 19235K [0x0000000780000000, 0x000000078b080000, 0x00000007aab00000)
  object space 180736K, 10% used [0x0000000780000000,0x00000007812c8c68,0x000000078b080000)
 Metaspace       used 38100K, capacity 38822K, committed 39256K, reserved 1083392K
  class space    used 5212K, capacity 5429K, committed 5504K, reserved 1048576K

Card table byte_map: [0x000000010a1d1000,0x000000010a3d2000] byte_map_base: 0x00000001065d1000

Marking Bits: (ParMarkBitMap*) 0x000000010adda1c8
 Begin Bits: [0x000000011a04a000, 0x000000011b04a000)
 End Bits:   [0x000000011b04a000, 0x000000011c04a000)

Polling page: 0x0000000108dbb000

CodeCache: size=245760Kb used=12614Kb max_used=12625Kb free=233146Kb
 bounds [0x000000010b04a000, 0x000000010bcaa000, 0x000000011a04a000]
 total_blobs=4311 nmethods=3610 adapters=615
 compilation: enabled

Compilation events (10 events):
Event: 4.750 Thread 0x00007fcc2f800000 3614       3       java.security.CodeSource::matchCerts (254 bytes)
Event: 4.751 Thread 0x00007fcc2f800000 nmethod 3614 0x000000010bc85710 code [0x000000010bc85920, 0x000000010bc864b8]
Event: 4.752 Thread 0x00007fcc2f800000 3615       3       java.security.CodeSource::getCertificates (98 bytes)
Event: 4.753 Thread 0x00007fcc2f800000 nmethod 3615 0x000000010bc875d0 code [0x000000010bc877e0, 0x000000010bc88368]
Event: 4.753 Thread 0x00007fcc2f800000 3616  s    2       java.util.jar.JarFile::getInputStream (89 bytes)
Event: 4.753 Thread 0x00007fcc2f800000 nmethod 3616 0x000000010bc88750 code [0x000000010bc88920, 0x000000010bc88f18]
Event: 4.762 Thread 0x00007fcc3000d800 nmethod 3491 0x000000010bc8f250 code [0x000000010bc90600, 0x000000010bc956b8]
Event: 4.762 Thread 0x00007fcc3000d800 3617       4       java.util.HashMap::resize (359 bytes)
Event: 4.764 Thread 0x00007fcc2f800000 3618       3       java.util.TreeMap::<init> (20 bytes)
Event: 4.765 Thread 0x00007fcc2f800000 nmethod 3618 0x000000010bc87150 code [0x000000010bc872c0, 0x000000010bc874f0]

GC Heap History (10 events):
Event: 1.978 GC heap before
{Heap before GC invocations=3 (full 0):
 PSYoungGen      total 76288K, used 33618K [0x00000007aab00000, 0x00000007b4000000, 0x00000007c0000000)
  eden space 65536K, 35% used [0x00000007aab00000,0x00000007ac1bf668,0x00000007aeb00000)
  from space 10752K, 96% used [0x00000007af580000,0x00000007aff95420,0x00000007b0000000)
  to   space 10752K, 0% used [0x00000007aeb00000,0x00000007aeb00000,0x00000007af580000)
 ParOldGen       total 175104K, used 24K [0x0000000780000000, 0x000000078ab00000, 0x00000007aab00000)
  object space 175104K, 0% used [0x0000000780000000,0x0000000780006000,0x000000078ab00000)
 Metaspace       used 20732K, capacity 21102K, committed 21248K, reserved 1067008K
  class space    used 2912K, capacity 3069K, committed 3072K, reserved 1048576K
Event: 1.986 GC heap after
Heap after GC invocations=3 (full 0):
 PSYoungGen      total 76288K, used 9174K [0x00000007aab00000, 0x00000007b4000000, 0x00000007c0000000)
  eden space 65536K, 0% used [0x00000007aab00000,0x00000007aab00000,0x00000007aeb00000)
  from space 10752K, 85% used [0x00000007aeb00000,0x00000007af3f5978,0x00000007af580000)
  to   space 10752K, 0% used [0x00000007b3580000,0x00000007b3580000,0x00000007b4000000)
 ParOldGen       total 175104K, used 32K [0x0000000780000000, 0x000000078ab00000, 0x00000007aab00000)
  object space 175104K, 0% used [0x0000000780000000,0x0000000780008000,0x000000078ab00000)
 Metaspace       used 20732K, capacity 21102K, committed 21248K, reserved 1067008K
  class space    used 2912K, capacity 3069K, committed 3072K, reserved 1048576K
}
Event: 1.986 GC heap before
{Heap before GC invocations=4 (full 1):
 PSYoungGen      total 76288K, used 9174K [0x00000007aab00000, 0x00000007b4000000, 0x00000007c0000000)
  eden space 65536K, 0% used [0x00000007aab00000,0x00000007aab00000,0x00000007aeb00000)
  from space 10752K, 85% used [0x00000007aeb00000,0x00000007af3f5978,0x00000007af580000)
  to   space 10752K, 0% used [0x00000007b3580000,0x00000007b3580000,0x00000007b4000000)
 ParOldGen       total 175104K, used 32K [0x0000000780000000, 0x000000078ab00000, 0x00000007aab00000)
  object space 175104K, 0% used [0x0000000780000000,0x0000000780008000,0x000000078ab00000)
 Metaspace       used 20732K, capacity 21102K, committed 21248K, reserved 1067008K
  class space    used 2912K, capacity 3069K, committed 3072K, reserved 1048576K
Event: 2.024 GC heap after
Heap after GC invocations=4 (full 1):
 PSYoungGen      total 76288K, used 0K [0x00000007aab00000, 0x00000007b4000000, 0x00000007c0000000)
  eden space 65536K, 0% used [0x00000007aab00000,0x00000007aab00000,0x00000007aeb00000)
  from space 10752K, 0% used [0x00000007aeb00000,0x00000007aeb00000,0x00000007af580000)
  to   space 10752K, 0% used [0x00000007b3580000,0x00000007b3580000,0x00000007b4000000)
 ParOldGen       total 110592K, used 8827K [0x0000000780000000, 0x0000000786c00000, 0x00000007aab00000)
  object space 110592K, 7% used [0x0000000780000000,0x000000078089ec60,0x0000000786c00000)
 Metaspace       used 20732K, capacity 21102K, committed 21248K, reserved 1067008K
  class space    used 2912K, capacity 3069K, committed 3072K, reserved 1048576K
}
Event: 2.736 GC heap before
{Heap before GC invocations=5 (full 1):
 PSYoungGen      total 76288K, used 65536K [0x00000007aab00000, 0x00000007b4000000, 0x00000007c0000000)
  eden space 65536K, 100% used [0x00000007aab00000,0x00000007aeb00000,0x00000007aeb00000)
  from space 10752K, 0% used [0x00000007aeb00000,0x00000007aeb00000,0x00000007af580000)
  to   space 10752K, 0% used [0x00000007b3580000,0x00000007b3580000,0x00000007b4000000)
 ParOldGen       total 110592K, used 8827K [0x0000000780000000, 0x0000000786c00000, 0x00000007aab00000)
  object space 110592K, 7% used [0x0000000780000000,0x000000078089ec60,0x0000000786c00000)
 Metaspace       used 26211K, capacity 26766K, committed 27136K, reserved 1073152K
  class space    used 3630K, capacity 3796K, committed 3840K, reserved 1048576K
Event: 2.746 GC heap after
Heap after GC invocations=5 (full 1):
 PSYoungGen      total 102400K, used 6810K [0x00000007aab00000, 0x00000007b3c80000, 0x00000007c0000000)
  eden space 95232K, 0% used [0x00000007aab00000,0x00000007aab00000,0x00000007b0800000)
  from space 7168K, 95% used [0x00000007b3580000,0x00000007b3c26a40,0x00000007b3c80000)
  to   space 10752K, 0% used [0x00000007b2780000,0x00000007b2780000,0x00000007b3200000)
 ParOldGen       total 110592K, used 8835K [0x0000000780000000, 0x0000000786c00000, 0x00000007aab00000)
  object space 110592K, 7% used [0x0000000780000000,0x00000007808a0c60,0x0000000786c00000)
 Metaspace       used 26211K, capacity 26766K, committed 27136K, reserved 1073152K
  class space    used 3630K, capacity 3796K, committed 3840K, reserved 1048576K
}
Event: 4.143 GC heap before
{Heap before GC invocations=6 (full 1):
 PSYoungGen      total 102400K, used 96274K [0x00000007aab00000, 0x00000007b3c80000, 0x00000007c0000000)
  eden space 95232K, 93% used [0x00000007aab00000,0x00000007b025ddf0,0x00000007b0800000)
  from space 7168K, 95% used [0x00000007b3580000,0x00000007b3c26a40,0x00000007b3c80000)
  to   space 10752K, 0% used [0x00000007b2780000,0x00000007b2780000,0x00000007b3200000)
 ParOldGen       total 110592K, used 8835K [0x0000000780000000, 0x0000000786c00000, 0x00000007aab00000)
  object space 110592K, 7% used [0x0000000780000000,0x00000007808a0c60,0x0000000786c00000)
 Metaspace       used 34649K, capacity 35200K, committed 35416K, reserved 1079296K
  class space    used 4772K, capacity 4970K, committed 4992K, reserved 1048576K
Event: 4.155 GC heap after
Heap after GC invocations=6 (full 1):
 PSYoungGen      total 138240K, used 10747K [0x00000007aab00000, 0x00000007b4900000, 0x00000007c0000000)
  eden space 127488K, 0% used [0x00000007aab00000,0x00000007aab00000,0x00000007b2780000)
  from space 10752K, 99% used [0x00000007b2780000,0x00000007b31fee90,0x00000007b3200000)
  to   space 13312K, 0% used [0x00000007b3c00000,0x00000007b3c00000,0x00000007b4900000)
 ParOldGen       total 110592K, used 10824K [0x0000000780000000, 0x0000000786c00000, 0x00000007aab00000)
  object space 110592K, 9% used [0x0000000780000000,0x0000000780a923b0,0x0000000786c00000)
 Metaspace       used 34649K, capacity 35200K, committed 35416K, reserved 1079296K
  class space    used 4772K, capacity 4970K, committed 4992K, reserved 1048576K
}
Event: 4.155 GC heap before
{Heap before GC invocations=7 (full 2):
 PSYoungGen      total 138240K, used 10747K [0x00000007aab00000, 0x00000007b4900000, 0x00000007c0000000)
  eden space 127488K, 0% used [0x00000007aab00000,0x00000007aab00000,0x00000007b2780000)
  from space 10752K, 99% used [0x00000007b2780000,0x00000007b31fee90,0x00000007b3200000)
  to   space 13312K, 0% used [0x00000007b3c00000,0x00000007b3c00000,0x00000007b4900000)
 ParOldGen       total 110592K, used 10824K [0x0000000780000000, 0x0000000786c00000, 0x00000007aab00000)
  object space 110592K, 9% used [0x0000000780000000,0x0000000780a923b0,0x0000000786c00000)
 Metaspace       used 34649K, capacity 35200K, committed 35416K, reserved 1079296K
  class space    used 4772K, capacity 4970K, committed 4992K, reserved 1048576K
Event: 4.193 GC heap after
Heap after GC invocations=7 (full 2):
 PSYoungGen      total 138240K, used 0K [0x00000007aab00000, 0x00000007b4900000, 0x00000007c0000000)
  eden space 127488K, 0% used [0x00000007aab00000,0x00000007aab00000,0x00000007b2780000)
  from space 10752K, 0% used [0x00000007b2780000,0x00000007b2780000,0x00000007b3200000)
  to   space 13312K, 0% used [0x00000007b3c00000,0x00000007b3c00000,0x00000007b4900000)
 ParOldGen       total 180736K, used 19235K [0x0000000780000000, 0x000000078b080000, 0x00000007aab00000)
  object space 180736K, 10% used [0x0000000780000000,0x00000007812c8c68,0x000000078b080000)
 Metaspace       used 34649K, capacity 35200K, committed 35416K, reserved 1079296K
  class space    used 4772K, capacity 4970K, committed 4992K, reserved 1048576K
}

Deoptimization events (10 events):
Event: 4.387 Thread 0x00007fcc30658800 Uncommon trap: reason=unstable_if action=reinterpret pc=0x000000010ba53f70 method=java.util.HashMap.putVal(ILjava/lang/Object;Ljava/lang/Object;ZZ)Ljava/lang/Object; @ 162
Event: 4.388 Thread 0x00007fcc30658800 Uncommon trap: reason=unstable_if action=reinterpret pc=0x000000010b42dea4 method=java.util.HashMap.resize()[Ljava/util/HashMap$Node; @ 206
Event: 4.450 Thread 0x00007fcc30658800 Uncommon trap: reason=unstable_if action=reinterpret pc=0x000000010bb755c4 method=java.lang.reflect.Modifier.toString(I)Ljava/lang/String; @ 123
Event: 4.456 Thread 0x00007fcc30658800 Uncommon trap: reason=unstable_if action=reinterpret pc=0x000000010bb9e5cc method=java.lang.reflect.Modifier.toString(I)Ljava/lang/String; @ 123
Event: 4.576 Thread 0x00007fcc30658800 Uncommon trap: reason=unstable_if action=reinterpret pc=0x000000010b7c9344 method=java.util.jar.Attributes$Name.isDigit(C)Z @ 3
Event: 4.581 Thread 0x00007fcc30658800 Uncommon trap: reason=unstable_if action=reinterpret pc=0x000000010b8935a8 method=java.lang.ThreadLocal.get()Ljava/lang/Object; @ 11
Event: 4.606 Thread 0x00007fcc30658800 Uncommon trap: reason=unstable_if action=reinterpret pc=0x000000010b4364e0 method=java.lang.CharacterDataLatin1.isWhitespace(I)Z @ 14
Event: 4.646 Thread 0x00007fcc30658800 Uncommon trap: reason=unstable_if action=reinterpret pc=0x000000010b507a50 method=java.security.CodeSource.getCertificates()[Ljava/security/cert/Certificate; @ 22
Event: 4.647 Thread 0x00007fcc30658800 Uncommon trap: reason=unstable_if action=reinterpret pc=0x000000010ba8d190 method=java.security.CodeSource.matchCerts(Ljava/security/CodeSource;Z)Z @ 11
Event: 4.665 Thread 0x00007fcc30658800 Uncommon trap: reason=unstable_if action=reinterpret pc=0x000000010ba7f87c method=java.util.LinkedHashMap.get(Ljava/lang/Object;)Ljava/lang/Object; @ 20

Classes redefined (0 events):
No events

Internal exceptions (10 events):
Event: 3.458 Thread 0x00007fcc30658800 Exception <a 'java/lang/ClassNotFoundException': org/gradle/api/internal/AbstractTaskCustomizer> (0x00000007ae76d560) thrown at [/Volumes/android/AOSP-openjdk-git/jdk8u/hotspot/src/share/vm/classfile/systemDictionary.cpp, line 210]
Event: 3.465 Thread 0x00007fcc30658800 Exception <a 'java/lang/ClassNotFoundException': org/gradle/api/DefaultTaskCustomizer> (0x00000007ae7f5cf8) thrown at [/Volumes/android/AOSP-openjdk-git/jdk8u/hotspot/src/share/vm/classfile/systemDictionary.cpp, line 210]
Event: 3.467 Thread 0x00007fcc30658800 Exception <a 'java/lang/ClassNotFoundException': org/gradle/api/internal/ConventionTaskCustomizer> (0x00000007ae82fb50) thrown at [/Volumes/android/AOSP-openjdk-git/jdk8u/hotspot/src/share/vm/classfile/systemDictionary.cpp, line 210]
Event: 3.469 Thread 0x00007fcc30658800 Exception <a 'java/lang/ClassNotFoundException': org/gradle/api/tasks/DeleteCustomizer> (0x00000007ae8677d8) thrown at [/Volumes/android/AOSP-openjdk-git/jdk8u/hotspot/src/share/vm/classfile/systemDictionary.cpp, line 210]
Event: 3.471 Thread 0x00007fcc30658800 Exception <a 'java/lang/ClassNotFoundException': org/gradle/api/tasks/Delete_DecoratedCustomizer> (0x00000007ae8acec0) thrown at [/Volumes/android/AOSP-openjdk-git/jdk8u/hotspot/src/share/vm/classfile/systemDictionary.cpp, line 210]
Event: 3.505 Thread 0x00007fcc30658800 Exception <a 'java/lang/ClassNotFoundException': build_80tymhhijqhe464lsmbvblbteBeanInfo> (0x00000007ae9dd838) thrown at [/Volumes/android/AOSP-openjdk-git/jdk8u/hotspot/src/share/vm/classfile/systemDictionary.cpp, line 210]
Event: 3.505 Thread 0x00007fcc30658800 Exception <a 'java/lang/ClassNotFoundException': build_80tymhhijqhe464lsmbvblbteCustomizer> (0x00000007ae9e84f0) thrown at [/Volumes/android/AOSP-openjdk-git/jdk8u/hotspot/src/share/vm/classfile/systemDictionary.cpp, line 210]
Event: 3.512 Thread 0x00007fcc30658800 Exception <a 'java/lang/ClassNotFoundException': org/gradle/api/internal/plugins/DefaultObjectConfigurationActionBeanInfo> (0x00000007aea4e1d8) thrown at [/Volumes/android/AOSP-openjdk-git/jdk8u/hotspot/src/share/vm/classfile/systemDictionary.cpp, line 21
Event: 3.514 Thread 0x00007fcc30658800 Exception <a 'java/lang/ClassNotFoundException': org/gradle/api/internal/plugins/DefaultObjectConfigurationActionCustomizer> (0x00000007aea84cf0) thrown at [/Volumes/android/AOSP-openjdk-git/jdk8u/hotspot/src/share/vm/classfile/systemDictionary.cpp, line 
Event: 4.581 Thread 0x00007fcc30658800 Implicit null exception at 0x000000010b8934cf to 0x000000010b893595

Events (10 events):
Event: 4.756 loading class com/android/build/gradle/api/AnnotationProcessorOptions
Event: 4.756 loading class com/android/build/gradle/api/AnnotationProcessorOptions done
Event: 4.756 loading class com/android/build/gradle/internal/dsl/AnnotationProcessorOptions
Event: 4.756 loading class com/android/build/gradle/internal/dsl/AnnotationProcessorOptions done
Event: 4.761 loading class com/android/build/gradle/internal/dsl/ShaderOptions
Event: 4.761 loading class com/android/build/gradle/internal/dsl/ShaderOptions done
Event: 4.763 loading class com/google/common/primitives/Ints
Event: 4.763 loading class com/google/common/primitives/Ints done
Event: 4.764 loading class com/google/common/primitives/Ints$IntConverter
Event: 4.764 loading class com/google/common/primitives/Ints$IntConverter done


Dynamic libraries:
0x0000000006569000 	/System/Library/Frameworks/Cocoa.framework/Versions/A/Cocoa
0x0000000006569000 	/System/Library/Frameworks/Security.framework/Versions/A/Security
0x0000000006569000 	/System/Library/Frameworks/ApplicationServices.framework/Versions/A/ApplicationServices
0x0000000006569000 	/usr/lib/libz.1.dylib
0x0000000006569000 	/usr/lib/libSystem.B.dylib
0x0000000006569000 	/System/Library/Frameworks/CoreFoundation.framework/Versions/A/CoreFoundation
0x0000000006569000 	/System/Library/Frameworks/Foundation.framework/Versions/C/Foundation
0x0000000006569000 	/usr/lib/libobjc.A.dylib
0x0000000006569000 	/System/Library/Frameworks/AppKit.framework/Versions/C/AppKit
0x0000000006569000 	/System/Library/Frameworks/CoreData.framework/Versions/A/CoreData
0x0000000006569000 	/System/Library/PrivateFrameworks/RemoteViewServices.framework/Versions/A/RemoteViewServices
0x0000000006569000 	/System/Library/PrivateFrameworks/UIFoundation.framework/Versions/A/UIFoundation
0x0000000006569000 	/System/Library/PrivateFrameworks/DFRFoundation.framework/Versions/A/DFRFoundation
0x0000000006569000 	/System/Library/Frameworks/Metal.framework/Versions/A/Metal
0x0000000006569000 	/System/Library/PrivateFrameworks/DesktopServicesPriv.framework/Versions/A/DesktopServicesPriv
0x0000000006569000 	/usr/lib/libenergytrace.dylib
0x0000000006569000 	/System/Library/PrivateFrameworks/SkyLight.framework/Versions/A/SkyLight
0x0000000006569000 	/System/Library/Frameworks/CoreGraphics.framework/Versions/A/CoreGraphics
0x0000000006569000 	/usr/lib/libScreenReader.dylib
0x0000000006569000 	/System/Library/Frameworks/Accelerate.framework/Versions/A/Accelerate
0x0000000006569000 	/System/Library/Frameworks/IOSurface.framework/Versions/A/IOSurface
0x0000000006569000 	/System/Library/Frameworks/AudioToolbox.framework/Versions/A/AudioToolbox
0x0000000006569000 	/System/Library/Frameworks/AudioUnit.framework/Versions/A/AudioUnit
0x0000000006569000 	/System/Library/PrivateFrameworks/DataDetectorsCore.framework/Versions/A/DataDetectorsCore
0x0000000006569000 	/System/Library/Frameworks/Carbon.framework/Versions/A/Frameworks/HIToolbox.framework/Versions/A/HIToolbox
0x0000000006569000 	/usr/lib/libicucore.A.dylib
0x0000000006569000 	/System/Library/Frameworks/QuartzCore.framework/Versions/A/QuartzCore
0x0000000006569000 	/System/Library/Frameworks/Carbon.framework/Versions/A/Frameworks/SpeechRecognition.framework/Versions/A/SpeechRecognition
0x0000000006569000 	/usr/lib/libauto.dylib
0x0000000006569000 	/usr/lib/libxml2.2.dylib
0x0000000006569000 	/System/Library/PrivateFrameworks/CoreUI.framework/Versions/A/CoreUI
0x0000000006569000 	/System/Library/Frameworks/CoreAudio.framework/Versions/A/CoreAudio
0x0000000006569000 	/System/Library/Frameworks/DiskArbitration.framework/Versions/A/DiskArbitration
0x0000000006569000 	/usr/lib/liblangid.dylib
0x0000000006569000 	/System/Library/PrivateFrameworks/MultitouchSupport.framework/Versions/A/MultitouchSupport
0x0000000006569000 	/System/Library/Frameworks/IOKit.framework/Versions/A/IOKit
0x0000000006569000 	/usr/lib/libDiagnosticMessagesClient.dylib
0x0000000006569000 	/System/Library/Frameworks/CoreServices.framework/Versions/A/CoreServices
0x0000000006569000 	/System/Library/PrivateFrameworks/PerformanceAnalysis.framework/Versions/A/PerformanceAnalysis
0x0000000006569000 	/System/Library/Frameworks/OpenGL.framework/Versions/A/OpenGL
0x0000000006569000 	/System/Library/Frameworks/ColorSync.framework/Versions/A/ColorSync
0x0000000006569000 	/System/Library/Frameworks/CoreImage.framework/Versions/A/CoreImage
0x0000000006569000 	/System/Library/Frameworks/CoreText.framework/Versions/A/CoreText
0x0000000006569000 	/System/Library/Frameworks/ImageIO.framework/Versions/A/ImageIO
0x0000000006569000 	/System/Library/PrivateFrameworks/Backup.framework/Versions/A/Backup
0x0000000006569000 	/usr/lib/libarchive.2.dylib
0x0000000006569000 	/System/Library/Frameworks/CFNetwork.framework/Versions/A/CFNetwork
0x0000000006569000 	/System/Library/Frameworks/SystemConfiguration.framework/Versions/A/SystemConfiguration
0x0000000006569000 	/usr/lib/libCRFSuite.dylib
0x0000000006569000 	/usr/lib/libc++.1.dylib
0x0000000006569000 	/usr/lib/libc++abi.dylib
0x0000000006569000 	/usr/lib/system/libcache.dylib
0x0000000006569000 	/usr/lib/system/libcommonCrypto.dylib
0x0000000006569000 	/usr/lib/system/libcompiler_rt.dylib
0x0000000006569000 	/usr/lib/system/libcopyfile.dylib
0x0000000006569000 	/usr/lib/system/libcorecrypto.dylib
0x0000000006569000 	/usr/lib/system/libdispatch.dylib
0x0000000006569000 	/usr/lib/system/libdyld.dylib
0x0000000006569000 	/usr/lib/system/libkeymgr.dylib
0x0000000006569000 	/usr/lib/system/liblaunch.dylib
0x0000000006569000 	/usr/lib/system/libmacho.dylib
0x0000000006569000 	/usr/lib/system/libquarantine.dylib
0x0000000006569000 	/usr/lib/system/libremovefile.dylib
0x0000000006569000 	/usr/lib/system/libsystem_asl.dylib
0x0000000006569000 	/usr/lib/system/libsystem_blocks.dylib
0x0000000006569000 	/usr/lib/system/libsystem_c.dylib
0x0000000006569000 	/usr/lib/system/libsystem_configuration.dylib
0x0000000006569000 	/usr/lib/system/libsystem_coreservices.dylib
0x0000000006569000 	/usr/lib/system/libsystem_darwin.dylib
0x0000000006569000 	/usr/lib/system/libsystem_dnssd.dylib
0x0000000006569000 	/usr/lib/system/libsystem_info.dylib
0x0000000006569000 	/usr/lib/system/libsystem_m.dylib
0x0000000006569000 	/usr/lib/system/libsystem_malloc.dylib
0x0000000006569000 	/usr/lib/system/libsystem_network.dylib
0x0000000006569000 	/usr/lib/system/libsystem_networkextension.dylib
0x0000000006569000 	/usr/lib/system/libsystem_notify.dylib
0x0000000006569000 	/usr/lib/system/libsystem_sandbox.dylib
0x0000000006569000 	/usr/lib/system/libsystem_secinit.dylib
0x0000000006569000 	/usr/lib/system/libsystem_kernel.dylib
0x0000000006569000 	/usr/lib/system/libsystem_platform.dylib
0x0000000006569000 	/usr/lib/system/libsystem_pthread.dylib
0x0000000006569000 	/usr/lib/system/libsystem_symptoms.dylib
0x0000000006569000 	/usr/lib/system/libsystem_trace.dylib
0x0000000006569000 	/usr/lib/system/libunwind.dylib
0x0000000006569000 	/usr/lib/system/libxpc.dylib
0x0000000006569000 	/usr/lib/closure/libclosured.dylib
0x0000000006569000 	/usr/lib/libbsm.0.dylib
0x0000000006569000 	/usr/lib/system/libkxld.dylib
0x0000000006569000 	/usr/lib/libOpenScriptingUtil.dylib
0x0000000006569000 	/usr/lib/libcoretls.dylib
0x0000000006569000 	/usr/lib/libcoretls_cfhelpers.dylib
0x0000000006569000 	/usr/lib/libpam.2.dylib
0x0000000006569000 	/usr/lib/libsqlite3.dylib
0x0000000006569000 	/usr/lib/libxar.1.dylib
0x0000000006569000 	/usr/lib/libbz2.1.0.dylib
0x0000000006569000 	/usr/lib/liblzma.5.dylib
0x0000000006569000 	/usr/lib/libnetwork.dylib
0x0000000006569000 	/usr/lib/libapple_nghttp2.dylib
0x0000000006569000 	/usr/lib/libpcap.A.dylib
0x0000000006569000 	/usr/lib/libboringssl.dylib
0x0000000006569000 	/usr/lib/libusrtcp.dylib
0x0000000006569000 	/usr/lib/libapple_crypto.dylib
0x0000000006569000 	/System/Library/Frameworks/CoreServices.framework/Versions/A/Frameworks/FSEvents.framework/Versions/A/FSEvents
0x0000000006569000 	/System/Library/Frameworks/CoreServices.framework/Versions/A/Frameworks/CarbonCore.framework/Versions/A/CarbonCore
0x0000000006569000 	/System/Library/Frameworks/CoreServices.framework/Versions/A/Frameworks/Metadata.framework/Versions/A/Metadata
0x0000000006569000 	/System/Library/Frameworks/CoreServices.framework/Versions/A/Frameworks/OSServices.framework/Versions/A/OSServices
0x0000000006569000 	/System/Library/Frameworks/CoreServices.framework/Versions/A/Frameworks/SearchKit.framework/Versions/A/SearchKit
0x0000000006569000 	/System/Library/Frameworks/CoreServices.framework/Versions/A/Frameworks/AE.framework/Versions/A/AE
0x0000000006569000 	/System/Library/Frameworks/CoreServices.framework/Versions/A/Frameworks/LaunchServices.framework/Versions/A/LaunchServices
0x0000000006569000 	/System/Library/Frameworks/CoreServices.framework/Versions/A/Frameworks/DictionaryServices.framework/Versions/A/DictionaryServices
0x0000000006569000 	/System/Library/Frameworks/CoreServices.framework/Versions/A/Frameworks/SharedFileList.framework/Versions/A/SharedFileList
0x0000000006569000 	/System/Library/Frameworks/NetFS.framework/Versions/A/NetFS
0x0000000006569000 	/System/Library/PrivateFrameworks/NetAuth.framework/Versions/A/NetAuth
0x0000000006569000 	/System/Library/PrivateFrameworks/login.framework/Versions/A/Frameworks/loginsupport.framework/Versions/A/loginsupport
0x0000000006569000 	/System/Library/PrivateFrameworks/TCC.framework/Versions/A/TCC
0x0000000006569000 	/usr/lib/libmecabra.dylib
0x0000000006569000 	/System/Library/Frameworks/ApplicationServices.framework/Versions/A/Frameworks/ATS.framework/Versions/A/ATS
0x0000000006569000 	/System/Library/Frameworks/ApplicationServices.framework/Versions/A/Frameworks/ColorSyncLegacy.framework/Versions/A/ColorSyncLegacy
0x0000000006569000 	/System/Library/Frameworks/ApplicationServices.framework/Versions/A/Frameworks/HIServices.framework/Versions/A/HIServices
0x0000000006569000 	/System/Library/Frameworks/ApplicationServices.framework/Versions/A/Frameworks/LangAnalysis.framework/Versions/A/LangAnalysis
0x0000000006569000 	/System/Library/Frameworks/ApplicationServices.framework/Versions/A/Frameworks/PrintCore.framework/Versions/A/PrintCore
0x0000000006569000 	/System/Library/Frameworks/ApplicationServices.framework/Versions/A/Frameworks/QD.framework/Versions/A/QD
0x0000000006569000 	/System/Library/Frameworks/ApplicationServices.framework/Versions/A/Frameworks/SpeechSynthesis.framework/Versions/A/SpeechSynthesis
0x0000000006569000 	/System/Library/Frameworks/CoreDisplay.framework/Versions/A/CoreDisplay
0x0000000006569000 	/System/Library/Frameworks/Accelerate.framework/Versions/A/Frameworks/vImage.framework/Versions/A/vImage
0x0000000006569000 	/System/Library/Frameworks/Accelerate.framework/Versions/A/Frameworks/vecLib.framework/Versions/A/vecLib
0x0000000006569000 	/System/Library/Frameworks/Accelerate.framework/Versions/A/Frameworks/vecLib.framework/Versions/A/libvDSP.dylib
0x0000000006569000 	/System/Library/Frameworks/Accelerate.framework/Versions/A/Frameworks/vecLib.framework/Versions/A/libBNNS.dylib
0x0000000006569000 	/System/Library/Frameworks/Accelerate.framework/Versions/A/Frameworks/vecLib.framework/Versions/A/libQuadrature.dylib
0x0000000006569000 	/System/Library/Frameworks/Accelerate.framework/Versions/A/Frameworks/vecLib.framework/Versions/A/libvMisc.dylib
0x0000000006569000 	/System/Library/Frameworks/Accelerate.framework/Versions/A/Frameworks/vecLib.framework/Versions/A/libLAPACK.dylib
0x0000000006569000 	/System/Library/Frameworks/Accelerate.framework/Versions/A/Frameworks/vecLib.framework/Versions/A/libBLAS.dylib
0x0000000006569000 	/System/Library/Frameworks/Accelerate.framework/Versions/A/Frameworks/vecLib.framework/Versions/A/libLinearAlgebra.dylib
0x0000000006569000 	/System/Library/Frameworks/Accelerate.framework/Versions/A/Frameworks/vecLib.framework/Versions/A/libSparse.dylib
0x0000000006569000 	/System/Library/Frameworks/Accelerate.framework/Versions/A/Frameworks/vecLib.framework/Versions/A/libSparseBLAS.dylib
0x0000000006569000 	/System/Library/PrivateFrameworks/IOAccelerator.framework/Versions/A/IOAccelerator
0x0000000006569000 	/System/Library/PrivateFrameworks/IOPresentment.framework/Versions/A/IOPresentment
0x0000000006569000 	/System/Library/PrivateFrameworks/DSExternalDisplay.framework/Versions/A/DSExternalDisplay
0x0000000006569000 	/System/Library/Frameworks/OpenGL.framework/Versions/A/Libraries/libCoreFSCache.dylib
0x0000000006569000 	/System/Library/Frameworks/CoreVideo.framework/Versions/A/CoreVideo
0x0000000006569000 	/System/Library/PrivateFrameworks/GraphVisualizer.framework/Versions/A/GraphVisualizer
0x0000000006569000 	/System/Library/Frameworks/MetalPerformanceShaders.framework/Versions/A/MetalPerformanceShaders
0x0000000006569000 	/usr/lib/libFosl_dynamic.dylib
0x0000000006569000 	/System/Library/PrivateFrameworks/FaceCore.framework/Versions/A/FaceCore
0x0000000006569000 	/System/Library/Frameworks/OpenCL.framework/Versions/A/OpenCL
0x0000000006569000 	/usr/lib/libcompression.dylib
0x0000000006569000 	/System/Library/Frameworks/ApplicationServices.framework/Versions/A/Frameworks/ATS.framework/Versions/A/Resources/libFontParser.dylib
0x0000000006569000 	/System/Library/Frameworks/ApplicationServices.framework/Versions/A/Frameworks/ATS.framework/Versions/A/Resources/libFontRegistry.dylib
0x0000000006569000 	/System/Library/Frameworks/ImageIO.framework/Versions/A/Resources/libJPEG.dylib
0x0000000006569000 	/System/Library/Frameworks/ImageIO.framework/Versions/A/Resources/libTIFF.dylib
0x0000000006569000 	/System/Library/Frameworks/ImageIO.framework/Versions/A/Resources/libPng.dylib
0x0000000006569000 	/System/Library/Frameworks/ImageIO.framework/Versions/A/Resources/libGIF.dylib
0x0000000006569000 	/System/Library/Frameworks/ImageIO.framework/Versions/A/Resources/libJP2.dylib
0x0000000006569000 	/System/Library/Frameworks/ImageIO.framework/Versions/A/Resources/libRadiance.dylib
0x0000000006569000 	/System/Library/PrivateFrameworks/AppleJPEG.framework/Versions/A/AppleJPEG
0x0000000006569000 	/System/Library/PrivateFrameworks/MetalTools.framework/Versions/A/MetalTools
0x0000000006569000 	/System/Library/Frameworks/MetalPerformanceShaders.framework/Frameworks/MPSCore.framework/Versions/A/MPSCore
0x0000000006569000 	/System/Library/Frameworks/MetalPerformanceShaders.framework/Frameworks/MPSImage.framework/Versions/A/MPSImage
0x0000000006569000 	/System/Library/Frameworks/MetalPerformanceShaders.framework/Frameworks/MPSMatrix.framework/Versions/A/MPSMatrix
0x0000000006569000 	/System/Library/Frameworks/MetalPerformanceShaders.framework/Frameworks/MPSNeuralNetwork.framework/Versions/A/MPSNeuralNetwork
0x0000000006569000 	/System/Library/Frameworks/OpenGL.framework/Versions/A/Libraries/libGLU.dylib
0x0000000006569000 	/System/Library/Frameworks/OpenGL.framework/Versions/A/Libraries/libGFXShared.dylib
0x0000000006569000 	/System/Library/Frameworks/OpenGL.framework/Versions/A/Libraries/libGL.dylib
0x0000000006569000 	/System/Library/Frameworks/OpenGL.framework/Versions/A/Libraries/libGLImage.dylib
0x0000000006569000 	/System/Library/Frameworks/OpenGL.framework/Versions/A/Libraries/libCVMSPluginSupport.dylib
0x0000000006569000 	/System/Library/Frameworks/OpenGL.framework/Versions/A/Libraries/libCoreVMClient.dylib
0x0000000006569000 	/usr/lib/libcups.2.dylib
0x0000000006569000 	/System/Library/Frameworks/Kerberos.framework/Versions/A/Kerberos
0x0000000006569000 	/System/Library/Frameworks/GSS.framework/Versions/A/GSS
0x0000000006569000 	/usr/lib/libresolv.9.dylib
0x0000000006569000 	/usr/lib/libiconv.2.dylib
0x0000000006569000 	/System/Library/PrivateFrameworks/Heimdal.framework/Versions/A/Heimdal
0x0000000006569000 	/usr/lib/libheimdal-asn1.dylib
0x0000000006569000 	/System/Library/Frameworks/OpenDirectory.framework/Versions/A/OpenDirectory
0x0000000006569000 	/System/Library/PrivateFrameworks/CommonAuth.framework/Versions/A/CommonAuth
0x0000000006569000 	/System/Library/Frameworks/OpenDirectory.framework/Versions/A/Frameworks/CFOpenDirectory.framework/Versions/A/CFOpenDirectory
0x0000000006569000 	/System/Library/Frameworks/SecurityFoundation.framework/Versions/A/SecurityFoundation
0x0000000006569000 	/System/Library/PrivateFrameworks/APFS.framework/Versions/A/APFS
0x0000000006569000 	/usr/lib/libutil.dylib
0x0000000006569000 	/System/Library/PrivateFrameworks/AppleSauce.framework/Versions/A/AppleSauce
0x0000000006569000 	/System/Library/PrivateFrameworks/LinguisticData.framework/Versions/A/LinguisticData
0x0000000006569000 	/usr/lib/libmarisa.dylib
0x0000000006569000 	/System/Library/PrivateFrameworks/Lexicon.framework/Versions/A/Lexicon
0x0000000006569000 	/usr/lib/libChineseTokenizer.dylib
0x0000000006569000 	/usr/lib/libcmph.dylib
0x0000000006569000 	/System/Library/PrivateFrameworks/LanguageModeling.framework/Versions/A/LanguageModeling
0x0000000006569000 	/System/Library/PrivateFrameworks/CoreEmoji.framework/Versions/A/CoreEmoji
0x0000000006569000 	/System/Library/Frameworks/ServiceManagement.framework/Versions/A/ServiceManagement
0x0000000006569000 	/System/Library/PrivateFrameworks/BackgroundTaskManagement.framework/Versions/A/BackgroundTaskManagement
0x0000000006569000 	/usr/lib/libxslt.1.dylib
0x0000000006569000 	/System/Library/Frameworks/Carbon.framework/Versions/A/Frameworks/Ink.framework/Versions/A/Ink
0x0000000006569000 	/System/Library/PrivateFrameworks/TextureIO.framework/Versions/A/TextureIO
0x0000000006569000 	/usr/lib/libate.dylib
0x0000000006569000 	/System/Library/PrivateFrameworks/CrashReporterSupport.framework/Versions/A/CrashReporterSupport
0x0000000006569000 	/System/Library/PrivateFrameworks/Sharing.framework/Versions/A/Sharing
0x0000000006569000 	/System/Library/PrivateFrameworks/IconServices.framework/Versions/A/IconServices
0x0000000006569000 	/System/Library/PrivateFrameworks/ProtocolBuffer.framework/Versions/A/ProtocolBuffer
0x0000000006569000 	/System/Library/PrivateFrameworks/Apple80211.framework/Versions/A/Apple80211
0x0000000006569000 	/System/Library/Frameworks/CoreWLAN.framework/Versions/A/CoreWLAN
0x0000000006569000 	/System/Library/PrivateFrameworks/CoreUtils.framework/Versions/A/CoreUtils
0x0000000006569000 	/System/Library/Frameworks/IOBluetooth.framework/Versions/A/IOBluetooth
0x0000000006569000 	/System/Library/PrivateFrameworks/CoreWiFi.framework/Versions/A/CoreWiFi
0x0000000006569000 	/System/Library/Frameworks/CoreBluetooth.framework/Versions/A/CoreBluetooth
0x0000000006569000 	/System/Library/PrivateFrameworks/SignpostNotification.framework/Versions/A/SignpostNotification
0x0000000006569000 	/System/Library/PrivateFrameworks/DebugSymbols.framework/Versions/A/DebugSymbols
0x0000000006569000 	/System/Library/PrivateFrameworks/CoreSymbolication.framework/Versions/A/CoreSymbolication
0x0000000006569000 	/System/Library/PrivateFrameworks/Symbolication.framework/Versions/A/Symbolication
0x0000000006569000 	/System/Library/PrivateFrameworks/AppleFSCompression.framework/Versions/A/AppleFSCompression
0x0000000006569000 	/System/Library/PrivateFrameworks/SpeechRecognitionCore.framework/Versions/A/SpeechRecognitionCore
0x000000010a5e2000 	/Applications/Android Studio.app/Contents/jre/jdk/Contents/Home/jre/lib/server/libjvm.dylib
0x0000000006569000 	/usr/lib/libstdc++.6.0.9.dylib
0x0000000108d7b000 	/Applications/Android Studio.app/Contents/jre/jdk/Contents/Home/jre/lib/libverify.dylib
0x0000000108d87000 	/Applications/Android Studio.app/Contents/jre/jdk/Contents/Home/jre/lib/libjava.dylib
0x0000000109e08000 	/Applications/Android Studio.app/Contents/jre/jdk/Contents/Home/jre/lib/libzip.dylib
0x000000011eee0000 	/Applications/Android Studio.app/Contents/jre/jdk/Contents/Home/jre/lib/libnet.dylib
0x000000011ef7c000 	/Applications/Android Studio.app/Contents/jre/jdk/Contents/Home/jre/lib/libnio.dylib
0x000000011f164000 	/Users/annascott/.gradle/native/25/osx-amd64/libnative-platform.dylib
0x000000011f52a000 	/Applications/Android Studio.app/Contents/jre/jdk/Contents/Home/jre/lib/libmanagement.dylib

VM Arguments:
jvm_args: -XX:+HeapDumpOnOutOfMemoryError -Xmx1024m -Dfile.encoding=UTF-8 -Duser.country=US -Duser.language=en -Duser.variant 
java_command: org.gradle.launcher.daemon.bootstrap.GradleDaemon 4.4
java_class_path (initial): /Users/annascott/.gradle/wrapper/dists/gradle-4.4-all/9br9xq1tocpiv8o6njlyu5op1/gradle-4.4/lib/gradle-launcher-4.4.jar
Launcher Type: SUN_STANDARD

Environment Variables:
PATH=/usr/local/bin:/usr/bin:/bin:/usr/sbin:/sbin
SHELL=/bin/bash

Signal Handlers:
SIGSEGV: [libjvm.dylib+0x53f567], sa_mask[0]=11111111011111110111111111111111, sa_flags=SA_ONSTACK|SA_RESTART|SA_SIGINFO
SIGBUS: [libjvm.dylib+0x53f567], sa_mask[0]=11111111011111110111111111111111, sa_flags=SA_RESTART|SA_SIGINFO
SIGFPE: [libjvm.dylib+0x437adf], sa_mask[0]=11111111011111110111111111111111, sa_flags=SA_RESTART|SA_SIGINFO
SIGPIPE: [libjvm.dylib+0x437adf], sa_mask[0]=11111111011111110111111111111111, sa_flags=SA_RESTART|SA_SIGINFO
SIGXFSZ: [libjvm.dylib+0x437adf], sa_mask[0]=11111111011111110111111111111111, sa_flags=SA_RESTART|SA_SIGINFO
SIGILL: [libjvm.dylib+0x437adf], sa_mask[0]=11111111011111110111111111111111, sa_flags=SA_RESTART|SA_SIGINFO
SIGUSR1: SIG_DFL, sa_mask[0]=00000000000000000000000000000000, sa_flags=none
SIGUSR2: [libjvm.dylib+0x438404], sa_mask[0]=00100000000000000000000000000000, sa_flags=SA_RESTART|SA_SIGINFO
SIGHUP: [libjvm.dylib+0x4365f9], sa_mask[0]=11111111011111110111111111111111, sa_flags=SA_RESTART|SA_SIGINFO
SIGINT: [libjvm.dylib+0x4365f9], sa_mask[0]=11111111011111110111111111111111, sa_flags=SA_RESTART|SA_SIGINFO
SIGTERM: [libjvm.dylib+0x4365f9], sa_mask[0]=11111111011111110111111111111111, sa_flags=SA_RESTART|SA_SIGINFO
SIGQUIT: [libjvm.dylib+0x4365f9], sa_mask[0]=11111111011111110111111111111111, sa_flags=SA_RESTART|SA_SIGINFO


---------------  S Y S T E M  ---------------

OS:Bsduname:Darwin 17.3.0 Darwin Kernel Version 17.3.0: Thu Nov  9 18:09:22 PST 2017; root:xnu-4570.31.3~1/RELEASE_X86_64 x86_64
rlimit: STACK 8192k, CORE 0k, NPROC 1418, NOFILE 10240, AS infinity
load average:1.79 1.58 1.46

CPU:total 8 (initial active 8) (4 cores per cpu, 2 threads per core) family 6 model 94 stepping 3, cmov, cx8, fxsr, mmx, sse, sse2, sse3, ssse3, sse4.1, sse4.2, popcnt, avx, avx2, aes, clmul, erms, rtm, 3dnowpref, lzcnt, ht, tsc, tscinvbit, bmi1, bmi2, adx

Memory: 4k page, physical 16777216k(2863256k free)

/proc/meminfo:


vm_info: OpenJDK 64-Bit Server VM (25.152-b01) for bsd-amd64 JRE (1.8.0_152-release-1024-b01), built by "builder" with gcc 4.2.1 Compatible Apple LLVM 8.1.0 (clang-802.0.42)

time: Wed Jun 13 12:22:16 2018
elapsed time: 4 seconds (0d 0h 0m 4s)

