#
# A fatal error has been detected by the Java Runtime Environment:
#
#  SIGSEGV (0xb) at pc=0x0000000102b9400b, pid=1278, tid=0x0000000000004503
#
# JRE version: OpenJDK Runtime Environment (8.0_152-b01) (build 1.8.0_152-release-1024-b01)
# Java VM: OpenJDK 64-Bit Server VM (25.152-b01 mixed mode bsd-amd64 compressed oops)
# Problematic frame:
# V  [libjvm.dylib+0x19400b]  Compile::identify_useful_nodes(Unique_Node_List&)+0xa1
#
# Failed to write core dump. Core dumps have been disabled. To enable core dumping, try "ulimit -c unlimited" before starting Java again
#
# If you would like to submit a bug report, please visit:
#   http://bugreport.java.com/bugreport/crash.jsp
#

---------------  T H R E A D  ---------------

Current thread (0x00007fe7ee83c800):  JavaThread "C2 CompilerThread1" daemon [_thread_in_native, id=17667, stack(0x0000700007e3c000,0x0000700007f3c000)]

siginfo: si_signo: 11 (SIGSEGV), si_code: 0 (unknown), si_addr: 0x0000000000000000

Registers:
RAX=0x00007fe7f08361b8, RBX=0x0000000000000002, RCX=0x0000000000000000, RDX=0x0000000000000002
RSP=0x0000700007f3a410, RBP=0x0000700007f3a440, RSI=0x80007fe7ebf034d0, RDI=0x0000000000000103
R8 =0x0000000000000000, R9 =0x0000000000000040, R10=0xffffffffffffffff, R11=0xffffffffff9bf1f0
R12=0x0000700007f3ae88, R13=0x0000000000000005, R14=0x0000000000000020, R15=0x00007fe7f0836188
RIP=0x0000000102b9400b, EFLAGS=0x0000000000010246, ERR=0x0000000000000000
  TRAPNO=0x000000000000000d

Top of Stack: (sp=0x0000700007f3a410)
0x0000700007f3a410:   00007fe7f1914820 0000700007f3ae78
0x0000700007f3a420:   0000000000000000 0000700007f3aea8
0x0000700007f3a430:   00007fe7ed818460 0000700007f3ae88
0x0000700007f3a440:   0000700007f3a490 0000000102e60cd4
0x0000700007f3a450:   0000000000000000 0000700007f3af90
0x0000700007f3a460:   0000700007f3a4a0 0000700007f3b078
0x0000700007f3a470:   0000700007f3b210 0000700007f3b168
0x0000700007f3a480:   0000700007f3aed0 0000000000000000
0x0000700007f3a490:   0000700007f3b050 0000000102b95227
0x0000700007f3a4a0:   00000001031bafc0 0000000000000005
0x0000700007f3a4b0:   0000700007f3b078 0000700007f3b210
0x0000700007f3a4c0:   0000700007f3b210 0000000000000004
0x0000700007f3a4d0:   00007fe7ebf03510 0000000000000000
0x0000700007f3a4e0:   0000700007f3b210 0000000000004000
0x0000700007f3a4f0:   00000001097f9010 00007fe7f0835870
0x0000700007f3a500:   00007fe7ef571398 00007fe7ec6b7988
0x0000700007f3a510:   00007fe7ee897b00 00007fe7f072f270
0x0000700007f3a520:   0000000000000000 0000000000000000
0x0000700007f3a530:   00007fe7f25ea898 00007fe7f197cde0
0x0000700007f3a540:   00007fe7ec5edaa8 00007fe7ec5f0158
0x0000700007f3a550:   00007fe7f23430d0 0000000000000000
0x0000700007f3a560:   0000000000000000 00007fe7ed1873e8
0x0000700007f3a570:   00007fe7f2290b08 00007fe7f1e75800
0x0000700007f3a580:   00007fe7ed188fc8 00007fe7ec1d0e18
0x0000700007f3a590:   0000000000000000 0000000000000000
0x0000700007f3a5a0:   00007fe7f3066190 0000000000000000
0x0000700007f3a5b0:   0000000000000000 00007fe7f1e76980
0x0000700007f3a5c0:   0000000000000000 0000000000000000
0x0000700007f3a5d0:   0000000000000000 0000000000000000
0x0000700007f3a5e0:   0000000000000000 0000000000000000
0x0000700007f3a5f0:   00007fe7ec6b9ba8 0000000000000000
0x0000700007f3a600:   0000000000000000 0000000000000000 

Instructions: (pc=0x0000000102b9400b)
0x0000000102b93feb:   3c c1 45 8b 6f 1c 4d 85 ed 74 2b 31 db 49 8b 47
0x0000000102b93ffb:   08 48 8b 34 d8 48 85 f6 74 14 40 f6 c6 01 75 0e
0x0000000102b9400b:   48 83 3e fe 74 08 4c 89 e7 e8 33 49 fb ff 48 ff
0x0000000102b9401b:   c3 49 39 dd 75 d7 41 ff c6 45 3b 74 24 18 72 b6 

Register to memory mapping:

RAX=0x00007fe7f08361b8 is an unknown value
RBX=0x0000000000000002 is an unknown value
RCX=0x0000000000000000 is an unknown value
RDX=0x0000000000000002 is an unknown value
RSP=0x0000700007f3a410 is pointing into the stack for thread: 0x00007fe7ee83c800
RBP=0x0000700007f3a440 is pointing into the stack for thread: 0x00007fe7ee83c800
RSI=0x80007fe7ebf034d0 is an unknown value
RDI=0x0000000000000103 is an unknown value
R8 =0x0000000000000000 is an unknown value
R9 =0x0000000000000040 is an unknown value
R10=0xffffffffffffffff is an unknown value
R11=0xffffffffff9bf1f0 is an unknown value
R12=0x0000700007f3ae88 is pointing into the stack for thread: 0x00007fe7ee83c800
R13=0x0000000000000005 is an unknown value
R14=0x0000000000000020 is an unknown value
R15=0x00007fe7f0836188 is an unknown value


Stack: [0x0000700007e3c000,0x0000700007f3c000],  sp=0x0000700007f3a410,  free space=1017k
Native frames: (J=compiled Java code, j=interpreted, Vv=VM code, C=native code)
V  [libjvm.dylib+0x19400b]  Compile::identify_useful_nodes(Unique_Node_List&)+0xa1
V  [libjvm.dylib+0x460cd4]  PhaseRemoveUseless::PhaseRemoveUseless(PhaseGVN*, Unique_Node_List*, Phase::PhaseNumber)+0x6e
V  [libjvm.dylib+0x195227]  Compile::Compile(ciEnv*, C2Compiler*, ciMethod*, int, bool, bool, bool)+0x899
V  [libjvm.dylib+0x13b9da]  C2Compiler::compile_method(ciEnv*, ciMethod*, int)+0xa4
V  [libjvm.dylib+0x1a067a]  CompileBroker::invoke_compiler_on_method(CompileTask*)+0x564
V  [libjvm.dylib+0x19fc78]  CompileBroker::compiler_thread_loop()+0x270
V  [libjvm.dylib+0x505e88]  JavaThread::thread_main_inner()+0x82
V  [libjvm.dylib+0x505d4d]  JavaThread::run()+0x199
V  [libjvm.dylib+0x435709]  java_start(Thread*)+0xfa
C  [libsystem_pthread.dylib+0x36c1]  _pthread_body+0x154
C  [libsystem_pthread.dylib+0x356d]  _pthread_body+0x0
C  [libsystem_pthread.dylib+0x2c5d]  thread_start+0xd
C  0x0000000000000000


Current CompileTask:
C2:   4060 3451       4       java.lang.reflect.Executable::printModifiersIfNonzero (101 bytes)


---------------  P R O C E S S  ---------------

Java Threads: ( => current thread )
  0x00007fe7ed31d000 JavaThread "Memory manager" [_thread_blocked, id=27395, stack(0x0000700009787000,0x0000700009887000)]
  0x00007fe7f153c000 JavaThread "build operations Thread 8" [_thread_blocked, id=27139, stack(0x0000700009684000,0x0000700009784000)]
  0x00007fe7f28ac800 JavaThread "build operations Thread 7" [_thread_blocked, id=39171, stack(0x0000700009581000,0x0000700009681000)]
  0x00007fe7ec679000 JavaThread "build operations Thread 6" [_thread_blocked, id=39427, stack(0x000070000947e000,0x000070000957e000)]
  0x00007fe7ec678000 JavaThread "build operations Thread 5" [_thread_blocked, id=39683, stack(0x000070000937b000,0x000070000947b000)]
  0x00007fe7f27f7000 JavaThread "build operations Thread 4" [_thread_blocked, id=26371, stack(0x0000700009278000,0x0000700009378000)]
  0x00007fe7f27f6000 JavaThread "build operations Thread 3" [_thread_blocked, id=25859, stack(0x0000700009175000,0x0000700009275000)]
  0x00007fe7f20de000 JavaThread "build operations Thread 2" [_thread_blocked, id=40195, stack(0x0000700009072000,0x0000700009172000)]
  0x00007fe7f24f1000 JavaThread "build operations" [_thread_blocked, id=25347, stack(0x0000700008f6f000,0x000070000906f000)]
  0x00007fe7f08c0000 JavaThread "Cache worker for Artifact transforms cache (/Users/annascott/.gradle/caches/transforms-1)" [_thread_blocked, id=25091, stack(0x0000700008e6c000,0x0000700008f6c000)]
  0x00007fe7ec829000 JavaThread "Cache worker for file hash cache (/Users/annascott/Downloads/ud843-QuakeReport-starting-point/.gradle/4.4/fileHashes)" [_thread_blocked, id=24579, stack(0x0000700008d69000,0x0000700008e69000)]
  0x00007fe7eed29000 JavaThread "File lock request listener" [_thread_in_native, id=40963, stack(0x0000700008c66000,0x0000700008d66000)]
  0x00007fe7ef84e800 JavaThread "Cache worker for file hash cache (/Users/annascott/.gradle/caches/4.4/fileHashes)" [_thread_blocked, id=41475, stack(0x0000700008b63000,0x0000700008c63000)]
  0x00007fe7ef856800 JavaThread "Stdin handler" [_thread_blocked, id=23811, stack(0x0000700008a60000,0x0000700008b60000)]
  0x00007fe7ed10f000 JavaThread "Asynchronous log dispatcher for DefaultDaemonConnection: socket connection from /127.0.0.1:53226 to /127.0.0.1:53227" [_thread_blocked, id=41731, stack(0x000070000895d000,0x0000700008a5d000)]
  0x00007fe7f059d000 JavaThread "Daemon worker" [_thread_in_Java, id=23299, stack(0x000070000885a000,0x000070000895a000)]
  0x00007fe7eed2d000 JavaThread "Cancel handler" [_thread_blocked, id=42243, stack(0x0000700008757000,0x0000700008857000)]
  0x00007fe7ef853000 JavaThread "Handler for socket connection from /127.0.0.1:53226 to /127.0.0.1:53227" [_thread_in_native, id=42755, stack(0x0000700008654000,0x0000700008754000)]
  0x00007fe7f0599800 JavaThread "Daemon" [_thread_blocked, id=22531, stack(0x0000700008551000,0x0000700008651000)]
  0x00007fe7eed1f800 JavaThread "Daemon periodic checks" [_thread_blocked, id=43011, stack(0x000070000844e000,0x000070000854e000)]
  0x00007fe7eed1e800 JavaThread "Incoming local TCP Connector on port 53226" [_thread_in_native, id=43267, stack(0x000070000834b000,0x000070000844b000)]
  0x00007fe7f000d000 JavaThread "Service Thread" daemon [_thread_blocked, id=16643, stack(0x0000700008145000,0x0000700008245000)]
  0x00007fe7ee83e000 JavaThread "C1 CompilerThread3" daemon [_thread_blocked, id=16899, stack(0x0000700008042000,0x0000700008142000)]
  0x00007fe7ee83d000 JavaThread "C2 CompilerThread2" daemon [_thread_in_native, id=15619, stack(0x0000700007f3f000,0x000070000803f000)]
=>0x00007fe7ee83c800 JavaThread "C2 CompilerThread1" daemon [_thread_in_native, id=17667, stack(0x0000700007e3c000,0x0000700007f3c000)]
  0x00007fe7ee817800 JavaThread "C2 CompilerThread0" daemon [_thread_in_native, id=17923, stack(0x0000700007d39000,0x0000700007e39000)]
  0x00007fe7ee81d000 JavaThread "Signal Dispatcher" daemon [_thread_blocked, id=18183, stack(0x0000700007c36000,0x0000700007d36000)]
  0x00007fe7f0000000 JavaThread "Finalizer" daemon [_thread_blocked, id=12803, stack(0x0000700007ab0000,0x0000700007bb0000)]
  0x00007fe7ee823800 JavaThread "Reference Handler" daemon [_thread_blocked, id=12291, stack(0x00007000079ad000,0x0000700007aad000)]
  0x00007fe7ee805800 JavaThread "main" [_thread_blocked, id=5891, stack(0x0000700006f8f000,0x000070000708f000)]

Other Threads:
  0x00007fe7ee001800 VMThread [stack: 0x00007000078aa000,0x00007000079aa000] [id=19715]
  0x00007fe7ed040000 WatcherThread [stack: 0x0000700008248000,0x0000700008348000] [id=16131]

VM state:not at safepoint (normal execution)

VM Mutex/Monitor currently owned by a thread: None

Heap:
 PSYoungGen      total 272896K, used 49927K [0x00000007aab00000, 0x00000007bec80000, 0x00000007c0000000)
  eden space 262144K, 19% used [0x00000007aab00000,0x00000007adbc1c68,0x00000007bab00000)
  from space 10752K, 0% used [0x00000007bab00000,0x00000007bab00000,0x00000007bb580000)
  to   space 12800K, 0% used [0x00000007be000000,0x00000007be000000,0x00000007bec80000)
 ParOldGen       total 164864K, used 16288K [0x0000000780000000, 0x000000078a100000, 0x00000007aab00000)
  object space 164864K, 9% used [0x0000000780000000,0x0000000780fe8240,0x000000078a100000)
 Metaspace       used 36319K, capacity 36972K, committed 37208K, reserved 1081344K
  class space    used 4988K, capacity 5200K, committed 5248K, reserved 1048576K

Card table byte_map: [0x0000000103828000,0x0000000103a29000] byte_map_base: 0x00000000ffc28000

Marking Bits: (ParMarkBitMap*) 0x00000001031f81c8
 Begin Bits: [0x0000000103b7f000, 0x0000000104b7f000)
 End Bits:   [0x0000000104b7f000, 0x0000000105b7f000)

Polling page: 0x00000001018dd000

CodeCache: size=245760Kb used=12041Kb max_used=12041Kb free=233718Kb
 bounds [0x000000010c4e3000, 0x000000010d0b3000, 0x000000011b4e3000]
 total_blobs=4168 nmethods=3473 adapters=608
 compilation: enabled

Compilation events (10 events):
Event: 4.050 Thread 0x00007fe7ee83e000 nmethod 3477 0x000000010d09f390 code [0x000000010d09f500, 0x000000010d09f7b0]
Event: 4.050 Thread 0x00007fe7ee83e000 3478       1       org.gradle.model.internal.core.ModelActionRole::isSubjectViewAvailable (5 bytes)
Event: 4.050 Thread 0x00007fe7ee83e000 nmethod 3478 0x000000010d09f8d0 code [0x000000010d09fa20, 0x000000010d09fb30]
Event: 4.050 Thread 0x00007fe7ee83e000 3480   !   3       sun.reflect.GeneratedMethodAccessor4::invoke (76 bytes)
Event: 4.050 Thread 0x00007fe7ee83e000 nmethod 3480 0x000000010d09fb90 code [0x000000010d09fda0, 0x000000010d0a0698]
Event: 4.050 Thread 0x00007fe7ee83e000 3479       1       org.gradle.model.internal.core.ModelActionRole::getTargetState (5 bytes)
Event: 4.050 Thread 0x00007fe7ee83e000 nmethod 3479 0x000000010d0a0b10 code [0x000000010d0a0c60, 0x000000010d0a0d70]
Event: 4.051 Thread 0x00007fe7ee83e000 3482  s    3       sun.net.www.protocol.file.Handler::openConnection (7 bytes)
Event: 4.051 Thread 0x00007fe7ee83e000 nmethod 3482 0x000000010d0a0dd0 code [0x000000010d0a0f40, 0x000000010d0a1248]
Event: 4.051 Thread 0x00007fe7ee83e000 3483  s!   3       sun.net.www.protocol.file.Handler::openConnection (194 bytes)

GC Heap History (10 events):
Event: 1.864 GC heap before
{Heap before GC invocations=3 (full 0):
 PSYoungGen      total 141824K, used 33481K [0x00000007aab00000, 0x00000007b4000000, 0x00000007c0000000)
  eden space 131072K, 17% used [0x00000007aab00000,0x00000007ac188d20,0x00000007b2b00000)
  from space 10752K, 96% used [0x00000007b3580000,0x00000007b3fa9720,0x00000007b4000000)
  to   space 10752K, 0% used [0x00000007b2b00000,0x00000007b2b00000,0x00000007b3580000)
 ParOldGen       total 175104K, used 24K [0x0000000780000000, 0x000000078ab00000, 0x00000007aab00000)
  object space 175104K, 0% used [0x0000000780000000,0x0000000780006000,0x000000078ab00000)
 Metaspace       used 20676K, capacity 21070K, committed 21248K, reserved 1067008K
  class space    used 2896K, capacity 3037K, committed 3072K, reserved 1048576K
Event: 1.875 GC heap after
Heap after GC invocations=3 (full 0):
 PSYoungGen      total 141824K, used 8931K [0x00000007aab00000, 0x00000007bc000000, 0x00000007c0000000)
  eden space 131072K, 0% used [0x00000007aab00000,0x00000007aab00000,0x00000007b2b00000)
  from space 10752K, 83% used [0x00000007b2b00000,0x00000007b33b8f38,0x00000007b3580000)
  to   space 10752K, 0% used [0x00000007bb580000,0x00000007bb580000,0x00000007bc000000)
 ParOldGen       total 175104K, used 32K [0x0000000780000000, 0x000000078ab00000, 0x00000007aab00000)
  object space 175104K, 0% used [0x0000000780000000,0x0000000780008000,0x000000078ab00000)
 Metaspace       used 20676K, capacity 21070K, committed 21248K, reserved 1067008K
  class space    used 2896K, capacity 3037K, committed 3072K, reserved 1048576K
}
Event: 1.875 GC heap before
{Heap before GC invocations=4 (full 1):
 PSYoungGen      total 141824K, used 8931K [0x00000007aab00000, 0x00000007bc000000, 0x00000007c0000000)
  eden space 131072K, 0% used [0x00000007aab00000,0x00000007aab00000,0x00000007b2b00000)
  from space 10752K, 83% used [0x00000007b2b00000,0x00000007b33b8f38,0x00000007b3580000)
  to   space 10752K, 0% used [0x00000007bb580000,0x00000007bb580000,0x00000007bc000000)
 ParOldGen       total 175104K, used 32K [0x0000000780000000, 0x000000078ab00000, 0x00000007aab00000)
  object space 175104K, 0% used [0x0000000780000000,0x0000000780008000,0x000000078ab00000)
 Metaspace       used 20676K, capacity 21070K, committed 21248K, reserved 1067008K
  class space    used 2896K, capacity 3037K, committed 3072K, reserved 1048576K
Event: 1.910 GC heap after
Heap after GC invocations=4 (full 1):
 PSYoungGen      total 141824K, used 0K [0x00000007aab00000, 0x00000007bc000000, 0x00000007c0000000)
  eden space 131072K, 0% used [0x00000007aab00000,0x00000007aab00000,0x00000007b2b00000)
  from space 10752K, 0% used [0x00000007b2b00000,0x00000007b2b00000,0x00000007b3580000)
  to   space 10752K, 0% used [0x00000007bb580000,0x00000007bb580000,0x00000007bc000000)
 ParOldGen       total 104448K, used 8648K [0x0000000780000000, 0x0000000786600000, 0x00000007aab00000)
  object space 104448K, 8% used [0x0000000780000000,0x0000000780872280,0x0000000786600000)
 Metaspace       used 20676K, capacity 21070K, committed 21248K, reserved 1067008K
  class space    used 2896K, capacity 3037K, committed 3072K, reserved 1048576K
}
Event: 3.196 GC heap before
{Heap before GC invocations=5 (full 1):
 PSYoungGen      total 141824K, used 131072K [0x00000007aab00000, 0x00000007bc000000, 0x00000007c0000000)
  eden space 131072K, 100% used [0x00000007aab00000,0x00000007b2b00000,0x00000007b2b00000)
  from space 10752K, 0% used [0x00000007b2b00000,0x00000007b2b00000,0x00000007b3580000)
  to   space 10752K, 0% used [0x00000007bb580000,0x00000007bb580000,0x00000007bc000000)
 ParOldGen       total 104448K, used 8648K [0x0000000780000000, 0x0000000786600000, 0x00000007aab00000)
  object space 104448K, 8% used [0x0000000780000000,0x0000000780872280,0x0000000786600000)
 Metaspace       used 29390K, capacity 29884K, committed 30208K, reserved 1075200K
  class space    used 4138K, capacity 4321K, committed 4352K, reserved 1048576K
Event: 3.211 GC heap after
Heap after GC invocations=5 (full 1):
 PSYoungGen      total 209408K, used 10748K [0x00000007aab00000, 0x00000007bc000000, 0x00000007c0000000)
  eden space 198656K, 0% used [0x00000007aab00000,0x00000007aab00000,0x00000007b6d00000)
  from space 10752K, 99% used [0x00000007bb580000,0x00000007bbfff2a0,0x00000007bc000000)
  to   space 10752K, 0% used [0x00000007bab00000,0x00000007bab00000,0x00000007bb580000)
 ParOldGen       total 104448K, used 10398K [0x0000000780000000, 0x0000000786600000, 0x00000007aab00000)
  object space 104448K, 9% used [0x0000000780000000,0x0000000780a27b20,0x0000000786600000)
 Metaspace       used 29390K, capacity 29884K, committed 30208K, reserved 1075200K
  class space    used 4138K, capacity 4321K, committed 4352K, reserved 1048576K
}
Event: 3.638 GC heap before
{Heap before GC invocations=6 (full 1):
 PSYoungGen      total 209408K, used 40518K [0x00000007aab00000, 0x00000007bc000000, 0x00000007c0000000)
  eden space 198656K, 14% used [0x00000007aab00000,0x00000007ac812830,0x00000007b6d00000)
  from space 10752K, 99% used [0x00000007bb580000,0x00000007bbfff2a0,0x00000007bc000000)
  to   space 10752K, 0% used [0x00000007bab00000,0x00000007bab00000,0x00000007bb580000)
 ParOldGen       total 104448K, used 10398K [0x0000000780000000, 0x0000000786600000, 0x00000007aab00000)
  object space 104448K, 9% used [0x0000000780000000,0x0000000780a27b20,0x0000000786600000)
 Metaspace       used 34641K, capacity 35200K, committed 35416K, reserved 1079296K
  class space    used 4772K, capacity 4970K, committed 4992K, reserved 1048576K
Event: 3.648 GC heap after
Heap after GC invocations=6 (full 1):
 PSYoungGen      total 272896K, used 9656K [0x00000007aab00000, 0x00000007bec80000, 0x00000007c0000000)
  eden space 262144K, 0% used [0x00000007aab00000,0x00000007aab00000,0x00000007bab00000)
  from space 10752K, 89% used [0x00000007bab00000,0x00000007bb46e150,0x00000007bb580000)
  to   space 12800K, 0% used [0x00000007be000000,0x00000007be000000,0x00000007bec80000)
 ParOldGen       total 104448K, used 10406K [0x0000000780000000, 0x0000000786600000, 0x00000007aab00000)
  object space 104448K, 9% used [0x0000000780000000,0x0000000780a29b20,0x0000000786600000)
 Metaspace       used 34641K, capacity 35200K, committed 35416K, reserved 1079296K
  class space    used 4772K, capacity 4970K, committed 4992K, reserved 1048576K
}
Event: 3.648 GC heap before
{Heap before GC invocations=7 (full 2):
 PSYoungGen      total 272896K, used 9656K [0x00000007aab00000, 0x00000007bec80000, 0x00000007c0000000)
  eden space 262144K, 0% used [0x00000007aab00000,0x00000007aab00000,0x00000007bab00000)
  from space 10752K, 89% used [0x00000007bab00000,0x00000007bb46e150,0x00000007bb580000)
  to   space 12800K, 0% used [0x00000007be000000,0x00000007be000000,0x00000007bec80000)
 ParOldGen       total 104448K, used 10406K [0x0000000780000000, 0x0000000786600000, 0x00000007aab00000)
  object space 104448K, 9% used [0x0000000780000000,0x0000000780a29b20,0x0000000786600000)
 Metaspace       used 34641K, capacity 35200K, committed 35416K, reserved 1079296K
  class space    used 4772K, capacity 4970K, committed 4992K, reserved 1048576K
Event: 3.697 GC heap after
Heap after GC invocations=7 (full 2):
 PSYoungGen      total 272896K, used 0K [0x00000007aab00000, 0x00000007bec80000, 0x00000007c0000000)
  eden space 262144K, 0% used [0x00000007aab00000,0x00000007aab00000,0x00000007bab00000)
  from space 10752K, 0% used [0x00000007bab00000,0x00000007bab00000,0x00000007bb580000)
  to   space 12800K, 0% used [0x00000007be000000,0x00000007be000000,0x00000007bec80000)
 ParOldGen       total 164864K, used 16288K [0x0000000780000000, 0x000000078a100000, 0x00000007aab00000)
  object space 164864K, 9% used [0x0000000780000000,0x0000000780fe8240,0x000000078a100000)
 Metaspace       used 34641K, capacity 35200K, committed 35416K, reserved 1079296K
  class space    used 4772K, capacity 4970K, committed 4992K, reserved 1048576K
}

Deoptimization events (10 events):
Event: 3.302 Thread 0x00007fe7f059d000 Uncommon trap: reason=class_check action=maybe_recompile pc=0x000000010cbe4284 method=java.io.BufferedInputStream.read1([BII)I @ 39
Event: 3.400 Thread 0x00007fe7f059d000 Uncommon trap: reason=predicate action=maybe_recompile pc=0x000000010ce81030 method=java.util.Arrays.binarySearch0([Ljava/lang/Object;IILjava/lang/Object;Ljava/util/Comparator;)I @ 28
Event: 3.400 Thread 0x00007fe7f059d000 Uncommon trap: reason=predicate action=maybe_recompile pc=0x000000010ce95568 method=java.util.Arrays.binarySearch0([Ljava/lang/Object;IILjava/lang/Object;Ljava/util/Comparator;)I @ 28
Event: 3.436 Thread 0x00007fe7f059d000 Uncommon trap: reason=unstable_if action=reinterpret pc=0x000000010ca3fc50 method=sun.misc.MetaIndex.mayContain(Ljava/lang/String;)Z @ 38
Event: 3.756 Thread 0x00007fe7f059d000 Uncommon trap: reason=unstable_if action=reinterpret pc=0x000000010cc97e1c method=java.util.concurrent.ConcurrentHashMap.get(Ljava/lang/Object;)Ljava/lang/Object; @ 76
Event: 3.897 Thread 0x00007fe7f059d000 Uncommon trap: reason=unstable_if action=reinterpret pc=0x000000010cb79868 method=java.util.HashMap.putVal(ILjava/lang/Object;Ljava/lang/Object;ZZ)Ljava/lang/Object; @ 162
Event: 3.898 Thread 0x00007fe7f059d000 Uncommon trap: reason=unstable_if action=reinterpret pc=0x000000010cebc4f0 method=java.util.HashMap.putVal(ILjava/lang/Object;Ljava/lang/Object;ZZ)Ljava/lang/Object; @ 162
Event: 3.898 Thread 0x00007fe7f059d000 Uncommon trap: reason=unstable_if action=reinterpret pc=0x000000010c8c9b64 method=java.util.HashMap.resize()[Ljava/util/HashMap$Node; @ 206
Event: 3.979 Thread 0x00007fe7f059d000 Uncommon trap: reason=unstable_if action=reinterpret pc=0x000000010d026f3c method=java.lang.reflect.Modifier.toString(I)Ljava/lang/String; @ 123
Event: 3.979 Thread 0x00007fe7f059d000 Uncommon trap: reason=unstable_if action=reinterpret pc=0x000000010d02cbf8 method=java.lang.reflect.Modifier.toString(I)Ljava/lang/String; @ 123

Classes redefined (0 events):
No events

Internal exceptions (10 events):
Event: 3.196 Thread 0x00007fe7f059d000 Exception <a 'java/lang/ClassNotFoundException': org/gradle/api/internal/AbstractTaskBeanInfo> (0x00000007b2aed530) thrown at [/Volumes/android/AOSP-openjdk-git/jdk8u/hotspot/src/share/vm/classfile/systemDictionary.cpp, line 210]
Event: 3.212 Thread 0x00007fe7f059d000 Exception <a 'java/lang/ClassNotFoundException': org/gradle/api/internal/AbstractTaskCustomizer> (0x00000007aab17af0) thrown at [/Volumes/android/AOSP-openjdk-git/jdk8u/hotspot/src/share/vm/classfile/systemDictionary.cpp, line 210]
Event: 3.216 Thread 0x00007fe7f059d000 Exception <a 'java/lang/ClassNotFoundException': org/gradle/api/DefaultTaskCustomizer> (0x00000007aab9fd10) thrown at [/Volumes/android/AOSP-openjdk-git/jdk8u/hotspot/src/share/vm/classfile/systemDictionary.cpp, line 210]
Event: 3.217 Thread 0x00007fe7f059d000 Exception <a 'java/lang/ClassNotFoundException': org/gradle/api/internal/ConventionTaskCustomizer> (0x00000007aabd9b90) thrown at [/Volumes/android/AOSP-openjdk-git/jdk8u/hotspot/src/share/vm/classfile/systemDictionary.cpp, line 210]
Event: 3.219 Thread 0x00007fe7f059d000 Exception <a 'java/lang/ClassNotFoundException': org/gradle/api/tasks/DeleteCustomizer> (0x00000007aac11840) thrown at [/Volumes/android/AOSP-openjdk-git/jdk8u/hotspot/src/share/vm/classfile/systemDictionary.cpp, line 210]
Event: 3.220 Thread 0x00007fe7f059d000 Exception <a 'java/lang/ClassNotFoundException': org/gradle/api/tasks/Delete_DecoratedCustomizer> (0x00000007aac56f50) thrown at [/Volumes/android/AOSP-openjdk-git/jdk8u/hotspot/src/share/vm/classfile/systemDictionary.cpp, line 210]
Event: 3.242 Thread 0x00007fe7f059d000 Exception <a 'java/lang/ClassNotFoundException': build_80tymhhijqhe464lsmbvblbteBeanInfo> (0x00000007aad878a8) thrown at [/Volumes/android/AOSP-openjdk-git/jdk8u/hotspot/src/share/vm/classfile/systemDictionary.cpp, line 210]
Event: 3.242 Thread 0x00007fe7f059d000 Exception <a 'java/lang/ClassNotFoundException': build_80tymhhijqhe464lsmbvblbteCustomizer> (0x00000007aad92560) thrown at [/Volumes/android/AOSP-openjdk-git/jdk8u/hotspot/src/share/vm/classfile/systemDictionary.cpp, line 210]
Event: 3.245 Thread 0x00007fe7f059d000 Exception <a 'java/lang/ClassNotFoundException': org/gradle/api/internal/plugins/DefaultObjectConfigurationActionBeanInfo> (0x00000007aaedb650) thrown at [/Volumes/android/AOSP-openjdk-git/jdk8u/hotspot/src/share/vm/classfile/systemDictionary.cpp, line 21
Event: 3.246 Thread 0x00007fe7f059d000 Exception <a 'java/lang/ClassNotFoundException': org/gradle/api/internal/plugins/DefaultObjectConfigurationActionCustomizer> (0x00000007aaf12168) thrown at [/Volumes/android/AOSP-openjdk-git/jdk8u/hotspot/src/share/vm/classfile/systemDictionary.cpp, line 

Events (10 events):
Event: 3.998 loading class org/apache/tools/ant/Location
Event: 3.998 loading class org/apache/tools/ant/Location done
Event: 4.002 loading class org/apache/tools/ant/input/InputRequest
Event: 4.002 loading class org/apache/tools/ant/input/InputRequest done
Event: 4.010 loading class org/apache/tools/ant/taskdefs/condition/Condition
Event: 4.010 loading class org/apache/tools/ant/taskdefs/condition/Condition done
Event: 4.025 loading class org/gradle/api/artifacts/type/ArtifactTypeDefinition
Event: 4.025 loading class org/gradle/api/artifacts/type/ArtifactTypeDefinition done
Event: 4.050 loading class org/gradle/api/plugins/JavaPluginConvention
Event: 4.050 loading class org/gradle/api/plugins/JavaPluginConvention done


Dynamic libraries:
0x00000000060c5000 	/System/Library/Frameworks/Cocoa.framework/Versions/A/Cocoa
0x00000000060c5000 	/System/Library/Frameworks/Security.framework/Versions/A/Security
0x00000000060c5000 	/System/Library/Frameworks/ApplicationServices.framework/Versions/A/ApplicationServices
0x00000000060c5000 	/usr/lib/libz.1.dylib
0x00000000060c5000 	/usr/lib/libSystem.B.dylib
0x00000000060c5000 	/System/Library/Frameworks/CoreFoundation.framework/Versions/A/CoreFoundation
0x00000000060c5000 	/System/Library/Frameworks/Foundation.framework/Versions/C/Foundation
0x00000000060c5000 	/usr/lib/libobjc.A.dylib
0x00000000060c5000 	/System/Library/Frameworks/AppKit.framework/Versions/C/AppKit
0x00000000060c5000 	/System/Library/Frameworks/CoreData.framework/Versions/A/CoreData
0x00000000060c5000 	/System/Library/PrivateFrameworks/RemoteViewServices.framework/Versions/A/RemoteViewServices
0x00000000060c5000 	/System/Library/PrivateFrameworks/UIFoundation.framework/Versions/A/UIFoundation
0x00000000060c5000 	/System/Library/PrivateFrameworks/DFRFoundation.framework/Versions/A/DFRFoundation
0x00000000060c5000 	/System/Library/Frameworks/Metal.framework/Versions/A/Metal
0x00000000060c5000 	/System/Library/PrivateFrameworks/DesktopServicesPriv.framework/Versions/A/DesktopServicesPriv
0x00000000060c5000 	/usr/lib/libenergytrace.dylib
0x00000000060c5000 	/System/Library/PrivateFrameworks/SkyLight.framework/Versions/A/SkyLight
0x00000000060c5000 	/System/Library/Frameworks/CoreGraphics.framework/Versions/A/CoreGraphics
0x00000000060c5000 	/usr/lib/libScreenReader.dylib
0x00000000060c5000 	/System/Library/Frameworks/Accelerate.framework/Versions/A/Accelerate
0x00000000060c5000 	/System/Library/Frameworks/IOSurface.framework/Versions/A/IOSurface
0x00000000060c5000 	/System/Library/Frameworks/AudioToolbox.framework/Versions/A/AudioToolbox
0x00000000060c5000 	/System/Library/Frameworks/AudioUnit.framework/Versions/A/AudioUnit
0x00000000060c5000 	/System/Library/PrivateFrameworks/DataDetectorsCore.framework/Versions/A/DataDetectorsCore
0x00000000060c5000 	/System/Library/Frameworks/Carbon.framework/Versions/A/Frameworks/HIToolbox.framework/Versions/A/HIToolbox
0x00000000060c5000 	/usr/lib/libicucore.A.dylib
0x00000000060c5000 	/System/Library/Frameworks/QuartzCore.framework/Versions/A/QuartzCore
0x00000000060c5000 	/System/Library/Frameworks/Carbon.framework/Versions/A/Frameworks/SpeechRecognition.framework/Versions/A/SpeechRecognition
0x00000000060c5000 	/usr/lib/libauto.dylib
0x00000000060c5000 	/usr/lib/libxml2.2.dylib
0x00000000060c5000 	/System/Library/PrivateFrameworks/CoreUI.framework/Versions/A/CoreUI
0x00000000060c5000 	/System/Library/Frameworks/CoreAudio.framework/Versions/A/CoreAudio
0x00000000060c5000 	/System/Library/Frameworks/DiskArbitration.framework/Versions/A/DiskArbitration
0x00000000060c5000 	/usr/lib/liblangid.dylib
0x00000000060c5000 	/System/Library/PrivateFrameworks/MultitouchSupport.framework/Versions/A/MultitouchSupport
0x00000000060c5000 	/System/Library/Frameworks/IOKit.framework/Versions/A/IOKit
0x00000000060c5000 	/usr/lib/libDiagnosticMessagesClient.dylib
0x00000000060c5000 	/System/Library/Frameworks/CoreServices.framework/Versions/A/CoreServices
0x00000000060c5000 	/System/Library/PrivateFrameworks/PerformanceAnalysis.framework/Versions/A/PerformanceAnalysis
0x00000000060c5000 	/System/Library/Frameworks/OpenGL.framework/Versions/A/OpenGL
0x00000000060c5000 	/System/Library/Frameworks/ColorSync.framework/Versions/A/ColorSync
0x00000000060c5000 	/System/Library/Frameworks/CoreImage.framework/Versions/A/CoreImage
0x00000000060c5000 	/System/Library/Frameworks/CoreText.framework/Versions/A/CoreText
0x00000000060c5000 	/System/Library/Frameworks/ImageIO.framework/Versions/A/ImageIO
0x00000000060c5000 	/System/Library/PrivateFrameworks/Backup.framework/Versions/A/Backup
0x00000000060c5000 	/usr/lib/libarchive.2.dylib
0x00000000060c5000 	/System/Library/Frameworks/CFNetwork.framework/Versions/A/CFNetwork
0x00000000060c5000 	/System/Library/Frameworks/SystemConfiguration.framework/Versions/A/SystemConfiguration
0x00000000060c5000 	/usr/lib/libCRFSuite.dylib
0x00000000060c5000 	/usr/lib/libc++.1.dylib
0x00000000060c5000 	/usr/lib/libc++abi.dylib
0x00000000060c5000 	/usr/lib/system/libcache.dylib
0x00000000060c5000 	/usr/lib/system/libcommonCrypto.dylib
0x00000000060c5000 	/usr/lib/system/libcompiler_rt.dylib
0x00000000060c5000 	/usr/lib/system/libcopyfile.dylib
0x00000000060c5000 	/usr/lib/system/libcorecrypto.dylib
0x00000000060c5000 	/usr/lib/system/libdispatch.dylib
0x00000000060c5000 	/usr/lib/system/libdyld.dylib
0x00000000060c5000 	/usr/lib/system/libkeymgr.dylib
0x00000000060c5000 	/usr/lib/system/liblaunch.dylib
0x00000000060c5000 	/usr/lib/system/libmacho.dylib
0x00000000060c5000 	/usr/lib/system/libquarantine.dylib
0x00000000060c5000 	/usr/lib/system/libremovefile.dylib
0x00000000060c5000 	/usr/lib/system/libsystem_asl.dylib
0x00000000060c5000 	/usr/lib/system/libsystem_blocks.dylib
0x00000000060c5000 	/usr/lib/system/libsystem_c.dylib
0x00000000060c5000 	/usr/lib/system/libsystem_configuration.dylib
0x00000000060c5000 	/usr/lib/system/libsystem_coreservices.dylib
0x00000000060c5000 	/usr/lib/system/libsystem_darwin.dylib
0x00000000060c5000 	/usr/lib/system/libsystem_dnssd.dylib
0x00000000060c5000 	/usr/lib/system/libsystem_info.dylib
0x00000000060c5000 	/usr/lib/system/libsystem_m.dylib
0x00000000060c5000 	/usr/lib/system/libsystem_malloc.dylib
0x00000000060c5000 	/usr/lib/system/libsystem_network.dylib
0x00000000060c5000 	/usr/lib/system/libsystem_networkextension.dylib
0x00000000060c5000 	/usr/lib/system/libsystem_notify.dylib
0x00000000060c5000 	/usr/lib/system/libsystem_sandbox.dylib
0x00000000060c5000 	/usr/lib/system/libsystem_secinit.dylib
0x00000000060c5000 	/usr/lib/system/libsystem_kernel.dylib
0x00000000060c5000 	/usr/lib/system/libsystem_platform.dylib
0x00000000060c5000 	/usr/lib/system/libsystem_pthread.dylib
0x00000000060c5000 	/usr/lib/system/libsystem_symptoms.dylib
0x00000000060c5000 	/usr/lib/system/libsystem_trace.dylib
0x00000000060c5000 	/usr/lib/system/libunwind.dylib
0x00000000060c5000 	/usr/lib/system/libxpc.dylib
0x00000000060c5000 	/usr/lib/closure/libclosured.dylib
0x00000000060c5000 	/usr/lib/libbsm.0.dylib
0x00000000060c5000 	/usr/lib/system/libkxld.dylib
0x00000000060c5000 	/usr/lib/libOpenScriptingUtil.dylib
0x00000000060c5000 	/usr/lib/libcoretls.dylib
0x00000000060c5000 	/usr/lib/libcoretls_cfhelpers.dylib
0x00000000060c5000 	/usr/lib/libpam.2.dylib
0x00000000060c5000 	/usr/lib/libsqlite3.dylib
0x00000000060c5000 	/usr/lib/libxar.1.dylib
0x00000000060c5000 	/usr/lib/libbz2.1.0.dylib
0x00000000060c5000 	/usr/lib/liblzma.5.dylib
0x00000000060c5000 	/usr/lib/libnetwork.dylib
0x00000000060c5000 	/usr/lib/libapple_nghttp2.dylib
0x00000000060c5000 	/usr/lib/libpcap.A.dylib
0x00000000060c5000 	/usr/lib/libboringssl.dylib
0x00000000060c5000 	/usr/lib/libusrtcp.dylib
0x00000000060c5000 	/usr/lib/libapple_crypto.dylib
0x00000000060c5000 	/System/Library/Frameworks/CoreServices.framework/Versions/A/Frameworks/FSEvents.framework/Versions/A/FSEvents
0x00000000060c5000 	/System/Library/Frameworks/CoreServices.framework/Versions/A/Frameworks/CarbonCore.framework/Versions/A/CarbonCore
0x00000000060c5000 	/System/Library/Frameworks/CoreServices.framework/Versions/A/Frameworks/Metadata.framework/Versions/A/Metadata
0x00000000060c5000 	/System/Library/Frameworks/CoreServices.framework/Versions/A/Frameworks/OSServices.framework/Versions/A/OSServices
0x00000000060c5000 	/System/Library/Frameworks/CoreServices.framework/Versions/A/Frameworks/SearchKit.framework/Versions/A/SearchKit
0x00000000060c5000 	/System/Library/Frameworks/CoreServices.framework/Versions/A/Frameworks/AE.framework/Versions/A/AE
0x00000000060c5000 	/System/Library/Frameworks/CoreServices.framework/Versions/A/Frameworks/LaunchServices.framework/Versions/A/LaunchServices
0x00000000060c5000 	/System/Library/Frameworks/CoreServices.framework/Versions/A/Frameworks/DictionaryServices.framework/Versions/A/DictionaryServices
0x00000000060c5000 	/System/Library/Frameworks/CoreServices.framework/Versions/A/Frameworks/SharedFileList.framework/Versions/A/SharedFileList
0x00000000060c5000 	/System/Library/Frameworks/NetFS.framework/Versions/A/NetFS
0x00000000060c5000 	/System/Library/PrivateFrameworks/NetAuth.framework/Versions/A/NetAuth
0x00000000060c5000 	/System/Library/PrivateFrameworks/login.framework/Versions/A/Frameworks/loginsupport.framework/Versions/A/loginsupport
0x00000000060c5000 	/System/Library/PrivateFrameworks/TCC.framework/Versions/A/TCC
0x00000000060c5000 	/usr/lib/libmecabra.dylib
0x00000000060c5000 	/System/Library/Frameworks/ApplicationServices.framework/Versions/A/Frameworks/ATS.framework/Versions/A/ATS
0x00000000060c5000 	/System/Library/Frameworks/ApplicationServices.framework/Versions/A/Frameworks/ColorSyncLegacy.framework/Versions/A/ColorSyncLegacy
0x00000000060c5000 	/System/Library/Frameworks/ApplicationServices.framework/Versions/A/Frameworks/HIServices.framework/Versions/A/HIServices
0x00000000060c5000 	/System/Library/Frameworks/ApplicationServices.framework/Versions/A/Frameworks/LangAnalysis.framework/Versions/A/LangAnalysis
0x00000000060c5000 	/System/Library/Frameworks/ApplicationServices.framework/Versions/A/Frameworks/PrintCore.framework/Versions/A/PrintCore
0x00000000060c5000 	/System/Library/Frameworks/ApplicationServices.framework/Versions/A/Frameworks/QD.framework/Versions/A/QD
0x00000000060c5000 	/System/Library/Frameworks/ApplicationServices.framework/Versions/A/Frameworks/SpeechSynthesis.framework/Versions/A/SpeechSynthesis
0x00000000060c5000 	/System/Library/Frameworks/CoreDisplay.framework/Versions/A/CoreDisplay
0x00000000060c5000 	/System/Library/Frameworks/Accelerate.framework/Versions/A/Frameworks/vImage.framework/Versions/A/vImage
0x00000000060c5000 	/System/Library/Frameworks/Accelerate.framework/Versions/A/Frameworks/vecLib.framework/Versions/A/vecLib
0x00000000060c5000 	/System/Library/Frameworks/Accelerate.framework/Versions/A/Frameworks/vecLib.framework/Versions/A/libvDSP.dylib
0x00000000060c5000 	/System/Library/Frameworks/Accelerate.framework/Versions/A/Frameworks/vecLib.framework/Versions/A/libBNNS.dylib
0x00000000060c5000 	/System/Library/Frameworks/Accelerate.framework/Versions/A/Frameworks/vecLib.framework/Versions/A/libQuadrature.dylib
0x00000000060c5000 	/System/Library/Frameworks/Accelerate.framework/Versions/A/Frameworks/vecLib.framework/Versions/A/libvMisc.dylib
0x00000000060c5000 	/System/Library/Frameworks/Accelerate.framework/Versions/A/Frameworks/vecLib.framework/Versions/A/libLAPACK.dylib
0x00000000060c5000 	/System/Library/Frameworks/Accelerate.framework/Versions/A/Frameworks/vecLib.framework/Versions/A/libBLAS.dylib
0x00000000060c5000 	/System/Library/Frameworks/Accelerate.framework/Versions/A/Frameworks/vecLib.framework/Versions/A/libLinearAlgebra.dylib
0x00000000060c5000 	/System/Library/Frameworks/Accelerate.framework/Versions/A/Frameworks/vecLib.framework/Versions/A/libSparse.dylib
0x00000000060c5000 	/System/Library/Frameworks/Accelerate.framework/Versions/A/Frameworks/vecLib.framework/Versions/A/libSparseBLAS.dylib
0x00000000060c5000 	/System/Library/PrivateFrameworks/IOAccelerator.framework/Versions/A/IOAccelerator
0x00000000060c5000 	/System/Library/PrivateFrameworks/IOPresentment.framework/Versions/A/IOPresentment
0x00000000060c5000 	/System/Library/PrivateFrameworks/DSExternalDisplay.framework/Versions/A/DSExternalDisplay
0x00000000060c5000 	/System/Library/Frameworks/OpenGL.framework/Versions/A/Libraries/libCoreFSCache.dylib
0x00000000060c5000 	/System/Library/Frameworks/CoreVideo.framework/Versions/A/CoreVideo
0x00000000060c5000 	/System/Library/PrivateFrameworks/GraphVisualizer.framework/Versions/A/GraphVisualizer
0x00000000060c5000 	/System/Library/Frameworks/MetalPerformanceShaders.framework/Versions/A/MetalPerformanceShaders
0x00000000060c5000 	/usr/lib/libFosl_dynamic.dylib
0x00000000060c5000 	/System/Library/PrivateFrameworks/FaceCore.framework/Versions/A/FaceCore
0x00000000060c5000 	/System/Library/Frameworks/OpenCL.framework/Versions/A/OpenCL
0x00000000060c5000 	/usr/lib/libcompression.dylib
0x00000000060c5000 	/System/Library/Frameworks/ApplicationServices.framework/Versions/A/Frameworks/ATS.framework/Versions/A/Resources/libFontParser.dylib
0x00000000060c5000 	/System/Library/Frameworks/ApplicationServices.framework/Versions/A/Frameworks/ATS.framework/Versions/A/Resources/libFontRegistry.dylib
0x00000000060c5000 	/System/Library/Frameworks/ImageIO.framework/Versions/A/Resources/libJPEG.dylib
0x00000000060c5000 	/System/Library/Frameworks/ImageIO.framework/Versions/A/Resources/libTIFF.dylib
0x00000000060c5000 	/System/Library/Frameworks/ImageIO.framework/Versions/A/Resources/libPng.dylib
0x00000000060c5000 	/System/Library/Frameworks/ImageIO.framework/Versions/A/Resources/libGIF.dylib
0x00000000060c5000 	/System/Library/Frameworks/ImageIO.framework/Versions/A/Resources/libJP2.dylib
0x00000000060c5000 	/System/Library/Frameworks/ImageIO.framework/Versions/A/Resources/libRadiance.dylib
0x00000000060c5000 	/System/Library/PrivateFrameworks/AppleJPEG.framework/Versions/A/AppleJPEG
0x00000000060c5000 	/System/Library/PrivateFrameworks/MetalTools.framework/Versions/A/MetalTools
0x00000000060c5000 	/System/Library/Frameworks/MetalPerformanceShaders.framework/Frameworks/MPSCore.framework/Versions/A/MPSCore
0x00000000060c5000 	/System/Library/Frameworks/MetalPerformanceShaders.framework/Frameworks/MPSImage.framework/Versions/A/MPSImage
0x00000000060c5000 	/System/Library/Frameworks/MetalPerformanceShaders.framework/Frameworks/MPSMatrix.framework/Versions/A/MPSMatrix
0x00000000060c5000 	/System/Library/Frameworks/MetalPerformanceShaders.framework/Frameworks/MPSNeuralNetwork.framework/Versions/A/MPSNeuralNetwork
0x00000000060c5000 	/System/Library/Frameworks/OpenGL.framework/Versions/A/Libraries/libGLU.dylib
0x00000000060c5000 	/System/Library/Frameworks/OpenGL.framework/Versions/A/Libraries/libGFXShared.dylib
0x00000000060c5000 	/System/Library/Frameworks/OpenGL.framework/Versions/A/Libraries/libGL.dylib
0x00000000060c5000 	/System/Library/Frameworks/OpenGL.framework/Versions/A/Libraries/libGLImage.dylib
0x00000000060c5000 	/System/Library/Frameworks/OpenGL.framework/Versions/A/Libraries/libCVMSPluginSupport.dylib
0x00000000060c5000 	/System/Library/Frameworks/OpenGL.framework/Versions/A/Libraries/libCoreVMClient.dylib
0x00000000060c5000 	/usr/lib/libcups.2.dylib
0x00000000060c5000 	/System/Library/Frameworks/Kerberos.framework/Versions/A/Kerberos
0x00000000060c5000 	/System/Library/Frameworks/GSS.framework/Versions/A/GSS
0x00000000060c5000 	/usr/lib/libresolv.9.dylib
0x00000000060c5000 	/usr/lib/libiconv.2.dylib
0x00000000060c5000 	/System/Library/PrivateFrameworks/Heimdal.framework/Versions/A/Heimdal
0x00000000060c5000 	/usr/lib/libheimdal-asn1.dylib
0x00000000060c5000 	/System/Library/Frameworks/OpenDirectory.framework/Versions/A/OpenDirectory
0x00000000060c5000 	/System/Library/PrivateFrameworks/CommonAuth.framework/Versions/A/CommonAuth
0x00000000060c5000 	/System/Library/Frameworks/OpenDirectory.framework/Versions/A/Frameworks/CFOpenDirectory.framework/Versions/A/CFOpenDirectory
0x00000000060c5000 	/System/Library/Frameworks/SecurityFoundation.framework/Versions/A/SecurityFoundation
0x00000000060c5000 	/System/Library/PrivateFrameworks/APFS.framework/Versions/A/APFS
0x00000000060c5000 	/usr/lib/libutil.dylib
0x00000000060c5000 	/System/Library/PrivateFrameworks/AppleSauce.framework/Versions/A/AppleSauce
0x00000000060c5000 	/System/Library/PrivateFrameworks/LinguisticData.framework/Versions/A/LinguisticData
0x00000000060c5000 	/usr/lib/libmarisa.dylib
0x00000000060c5000 	/System/Library/PrivateFrameworks/Lexicon.framework/Versions/A/Lexicon
0x00000000060c5000 	/usr/lib/libChineseTokenizer.dylib
0x00000000060c5000 	/usr/lib/libcmph.dylib
0x00000000060c5000 	/System/Library/PrivateFrameworks/LanguageModeling.framework/Versions/A/LanguageModeling
0x00000000060c5000 	/System/Library/PrivateFrameworks/CoreEmoji.framework/Versions/A/CoreEmoji
0x00000000060c5000 	/System/Library/Frameworks/ServiceManagement.framework/Versions/A/ServiceManagement
0x00000000060c5000 	/System/Library/PrivateFrameworks/BackgroundTaskManagement.framework/Versions/A/BackgroundTaskManagement
0x00000000060c5000 	/usr/lib/libxslt.1.dylib
0x00000000060c5000 	/System/Library/Frameworks/Carbon.framework/Versions/A/Frameworks/Ink.framework/Versions/A/Ink
0x00000000060c5000 	/System/Library/PrivateFrameworks/TextureIO.framework/Versions/A/TextureIO
0x00000000060c5000 	/usr/lib/libate.dylib
0x00000000060c5000 	/System/Library/PrivateFrameworks/CrashReporterSupport.framework/Versions/A/CrashReporterSupport
0x00000000060c5000 	/System/Library/PrivateFrameworks/Sharing.framework/Versions/A/Sharing
0x00000000060c5000 	/System/Library/PrivateFrameworks/IconServices.framework/Versions/A/IconServices
0x00000000060c5000 	/System/Library/PrivateFrameworks/ProtocolBuffer.framework/Versions/A/ProtocolBuffer
0x00000000060c5000 	/System/Library/PrivateFrameworks/Apple80211.framework/Versions/A/Apple80211
0x00000000060c5000 	/System/Library/Frameworks/CoreWLAN.framework/Versions/A/CoreWLAN
0x00000000060c5000 	/System/Library/PrivateFrameworks/CoreUtils.framework/Versions/A/CoreUtils
0x00000000060c5000 	/System/Library/Frameworks/IOBluetooth.framework/Versions/A/IOBluetooth
0x00000000060c5000 	/System/Library/PrivateFrameworks/CoreWiFi.framework/Versions/A/CoreWiFi
0x00000000060c5000 	/System/Library/Frameworks/CoreBluetooth.framework/Versions/A/CoreBluetooth
0x00000000060c5000 	/System/Library/PrivateFrameworks/SignpostNotification.framework/Versions/A/SignpostNotification
0x00000000060c5000 	/System/Library/PrivateFrameworks/DebugSymbols.framework/Versions/A/DebugSymbols
0x00000000060c5000 	/System/Library/PrivateFrameworks/CoreSymbolication.framework/Versions/A/CoreSymbolication
0x00000000060c5000 	/System/Library/PrivateFrameworks/Symbolication.framework/Versions/A/Symbolication
0x00000000060c5000 	/System/Library/PrivateFrameworks/AppleFSCompression.framework/Versions/A/AppleFSCompression
0x00000000060c5000 	/System/Library/PrivateFrameworks/SpeechRecognitionCore.framework/Versions/A/SpeechRecognitionCore
0x0000000102a00000 	/Applications/Android Studio.app/Contents/jre/jdk/Contents/Home/jre/lib/server/libjvm.dylib
0x00000000060c5000 	/usr/lib/libstdc++.6.0.9.dylib
0x000000010189d000 	/Applications/Android Studio.app/Contents/jre/jdk/Contents/Home/jre/lib/libverify.dylib
0x00000001018a9000 	/Applications/Android Studio.app/Contents/jre/jdk/Contents/Home/jre/lib/libjava.dylib
0x0000000101927000 	/Applications/Android Studio.app/Contents/jre/jdk/Contents/Home/jre/lib/libzip.dylib
0x00000001088eb000 	/Applications/Android Studio.app/Contents/jre/jdk/Contents/Home/jre/lib/libnet.dylib
0x00000001089c3000 	/Applications/Android Studio.app/Contents/jre/jdk/Contents/Home/jre/lib/libnio.dylib
0x0000000108c27000 	/Users/annascott/.gradle/native/25/osx-amd64/libnative-platform.dylib
0x0000000108fad000 	/Applications/Android Studio.app/Contents/jre/jdk/Contents/Home/jre/lib/libmanagement.dylib

VM Arguments:
jvm_args: -XX:+HeapDumpOnOutOfMemoryError -Xmx1024m -Dfile.encoding=UTF-8 -Duser.country=US -Duser.language=en -Duser.variant 
java_command: org.gradle.launcher.daemon.bootstrap.GradleDaemon 4.4
java_class_path (initial): /Users/annascott/.gradle/wrapper/dists/gradle-4.4-all/9br9xq1tocpiv8o6njlyu5op1/gradle-4.4/lib/gradle-launcher-4.4.jar
Launcher Type: SUN_STANDARD

Environment Variables:
PATH=/usr/local/bin:/usr/bin:/bin:/usr/sbin:/sbin
SHELL=/bin/bash

Signal Handlers:
SIGSEGV: [libjvm.dylib+0x53f567], sa_mask[0]=11111111011111110111111111111111, sa_flags=SA_ONSTACK|SA_RESTART|SA_SIGINFO
SIGBUS: [libjvm.dylib+0x53f567], sa_mask[0]=11111111011111110111111111111111, sa_flags=SA_RESTART|SA_SIGINFO
SIGFPE: [libjvm.dylib+0x437adf], sa_mask[0]=11111111011111110111111111111111, sa_flags=SA_RESTART|SA_SIGINFO
SIGPIPE: [libjvm.dylib+0x437adf], sa_mask[0]=11111111011111110111111111111111, sa_flags=SA_RESTART|SA_SIGINFO
SIGXFSZ: [libjvm.dylib+0x437adf], sa_mask[0]=11111111011111110111111111111111, sa_flags=SA_RESTART|SA_SIGINFO
SIGILL: [libjvm.dylib+0x437adf], sa_mask[0]=11111111011111110111111111111111, sa_flags=SA_RESTART|SA_SIGINFO
SIGUSR1: SIG_DFL, sa_mask[0]=00000000000000000000000000000000, sa_flags=none
SIGUSR2: [libjvm.dylib+0x438404], sa_mask[0]=00100000000000000000000000000000, sa_flags=SA_RESTART|SA_SIGINFO
SIGHUP: [libjvm.dylib+0x4365f9], sa_mask[0]=11111111011111110111111111111111, sa_flags=SA_RESTART|SA_SIGINFO
SIGINT: [libjvm.dylib+0x4365f9], sa_mask[0]=11111111011111110111111111111111, sa_flags=SA_RESTART|SA_SIGINFO
SIGTERM: [libjvm.dylib+0x4365f9], sa_mask[0]=11111111011111110111111111111111, sa_flags=SA_RESTART|SA_SIGINFO
SIGQUIT: [libjvm.dylib+0x4365f9], sa_mask[0]=11111111011111110111111111111111, sa_flags=SA_RESTART|SA_SIGINFO


---------------  S Y S T E M  ---------------

OS:Bsduname:Darwin 17.3.0 Darwin Kernel Version 17.3.0: Thu Nov  9 18:09:22 PST 2017; root:xnu-4570.31.3~1/RELEASE_X86_64 x86_64
rlimit: STACK 8192k, CORE 0k, NPROC 1418, NOFILE 10240, AS infinity
load average:1.49 1.54 1.50

CPU:total 8 (initial active 8) (4 cores per cpu, 2 threads per core) family 6 model 94 stepping 3, cmov, cx8, fxsr, mmx, sse, sse2, sse3, ssse3, sse4.1, sse4.2, popcnt, avx, avx2, aes, clmul, erms, rtm, 3dnowpref, lzcnt, ht, tsc, tscinvbit, bmi1, bmi2, adx

Memory: 4k page, physical 16777216k(3878580k free)

/proc/meminfo:


vm_info: OpenJDK 64-Bit Server VM (25.152-b01) for bsd-amd64 JRE (1.8.0_152-release-1024-b01), built by "builder" with gcc 4.2.1 Compatible Apple LLVM 8.1.0 (clang-802.0.42)

time: Thu Jun 14 18:24:36 2018
elapsed time: 4 seconds (0d 0h 0m 4s)

