#
# A fatal error has been detected by the Java Runtime Environment:
#
#  SIGSEGV (0xb) at pc=0x000000010648cb51, pid=856, tid=0x0000000000003a03
#
# JRE version: OpenJDK Runtime Environment (8.0_152-b01) (build 1.8.0_152-release-1024-b01)
# Java VM: OpenJDK 64-Bit Server VM (25.152-b01 mixed mode bsd-amd64 compressed oops)
# Problematic frame:
# V  [libjvm.dylib+0x28cb51]  IndexSetIterator::advance_and_next()+0x6f
#
# Failed to write core dump. Core dumps have been disabled. To enable core dumping, try "ulimit -c unlimited" before starting Java again
#
# If you would like to submit a bug report, please visit:
#   http://bugreport.java.com/bugreport/crash.jsp
#

---------------  T H R E A D  ---------------

Current thread (0x00007ffda7807000):  JavaThread "C2 CompilerThread2" daemon [_thread_in_native, id=14851, stack(0x00007000028c6000,0x00007000029c6000)]

siginfo: si_signo: 11 (SIGSEGV), si_code: 0 (unknown), si_addr: 0x0000000000000000

Registers:
RAX=0x000000000000001a, RBX=0x000000000000000b, RCX=0x0000000000000000, RDX=0x80000001069f33f0
RSP=0x00007000029c28e0, RBP=0x00007000029c2900, RSI=0x0000000000000b00, RDI=0x00007000029c2918
R8 =0x00007ffdae69ffe0, R9 =0x000000000000050e, R10=0x00000001069e1a20, R11=0x00000001069e1a28
R12=0x00000001069f33f0, R13=0x00007ffdaf3c10c0, R14=0x00007000029c2918, R15=0x0000000000000b00
RIP=0x000000010648cb51, EFLAGS=0x0000000000010246, ERR=0x0000000000000000
  TRAPNO=0x000000000000000d

Top of Stack: (sp=0x00007000029c28e0)
0x00007000029c28e0:   000000010dc676d0 000000010de596d8
0x00007000029c28f0:   0000000000000462 00007000029c2918
0x00007000029c2900:   00007000029c29a0 0000000106587fd5
0x00007000029c2910:   00007000029c2940 0000046700000000
0x00007000029c2920:   00007ffd00000004 80000001069f33f0
0x00007000029c2930:   00007ffd00000005 00007ffdae4e28b0
0x00007000029c2940:   000070000000001a 00007ffdaf3cc290
0x00007000029c2950:   00007000029c2b28 00007ffdae587aa0
0x00007000029c2960:   0000000000000000 000000010de2f010
0x00007000029c2970:   00007000029c29d8 fffffffffffffff8
0x00007000029c2980:   00007000029c2b28 00007000029c29d8
0x00007000029c2990:   00007ffdae587aa0 00007ffdae5877f0
0x00007000029c29a0:   00007000029c2a50 0000000106587cb8
0x00007000029c29b0:   00007ffda6d0bf80 00007ffda77db400
0x00007000029c29c0:   00007ffda77db450 00007ffda77e33e8
0x00007000029c29d0:   00000000002e3ba0 00000001069be498
0x00007000029c29e0:   00007ffda6d0bf80 000007e500000020
0x00007000029c29f0:   00007ffdaf3d4870 000000000000048d
0x00007000029c2a00:   000000000000048e 0000000000000020
0x00007000029c2a10:   00007ffdaf3cc290 0000000000000001
0x00007000029c2a20:   0000000000000005 0000000000000000
0x00007000029c2a30:   00007000029c43a0 00007000029c42b8
0x00007000029c2a40:   00007000029c2bf0 00007000029c2b28
0x00007000029c2a50:   00007000029c2c80 0000000106349c65
0x00007000029c2a60:   00007fff94c99000 00000001069afbc0
0x00007000029c2a70:   000070000000000d 00007000029c5078
0x00007000029c2a80:   00007000029c42b8 000000010000387f
0x00007000029c2a90:   00007000029c2b10 000000000000000c
0x00007000029c2aa0:   00007000029c2ac0 00007fff5bd4c50b
0x00007000029c2ab0:   0000000000000000 00000001069deffc
0x00007000029c2ac0:   00007000029c2b00 0000000106632926
0x00007000029c2ad0:   0000000000000000 000000000000e210 

Instructions: (pc=0x000000010648cb51)
0x000000010648cb31:   08 4c 8d 25 b7 68 56 00 89 d9 49 8b 56 20 48 8b
0x000000010648cb41:   14 ca 4c 39 e2 74 2f 49 89 56 10 44 89 fe 31 c9
0x000000010648cb51:   83 3c 8a 00 75 44 48 ff c1 83 c6 20 48 83 f9 08
0x000000010648cb61:   72 ee 49 8b 7e 30 48 85 ff 74 0b 89 de e8 11 f9 

Register to memory mapping:

RAX=0x000000000000001a is an unknown value
RBX=0x000000000000000b is an unknown value
RCX=0x0000000000000000 is an unknown value
RDX=0x80000001069f33f0 is an unknown value
RSP=0x00007000029c28e0 is pointing into the stack for thread: 0x00007ffda7807000
RBP=0x00007000029c2900 is pointing into the stack for thread: 0x00007ffda7807000
RSI=0x0000000000000b00 is an unknown value
RDI=0x00007000029c2918 is pointing into the stack for thread: 0x00007ffda7807000
R8 =0x00007ffdae69ffe0 is an unknown value
R9 =0x000000000000050e is an unknown value
R10=0x00000001069e1a20: _ZL8tc_mutex+0x18 in /Applications/Android Studio.app/Contents/jre/jdk/Contents/Home/jre/lib/server/libjvm.dylib at 0x0000000106200000
R11=0x00000001069e1a28: _ZL8tc_mutex+0x20 in /Applications/Android Studio.app/Contents/jre/jdk/Contents/Home/jre/lib/server/libjvm.dylib at 0x0000000106200000
R12=0x00000001069f33f0: _ZN8IndexSet12_empty_blockE+0 in /Applications/Android Studio.app/Contents/jre/jdk/Contents/Home/jre/lib/server/libjvm.dylib at 0x0000000106200000
R13=0x00007ffdaf3c10c0 is an unknown value
R14=0x00007000029c2918 is pointing into the stack for thread: 0x00007ffda7807000
R15=0x0000000000000b00 is an unknown value


Stack: [0x00007000028c6000,0x00007000029c6000],  sp=0x00007000029c28e0,  free space=1010k
Native frames: (J=compiled Java code, j=interpreted, Vv=VM code, C=native code)
V  [libjvm.dylib+0x28cb51]  IndexSetIterator::advance_and_next()+0x6f
V  [libjvm.dylib+0x387fd5]  PhaseLive::add_liveout(Block*, IndexSet*, VectorSet&)+0xcf
V  [libjvm.dylib+0x387cb8]  PhaseLive::compute(unsigned int)+0x388
V  [libjvm.dylib+0x149c65]  PhaseChaitin::Register_Allocate()+0x299
V  [libjvm.dylib+0x1969a0]  Compile::Code_Gen()+0x14e
V  [libjvm.dylib+0x195388]  Compile::Compile(ciEnv*, C2Compiler*, ciMethod*, int, bool, bool, bool)+0x9fa
V  [libjvm.dylib+0x13b9da]  C2Compiler::compile_method(ciEnv*, ciMethod*, int)+0xa4
V  [libjvm.dylib+0x1a067a]  CompileBroker::invoke_compiler_on_method(CompileTask*)+0x564
V  [libjvm.dylib+0x19fc78]  CompileBroker::compiler_thread_loop()+0x270
V  [libjvm.dylib+0x505e88]  JavaThread::thread_main_inner()+0x82
V  [libjvm.dylib+0x505d4d]  JavaThread::run()+0x199
V  [libjvm.dylib+0x435709]  java_start(Thread*)+0xfa
C  [libsystem_pthread.dylib+0x36c1]  _pthread_body+0x154
C  [libsystem_pthread.dylib+0x356d]  _pthread_body+0x0
C  [libsystem_pthread.dylib+0x2c5d]  thread_start+0xd
C  0x0000000000000000


Current CompileTask:
C2: 249014 10007   !   4       java.io.ObjectOutputStream::writeObject0 (619 bytes)


---------------  P R O C E S S  ---------------

Java Threads: ( => current thread )
  0x00007ffdadfa5000 JavaThread "build operations Thread 8" [_thread_blocked, id=42251, stack(0x000070000400b000,0x000070000410b000)]
  0x00007ffda7d37800 JavaThread "build operations Thread 7" [_thread_blocked, id=29963, stack(0x0000700003f08000,0x0000700004008000)]
  0x00007ffda7e3b800 JavaThread "build operations Thread 6" [_thread_blocked, id=29195, stack(0x0000700003e05000,0x0000700003f05000)]
  0x00007ffda74de800 JavaThread "build operations Thread 5" [_thread_blocked, id=30987, stack(0x0000700003d02000,0x0000700003e02000)]
  0x00007ffdaa646000 JavaThread "build operations Thread 4" [_thread_blocked, id=23307, stack(0x0000700003bff000,0x0000700003cff000)]
  0x00007ffda7e61000 JavaThread "build operations Thread 3" [_thread_blocked, id=35855, stack(0x0000700003afc000,0x0000700003bfc000)]
  0x00007ffdaf1c9800 JavaThread "build operations Thread 2" [_thread_blocked, id=22539, stack(0x00007000039f9000,0x0000700003af9000)]
  0x00007ffdaae7d000 JavaThread "build operations" [_thread_blocked, id=30219, stack(0x00007000038f6000,0x00007000039f6000)]
  0x00007ffdaab3d800 JavaThread "Cache worker for Artifact transforms cache (/Users/annascott/.gradle/caches/transforms-1)" [_thread_blocked, id=87051, stack(0x00007000037f3000,0x00007000038f3000)]
  0x00007ffda86d3000 JavaThread "Cache worker for file hash cache (/Users/annascott/Downloads/ud843-QuakeReport-starting-point/.gradle/4.4/fileHashes)" [_thread_blocked, id=86539, stack(0x00007000036f0000,0x00007000037f0000)]
  0x00007ffdab2ab800 JavaThread "Stdin handler" [_thread_blocked, id=31243, stack(0x00007000033e7000,0x00007000034e7000)]
  0x00007ffdaf2f8000 JavaThread "Asynchronous log dispatcher for DefaultDaemonConnection: socket connection from /127.0.0.1:50262 to /127.0.0.1:50285" [_thread_blocked, id=86795, stack(0x00007000032e4000,0x00007000033e4000)]
  0x00007ffdaf69f800 JavaThread "Daemon worker Thread 3" [_thread_in_vm, id=23051, stack(0x00007000031e1000,0x00007000032e1000)]
  0x00007ffdab2c2000 JavaThread "Cancel handler" [_thread_blocked, id=25615, stack(0x00007000030de000,0x00007000031de000)]
  0x00007ffdae2b3800 JavaThread "Handler for socket connection from /127.0.0.1:50262 to /127.0.0.1:50285" [_thread_in_native, id=43787, stack(0x0000700002fdb000,0x00007000030db000)]
  0x00007ffda861c800 JavaThread "Daemon Thread 3" [_thread_blocked, id=43019, stack(0x0000700002ed8000,0x0000700002fd8000)]
  0x00007ffdabfe1000 JavaThread "Memory manager" [_thread_blocked, id=25859, stack(0x000070000410e000,0x000070000420e000)]
  0x00007ffda8b5a800 JavaThread "File lock request listener" [_thread_in_native, id=23811, stack(0x00007000035ed000,0x00007000036ed000)]
  0x00007ffda8b5a000 JavaThread "Cache worker for file hash cache (/Users/annascott/.gradle/caches/4.4/fileHashes)" [_thread_blocked, id=41219, stack(0x00007000034ea000,0x00007000035ea000)]
  0x00007ffda8619000 JavaThread "Daemon periodic checks" [_thread_blocked, id=43267, stack(0x0000700002dd5000,0x0000700002ed5000)]
  0x00007ffda7aba000 JavaThread "Incoming local TCP Connector on port 50262" [_thread_in_native, id=21763, stack(0x0000700002cd2000,0x0000700002dd2000)]
  0x00007ffda8013000 JavaThread "Service Thread" daemon [_thread_blocked, id=16387, stack(0x0000700002acc000,0x0000700002bcc000)]
  0x00007ffda7808000 JavaThread "C1 CompilerThread3" daemon [_thread_blocked, id=16643, stack(0x00007000029c9000,0x0000700002ac9000)]
=>0x00007ffda7807000 JavaThread "C2 CompilerThread2" daemon [_thread_in_native, id=14851, stack(0x00007000028c6000,0x00007000029c6000)]
  0x00007ffda7806800 JavaThread "C2 CompilerThread1" daemon [_thread_in_native, id=16899, stack(0x00007000027c3000,0x00007000028c3000)]
  0x00007ffda7802000 JavaThread "C2 CompilerThread0" daemon [_thread_in_native, id=14083, stack(0x00007000026c0000,0x00007000027c0000)]
  0x00007ffda801f000 JavaThread "Signal Dispatcher" daemon [_thread_blocked, id=17415, stack(0x00007000025bd000,0x00007000026bd000)]
  0x00007ffda7043800 JavaThread "Finalizer" daemon [_thread_blocked, id=18947, stack(0x00007000024ba000,0x00007000025ba000)]
  0x00007ffda7833000 JavaThread "Reference Handler" daemon [_thread_blocked, id=11779, stack(0x00007000023b7000,0x00007000024b7000)]
  0x00007ffda7008800 JavaThread "main" [_thread_blocked, id=9731, stack(0x0000700001999000,0x0000700001a99000)]

Other Threads:
  0x00007ffda8004800 VMThread [stack: 0x00007000022b4000,0x00007000023b4000] [id=19459]
  0x00007ffda880b800 WatcherThread [stack: 0x0000700002bcf000,0x0000700002ccf000] [id=15619]

VM state:not at safepoint (normal execution)

VM Mutex/Monitor currently owned by a thread: None

Heap:
 PSYoungGen      total 289280K, used 203616K [0x00000007aab00000, 0x00000007c0000000, 0x00000007c0000000)
  eden space 268288K, 75% used [0x00000007aab00000,0x00000007b71d81b8,0x00000007bb100000)
  from space 20992K, 0% used [0x00000007bb100000,0x00000007bb100000,0x00000007bc580000)
  to   space 22528K, 0% used [0x00000007bea00000,0x00000007bea00000,0x00000007c0000000)
 ParOldGen       total 265216K, used 37072K [0x0000000780000000, 0x0000000790300000, 0x00000007aab00000)
  object space 265216K, 13% used [0x0000000780000000,0x0000000782434018,0x0000000790300000)
 Metaspace       used 68922K, capacity 71296K, committed 71640K, reserved 1112064K
  class space    used 9078K, capacity 9624K, committed 9728K, reserved 1048576K

Card table byte_map: [0x0000000107028000,0x0000000107229000] byte_map_base: 0x0000000103428000

Marking Bits: (ParMarkBitMap*) 0x00000001069f81c8
 Begin Bits: [0x000000010737f000, 0x000000010837f000)
 End Bits:   [0x000000010837f000, 0x000000010937f000)

Polling page: 0x0000000105080000

CodeCache: size=245760Kb used=26450Kb max_used=26450Kb free=219309Kb
 bounds [0x0000000114b13000, 0x0000000116513000, 0x0000000123b13000]
 total_blobs=9231 nmethods=8408 adapters=735
 compilation: enabled

Compilation events (10 events):
Event: 248.919 Thread 0x00007ffda7808000 10191       3       org.gradle.model.internal.core.ModelRegistrations$Builder::<init> (7 bytes)
Event: 248.919 Thread 0x00007ffda7808000 nmethod 10191 0x000000011650a4d0 code [0x000000011650a640, 0x000000011650a7c8]
Event: 248.919 Thread 0x00007ffda7808000 10192       3       org.gradle.model.internal.core.ModelRegistrations$Builder::<init> (48 bytes)
Event: 248.923 Thread 0x00007ffda7808000 nmethod 10192 0x000000011650a850 code [0x000000011650aaa0, 0x000000011650b8f8]
Event: 248.923 Thread 0x00007ffda7808000 10193       3       org.apache.commons.io.IOUtils::closeQuietly (5 bytes)
Event: 248.924 Thread 0x00007ffda7808000 nmethod 10193 0x000000011650c2d0 code [0x000000011650c440, 0x000000011650c708]
Event: 248.924 Thread 0x00007ffda7808000 10194       3       sun.util.calendar.ZoneInfo::getOffsets (8 bytes)
Event: 248.924 Thread 0x00007ffda7808000 nmethod 10194 0x000000011650c850 code [0x000000011650c9c0, 0x000000011650cb48]
Event: 248.954 Thread 0x00007ffda7808000 10195       3       java.lang.ClassLoader::defineClass (43 bytes)
Event: 248.955 Thread 0x00007ffda7808000 nmethod 10195 0x000000011650cbd0 code [0x000000011650cdc0, 0x000000011650d988]

GC Heap History (10 events):
Event: 3.902 GC heap before
{Heap before GC invocations=6 (full 1):
 PSYoungGen      total 200192K, used 42216K [0x00000007aab00000, 0x00000007bc000000, 0x00000007c0000000)
  eden space 189440K, 16% used [0x00000007aab00000,0x00000007ac9bfd60,0x00000007b6400000)
  from space 10752K, 99% used [0x00000007bb580000,0x00000007bbffa610,0x00000007bc000000)
  to   space 10752K, 0% used [0x00000007bab00000,0x00000007bab00000,0x00000007bb580000)
 ParOldGen       total 109568K, used 10237K [0x0000000780000000, 0x0000000786b00000, 0x00000007aab00000)
  object space 109568K, 9% used [0x0000000780000000,0x00000007809ff620,0x0000000786b00000)
 Metaspace       used 34737K, capacity 35234K, committed 35416K, reserved 1079296K
  class space    used 4767K, capacity 4951K, committed 4992K, reserved 1048576K
Event: 3.912 GC heap after
Heap after GC invocations=6 (full 1):
 PSYoungGen      total 272896K, used 9765K [0x00000007aab00000, 0x00000007bd180000, 0x00000007c0000000)
  eden space 262144K, 0% used [0x00000007aab00000,0x00000007aab00000,0x00000007bab00000)
  from space 10752K, 90% used [0x00000007bab00000,0x00000007bb489418,0x00000007bb580000)
  to   space 12288K, 0% used [0x00000007bc580000,0x00000007bc580000,0x00000007bd180000)
 ParOldGen       total 109568K, used 10245K [0x0000000780000000, 0x0000000786b00000, 0x00000007aab00000)
  object space 109568K, 9% used [0x0000000780000000,0x0000000780a01620,0x0000000786b00000)
 Metaspace       used 34737K, capacity 35234K, committed 35416K, reserved 1079296K
  class space    used 4767K, capacity 4951K, committed 4992K, reserved 1048576K
}
Event: 3.912 GC heap before
{Heap before GC invocations=7 (full 2):
 PSYoungGen      total 272896K, used 9765K [0x00000007aab00000, 0x00000007bd180000, 0x00000007c0000000)
  eden space 262144K, 0% used [0x00000007aab00000,0x00000007aab00000,0x00000007bab00000)
  from space 10752K, 90% used [0x00000007bab00000,0x00000007bb489418,0x00000007bb580000)
  to   space 12288K, 0% used [0x00000007bc580000,0x00000007bc580000,0x00000007bd180000)
 ParOldGen       total 109568K, used 10245K [0x0000000780000000, 0x0000000786b00000, 0x00000007aab00000)
  object space 109568K, 9% used [0x0000000780000000,0x0000000780a01620,0x0000000786b00000)
 Metaspace       used 34737K, capacity 35234K, committed 35416K, reserved 1079296K
  class space    used 4767K, capacity 4951K, committed 4992K, reserved 1048576K
Event: 3.961 GC heap after
Heap after GC invocations=7 (full 2):
 PSYoungGen      total 272896K, used 0K [0x00000007aab00000, 0x00000007bd180000, 0x00000007c0000000)
  eden space 262144K, 0% used [0x00000007aab00000,0x00000007aab00000,0x00000007bab00000)
  from space 10752K, 0% used [0x00000007bab00000,0x00000007bab00000,0x00000007bb580000)
  to   space 12288K, 0% used [0x00000007bc580000,0x00000007bc580000,0x00000007bd180000)
 ParOldGen       total 174080K, used 16491K [0x0000000780000000, 0x000000078aa00000, 0x00000007aab00000)
  object space 174080K, 9% used [0x0000000780000000,0x000000078101ac20,0x000000078aa00000)
 Metaspace       used 34737K, capacity 35234K, committed 35416K, reserved 1079296K
  class space    used 4767K, capacity 4951K, committed 4992K, reserved 1048576K
}
Event: 7.042 GC heap before
{Heap before GC invocations=8 (full 2):
 PSYoungGen      total 272896K, used 262144K [0x00000007aab00000, 0x00000007bd180000, 0x00000007c0000000)
  eden space 262144K, 100% used [0x00000007aab00000,0x00000007bab00000,0x00000007bab00000)
  from space 10752K, 0% used [0x00000007bab00000,0x00000007bab00000,0x00000007bb580000)
  to   space 12288K, 0% used [0x00000007bc580000,0x00000007bc580000,0x00000007bd180000)
 ParOldGen       total 174080K, used 16491K [0x0000000780000000, 0x000000078aa00000, 0x00000007aab00000)
  object space 174080K, 9% used [0x0000000780000000,0x000000078101ac20,0x000000078aa00000)
 Metaspace       used 52794K, capacity 54186K, committed 54488K, reserved 1095680K
  class space    used 7235K, capacity 7582K, committed 7680K, reserved 1048576K
Event: 7.065 GC heap after
Heap after GC invocations=8 (full 2):
 PSYoungGen      total 280576K, used 12278K [0x00000007aab00000, 0x00000007c0000000, 0x00000007c0000000)
  eden space 268288K, 0% used [0x00000007aab00000,0x00000007aab00000,0x00000007bb100000)
  from space 12288K, 99% used [0x00000007bc580000,0x00000007bd17dbd8,0x00000007bd180000)
  to   space 20992K, 0% used [0x00000007bb100000,0x00000007bb100000,0x00000007bc580000)
 ParOldGen       total 174080K, used 30085K [0x0000000780000000, 0x000000078aa00000, 0x00000007aab00000)
  object space 174080K, 17% used [0x0000000780000000,0x0000000781d61650,0x000000078aa00000)
 Metaspace       used 52794K, capacity 54186K, committed 54488K, reserved 1095680K
  class space    used 7235K, capacity 7582K, committed 7680K, reserved 1048576K
}
Event: 9.599 GC heap before
{Heap before GC invocations=9 (full 2):
 PSYoungGen      total 280576K, used 163056K [0x00000007aab00000, 0x00000007c0000000, 0x00000007c0000000)
  eden space 268288K, 56% used [0x00000007aab00000,0x00000007b3e3e578,0x00000007bb100000)
  from space 12288K, 99% used [0x00000007bc580000,0x00000007bd17dbd8,0x00000007bd180000)
  to   space 20992K, 0% used [0x00000007bb100000,0x00000007bb100000,0x00000007bc580000)
 ParOldGen       total 174080K, used 30085K [0x0000000780000000, 0x000000078aa00000, 0x00000007aab00000)
  object space 174080K, 17% used [0x0000000780000000,0x0000000781d61650,0x000000078aa00000)
 Metaspace       used 57177K, capacity 58908K, committed 59028K, reserved 1099776K
  class space    used 7723K, capacity 8123K, committed 8192K, reserved 1048576K
Event: 9.613 GC heap after
Heap after GC invocations=9 (full 2):
 PSYoungGen      total 289280K, used 17706K [0x00000007aab00000, 0x00000007c0000000, 0x00000007c0000000)
  eden space 268288K, 0% used [0x00000007aab00000,0x00000007aab00000,0x00000007bb100000)
  from space 20992K, 84% used [0x00000007bb100000,0x00000007bc24ab18,0x00000007bc580000)
  to   space 22528K, 0% used [0x00000007bea00000,0x00000007bea00000,0x00000007c0000000)
 ParOldGen       total 174080K, used 30093K [0x0000000780000000, 0x000000078aa00000, 0x00000007aab00000)
  object space 174080K, 17% used [0x0000000780000000,0x0000000781d63650,0x000000078aa00000)
 Metaspace       used 57177K, capacity 58908K, committed 59028K, reserved 1099776K
  class space    used 7723K, capacity 8123K, committed 8192K, reserved 1048576K
}
Event: 9.613 GC heap before
{Heap before GC invocations=10 (full 3):
 PSYoungGen      total 289280K, used 17706K [0x00000007aab00000, 0x00000007c0000000, 0x00000007c0000000)
  eden space 268288K, 0% used [0x00000007aab00000,0x00000007aab00000,0x00000007bb100000)
  from space 20992K, 84% used [0x00000007bb100000,0x00000007bc24ab18,0x00000007bc580000)
  to   space 22528K, 0% used [0x00000007bea00000,0x00000007bea00000,0x00000007c0000000)
 ParOldGen       total 174080K, used 30093K [0x0000000780000000, 0x000000078aa00000, 0x00000007aab00000)
  object space 174080K, 17% used [0x0000000780000000,0x0000000781d63650,0x000000078aa00000)
 Metaspace       used 57177K, capacity 58908K, committed 59028K, reserved 1099776K
  class space    used 7723K, capacity 8123K, committed 8192K, reserved 1048576K
Event: 9.815 GC heap after
Heap after GC invocations=10 (full 3):
 PSYoungGen      total 289280K, used 0K [0x00000007aab00000, 0x00000007c0000000, 0x00000007c0000000)
  eden space 268288K, 0% used [0x00000007aab00000,0x00000007aab00000,0x00000007bb100000)
  from space 20992K, 0% used [0x00000007bb100000,0x00000007bb100000,0x00000007bc580000)
  to   space 22528K, 0% used [0x00000007bea00000,0x00000007bea00000,0x00000007c0000000)
 ParOldGen       total 265216K, used 37072K [0x0000000780000000, 0x0000000790300000, 0x00000007aab00000)
  object space 265216K, 13% used [0x0000000780000000,0x0000000782434018,0x0000000790300000)
 Metaspace       used 57177K, capacity 58908K, committed 59028K, reserved 1099776K
  class space    used 7723K, capacity 8123K, committed 8192K, reserved 1048576K
}

Deoptimization events (10 events):
Event: 248.547 Thread 0x00007ffdaf69f800 Uncommon trap: reason=array_check action=maybe_recompile pc=0x000000011599a338 method=java.util.TimSort.binarySort([Ljava/lang/Object;IIILjava/util/Comparator;)V @ 183
Event: 248.611 Thread 0x00007ffdaf69f800 Uncommon trap: reason=class_check action=maybe_recompile pc=0x00000001152bba90 method=org.codehaus.groovy.reflection.ParameterTypes.getParametersTypes0()V @ 16
Event: 248.612 Thread 0x00007ffdaf69f800 Uncommon trap: reason=class_check action=maybe_recompile pc=0x00000001152bba90 method=org.codehaus.groovy.reflection.ParameterTypes.getParametersTypes0()V @ 16
Event: 248.612 Thread 0x00007ffdaf69f800 Uncommon trap: reason=class_check action=maybe_recompile pc=0x00000001152bba90 method=org.codehaus.groovy.reflection.ParameterTypes.getParametersTypes0()V @ 16
Event: 248.631 Thread 0x00007ffdaf69f800 Uncommon trap: reason=array_check action=maybe_recompile pc=0x000000011504dd90 method=java.util.ComparableTimSort.binarySort([Ljava/lang/Object;III)V @ 193
Event: 248.650 Thread 0x00007ffdaf69f800 Uncommon trap: reason=bimorphic action=maybe_recompile pc=0x0000000115429764 method=org.codehaus.groovy.runtime.metaclass.MetaMethodIndex.addMethodToList(Ljava/lang/Object;Lgroovy/lang/MetaMethod;)Ljava/lang/Object; @ 96
Event: 248.701 Thread 0x00007ffdaf69f800 Uncommon trap: reason=array_check action=maybe_recompile pc=0x0000000114c3c898 method=java.util.ComparableTimSort.binarySort([Ljava/lang/Object;III)V @ 183
Event: 248.706 Thread 0x00007ffdaf69f800 Uncommon trap: reason=array_check action=maybe_recompile pc=0x0000000114c3c738 method=java.util.ComparableTimSort.binarySort([Ljava/lang/Object;III)V @ 215
Event: 248.718 Thread 0x00007ffdaf69f800 Uncommon trap: reason=array_check action=maybe_recompile pc=0x0000000114c3c898 method=java.util.ComparableTimSort.binarySort([Ljava/lang/Object;III)V @ 183
Event: 248.925 Thread 0x00007ffdaf69f800 Uncommon trap: reason=unstable_if action=reinterpret pc=0x00000001160f6bec method=java.io.ByteArrayInputStream.read()I @ 8

Classes redefined (0 events):
No events

Internal exceptions (10 events):
Event: 248.707 Thread 0x00007ffdaf69f800 Exception <a 'java/lang/ClassNotFoundException': org/codehaus/groovy/reflection/CachedFieldBeanInfo> (0x00000007b64b5090) thrown at [/Volumes/android/AOSP-openjdk-git/jdk8u/hotspot/src/share/vm/classfile/systemDictionary.cpp, line 210]
Event: 248.707 Thread 0x00007ffdaf69f800 Exception <a 'java/lang/ClassNotFoundException': groovy/lang/MetaPropertyBeanInfo> (0x00000007b64c4e48) thrown at [/Volumes/android/AOSP-openjdk-git/jdk8u/hotspot/src/share/vm/classfile/systemDictionary.cpp, line 210]
Event: 248.709 Thread 0x00007ffdaf69f800 Exception <a 'java/lang/ClassNotFoundException': groovy/lang/MetaPropertyCustomizer> (0x00000007b64d4c60) thrown at [/Volumes/android/AOSP-openjdk-git/jdk8u/hotspot/src/share/vm/classfile/systemDictionary.cpp, line 210]
Event: 248.712 Thread 0x00007ffdaf69f800 Exception <a 'java/lang/ClassNotFoundException': org/codehaus/groovy/reflection/CachedFieldCustomizer> (0x00000007b64eeb10) thrown at [/Volumes/android/AOSP-openjdk-git/jdk8u/hotspot/src/share/vm/classfile/systemDictionary.cpp, line 210]
Event: 248.721 Thread 0x00007ffdaf69f800 Exception <a 'java/lang/ClassNotFoundException': java/util/ArrayListBeanInfo> (0x00000007b6547bc8) thrown at [/Volumes/android/AOSP-openjdk-git/jdk8u/hotspot/src/share/vm/classfile/systemDictionary.cpp, line 210]
Event: 248.722 Thread 0x00007ffdaf69f800 Exception <a 'java/lang/ClassNotFoundException': java/util/AbstractListBeanInfo> (0x00000007b654fd60) thrown at [/Volumes/android/AOSP-openjdk-git/jdk8u/hotspot/src/share/vm/classfile/systemDictionary.cpp, line 210]
Event: 248.722 Thread 0x00007ffdaf69f800 Exception <a 'java/lang/ClassNotFoundException': java/util/AbstractListCustomizer> (0x00000007b6558340) thrown at [/Volumes/android/AOSP-openjdk-git/jdk8u/hotspot/src/share/vm/classfile/systemDictionary.cpp, line 210]
Event: 248.723 Thread 0x00007ffdaf69f800 Exception <a 'java/lang/ClassNotFoundException': java/util/ArrayListCustomizer> (0x00000007b656d378) thrown at [/Volumes/android/AOSP-openjdk-git/jdk8u/hotspot/src/share/vm/classfile/systemDictionary.cpp, line 210]
Event: 248.733 Thread 0x00007ffdaf69f800 Exception <a 'java/lang/ClassNotFoundException': java/util/CollectionBeanInfo> (0x00000007b65ad128) thrown at [/Volumes/android/AOSP-openjdk-git/jdk8u/hotspot/src/share/vm/classfile/systemDictionary.cpp, line 210]
Event: 248.735 Thread 0x00007ffdaf69f800 Exception <a 'java/lang/ClassNotFoundException': java/util/CollectionCustomizer> (0x00000007b65b5250) thrown at [/Volumes/android/AOSP-openjdk-git/jdk8u/hotspot/src/share/vm/classfile/systemDictionary.cpp, line 210]

Events (10 events):
Event: 248.990 loading class org/codehaus/groovy/syntax/SyntaxException
Event: 248.990 loading class org/codehaus/groovy/syntax/SyntaxException done
Event: 248.990 loading class org/codehaus/groovy/GroovyException
Event: 248.990 loading class org/codehaus/groovy/GroovyException done
Event: 248.991 loading class org/codehaus/groovy/control/SourceUnit
Event: 248.991 loading class org/codehaus/groovy/control/SourceUnit done
Event: 248.992 loading class org/codehaus/groovy/control/messages/LocatedMessage
Event: 248.992 loading class org/codehaus/groovy/control/messages/LocatedMessage done
Event: 248.992 loading class org/codehaus/groovy/control/messages/SimpleMessage
Event: 248.992 loading class org/codehaus/groovy/control/messages/SimpleMessage done


Dynamic libraries:
0x000000000c912000 	/System/Library/Frameworks/Cocoa.framework/Versions/A/Cocoa
0x000000000c912000 	/System/Library/Frameworks/Security.framework/Versions/A/Security
0x000000000c912000 	/System/Library/Frameworks/ApplicationServices.framework/Versions/A/ApplicationServices
0x000000000c912000 	/usr/lib/libz.1.dylib
0x000000000c912000 	/usr/lib/libSystem.B.dylib
0x000000000c912000 	/System/Library/Frameworks/CoreFoundation.framework/Versions/A/CoreFoundation
0x000000000c912000 	/System/Library/Frameworks/Foundation.framework/Versions/C/Foundation
0x000000000c912000 	/usr/lib/libobjc.A.dylib
0x000000000c912000 	/System/Library/Frameworks/AppKit.framework/Versions/C/AppKit
0x000000000c912000 	/System/Library/Frameworks/CoreData.framework/Versions/A/CoreData
0x000000000c912000 	/System/Library/PrivateFrameworks/RemoteViewServices.framework/Versions/A/RemoteViewServices
0x000000000c912000 	/System/Library/PrivateFrameworks/UIFoundation.framework/Versions/A/UIFoundation
0x000000000c912000 	/System/Library/PrivateFrameworks/DFRFoundation.framework/Versions/A/DFRFoundation
0x000000000c912000 	/System/Library/Frameworks/Metal.framework/Versions/A/Metal
0x000000000c912000 	/System/Library/PrivateFrameworks/DesktopServicesPriv.framework/Versions/A/DesktopServicesPriv
0x000000000c912000 	/usr/lib/libenergytrace.dylib
0x000000000c912000 	/System/Library/PrivateFrameworks/SkyLight.framework/Versions/A/SkyLight
0x000000000c912000 	/System/Library/Frameworks/CoreGraphics.framework/Versions/A/CoreGraphics
0x000000000c912000 	/usr/lib/libScreenReader.dylib
0x000000000c912000 	/System/Library/Frameworks/Accelerate.framework/Versions/A/Accelerate
0x000000000c912000 	/System/Library/Frameworks/IOSurface.framework/Versions/A/IOSurface
0x000000000c912000 	/System/Library/Frameworks/AudioToolbox.framework/Versions/A/AudioToolbox
0x000000000c912000 	/System/Library/Frameworks/AudioUnit.framework/Versions/A/AudioUnit
0x000000000c912000 	/System/Library/PrivateFrameworks/DataDetectorsCore.framework/Versions/A/DataDetectorsCore
0x000000000c912000 	/System/Library/Frameworks/Carbon.framework/Versions/A/Frameworks/HIToolbox.framework/Versions/A/HIToolbox
0x000000000c912000 	/usr/lib/libicucore.A.dylib
0x000000000c912000 	/System/Library/Frameworks/QuartzCore.framework/Versions/A/QuartzCore
0x000000000c912000 	/System/Library/Frameworks/Carbon.framework/Versions/A/Frameworks/SpeechRecognition.framework/Versions/A/SpeechRecognition
0x000000000c912000 	/usr/lib/libauto.dylib
0x000000000c912000 	/usr/lib/libxml2.2.dylib
0x000000000c912000 	/System/Library/PrivateFrameworks/CoreUI.framework/Versions/A/CoreUI
0x000000000c912000 	/System/Library/Frameworks/CoreAudio.framework/Versions/A/CoreAudio
0x000000000c912000 	/System/Library/Frameworks/DiskArbitration.framework/Versions/A/DiskArbitration
0x000000000c912000 	/usr/lib/liblangid.dylib
0x000000000c912000 	/System/Library/PrivateFrameworks/MultitouchSupport.framework/Versions/A/MultitouchSupport
0x000000000c912000 	/System/Library/Frameworks/IOKit.framework/Versions/A/IOKit
0x000000000c912000 	/usr/lib/libDiagnosticMessagesClient.dylib
0x000000000c912000 	/System/Library/Frameworks/CoreServices.framework/Versions/A/CoreServices
0x000000000c912000 	/System/Library/PrivateFrameworks/PerformanceAnalysis.framework/Versions/A/PerformanceAnalysis
0x000000000c912000 	/System/Library/Frameworks/OpenGL.framework/Versions/A/OpenGL
0x000000000c912000 	/System/Library/Frameworks/ColorSync.framework/Versions/A/ColorSync
0x000000000c912000 	/System/Library/Frameworks/CoreImage.framework/Versions/A/CoreImage
0x000000000c912000 	/System/Library/Frameworks/CoreText.framework/Versions/A/CoreText
0x000000000c912000 	/System/Library/Frameworks/ImageIO.framework/Versions/A/ImageIO
0x000000000c912000 	/System/Library/PrivateFrameworks/Backup.framework/Versions/A/Backup
0x000000000c912000 	/usr/lib/libarchive.2.dylib
0x000000000c912000 	/System/Library/Frameworks/CFNetwork.framework/Versions/A/CFNetwork
0x000000000c912000 	/System/Library/Frameworks/SystemConfiguration.framework/Versions/A/SystemConfiguration
0x000000000c912000 	/usr/lib/libCRFSuite.dylib
0x000000000c912000 	/usr/lib/libc++.1.dylib
0x000000000c912000 	/usr/lib/libc++abi.dylib
0x000000000c912000 	/usr/lib/system/libcache.dylib
0x000000000c912000 	/usr/lib/system/libcommonCrypto.dylib
0x000000000c912000 	/usr/lib/system/libcompiler_rt.dylib
0x000000000c912000 	/usr/lib/system/libcopyfile.dylib
0x000000000c912000 	/usr/lib/system/libcorecrypto.dylib
0x000000000c912000 	/usr/lib/system/libdispatch.dylib
0x000000000c912000 	/usr/lib/system/libdyld.dylib
0x000000000c912000 	/usr/lib/system/libkeymgr.dylib
0x000000000c912000 	/usr/lib/system/liblaunch.dylib
0x000000000c912000 	/usr/lib/system/libmacho.dylib
0x000000000c912000 	/usr/lib/system/libquarantine.dylib
0x000000000c912000 	/usr/lib/system/libremovefile.dylib
0x000000000c912000 	/usr/lib/system/libsystem_asl.dylib
0x000000000c912000 	/usr/lib/system/libsystem_blocks.dylib
0x000000000c912000 	/usr/lib/system/libsystem_c.dylib
0x000000000c912000 	/usr/lib/system/libsystem_configuration.dylib
0x000000000c912000 	/usr/lib/system/libsystem_coreservices.dylib
0x000000000c912000 	/usr/lib/system/libsystem_darwin.dylib
0x000000000c912000 	/usr/lib/system/libsystem_dnssd.dylib
0x000000000c912000 	/usr/lib/system/libsystem_info.dylib
0x000000000c912000 	/usr/lib/system/libsystem_m.dylib
0x000000000c912000 	/usr/lib/system/libsystem_malloc.dylib
0x000000000c912000 	/usr/lib/system/libsystem_network.dylib
0x000000000c912000 	/usr/lib/system/libsystem_networkextension.dylib
0x000000000c912000 	/usr/lib/system/libsystem_notify.dylib
0x000000000c912000 	/usr/lib/system/libsystem_sandbox.dylib
0x000000000c912000 	/usr/lib/system/libsystem_secinit.dylib
0x000000000c912000 	/usr/lib/system/libsystem_kernel.dylib
0x000000000c912000 	/usr/lib/system/libsystem_platform.dylib
0x000000000c912000 	/usr/lib/system/libsystem_pthread.dylib
0x000000000c912000 	/usr/lib/system/libsystem_symptoms.dylib
0x000000000c912000 	/usr/lib/system/libsystem_trace.dylib
0x000000000c912000 	/usr/lib/system/libunwind.dylib
0x000000000c912000 	/usr/lib/system/libxpc.dylib
0x000000000c912000 	/usr/lib/closure/libclosured.dylib
0x000000000c912000 	/usr/lib/libbsm.0.dylib
0x000000000c912000 	/usr/lib/system/libkxld.dylib
0x000000000c912000 	/usr/lib/libOpenScriptingUtil.dylib
0x000000000c912000 	/usr/lib/libcoretls.dylib
0x000000000c912000 	/usr/lib/libcoretls_cfhelpers.dylib
0x000000000c912000 	/usr/lib/libpam.2.dylib
0x000000000c912000 	/usr/lib/libsqlite3.dylib
0x000000000c912000 	/usr/lib/libxar.1.dylib
0x000000000c912000 	/usr/lib/libbz2.1.0.dylib
0x000000000c912000 	/usr/lib/liblzma.5.dylib
0x000000000c912000 	/usr/lib/libnetwork.dylib
0x000000000c912000 	/usr/lib/libapple_nghttp2.dylib
0x000000000c912000 	/usr/lib/libpcap.A.dylib
0x000000000c912000 	/usr/lib/libboringssl.dylib
0x000000000c912000 	/usr/lib/libusrtcp.dylib
0x000000000c912000 	/usr/lib/libapple_crypto.dylib
0x000000000c912000 	/System/Library/Frameworks/CoreServices.framework/Versions/A/Frameworks/FSEvents.framework/Versions/A/FSEvents
0x000000000c912000 	/System/Library/Frameworks/CoreServices.framework/Versions/A/Frameworks/CarbonCore.framework/Versions/A/CarbonCore
0x000000000c912000 	/System/Library/Frameworks/CoreServices.framework/Versions/A/Frameworks/Metadata.framework/Versions/A/Metadata
0x000000000c912000 	/System/Library/Frameworks/CoreServices.framework/Versions/A/Frameworks/OSServices.framework/Versions/A/OSServices
0x000000000c912000 	/System/Library/Frameworks/CoreServices.framework/Versions/A/Frameworks/SearchKit.framework/Versions/A/SearchKit
0x000000000c912000 	/System/Library/Frameworks/CoreServices.framework/Versions/A/Frameworks/AE.framework/Versions/A/AE
0x000000000c912000 	/System/Library/Frameworks/CoreServices.framework/Versions/A/Frameworks/LaunchServices.framework/Versions/A/LaunchServices
0x000000000c912000 	/System/Library/Frameworks/CoreServices.framework/Versions/A/Frameworks/DictionaryServices.framework/Versions/A/DictionaryServices
0x000000000c912000 	/System/Library/Frameworks/CoreServices.framework/Versions/A/Frameworks/SharedFileList.framework/Versions/A/SharedFileList
0x000000000c912000 	/System/Library/Frameworks/NetFS.framework/Versions/A/NetFS
0x000000000c912000 	/System/Library/PrivateFrameworks/NetAuth.framework/Versions/A/NetAuth
0x000000000c912000 	/System/Library/PrivateFrameworks/login.framework/Versions/A/Frameworks/loginsupport.framework/Versions/A/loginsupport
0x000000000c912000 	/System/Library/PrivateFrameworks/TCC.framework/Versions/A/TCC
0x000000000c912000 	/usr/lib/libmecabra.dylib
0x000000000c912000 	/System/Library/Frameworks/ApplicationServices.framework/Versions/A/Frameworks/ATS.framework/Versions/A/ATS
0x000000000c912000 	/System/Library/Frameworks/ApplicationServices.framework/Versions/A/Frameworks/ColorSyncLegacy.framework/Versions/A/ColorSyncLegacy
0x000000000c912000 	/System/Library/Frameworks/ApplicationServices.framework/Versions/A/Frameworks/HIServices.framework/Versions/A/HIServices
0x000000000c912000 	/System/Library/Frameworks/ApplicationServices.framework/Versions/A/Frameworks/LangAnalysis.framework/Versions/A/LangAnalysis
0x000000000c912000 	/System/Library/Frameworks/ApplicationServices.framework/Versions/A/Frameworks/PrintCore.framework/Versions/A/PrintCore
0x000000000c912000 	/System/Library/Frameworks/ApplicationServices.framework/Versions/A/Frameworks/QD.framework/Versions/A/QD
0x000000000c912000 	/System/Library/Frameworks/ApplicationServices.framework/Versions/A/Frameworks/SpeechSynthesis.framework/Versions/A/SpeechSynthesis
0x000000000c912000 	/System/Library/Frameworks/CoreDisplay.framework/Versions/A/CoreDisplay
0x000000000c912000 	/System/Library/Frameworks/Accelerate.framework/Versions/A/Frameworks/vImage.framework/Versions/A/vImage
0x000000000c912000 	/System/Library/Frameworks/Accelerate.framework/Versions/A/Frameworks/vecLib.framework/Versions/A/vecLib
0x000000000c912000 	/System/Library/Frameworks/Accelerate.framework/Versions/A/Frameworks/vecLib.framework/Versions/A/libvDSP.dylib
0x000000000c912000 	/System/Library/Frameworks/Accelerate.framework/Versions/A/Frameworks/vecLib.framework/Versions/A/libBNNS.dylib
0x000000000c912000 	/System/Library/Frameworks/Accelerate.framework/Versions/A/Frameworks/vecLib.framework/Versions/A/libQuadrature.dylib
0x000000000c912000 	/System/Library/Frameworks/Accelerate.framework/Versions/A/Frameworks/vecLib.framework/Versions/A/libvMisc.dylib
0x000000000c912000 	/System/Library/Frameworks/Accelerate.framework/Versions/A/Frameworks/vecLib.framework/Versions/A/libLAPACK.dylib
0x000000000c912000 	/System/Library/Frameworks/Accelerate.framework/Versions/A/Frameworks/vecLib.framework/Versions/A/libBLAS.dylib
0x000000000c912000 	/System/Library/Frameworks/Accelerate.framework/Versions/A/Frameworks/vecLib.framework/Versions/A/libLinearAlgebra.dylib
0x000000000c912000 	/System/Library/Frameworks/Accelerate.framework/Versions/A/Frameworks/vecLib.framework/Versions/A/libSparse.dylib
0x000000000c912000 	/System/Library/Frameworks/Accelerate.framework/Versions/A/Frameworks/vecLib.framework/Versions/A/libSparseBLAS.dylib
0x000000000c912000 	/System/Library/PrivateFrameworks/IOAccelerator.framework/Versions/A/IOAccelerator
0x000000000c912000 	/System/Library/PrivateFrameworks/IOPresentment.framework/Versions/A/IOPresentment
0x000000000c912000 	/System/Library/PrivateFrameworks/DSExternalDisplay.framework/Versions/A/DSExternalDisplay
0x000000000c912000 	/System/Library/Frameworks/OpenGL.framework/Versions/A/Libraries/libCoreFSCache.dylib
0x000000000c912000 	/System/Library/Frameworks/CoreVideo.framework/Versions/A/CoreVideo
0x000000000c912000 	/System/Library/PrivateFrameworks/GraphVisualizer.framework/Versions/A/GraphVisualizer
0x000000000c912000 	/System/Library/Frameworks/MetalPerformanceShaders.framework/Versions/A/MetalPerformanceShaders
0x000000000c912000 	/usr/lib/libFosl_dynamic.dylib
0x000000000c912000 	/System/Library/PrivateFrameworks/FaceCore.framework/Versions/A/FaceCore
0x000000000c912000 	/System/Library/Frameworks/OpenCL.framework/Versions/A/OpenCL
0x000000000c912000 	/usr/lib/libcompression.dylib
0x000000000c912000 	/System/Library/Frameworks/ApplicationServices.framework/Versions/A/Frameworks/ATS.framework/Versions/A/Resources/libFontParser.dylib
0x000000000c912000 	/System/Library/Frameworks/ApplicationServices.framework/Versions/A/Frameworks/ATS.framework/Versions/A/Resources/libFontRegistry.dylib
0x000000000c912000 	/System/Library/Frameworks/ImageIO.framework/Versions/A/Resources/libJPEG.dylib
0x000000000c912000 	/System/Library/Frameworks/ImageIO.framework/Versions/A/Resources/libTIFF.dylib
0x000000000c912000 	/System/Library/Frameworks/ImageIO.framework/Versions/A/Resources/libPng.dylib
0x000000000c912000 	/System/Library/Frameworks/ImageIO.framework/Versions/A/Resources/libGIF.dylib
0x000000000c912000 	/System/Library/Frameworks/ImageIO.framework/Versions/A/Resources/libJP2.dylib
0x000000000c912000 	/System/Library/Frameworks/ImageIO.framework/Versions/A/Resources/libRadiance.dylib
0x000000000c912000 	/System/Library/PrivateFrameworks/AppleJPEG.framework/Versions/A/AppleJPEG
0x000000000c912000 	/System/Library/PrivateFrameworks/MetalTools.framework/Versions/A/MetalTools
0x000000000c912000 	/System/Library/Frameworks/MetalPerformanceShaders.framework/Frameworks/MPSCore.framework/Versions/A/MPSCore
0x000000000c912000 	/System/Library/Frameworks/MetalPerformanceShaders.framework/Frameworks/MPSImage.framework/Versions/A/MPSImage
0x000000000c912000 	/System/Library/Frameworks/MetalPerformanceShaders.framework/Frameworks/MPSMatrix.framework/Versions/A/MPSMatrix
0x000000000c912000 	/System/Library/Frameworks/MetalPerformanceShaders.framework/Frameworks/MPSNeuralNetwork.framework/Versions/A/MPSNeuralNetwork
0x000000000c912000 	/System/Library/Frameworks/OpenGL.framework/Versions/A/Libraries/libGLU.dylib
0x000000000c912000 	/System/Library/Frameworks/OpenGL.framework/Versions/A/Libraries/libGFXShared.dylib
0x000000000c912000 	/System/Library/Frameworks/OpenGL.framework/Versions/A/Libraries/libGL.dylib
0x000000000c912000 	/System/Library/Frameworks/OpenGL.framework/Versions/A/Libraries/libGLImage.dylib
0x000000000c912000 	/System/Library/Frameworks/OpenGL.framework/Versions/A/Libraries/libCVMSPluginSupport.dylib
0x000000000c912000 	/System/Library/Frameworks/OpenGL.framework/Versions/A/Libraries/libCoreVMClient.dylib
0x000000000c912000 	/usr/lib/libcups.2.dylib
0x000000000c912000 	/System/Library/Frameworks/Kerberos.framework/Versions/A/Kerberos
0x000000000c912000 	/System/Library/Frameworks/GSS.framework/Versions/A/GSS
0x000000000c912000 	/usr/lib/libresolv.9.dylib
0x000000000c912000 	/usr/lib/libiconv.2.dylib
0x000000000c912000 	/System/Library/PrivateFrameworks/Heimdal.framework/Versions/A/Heimdal
0x000000000c912000 	/usr/lib/libheimdal-asn1.dylib
0x000000000c912000 	/System/Library/Frameworks/OpenDirectory.framework/Versions/A/OpenDirectory
0x000000000c912000 	/System/Library/PrivateFrameworks/CommonAuth.framework/Versions/A/CommonAuth
0x000000000c912000 	/System/Library/Frameworks/OpenDirectory.framework/Versions/A/Frameworks/CFOpenDirectory.framework/Versions/A/CFOpenDirectory
0x000000000c912000 	/System/Library/Frameworks/SecurityFoundation.framework/Versions/A/SecurityFoundation
0x000000000c912000 	/System/Library/PrivateFrameworks/APFS.framework/Versions/A/APFS
0x000000000c912000 	/usr/lib/libutil.dylib
0x000000000c912000 	/System/Library/PrivateFrameworks/AppleSauce.framework/Versions/A/AppleSauce
0x000000000c912000 	/System/Library/PrivateFrameworks/LinguisticData.framework/Versions/A/LinguisticData
0x000000000c912000 	/usr/lib/libmarisa.dylib
0x000000000c912000 	/System/Library/PrivateFrameworks/Lexicon.framework/Versions/A/Lexicon
0x000000000c912000 	/usr/lib/libChineseTokenizer.dylib
0x000000000c912000 	/usr/lib/libcmph.dylib
0x000000000c912000 	/System/Library/PrivateFrameworks/LanguageModeling.framework/Versions/A/LanguageModeling
0x000000000c912000 	/System/Library/PrivateFrameworks/CoreEmoji.framework/Versions/A/CoreEmoji
0x000000000c912000 	/System/Library/Frameworks/ServiceManagement.framework/Versions/A/ServiceManagement
0x000000000c912000 	/System/Library/PrivateFrameworks/BackgroundTaskManagement.framework/Versions/A/BackgroundTaskManagement
0x000000000c912000 	/usr/lib/libxslt.1.dylib
0x000000000c912000 	/System/Library/Frameworks/Carbon.framework/Versions/A/Frameworks/Ink.framework/Versions/A/Ink
0x000000000c912000 	/System/Library/PrivateFrameworks/TextureIO.framework/Versions/A/TextureIO
0x000000000c912000 	/usr/lib/libate.dylib
0x000000000c912000 	/System/Library/PrivateFrameworks/CrashReporterSupport.framework/Versions/A/CrashReporterSupport
0x000000000c912000 	/System/Library/PrivateFrameworks/Sharing.framework/Versions/A/Sharing
0x000000000c912000 	/System/Library/PrivateFrameworks/IconServices.framework/Versions/A/IconServices
0x000000000c912000 	/System/Library/PrivateFrameworks/ProtocolBuffer.framework/Versions/A/ProtocolBuffer
0x000000000c912000 	/System/Library/PrivateFrameworks/Apple80211.framework/Versions/A/Apple80211
0x000000000c912000 	/System/Library/Frameworks/CoreWLAN.framework/Versions/A/CoreWLAN
0x000000000c912000 	/System/Library/PrivateFrameworks/CoreUtils.framework/Versions/A/CoreUtils
0x000000000c912000 	/System/Library/Frameworks/IOBluetooth.framework/Versions/A/IOBluetooth
0x000000000c912000 	/System/Library/PrivateFrameworks/CoreWiFi.framework/Versions/A/CoreWiFi
0x000000000c912000 	/System/Library/Frameworks/CoreBluetooth.framework/Versions/A/CoreBluetooth
0x000000000c912000 	/System/Library/PrivateFrameworks/SignpostNotification.framework/Versions/A/SignpostNotification
0x000000000c912000 	/System/Library/PrivateFrameworks/DebugSymbols.framework/Versions/A/DebugSymbols
0x000000000c912000 	/System/Library/PrivateFrameworks/CoreSymbolication.framework/Versions/A/CoreSymbolication
0x000000000c912000 	/System/Library/PrivateFrameworks/Symbolication.framework/Versions/A/Symbolication
0x000000000c912000 	/System/Library/PrivateFrameworks/AppleFSCompression.framework/Versions/A/AppleFSCompression
0x000000000c912000 	/System/Library/PrivateFrameworks/SpeechRecognitionCore.framework/Versions/A/SpeechRecognitionCore
0x0000000106200000 	/Applications/Android Studio.app/Contents/jre/jdk/Contents/Home/jre/lib/server/libjvm.dylib
0x000000000c912000 	/usr/lib/libstdc++.6.0.9.dylib
0x0000000105040000 	/Applications/Android Studio.app/Contents/jre/jdk/Contents/Home/jre/lib/libverify.dylib
0x000000010504c000 	/Applications/Android Studio.app/Contents/jre/jdk/Contents/Home/jre/lib/libjava.dylib
0x00000001050ca000 	/Applications/Android Studio.app/Contents/jre/jdk/Contents/Home/jre/lib/libzip.dylib
0x000000010c0cb000 	/Applications/Android Studio.app/Contents/jre/jdk/Contents/Home/jre/lib/libnet.dylib
0x000000010c166000 	/Applications/Android Studio.app/Contents/jre/jdk/Contents/Home/jre/lib/libnio.dylib
0x000000010c3ca000 	/Users/annascott/.gradle/native/25/osx-amd64/libnative-platform.dylib
0x000000010c751000 	/Applications/Android Studio.app/Contents/jre/jdk/Contents/Home/jre/lib/libmanagement.dylib
0x000000010c12a000 	/Applications/Android Studio.app/Contents/jre/jdk/Contents/Home/jre/lib/libsunec.dylib

VM Arguments:
jvm_args: -XX:+HeapDumpOnOutOfMemoryError -Xmx1024m -Dfile.encoding=UTF-8 -Duser.country=US -Duser.language=en -Duser.variant 
java_command: org.gradle.launcher.daemon.bootstrap.GradleDaemon 4.4
java_class_path (initial): /Users/annascott/.gradle/wrapper/dists/gradle-4.4-all/9br9xq1tocpiv8o6njlyu5op1/gradle-4.4/lib/gradle-launcher-4.4.jar
Launcher Type: SUN_STANDARD

Environment Variables:
PATH=/usr/local/bin:/usr/bin:/bin:/usr/sbin:/sbin
SHELL=/bin/bash

Signal Handlers:
SIGSEGV: [libjvm.dylib+0x53f567], sa_mask[0]=11111111011111110111111111111111, sa_flags=SA_ONSTACK|SA_RESTART|SA_SIGINFO
SIGBUS: [libjvm.dylib+0x53f567], sa_mask[0]=11111111011111110111111111111111, sa_flags=SA_RESTART|SA_SIGINFO
SIGFPE: [libjvm.dylib+0x437adf], sa_mask[0]=11111111011111110111111111111111, sa_flags=SA_RESTART|SA_SIGINFO
SIGPIPE: [libjvm.dylib+0x437adf], sa_mask[0]=11111111011111110111111111111111, sa_flags=SA_RESTART|SA_SIGINFO
SIGXFSZ: [libjvm.dylib+0x437adf], sa_mask[0]=11111111011111110111111111111111, sa_flags=SA_RESTART|SA_SIGINFO
SIGILL: [libjvm.dylib+0x437adf], sa_mask[0]=11111111011111110111111111111111, sa_flags=SA_RESTART|SA_SIGINFO
SIGUSR1: SIG_DFL, sa_mask[0]=00000000000000000000000000000000, sa_flags=none
SIGUSR2: [libjvm.dylib+0x438404], sa_mask[0]=00100000000000000000000000000000, sa_flags=SA_RESTART|SA_SIGINFO
SIGHUP: [libjvm.dylib+0x4365f9], sa_mask[0]=11111111011111110111111111111111, sa_flags=SA_RESTART|SA_SIGINFO
SIGINT: [libjvm.dylib+0x4365f9], sa_mask[0]=11111111011111110111111111111111, sa_flags=SA_RESTART|SA_SIGINFO
SIGTERM: [libjvm.dylib+0x4365f9], sa_mask[0]=11111111011111110111111111111111, sa_flags=SA_RESTART|SA_SIGINFO
SIGQUIT: [libjvm.dylib+0x4365f9], sa_mask[0]=11111111011111110111111111111111, sa_flags=SA_RESTART|SA_SIGINFO


---------------  S Y S T E M  ---------------

OS:Bsduname:Darwin 17.3.0 Darwin Kernel Version 17.3.0: Thu Nov  9 18:09:22 PST 2017; root:xnu-4570.31.3~1/RELEASE_X86_64 x86_64
rlimit: STACK 8192k, CORE 0k, NPROC 1418, NOFILE 10240, AS infinity
load average:2.98 2.28 2.03

CPU:total 8 (initial active 8) (4 cores per cpu, 2 threads per core) family 6 model 94 stepping 3, cmov, cx8, fxsr, mmx, sse, sse2, sse3, ssse3, sse4.1, sse4.2, popcnt, avx, avx2, aes, clmul, erms, rtm, 3dnowpref, lzcnt, ht, tsc, tscinvbit, bmi1, bmi2, adx

Memory: 4k page, physical 16777216k(1336360k free)

/proc/meminfo:


vm_info: OpenJDK 64-Bit Server VM (25.152-b01) for bsd-amd64 JRE (1.8.0_152-release-1024-b01), built by "builder" with gcc 4.2.1 Compatible Apple LLVM 8.1.0 (clang-802.0.42)

time: Tue Jun 12 13:05:26 2018
elapsed time: 249 seconds (0d 0h 4m 9s)

