#
# A fatal error has been detected by the Java Runtime Environment:
#
#  SIGSEGV (0xb) at pc=0x000000010e36b8ae, pid=817, tid=0x0000000000003903
#
# JRE version: OpenJDK Runtime Environment (8.0_152-b01) (build 1.8.0_152-release-1024-b01)
# Java VM: OpenJDK 64-Bit Server VM (25.152-b01 mixed mode bsd-amd64 compressed oops)
# Problematic frame:
# V  [libjvm.dylib+0x36b8ae]  PhaseCFG::schedule_local(Block*, GrowableArray<int>&, VectorSet&)+0x1ec
#
# Failed to write core dump. Core dumps have been disabled. To enable core dumping, try "ulimit -c unlimited" before starting Java again
#
# If you would like to submit a bug report, please visit:
#   http://bugreport.java.com/bugreport/crash.jsp
#

---------------  T H R E A D  ---------------

Current thread (0x00007ff2b1017800):  JavaThread "C2 CompilerThread1" daemon [_thread_in_native, id=14595, stack(0x000070000d75b000,0x000070000d85b000)]

siginfo: si_signo: 11 (SIGSEGV), si_code: 0 (unknown), si_addr: 0x0000000000000000

Registers:
RAX=0x0000000000000007, RBX=0x00007ff2b8093010, RCX=0x80007ff2b322ec78, RDX=0x00007ff2b13ac850
RSP=0x000070000d857ab0, RBP=0x000070000d857b90, RSI=0x00007ff2b322f348, RDI=0x00000000000004f8
R8 =0x00007ff2b6c6ccf0, R9 =0x00007ff2b4b3c790, R10=0x00007ff2b8093010, R11=0x0000001f00000000
R12=0x000070000d857bf0, R13=0x00007ff2b4b3c650, R14=0x000070000d8593e8, R15=0x0000000000000006
RIP=0x000000010e36b8ae, EFLAGS=0x0000000000010293, ERR=0x0000000000000000
  TRAPNO=0x000000000000000d

Top of Stack: (sp=0x000070000d857ab0)
0x000070000d857ab0:   000070000d857bd0 0000000000000004
0x000070000d857ac0:   000070000d857ae0 000000010e3a36c6
0x000070000d857ad0:   000000010e7ab158 00007ff2b6c69158
0x000070000d857ae0:   000070000d857af0 000000010e7ab158
0x000070000d857af0:   000070000d859440 00007ff2b0d1d070
0x000070000d857b00:   0000000000000004 00007ff2b155afd0
0x000070000d857b10:   00007ff200000000 000070000d857bd0
0x000070000d857b20:   00007ff2b0d1d070 0000000000000004
0x000070000d857b30:   00007ff2b155aff0 00007ff200000000
0x000070000d857b40:   0000000000000006 00007ff2b4b3c660
0x000070000d857b50:   00007ff200000006 000070000d857bf0
0x000070000d857b60:   0000000000000001 0000000000000148
0x000070000d857b70:   000070000d857bd0 00000000000008f7
0x000070000d857b80:   000070000d8593e8 000070000d857bf0
0x000070000d857b90:   000070000d857c60 000000010e25a0d0
0x000070000d857ba0:   0000000000000000 00007ff2b0d1d070
0x000070000d857bb0:   00007ff2b6b0f600 00007ff2b6b148b0
0x000070000d857bc0:   00007ff2b6b175e8 00000000000bad08
0x000070000d857bd0:   000000010e7be498 00007ff2b0d1d070
0x000070000d857be0:   0000700000000080 00007ff2b13afd40
0x000070000d857bf0:   00000b7100000b71 0000000000000000
0x000070000d857c00:   0000700000000007 00007ff2b13ac850
0x000070000d857c10:   ffffffffb6b175e8 00007ff2b0d1d070
0x000070000d857c20:   00007ff200000800 00007ff2b6c37610
0x000070000d857c30:   00007ff200000000 000070000d8593e8
0x000070000d857c40:   000070000d85a210 000070000d85a168
0x000070000d857c50:   000070000d8593e8 000070000d858920
0x000070000d857c60:   000070000d857c80 000000010e25a1e2
0x000070000d857c70:   00007ff2b0d1d070 000070000d85a078
0x000070000d857c80:   000070000d859490 000000010e196931
0x000070000d857c90:   0000000000000000 000000010e7b7da0
0x000070000d857ca0:   0000000000000006 000070000d85a078 

Instructions: (pc=0x000000010e36b8ae)
0x000000010e36b88e:   85 9d fe ff ff 8b 55 c0 48 8b 4d d0 48 89 4d d0
0x000000010e36b89e:   41 3b 55 28 73 26 89 d0 49 8b 4d 20 48 8b 0c c1
0x000000010e36b8ae:   48 63 49 28 49 8b 54 24 18 c7 04 8a 00 00 00 00
0x000000010e36b8be:   48 ff c0 41 8b 4d 28 48 39 c8 72 dc 45 31 ff 48 

Register to memory mapping:

RAX=0x0000000000000007 is an unknown value
RBX=0x00007ff2b8093010 is an unknown value
RCX=0x80007ff2b322ec78 is an unknown value
RDX=0x00007ff2b13ac850 is an unknown value
RSP=0x000070000d857ab0 is pointing into the stack for thread: 0x00007ff2b1017800
RBP=0x000070000d857b90 is pointing into the stack for thread: 0x00007ff2b1017800
RSI=0x00007ff2b322f348 is an unknown value
RDI=0x00000000000004f8 is an unknown value
R8 =0x00007ff2b6c6ccf0 is an unknown value
R9 =0x00007ff2b4b3c790 is an unknown value
R10=0x00007ff2b8093010 is an unknown value
R11=0x0000001f00000000 is an unknown value
R12=0x000070000d857bf0 is pointing into the stack for thread: 0x00007ff2b1017800
R13=0x00007ff2b4b3c650 is an unknown value
R14=0x000070000d8593e8 is pointing into the stack for thread: 0x00007ff2b1017800
R15=0x0000000000000006 is an unknown value


Stack: [0x000070000d75b000,0x000070000d85b000],  sp=0x000070000d857ab0,  free space=1010k
Native frames: (J=compiled Java code, j=interpreted, Vv=VM code, C=native code)
V  [libjvm.dylib+0x36b8ae]  PhaseCFG::schedule_local(Block*, GrowableArray<int>&, VectorSet&)+0x1ec
V  [libjvm.dylib+0x25a0d0]  PhaseCFG::global_code_motion()+0x34c
V  [libjvm.dylib+0x25a1e2]  PhaseCFG::do_global_code_motion()+0x3a
V  [libjvm.dylib+0x196931]  Compile::Code_Gen()+0xdf
V  [libjvm.dylib+0x195388]  Compile::Compile(ciEnv*, C2Compiler*, ciMethod*, int, bool, bool, bool)+0x9fa
V  [libjvm.dylib+0x13b9da]  C2Compiler::compile_method(ciEnv*, ciMethod*, int)+0xa4
V  [libjvm.dylib+0x1a067a]  CompileBroker::invoke_compiler_on_method(CompileTask*)+0x564
V  [libjvm.dylib+0x19fc78]  CompileBroker::compiler_thread_loop()+0x270
V  [libjvm.dylib+0x505e88]  JavaThread::thread_main_inner()+0x82
V  [libjvm.dylib+0x505d4d]  JavaThread::run()+0x199
V  [libjvm.dylib+0x435709]  java_start(Thread*)+0xfa
C  [libsystem_pthread.dylib+0x36c1]  _pthread_body+0x154
C  [libsystem_pthread.dylib+0x356d]  _pthread_body+0x0
C  [libsystem_pthread.dylib+0x2c5d]  thread_start+0xd
C  0x0000000000000000


Current CompileTask:
C2:   2108 1795   !   4       sun.misc.URLClassPath$JarLoader::getResource (353 bytes)


---------------  P R O C E S S  ---------------

Java Threads: ( => current thread )
  0x00007ff2b6af7000 JavaThread "Cache worker for Artifact transforms cache (/Users/annascott/.gradle/caches/transforms-1)" [_thread_blocked, id=24835, stack(0x000070000e78b000,0x000070000e88b000)]
  0x00007ff2b34cf800 JavaThread "Cache worker for file hash cache (/Users/annascott/Downloads/ud843-QuakeReport-starting-point/.gradle/4.4/fileHashes)" [_thread_blocked, id=24579, stack(0x000070000e688000,0x000070000e788000)]
  0x00007ff2b237e000 JavaThread "File lock request listener" [_thread_in_native, id=40963, stack(0x000070000e585000,0x000070000e685000)]
  0x00007ff2b239d000 JavaThread "Cache worker for file hash cache (/Users/annascott/.gradle/caches/4.4/fileHashes)" [_thread_blocked, id=41475, stack(0x000070000e482000,0x000070000e582000)]
  0x00007ff2b2d11800 JavaThread "Stdin handler" [_thread_blocked, id=23811, stack(0x000070000e37f000,0x000070000e47f000)]
  0x00007ff2b2d10800 JavaThread "Asynchronous log dispatcher for DefaultDaemonConnection: socket connection from /127.0.0.1:52431 to /127.0.0.1:52432" [_thread_blocked, id=23555, stack(0x000070000e27c000,0x000070000e37c000)]
  0x00007ff2b2d0e000 JavaThread "Daemon worker" [_thread_in_vm, id=41987, stack(0x000070000e179000,0x000070000e279000)]
  0x00007ff2b2d08800 JavaThread "Cancel handler" [_thread_blocked, id=42243, stack(0x000070000e076000,0x000070000e176000)]
  0x00007ff2b2cff000 JavaThread "Handler for socket connection from /127.0.0.1:52431 to /127.0.0.1:52432" [_thread_in_native, id=42499, stack(0x000070000df73000,0x000070000e073000)]
  0x00007ff2b2353000 JavaThread "Daemon" [_thread_blocked, id=43011, stack(0x000070000de70000,0x000070000df70000)]
  0x00007ff2b502f800 JavaThread "Daemon periodic checks" [_thread_blocked, id=22275, stack(0x000070000dd6d000,0x000070000de6d000)]
  0x00007ff2b12d2800 JavaThread "Incoming local TCP Connector on port 52431" [_thread_in_native, id=43267, stack(0x000070000dc6a000,0x000070000dd6a000)]
  0x00007ff2b3013000 JavaThread "Service Thread" daemon [_thread_blocked, id=16131, stack(0x000070000da64000,0x000070000db64000)]
  0x00007ff2b101c800 JavaThread "C1 CompilerThread3" daemon [_thread_blocked, id=16387, stack(0x000070000d961000,0x000070000da61000)]
  0x00007ff2b101c000 JavaThread "C2 CompilerThread2" daemon [_thread_in_native, id=14851, stack(0x000070000d85e000,0x000070000d95e000)]
=>0x00007ff2b1017800 JavaThread "C2 CompilerThread1" daemon [_thread_in_native, id=14595, stack(0x000070000d75b000,0x000070000d85b000)]
  0x00007ff2b1030000 JavaThread "C2 CompilerThread0" daemon [_thread_in_native, id=14083, stack(0x000070000d658000,0x000070000d758000)]
  0x00007ff2b100f800 JavaThread "Signal Dispatcher" daemon [_thread_blocked, id=13831, stack(0x000070000d555000,0x000070000d655000)]
  0x00007ff2b203a000 JavaThread "Finalizer" daemon [_thread_blocked, id=19203, stack(0x000070000d3cf000,0x000070000d4cf000)]
  0x00007ff2b101b000 JavaThread "Reference Handler" daemon [_thread_blocked, id=19715, stack(0x000070000d2cc000,0x000070000d3cc000)]
  0x00007ff2b2806800 JavaThread "main" [_thread_blocked, id=10499, stack(0x000070000c8ae000,0x000070000c9ae000)]

Other Threads:
  0x00007ff2b283e000 VMThread [stack: 0x000070000d1c9000,0x000070000d2c9000] [id=12035]
  0x00007ff2b4800000 WatcherThread [stack: 0x000070000db67000,0x000070000dc67000] [id=15619]

VM state:not at safepoint (normal execution)

VM Mutex/Monitor currently owned by a thread: None

Heap:
 PSYoungGen      total 76288K, used 32338K [0x00000007aab00000, 0x00000007b4000000, 0x00000007c0000000)
  eden space 65536K, 49% used [0x00000007aab00000,0x00000007aca94848,0x00000007aeb00000)
  from space 10752K, 0% used [0x00000007aeb00000,0x00000007aeb00000,0x00000007af580000)
  to   space 10752K, 0% used [0x00000007b3580000,0x00000007b3580000,0x00000007b4000000)
 ParOldGen       total 108032K, used 8498K [0x0000000780000000, 0x0000000786980000, 0x00000007aab00000)
  object space 108032K, 7% used [0x0000000780000000,0x000000078084cb80,0x0000000786980000)
 Metaspace       used 23386K, capacity 23878K, committed 24192K, reserved 1071104K
  class space    used 3232K, capacity 3398K, committed 3456K, reserved 1048576K

Card table byte_map: [0x000000010ee79000,0x000000010f07a000] byte_map_base: 0x000000010b279000

Marking Bits: (ParMarkBitMap*) 0x000000010e7f81c8
 Begin Bits: [0x000000010f1d0000, 0x00000001101d0000)
 End Bits:   [0x00000001101d0000, 0x00000001111d0000)

Polling page: 0x000000010cffc000

CodeCache: size=245760Kb used=6875Kb max_used=6875Kb free=238884Kb
 bounds [0x00000001143a8000, 0x0000000114a68000, 0x00000001233a8000]
 total_blobs=2431 nmethods=1815 adapters=530
 compilation: enabled

Compilation events (10 events):
Event: 2.083 Thread 0x00007ff2b101c800 1806   !   3       org.gradle.internal.reflect.JavaMethod::invoke (74 bytes)
Event: 2.085 Thread 0x00007ff2b101c800 nmethod 1806 0x0000000114a56b50 code [0x0000000114a56e20, 0x0000000114a584b8]
Event: 2.087 Thread 0x00007ff2b101c800 1807       3       java.util.regex.Pattern$LastNode::match (45 bytes)
Event: 2.087 Thread 0x00007ff2b101c800 nmethod 1807 0x0000000114a59190 code [0x0000000114a59300, 0x0000000114a59530]
Event: 2.087 Thread 0x00007ff2b101c800 1808       3       org.objectweb.asm.Label::getFirst (19 bytes)
Event: 2.087 Thread 0x00007ff2b101c800 nmethod 1808 0x0000000114a59650 code [0x0000000114a597c0, 0x0000000114a59970]
Event: 2.087 Thread 0x00007ff2b101c800 1809       3       org.objectweb.asm.Type::getDescriptor (18 bytes)
Event: 2.088 Thread 0x00007ff2b101c800 nmethod 1809 0x0000000114a59a10 code [0x0000000114a59bc0, 0x0000000114a5a0d8]
Event: 2.088 Thread 0x00007ff2b101c800 1810       3       org.objectweb.asm.ByteVector::putInt (74 bytes)
Event: 2.088 Thread 0x00007ff2b101c800 nmethod 1810 0x0000000114a5a310 code [0x0000000114a5a480, 0x0000000114a5a708]

GC Heap History (8 events):
Event: 0.871 GC heap before
{Heap before GC invocations=1 (full 0):
 PSYoungGen      total 76288K, used 65536K [0x00000007aab00000, 0x00000007b0000000, 0x00000007c0000000)
  eden space 65536K, 100% used [0x00000007aab00000,0x00000007aeb00000,0x00000007aeb00000)
  from space 10752K, 0% used [0x00000007af580000,0x00000007af580000,0x00000007b0000000)
  to   space 10752K, 0% used [0x00000007aeb00000,0x00000007aeb00000,0x00000007af580000)
 ParOldGen       total 175104K, used 0K [0x0000000780000000, 0x000000078ab00000, 0x00000007aab00000)
  object space 175104K, 0% used [0x0000000780000000,0x0000000780000000,0x000000078ab00000)
 Metaspace       used 10659K, capacity 10984K, committed 11136K, reserved 1058816K
  class space    used 1429K, capacity 1550K, committed 1664K, reserved 1048576K
Event: 0.879 GC heap after
Heap after GC invocations=1 (full 0):
 PSYoungGen      total 76288K, used 7766K [0x00000007aab00000, 0x00000007b0000000, 0x00000007c0000000)
  eden space 65536K, 0% used [0x00000007aab00000,0x00000007aab00000,0x00000007aeb00000)
  from space 10752K, 72% used [0x00000007aeb00000,0x00000007af295850,0x00000007af580000)
  to   space 10752K, 0% used [0x00000007af580000,0x00000007af580000,0x00000007b0000000)
 ParOldGen       total 175104K, used 16K [0x0000000780000000, 0x000000078ab00000, 0x00000007aab00000)
  object space 175104K, 0% used [0x0000000780000000,0x0000000780004000,0x000000078ab00000)
 Metaspace       used 10659K, capacity 10984K, committed 11136K, reserved 1058816K
  class space    used 1429K, capacity 1550K, committed 1664K, reserved 1048576K
}
Event: 1.481 GC heap before
{Heap before GC invocations=2 (full 0):
 PSYoungGen      total 76288K, used 73302K [0x00000007aab00000, 0x00000007b0000000, 0x00000007c0000000)
  eden space 65536K, 100% used [0x00000007aab00000,0x00000007aeb00000,0x00000007aeb00000)
  from space 10752K, 72% used [0x00000007aeb00000,0x00000007af295850,0x00000007af580000)
  to   space 10752K, 0% used [0x00000007af580000,0x00000007af580000,0x00000007b0000000)
 ParOldGen       total 175104K, used 16K [0x0000000780000000, 0x000000078ab00000, 0x00000007aab00000)
  object space 175104K, 0% used [0x0000000780000000,0x0000000780004000,0x000000078ab00000)
 Metaspace       used 16680K, capacity 17068K, committed 17408K, reserved 1064960K
  class space    used 2413K, capacity 2542K, committed 2560K, reserved 1048576K
Event: 1.494 GC heap after
Heap after GC invocations=2 (full 0):
 PSYoungGen      total 76288K, used 10372K [0x00000007aab00000, 0x00000007b4000000, 0x00000007c0000000)
  eden space 65536K, 0% used [0x00000007aab00000,0x00000007aab00000,0x00000007aeb00000)
  from space 10752K, 96% used [0x00000007af580000,0x00000007affa1250,0x00000007b0000000)
  to   space 10752K, 0% used [0x00000007aeb00000,0x00000007aeb00000,0x00000007af580000)
 ParOldGen       total 175104K, used 24K [0x0000000780000000, 0x000000078ab00000, 0x00000007aab00000)
  object space 175104K, 0% used [0x0000000780000000,0x0000000780006000,0x000000078ab00000)
 Metaspace       used 16680K, capacity 17068K, committed 17408K, reserved 1064960K
  class space    used 2413K, capacity 2542K, committed 2560K, reserved 1048576K
}
Event: 1.776 GC heap before
{Heap before GC invocations=3 (full 0):
 PSYoungGen      total 76288K, used 32599K [0x00000007aab00000, 0x00000007b4000000, 0x00000007c0000000)
  eden space 65536K, 33% used [0x00000007aab00000,0x00000007ac0b4c58,0x00000007aeb00000)
  from space 10752K, 96% used [0x00000007af580000,0x00000007affa1250,0x00000007b0000000)
  to   space 10752K, 0% used [0x00000007aeb00000,0x00000007aeb00000,0x00000007af580000)
 ParOldGen       total 175104K, used 24K [0x0000000780000000, 0x000000078ab00000, 0x00000007aab00000)
  object space 175104K, 0% used [0x0000000780000000,0x0000000780006000,0x000000078ab00000)
 Metaspace       used 20691K, capacity 21102K, committed 21248K, reserved 1067008K
  class space    used 2908K, capacity 3070K, committed 3072K, reserved 1048576K
Event: 1.783 GC heap after
Heap after GC invocations=3 (full 0):
 PSYoungGen      total 76288K, used 8779K [0x00000007aab00000, 0x00000007b4000000, 0x00000007c0000000)
  eden space 65536K, 0% used [0x00000007aab00000,0x00000007aab00000,0x00000007aeb00000)
  from space 10752K, 81% used [0x00000007aeb00000,0x00000007af392da8,0x00000007af580000)
  to   space 10752K, 0% used [0x00000007b3580000,0x00000007b3580000,0x00000007b4000000)
 ParOldGen       total 175104K, used 32K [0x0000000780000000, 0x000000078ab00000, 0x00000007aab00000)
  object space 175104K, 0% used [0x0000000780000000,0x0000000780008000,0x000000078ab00000)
 Metaspace       used 20691K, capacity 21102K, committed 21248K, reserved 1067008K
  class space    used 2908K, capacity 3070K, committed 3072K, reserved 1048576K
}
Event: 1.783 GC heap before
{Heap before GC invocations=4 (full 1):
 PSYoungGen      total 76288K, used 8779K [0x00000007aab00000, 0x00000007b4000000, 0x00000007c0000000)
  eden space 65536K, 0% used [0x00000007aab00000,0x00000007aab00000,0x00000007aeb00000)
  from space 10752K, 81% used [0x00000007aeb00000,0x00000007af392da8,0x00000007af580000)
  to   space 10752K, 0% used [0x00000007b3580000,0x00000007b3580000,0x00000007b4000000)
 ParOldGen       total 175104K, used 32K [0x0000000780000000, 0x000000078ab00000, 0x00000007aab00000)
  object space 175104K, 0% used [0x0000000780000000,0x0000000780008000,0x000000078ab00000)
 Metaspace       used 20691K, capacity 21102K, committed 21248K, reserved 1067008K
  class space    used 2908K, capacity 3070K, committed 3072K, reserved 1048576K
Event: 1.817 GC heap after
Heap after GC invocations=4 (full 1):
 PSYoungGen      total 76288K, used 0K [0x00000007aab00000, 0x00000007b4000000, 0x00000007c0000000)
  eden space 65536K, 0% used [0x00000007aab00000,0x00000007aab00000,0x00000007aeb00000)
  from space 10752K, 0% used [0x00000007aeb00000,0x00000007aeb00000,0x00000007af580000)
  to   space 10752K, 0% used [0x00000007b3580000,0x00000007b3580000,0x00000007b4000000)
 ParOldGen       total 108032K, used 8498K [0x0000000780000000, 0x0000000786980000, 0x00000007aab00000)
  object space 108032K, 7% used [0x0000000780000000,0x000000078084cb80,0x0000000786980000)
 Metaspace       used 20691K, capacity 21102K, committed 21248K, reserved 1067008K
  class space    used 2908K, capacity 3070K, committed 3072K, reserved 1048576K
}

Deoptimization events (10 events):
Event: 1.507 Thread 0x00007ff2b2d0e000 Uncommon trap: reason=bimorphic action=maybe_recompile pc=0x00000001147c67ec method=java.lang.ClassLoader.loadClass(Ljava/lang/String;Z)Ljava/lang/Class; @ 38
Event: 1.580 Thread 0x00007ff2b2d0e000 Uncommon trap: reason=unstable_if action=reinterpret pc=0x0000000114540c08 method=java.lang.AbstractStringBuilder.append(Ljava/lang/String;)Ljava/lang/AbstractStringBuilder; @ 1
Event: 1.580 Thread 0x00007ff2b2d0e000 Uncommon trap: reason=unstable_if action=reinterpret pc=0x0000000114515c0c method=java.lang.AbstractStringBuilder.append(Ljava/lang/String;)Ljava/lang/AbstractStringBuilder; @ 1
Event: 1.614 Thread 0x00007ff2b2d0e000 Uncommon trap: reason=class_check action=maybe_recompile pc=0x000000011457f21c method=sun.misc.URLClassPath.getLoader(I)Lsun/misc/URLClassPath$Loader; @ 94
Event: 1.614 Thread 0x00007ff2b2d0e000 Uncommon trap: reason=class_check action=maybe_recompile pc=0x000000011468cbec method=sun.misc.URLClassPath.getResource(Ljava/lang/String;Z)Lsun/misc/Resource; @ 62
Event: 1.615 Thread 0x00007ff2b2d0e000 Uncommon trap: reason=unstable_if action=reinterpret pc=0x00000001148715a4 method=java.lang.ClassLoader.getClassLoadingLock(Ljava/lang/String;)Ljava/lang/Object; @ 6
Event: 1.616 Thread 0x00007ff2b2d0e000 Uncommon trap: reason=unstable_if action=reinterpret pc=0x00000001148653bc method=java.lang.ClassLoader.getClassLoadingLock(Ljava/lang/String;)Ljava/lang/Object; @ 6
Event: 1.818 Thread 0x00007ff2b101b000 Uncommon trap: reason=unstable_if action=reinterpret pc=0x00000001148687f4 method=java.lang.ref.Reference.tryHandlePending(Z)Z @ 104
Event: 2.007 Thread 0x00007ff2b2d0e000 Uncommon trap: reason=unstable_if action=reinterpret pc=0x0000000114795e24 method=java.util.HashMap.hash(Ljava/lang/Object;)I @ 1
Event: 2.044 Thread 0x00007ff2b2d0e000 Uncommon trap: reason=unstable_if action=reinterpret pc=0x0000000114627f18 method=java.io.UnixFileSystem.resolve(Ljava/lang/String;Ljava/lang/String;)Ljava/lang/String; @ 18

Classes redefined (0 events):
No events

Internal exceptions (10 events):
Event: 1.881 Thread 0x00007ff2b2d0e000 Exception <a 'java/lang/ClassNotFoundException': org/gradle/api/internal/plugins/DefaultExtraPropertiesExtensionCustomizer> (0x00000007ab16d5d0) thrown at [/Volumes/android/AOSP-openjdk-git/jdk8u/hotspot/src/share/vm/classfile/systemDictionary.cpp, line 2
Event: 1.902 Thread 0x00007ff2b2d0e000 Exception <a 'java/lang/ClassNotFoundException': groovy/lang/Closure$1BeanInfo> (0x00000007ab295878) thrown at [/Volumes/android/AOSP-openjdk-git/jdk8u/hotspot/src/share/vm/classfile/systemDictionary.cpp, line 210]
Event: 1.903 Thread 0x00007ff2b2d0e000 Exception <a 'java/lang/ClassNotFoundException': groovy/lang/ClosureBeanInfo> (0x00000007ab2ae4d0) thrown at [/Volumes/android/AOSP-openjdk-git/jdk8u/hotspot/src/share/vm/classfile/systemDictionary.cpp, line 210]
Event: 1.904 Thread 0x00007ff2b2d0e000 Exception <a 'java/lang/ClassNotFoundException': groovy/lang/ClosureCustomizer> (0x00000007ab2c7bb0) thrown at [/Volumes/android/AOSP-openjdk-git/jdk8u/hotspot/src/share/vm/classfile/systemDictionary.cpp, line 210]
Event: 1.906 Thread 0x00007ff2b2d0e000 Exception <a 'java/lang/ClassNotFoundException': groovy/lang/Closure$1Customizer> (0x00000007ab309a08) thrown at [/Volumes/android/AOSP-openjdk-git/jdk8u/hotspot/src/share/vm/classfile/systemDictionary.cpp, line 210]
Event: 1.979 Thread 0x00007ff2b2d0e000 Exception <a 'java/lang/ClassNotFoundException': org/gradle/internal/metaobject/ConfigureDelegateBeanInfo> (0x00000007ab87f9d0) thrown at [/Volumes/android/AOSP-openjdk-git/jdk8u/hotspot/src/share/vm/classfile/systemDictionary.cpp, line 210]
Event: 1.979 Thread 0x00007ff2b2d0e000 Exception <a 'java/lang/ClassNotFoundException': org/gradle/internal/metaobject/ConfigureDelegateCustomizer> (0x00000007ab8a4938) thrown at [/Volumes/android/AOSP-openjdk-git/jdk8u/hotspot/src/share/vm/classfile/systemDictionary.cpp, line 210]
Event: 1.982 Thread 0x00007ff2b2d0e000 Exception <a 'java/lang/ClassNotFoundException': org/gradle/api/internal/initialization/DefaultScriptHandlerBeanInfo> (0x00000007ab91f448) thrown at [/Volumes/android/AOSP-openjdk-git/jdk8u/hotspot/src/share/vm/classfile/systemDictionary.cpp, line 210]
Event: 1.983 Thread 0x00007ff2b2d0e000 Exception <a 'java/lang/ClassNotFoundException': org/gradle/api/internal/initialization/DefaultScriptHandlerCustomizer> (0x00000007ab94b408) thrown at [/Volumes/android/AOSP-openjdk-git/jdk8u/hotspot/src/share/vm/classfile/systemDictionary.cpp, line 210]
Event: 2.007 Thread 0x00007ff2b2d0e000 Implicit null exception at 0x0000000114795bf5 to 0x0000000114795e15

Events (10 events):
Event: 2.094 loading class org/gradle/api/internal/artifacts/ivyservice/resolveengine/artifact/DependencyArtifactsVisitor
Event: 2.094 loading class org/gradle/api/internal/artifacts/ivyservice/resolveengine/artifact/DependencyArtifactsVisitor done
Event: 2.094 loading class org/gradle/api/internal/artifacts/ivyservice/DefaultConfigurationResolver$1
Event: 2.094 loading class org/gradle/api/internal/artifacts/ivyservice/DefaultConfigurationResolver$1 done
Event: 2.095 loading class org/gradle/api/internal/artifacts/transform/DefaultArtifactTransforms
Event: 2.095 loading class org/gradle/api/internal/artifacts/transform/DefaultArtifactTransforms done
Event: 2.095 loading class org/gradle/api/internal/artifacts/transform/VariantSelector
Event: 2.095 loading class org/gradle/api/internal/artifacts/transform/VariantSelector done
Event: 2.095 loading class org/gradle/api/internal/artifacts/transform/VariantAttributeMatchingCache
Event: 2.095 loading class org/gradle/api/internal/artifacts/transform/VariantAttributeMatchingCache done


Dynamic libraries:
0x00000000009ba000 	/System/Library/Frameworks/Cocoa.framework/Versions/A/Cocoa
0x00000000009ba000 	/System/Library/Frameworks/Security.framework/Versions/A/Security
0x00000000009ba000 	/System/Library/Frameworks/ApplicationServices.framework/Versions/A/ApplicationServices
0x00000000009ba000 	/usr/lib/libz.1.dylib
0x00000000009ba000 	/usr/lib/libSystem.B.dylib
0x00000000009ba000 	/System/Library/Frameworks/CoreFoundation.framework/Versions/A/CoreFoundation
0x00000000009ba000 	/System/Library/Frameworks/Foundation.framework/Versions/C/Foundation
0x00000000009ba000 	/usr/lib/libobjc.A.dylib
0x00000000009ba000 	/System/Library/Frameworks/AppKit.framework/Versions/C/AppKit
0x00000000009ba000 	/System/Library/Frameworks/CoreData.framework/Versions/A/CoreData
0x00000000009ba000 	/System/Library/PrivateFrameworks/RemoteViewServices.framework/Versions/A/RemoteViewServices
0x00000000009ba000 	/System/Library/PrivateFrameworks/UIFoundation.framework/Versions/A/UIFoundation
0x00000000009ba000 	/System/Library/PrivateFrameworks/DFRFoundation.framework/Versions/A/DFRFoundation
0x00000000009ba000 	/System/Library/Frameworks/Metal.framework/Versions/A/Metal
0x00000000009ba000 	/System/Library/PrivateFrameworks/DesktopServicesPriv.framework/Versions/A/DesktopServicesPriv
0x00000000009ba000 	/usr/lib/libenergytrace.dylib
0x00000000009ba000 	/System/Library/PrivateFrameworks/SkyLight.framework/Versions/A/SkyLight
0x00000000009ba000 	/System/Library/Frameworks/CoreGraphics.framework/Versions/A/CoreGraphics
0x00000000009ba000 	/usr/lib/libScreenReader.dylib
0x00000000009ba000 	/System/Library/Frameworks/Accelerate.framework/Versions/A/Accelerate
0x00000000009ba000 	/System/Library/Frameworks/IOSurface.framework/Versions/A/IOSurface
0x00000000009ba000 	/System/Library/Frameworks/AudioToolbox.framework/Versions/A/AudioToolbox
0x00000000009ba000 	/System/Library/Frameworks/AudioUnit.framework/Versions/A/AudioUnit
0x00000000009ba000 	/System/Library/PrivateFrameworks/DataDetectorsCore.framework/Versions/A/DataDetectorsCore
0x00000000009ba000 	/System/Library/Frameworks/Carbon.framework/Versions/A/Frameworks/HIToolbox.framework/Versions/A/HIToolbox
0x00000000009ba000 	/usr/lib/libicucore.A.dylib
0x00000000009ba000 	/System/Library/Frameworks/QuartzCore.framework/Versions/A/QuartzCore
0x00000000009ba000 	/System/Library/Frameworks/Carbon.framework/Versions/A/Frameworks/SpeechRecognition.framework/Versions/A/SpeechRecognition
0x00000000009ba000 	/usr/lib/libauto.dylib
0x00000000009ba000 	/usr/lib/libxml2.2.dylib
0x00000000009ba000 	/System/Library/PrivateFrameworks/CoreUI.framework/Versions/A/CoreUI
0x00000000009ba000 	/System/Library/Frameworks/CoreAudio.framework/Versions/A/CoreAudio
0x00000000009ba000 	/System/Library/Frameworks/DiskArbitration.framework/Versions/A/DiskArbitration
0x00000000009ba000 	/usr/lib/liblangid.dylib
0x00000000009ba000 	/System/Library/PrivateFrameworks/MultitouchSupport.framework/Versions/A/MultitouchSupport
0x00000000009ba000 	/System/Library/Frameworks/IOKit.framework/Versions/A/IOKit
0x00000000009ba000 	/usr/lib/libDiagnosticMessagesClient.dylib
0x00000000009ba000 	/System/Library/Frameworks/CoreServices.framework/Versions/A/CoreServices
0x00000000009ba000 	/System/Library/PrivateFrameworks/PerformanceAnalysis.framework/Versions/A/PerformanceAnalysis
0x00000000009ba000 	/System/Library/Frameworks/OpenGL.framework/Versions/A/OpenGL
0x00000000009ba000 	/System/Library/Frameworks/ColorSync.framework/Versions/A/ColorSync
0x00000000009ba000 	/System/Library/Frameworks/CoreImage.framework/Versions/A/CoreImage
0x00000000009ba000 	/System/Library/Frameworks/CoreText.framework/Versions/A/CoreText
0x00000000009ba000 	/System/Library/Frameworks/ImageIO.framework/Versions/A/ImageIO
0x00000000009ba000 	/System/Library/PrivateFrameworks/Backup.framework/Versions/A/Backup
0x00000000009ba000 	/usr/lib/libarchive.2.dylib
0x00000000009ba000 	/System/Library/Frameworks/CFNetwork.framework/Versions/A/CFNetwork
0x00000000009ba000 	/System/Library/Frameworks/SystemConfiguration.framework/Versions/A/SystemConfiguration
0x00000000009ba000 	/usr/lib/libCRFSuite.dylib
0x00000000009ba000 	/usr/lib/libc++.1.dylib
0x00000000009ba000 	/usr/lib/libc++abi.dylib
0x00000000009ba000 	/usr/lib/system/libcache.dylib
0x00000000009ba000 	/usr/lib/system/libcommonCrypto.dylib
0x00000000009ba000 	/usr/lib/system/libcompiler_rt.dylib
0x00000000009ba000 	/usr/lib/system/libcopyfile.dylib
0x00000000009ba000 	/usr/lib/system/libcorecrypto.dylib
0x00000000009ba000 	/usr/lib/system/libdispatch.dylib
0x00000000009ba000 	/usr/lib/system/libdyld.dylib
0x00000000009ba000 	/usr/lib/system/libkeymgr.dylib
0x00000000009ba000 	/usr/lib/system/liblaunch.dylib
0x00000000009ba000 	/usr/lib/system/libmacho.dylib
0x00000000009ba000 	/usr/lib/system/libquarantine.dylib
0x00000000009ba000 	/usr/lib/system/libremovefile.dylib
0x00000000009ba000 	/usr/lib/system/libsystem_asl.dylib
0x00000000009ba000 	/usr/lib/system/libsystem_blocks.dylib
0x00000000009ba000 	/usr/lib/system/libsystem_c.dylib
0x00000000009ba000 	/usr/lib/system/libsystem_configuration.dylib
0x00000000009ba000 	/usr/lib/system/libsystem_coreservices.dylib
0x00000000009ba000 	/usr/lib/system/libsystem_darwin.dylib
0x00000000009ba000 	/usr/lib/system/libsystem_dnssd.dylib
0x00000000009ba000 	/usr/lib/system/libsystem_info.dylib
0x00000000009ba000 	/usr/lib/system/libsystem_m.dylib
0x00000000009ba000 	/usr/lib/system/libsystem_malloc.dylib
0x00000000009ba000 	/usr/lib/system/libsystem_network.dylib
0x00000000009ba000 	/usr/lib/system/libsystem_networkextension.dylib
0x00000000009ba000 	/usr/lib/system/libsystem_notify.dylib
0x00000000009ba000 	/usr/lib/system/libsystem_sandbox.dylib
0x00000000009ba000 	/usr/lib/system/libsystem_secinit.dylib
0x00000000009ba000 	/usr/lib/system/libsystem_kernel.dylib
0x00000000009ba000 	/usr/lib/system/libsystem_platform.dylib
0x00000000009ba000 	/usr/lib/system/libsystem_pthread.dylib
0x00000000009ba000 	/usr/lib/system/libsystem_symptoms.dylib
0x00000000009ba000 	/usr/lib/system/libsystem_trace.dylib
0x00000000009ba000 	/usr/lib/system/libunwind.dylib
0x00000000009ba000 	/usr/lib/system/libxpc.dylib
0x00000000009ba000 	/usr/lib/closure/libclosured.dylib
0x00000000009ba000 	/usr/lib/libbsm.0.dylib
0x00000000009ba000 	/usr/lib/system/libkxld.dylib
0x00000000009ba000 	/usr/lib/libOpenScriptingUtil.dylib
0x00000000009ba000 	/usr/lib/libcoretls.dylib
0x00000000009ba000 	/usr/lib/libcoretls_cfhelpers.dylib
0x00000000009ba000 	/usr/lib/libpam.2.dylib
0x00000000009ba000 	/usr/lib/libsqlite3.dylib
0x00000000009ba000 	/usr/lib/libxar.1.dylib
0x00000000009ba000 	/usr/lib/libbz2.1.0.dylib
0x00000000009ba000 	/usr/lib/liblzma.5.dylib
0x00000000009ba000 	/usr/lib/libnetwork.dylib
0x00000000009ba000 	/usr/lib/libapple_nghttp2.dylib
0x00000000009ba000 	/usr/lib/libpcap.A.dylib
0x00000000009ba000 	/usr/lib/libboringssl.dylib
0x00000000009ba000 	/usr/lib/libusrtcp.dylib
0x00000000009ba000 	/usr/lib/libapple_crypto.dylib
0x00000000009ba000 	/System/Library/Frameworks/CoreServices.framework/Versions/A/Frameworks/FSEvents.framework/Versions/A/FSEvents
0x00000000009ba000 	/System/Library/Frameworks/CoreServices.framework/Versions/A/Frameworks/CarbonCore.framework/Versions/A/CarbonCore
0x00000000009ba000 	/System/Library/Frameworks/CoreServices.framework/Versions/A/Frameworks/Metadata.framework/Versions/A/Metadata
0x00000000009ba000 	/System/Library/Frameworks/CoreServices.framework/Versions/A/Frameworks/OSServices.framework/Versions/A/OSServices
0x00000000009ba000 	/System/Library/Frameworks/CoreServices.framework/Versions/A/Frameworks/SearchKit.framework/Versions/A/SearchKit
0x00000000009ba000 	/System/Library/Frameworks/CoreServices.framework/Versions/A/Frameworks/AE.framework/Versions/A/AE
0x00000000009ba000 	/System/Library/Frameworks/CoreServices.framework/Versions/A/Frameworks/LaunchServices.framework/Versions/A/LaunchServices
0x00000000009ba000 	/System/Library/Frameworks/CoreServices.framework/Versions/A/Frameworks/DictionaryServices.framework/Versions/A/DictionaryServices
0x00000000009ba000 	/System/Library/Frameworks/CoreServices.framework/Versions/A/Frameworks/SharedFileList.framework/Versions/A/SharedFileList
0x00000000009ba000 	/System/Library/Frameworks/NetFS.framework/Versions/A/NetFS
0x00000000009ba000 	/System/Library/PrivateFrameworks/NetAuth.framework/Versions/A/NetAuth
0x00000000009ba000 	/System/Library/PrivateFrameworks/login.framework/Versions/A/Frameworks/loginsupport.framework/Versions/A/loginsupport
0x00000000009ba000 	/System/Library/PrivateFrameworks/TCC.framework/Versions/A/TCC
0x00000000009ba000 	/usr/lib/libmecabra.dylib
0x00000000009ba000 	/System/Library/Frameworks/ApplicationServices.framework/Versions/A/Frameworks/ATS.framework/Versions/A/ATS
0x00000000009ba000 	/System/Library/Frameworks/ApplicationServices.framework/Versions/A/Frameworks/ColorSyncLegacy.framework/Versions/A/ColorSyncLegacy
0x00000000009ba000 	/System/Library/Frameworks/ApplicationServices.framework/Versions/A/Frameworks/HIServices.framework/Versions/A/HIServices
0x00000000009ba000 	/System/Library/Frameworks/ApplicationServices.framework/Versions/A/Frameworks/LangAnalysis.framework/Versions/A/LangAnalysis
0x00000000009ba000 	/System/Library/Frameworks/ApplicationServices.framework/Versions/A/Frameworks/PrintCore.framework/Versions/A/PrintCore
0x00000000009ba000 	/System/Library/Frameworks/ApplicationServices.framework/Versions/A/Frameworks/QD.framework/Versions/A/QD
0x00000000009ba000 	/System/Library/Frameworks/ApplicationServices.framework/Versions/A/Frameworks/SpeechSynthesis.framework/Versions/A/SpeechSynthesis
0x00000000009ba000 	/System/Library/Frameworks/CoreDisplay.framework/Versions/A/CoreDisplay
0x00000000009ba000 	/System/Library/Frameworks/Accelerate.framework/Versions/A/Frameworks/vImage.framework/Versions/A/vImage
0x00000000009ba000 	/System/Library/Frameworks/Accelerate.framework/Versions/A/Frameworks/vecLib.framework/Versions/A/vecLib
0x00000000009ba000 	/System/Library/Frameworks/Accelerate.framework/Versions/A/Frameworks/vecLib.framework/Versions/A/libvDSP.dylib
0x00000000009ba000 	/System/Library/Frameworks/Accelerate.framework/Versions/A/Frameworks/vecLib.framework/Versions/A/libBNNS.dylib
0x00000000009ba000 	/System/Library/Frameworks/Accelerate.framework/Versions/A/Frameworks/vecLib.framework/Versions/A/libQuadrature.dylib
0x00000000009ba000 	/System/Library/Frameworks/Accelerate.framework/Versions/A/Frameworks/vecLib.framework/Versions/A/libvMisc.dylib
0x00000000009ba000 	/System/Library/Frameworks/Accelerate.framework/Versions/A/Frameworks/vecLib.framework/Versions/A/libLAPACK.dylib
0x00000000009ba000 	/System/Library/Frameworks/Accelerate.framework/Versions/A/Frameworks/vecLib.framework/Versions/A/libBLAS.dylib
0x00000000009ba000 	/System/Library/Frameworks/Accelerate.framework/Versions/A/Frameworks/vecLib.framework/Versions/A/libLinearAlgebra.dylib
0x00000000009ba000 	/System/Library/Frameworks/Accelerate.framework/Versions/A/Frameworks/vecLib.framework/Versions/A/libSparse.dylib
0x00000000009ba000 	/System/Library/Frameworks/Accelerate.framework/Versions/A/Frameworks/vecLib.framework/Versions/A/libSparseBLAS.dylib
0x00000000009ba000 	/System/Library/PrivateFrameworks/IOAccelerator.framework/Versions/A/IOAccelerator
0x00000000009ba000 	/System/Library/PrivateFrameworks/IOPresentment.framework/Versions/A/IOPresentment
0x00000000009ba000 	/System/Library/PrivateFrameworks/DSExternalDisplay.framework/Versions/A/DSExternalDisplay
0x00000000009ba000 	/System/Library/Frameworks/OpenGL.framework/Versions/A/Libraries/libCoreFSCache.dylib
0x00000000009ba000 	/System/Library/Frameworks/CoreVideo.framework/Versions/A/CoreVideo
0x00000000009ba000 	/System/Library/PrivateFrameworks/GraphVisualizer.framework/Versions/A/GraphVisualizer
0x00000000009ba000 	/System/Library/Frameworks/MetalPerformanceShaders.framework/Versions/A/MetalPerformanceShaders
0x00000000009ba000 	/usr/lib/libFosl_dynamic.dylib
0x00000000009ba000 	/System/Library/PrivateFrameworks/FaceCore.framework/Versions/A/FaceCore
0x00000000009ba000 	/System/Library/Frameworks/OpenCL.framework/Versions/A/OpenCL
0x00000000009ba000 	/usr/lib/libcompression.dylib
0x00000000009ba000 	/System/Library/Frameworks/ApplicationServices.framework/Versions/A/Frameworks/ATS.framework/Versions/A/Resources/libFontParser.dylib
0x00000000009ba000 	/System/Library/Frameworks/ApplicationServices.framework/Versions/A/Frameworks/ATS.framework/Versions/A/Resources/libFontRegistry.dylib
0x00000000009ba000 	/System/Library/Frameworks/ImageIO.framework/Versions/A/Resources/libJPEG.dylib
0x00000000009ba000 	/System/Library/Frameworks/ImageIO.framework/Versions/A/Resources/libTIFF.dylib
0x00000000009ba000 	/System/Library/Frameworks/ImageIO.framework/Versions/A/Resources/libPng.dylib
0x00000000009ba000 	/System/Library/Frameworks/ImageIO.framework/Versions/A/Resources/libGIF.dylib
0x00000000009ba000 	/System/Library/Frameworks/ImageIO.framework/Versions/A/Resources/libJP2.dylib
0x00000000009ba000 	/System/Library/Frameworks/ImageIO.framework/Versions/A/Resources/libRadiance.dylib
0x00000000009ba000 	/System/Library/PrivateFrameworks/AppleJPEG.framework/Versions/A/AppleJPEG
0x00000000009ba000 	/System/Library/PrivateFrameworks/MetalTools.framework/Versions/A/MetalTools
0x00000000009ba000 	/System/Library/Frameworks/MetalPerformanceShaders.framework/Frameworks/MPSCore.framework/Versions/A/MPSCore
0x00000000009ba000 	/System/Library/Frameworks/MetalPerformanceShaders.framework/Frameworks/MPSImage.framework/Versions/A/MPSImage
0x00000000009ba000 	/System/Library/Frameworks/MetalPerformanceShaders.framework/Frameworks/MPSMatrix.framework/Versions/A/MPSMatrix
0x00000000009ba000 	/System/Library/Frameworks/MetalPerformanceShaders.framework/Frameworks/MPSNeuralNetwork.framework/Versions/A/MPSNeuralNetwork
0x00000000009ba000 	/System/Library/Frameworks/OpenGL.framework/Versions/A/Libraries/libGLU.dylib
0x00000000009ba000 	/System/Library/Frameworks/OpenGL.framework/Versions/A/Libraries/libGFXShared.dylib
0x00000000009ba000 	/System/Library/Frameworks/OpenGL.framework/Versions/A/Libraries/libGL.dylib
0x00000000009ba000 	/System/Library/Frameworks/OpenGL.framework/Versions/A/Libraries/libGLImage.dylib
0x00000000009ba000 	/System/Library/Frameworks/OpenGL.framework/Versions/A/Libraries/libCVMSPluginSupport.dylib
0x00000000009ba000 	/System/Library/Frameworks/OpenGL.framework/Versions/A/Libraries/libCoreVMClient.dylib
0x00000000009ba000 	/usr/lib/libcups.2.dylib
0x00000000009ba000 	/System/Library/Frameworks/Kerberos.framework/Versions/A/Kerberos
0x00000000009ba000 	/System/Library/Frameworks/GSS.framework/Versions/A/GSS
0x00000000009ba000 	/usr/lib/libresolv.9.dylib
0x00000000009ba000 	/usr/lib/libiconv.2.dylib
0x00000000009ba000 	/System/Library/PrivateFrameworks/Heimdal.framework/Versions/A/Heimdal
0x00000000009ba000 	/usr/lib/libheimdal-asn1.dylib
0x00000000009ba000 	/System/Library/Frameworks/OpenDirectory.framework/Versions/A/OpenDirectory
0x00000000009ba000 	/System/Library/PrivateFrameworks/CommonAuth.framework/Versions/A/CommonAuth
0x00000000009ba000 	/System/Library/Frameworks/OpenDirectory.framework/Versions/A/Frameworks/CFOpenDirectory.framework/Versions/A/CFOpenDirectory
0x00000000009ba000 	/System/Library/Frameworks/SecurityFoundation.framework/Versions/A/SecurityFoundation
0x00000000009ba000 	/System/Library/PrivateFrameworks/APFS.framework/Versions/A/APFS
0x00000000009ba000 	/usr/lib/libutil.dylib
0x00000000009ba000 	/System/Library/PrivateFrameworks/AppleSauce.framework/Versions/A/AppleSauce
0x00000000009ba000 	/System/Library/PrivateFrameworks/LinguisticData.framework/Versions/A/LinguisticData
0x00000000009ba000 	/usr/lib/libmarisa.dylib
0x00000000009ba000 	/System/Library/PrivateFrameworks/Lexicon.framework/Versions/A/Lexicon
0x00000000009ba000 	/usr/lib/libChineseTokenizer.dylib
0x00000000009ba000 	/usr/lib/libcmph.dylib
0x00000000009ba000 	/System/Library/PrivateFrameworks/LanguageModeling.framework/Versions/A/LanguageModeling
0x00000000009ba000 	/System/Library/PrivateFrameworks/CoreEmoji.framework/Versions/A/CoreEmoji
0x00000000009ba000 	/System/Library/Frameworks/ServiceManagement.framework/Versions/A/ServiceManagement
0x00000000009ba000 	/System/Library/PrivateFrameworks/BackgroundTaskManagement.framework/Versions/A/BackgroundTaskManagement
0x00000000009ba000 	/usr/lib/libxslt.1.dylib
0x00000000009ba000 	/System/Library/Frameworks/Carbon.framework/Versions/A/Frameworks/Ink.framework/Versions/A/Ink
0x00000000009ba000 	/System/Library/PrivateFrameworks/TextureIO.framework/Versions/A/TextureIO
0x00000000009ba000 	/usr/lib/libate.dylib
0x00000000009ba000 	/System/Library/PrivateFrameworks/CrashReporterSupport.framework/Versions/A/CrashReporterSupport
0x00000000009ba000 	/System/Library/PrivateFrameworks/Sharing.framework/Versions/A/Sharing
0x00000000009ba000 	/System/Library/PrivateFrameworks/IconServices.framework/Versions/A/IconServices
0x00000000009ba000 	/System/Library/PrivateFrameworks/ProtocolBuffer.framework/Versions/A/ProtocolBuffer
0x00000000009ba000 	/System/Library/PrivateFrameworks/Apple80211.framework/Versions/A/Apple80211
0x00000000009ba000 	/System/Library/Frameworks/CoreWLAN.framework/Versions/A/CoreWLAN
0x00000000009ba000 	/System/Library/PrivateFrameworks/CoreUtils.framework/Versions/A/CoreUtils
0x00000000009ba000 	/System/Library/Frameworks/IOBluetooth.framework/Versions/A/IOBluetooth
0x00000000009ba000 	/System/Library/PrivateFrameworks/CoreWiFi.framework/Versions/A/CoreWiFi
0x00000000009ba000 	/System/Library/Frameworks/CoreBluetooth.framework/Versions/A/CoreBluetooth
0x00000000009ba000 	/System/Library/PrivateFrameworks/SignpostNotification.framework/Versions/A/SignpostNotification
0x00000000009ba000 	/System/Library/PrivateFrameworks/DebugSymbols.framework/Versions/A/DebugSymbols
0x00000000009ba000 	/System/Library/PrivateFrameworks/CoreSymbolication.framework/Versions/A/CoreSymbolication
0x00000000009ba000 	/System/Library/PrivateFrameworks/Symbolication.framework/Versions/A/Symbolication
0x00000000009ba000 	/System/Library/PrivateFrameworks/AppleFSCompression.framework/Versions/A/AppleFSCompression
0x00000000009ba000 	/System/Library/PrivateFrameworks/SpeechRecognitionCore.framework/Versions/A/SpeechRecognitionCore
0x000000010e000000 	/Applications/Android Studio.app/Contents/jre/jdk/Contents/Home/jre/lib/server/libjvm.dylib
0x00000000009ba000 	/usr/lib/libstdc++.6.0.9.dylib
0x000000010cfbc000 	/Applications/Android Studio.app/Contents/jre/jdk/Contents/Home/jre/lib/libverify.dylib
0x000000010cfc8000 	/Applications/Android Studio.app/Contents/jre/jdk/Contents/Home/jre/lib/libjava.dylib
0x000000010eab0000 	/Applications/Android Studio.app/Contents/jre/jdk/Contents/Home/jre/lib/libzip.dylib
0x0000000114047000 	/Applications/Android Studio.app/Contents/jre/jdk/Contents/Home/jre/lib/libnet.dylib
0x00000001140e2000 	/Applications/Android Studio.app/Contents/jre/jdk/Contents/Home/jre/lib/libnio.dylib
0x00000001233a8000 	/Users/annascott/.gradle/native/25/osx-amd64/libnative-platform.dylib
0x000000012376b000 	/Applications/Android Studio.app/Contents/jre/jdk/Contents/Home/jre/lib/libmanagement.dylib

VM Arguments:
jvm_args: -XX:+HeapDumpOnOutOfMemoryError -Xmx1024m -Dfile.encoding=UTF-8 -Duser.country=US -Duser.language=en -Duser.variant 
java_command: org.gradle.launcher.daemon.bootstrap.GradleDaemon 4.4
java_class_path (initial): /Users/annascott/.gradle/wrapper/dists/gradle-4.4-all/9br9xq1tocpiv8o6njlyu5op1/gradle-4.4/lib/gradle-launcher-4.4.jar
Launcher Type: SUN_STANDARD

Environment Variables:
PATH=/usr/local/bin:/usr/bin:/bin:/usr/sbin:/sbin
SHELL=/bin/bash

Signal Handlers:
SIGSEGV: [libjvm.dylib+0x53f567], sa_mask[0]=11111111011111110111111111111111, sa_flags=SA_ONSTACK|SA_RESTART|SA_SIGINFO
SIGBUS: [libjvm.dylib+0x53f567], sa_mask[0]=11111111011111110111111111111111, sa_flags=SA_RESTART|SA_SIGINFO
SIGFPE: [libjvm.dylib+0x437adf], sa_mask[0]=11111111011111110111111111111111, sa_flags=SA_RESTART|SA_SIGINFO
SIGPIPE: [libjvm.dylib+0x437adf], sa_mask[0]=11111111011111110111111111111111, sa_flags=SA_RESTART|SA_SIGINFO
SIGXFSZ: [libjvm.dylib+0x437adf], sa_mask[0]=11111111011111110111111111111111, sa_flags=SA_RESTART|SA_SIGINFO
SIGILL: [libjvm.dylib+0x437adf], sa_mask[0]=11111111011111110111111111111111, sa_flags=SA_RESTART|SA_SIGINFO
SIGUSR1: SIG_DFL, sa_mask[0]=00000000000000000000000000000000, sa_flags=none
SIGUSR2: [libjvm.dylib+0x438404], sa_mask[0]=00100000000000000000000000000000, sa_flags=SA_RESTART|SA_SIGINFO
SIGHUP: [libjvm.dylib+0x4365f9], sa_mask[0]=11111111011111110111111111111111, sa_flags=SA_RESTART|SA_SIGINFO
SIGINT: [libjvm.dylib+0x4365f9], sa_mask[0]=11111111011111110111111111111111, sa_flags=SA_RESTART|SA_SIGINFO
SIGTERM: [libjvm.dylib+0x4365f9], sa_mask[0]=11111111011111110111111111111111, sa_flags=SA_RESTART|SA_SIGINFO
SIGQUIT: [libjvm.dylib+0x4365f9], sa_mask[0]=11111111011111110111111111111111, sa_flags=SA_RESTART|SA_SIGINFO


---------------  S Y S T E M  ---------------

OS:Bsduname:Darwin 17.3.0 Darwin Kernel Version 17.3.0: Thu Nov  9 18:09:22 PST 2017; root:xnu-4570.31.3~1/RELEASE_X86_64 x86_64
rlimit: STACK 8192k, CORE 0k, NPROC 1418, NOFILE 10240, AS infinity
load average:1.18 1.63 1.82

CPU:total 8 (initial active 8) (4 cores per cpu, 2 threads per core) family 6 model 94 stepping 3, cmov, cx8, fxsr, mmx, sse, sse2, sse3, ssse3, sse4.1, sse4.2, popcnt, avx, avx2, aes, clmul, erms, rtm, 3dnowpref, lzcnt, ht, tsc, tscinvbit, bmi1, bmi2, adx

Memory: 4k page, physical 16777216k(4100856k free)

/proc/meminfo:


vm_info: OpenJDK 64-Bit Server VM (25.152-b01) for bsd-amd64 JRE (1.8.0_152-release-1024-b01), built by "builder" with gcc 4.2.1 Compatible Apple LLVM 8.1.0 (clang-802.0.42)

time: Thu Jun 21 22:42:20 2018
elapsed time: 2 seconds (0d 0h 0m 2s)

