#
# A fatal error has been detected by the Java Runtime Environment:
#
#  SIGSEGV (0xb) at pc=0x0000000104091fbe, pid=556, tid=0x0000000000002f03
#
# JRE version: OpenJDK Runtime Environment (8.0_152-b01) (build 1.8.0_152-release-1024-b01)
# Java VM: OpenJDK 64-Bit Server VM (25.152-b01 mixed mode bsd-amd64 compressed oops)
# Problematic frame:
# V  [libjvm.dylib+0x291fbe]  InstanceKlass::oop_follow_contents(ParCompactionManager*, oopDesc*)+0x114
#
# Failed to write core dump. Core dumps have been disabled. To enable core dumping, try "ulimit -c unlimited" before starting Java again
#
# If you would like to submit a bug report, please visit:
#   http://bugreport.java.com/bugreport/crash.jsp
#

---------------  T H R E A D  ---------------

Current thread (0x00007fe7ba007000):  GCTaskThread [stack: 0x0000700002914000,0x0000700002a14000] [id=12035]

siginfo: si_signo: 11 (SIGSEGV), si_code: 0 (unknown), si_addr: 0x0000000000000000

Registers:
RAX=0x1fffffff90000000, RBX=0x00000001045f81c8, RCX=0x0000000114921000, RDX=0x007ffffffe400000
RSP=0x0000700002a13c20, RBP=0x0000700002a13c80, RSI=0x00007fe7bb304ad0, RDI=0x0000000000000001
R8 =0x00000000000005e1, R9 =0x00000001045f2dfb, R10=0x00000001164e44f8, R11=0x00000001154e44f8
R12=0x00000007af0d3f28, R13=0x0000000000000003, R14=0x00000007af0d3f24, R15=0x0000000400000000
RIP=0x0000000104091fbe, EFLAGS=0x0000000000010206, ERR=0x0000000000000000
  TRAPNO=0x000000000000000d

Top of Stack: (sp=0x0000700002a13c20)
0x0000700002a13c20:   0000000000000010 0000000000000000
0x0000700002a13c30:   00000007c000ec50 00000007af0d3ee8
0x0000700002a13c40:   00007fe7bb304b10 00000007c000ec58
0x0000700002a13c50:   00007fe7bb304ad0 00007fe7bb304ad0
0x0000700002a13c60:   00000001045f7680 00000001045e1e00
0x0000700002a13c70:   00007fe7bb304ad8 00000001045f2df9
0x0000700002a13c80:   0000700002a13d00 00000001042696ff
0x0000700002a13c90:   0000700002a13c01 00007fe7bb304b10
0x0000700002a13ca0:   00007fe7bb304b90 00000007af0d3ee8
0x0000700002a13cb0:   00007fe7bb304b58 0000700003940ac0
0x0000700002a13cc0:   0000700003940a58 0000700002a13d58
0x0000700002a13cd0:   00007fe7ba007000 00007fe7bb304ad0
0x0000700002a13ce0:   00007fe7bb105f50 00000001043a2850
0x0000700002a13cf0:   00007fe7bb105f50 0000000000000001
0x0000700002a13d00:   0000700002a13dc0 000000010425b294
0x0000700002a13d10:   00007fe7bb2058a8 00007fe7b9602d40
0x0000700002a13d20:   00007fe7b9603620 00007fe7b9603630
0x0000700002a13d30:   00007fe7b9603a08 00000000000003d8
0x0000700002a13d40:   00000001045bb248 0000000104381c00
0x0000700002a13d50:   00007fe7bb304ad0 00000001045b6020
0x0000700002a13d60:   0000700002a13d00 0000700002a13d40
0x0000700002a13d70:   00000001045b6008 00007fe7bb205800
0x0000700002a13d80:   0000700002a13d40 0000000000000001
0x0000700002a13d90:   00000001045b6080 0000000104053900
0x0000700002a13da0:   0000700002a13d40 00007fe7bb205900
0x0000700002a13db0:   00007fe7ba007000 0000000000000000
0x0000700002a13dc0:   0000700002a13ea0 0000000104054928
0x0000700002a13dd0:   00000001045f2f00 00007fe7ba007000
0x0000700002a13de0:   00007fe7b9602d70 00007fe7b9602db0
0x0000700002a13df0:   00007fe7b9602dc0 00007fe7b9602e98
0x0000700002a13e00:   00000000000000d8 00007fe7b9602fb0
0x0000700002a13e10:   00007fe7ba007000 00007fe7b9602d70 

Instructions: (pc=0x0000000104091fbe)
0x0000000104091f9e:   89 f8 48 2b 03 48 c1 e8 03 48 8d 0d 3a ca 53 00
0x0000000104091fae:   8a 09 48 d3 e8 48 8b 4b 30 48 89 c2 48 c1 ea 06
0x0000000104091fbe:   48 8b 0c d1 48 0f a3 c1 0f 82 f4 00 00 00 48 8d
0x0000000104091fce:   05 26 0e 56 00 8a 10 84 d2 74 16 48 8d 05 20 fe 

Register to memory mapping:

RAX=0x1fffffff90000000 is an unknown value
RBX=0x00000001045f81c8: _ZN17PSParallelCompact12_mark_bitmapE+0 in /Applications/Android Studio.app/Contents/jre/jdk/Contents/Home/jre/lib/server/libjvm.dylib at 0x0000000103e00000
RCX=0x0000000114921000 is an unknown value
RDX=0x007ffffffe400000 is an unknown value
RSP=0x0000700002a13c20 is an unknown value
RBP=0x0000700002a13c80 is an unknown value
RSI=0x00007fe7bb304ad0 is an unknown value
RDI=0x0000000000000001 is an unknown value
R8 =0x00000000000005e1 is an unknown value
R9 =0x00000001045f2dfb: AssumeMP+0 in /Applications/Android Studio.app/Contents/jre/jdk/Contents/Home/jre/lib/server/libjvm.dylib at 0x0000000103e00000
R10=0x00000001164e44f8 is an unknown value
R11=0x00000001154e44f8 is an unknown value
R12=0x00000007af0d3f28 is an oop
java.lang.String 
 - klass: 'java/lang/String'
R13=0x0000000000000003 is an unknown value
R14=0x00000007af0d3f24 is an unknown value
R15=0x0000000400000000 is an unknown value


Stack: [0x0000700002914000,0x0000700002a14000],  sp=0x0000700002a13c20,  free space=1023k
Native frames: (J=compiled Java code, j=interpreted, Vv=VM code, C=native code)
V  [libjvm.dylib+0x291fbe]  InstanceKlass::oop_follow_contents(ParCompactionManager*, oopDesc*)+0x114
V  [libjvm.dylib+0x4696ff]  ParCompactionManager::follow_marking_stacks()+0x145
V  [libjvm.dylib+0x45b294]  ThreadRootsMarkingTask::do_it(GCTaskManager*, unsigned int)+0xf8
V  [libjvm.dylib+0x254928]  GCTaskThread::run()+0x130
V  [libjvm.dylib+0x435709]  java_start(Thread*)+0xfa
C  [libsystem_pthread.dylib+0x36c1]  _pthread_body+0x154
C  [libsystem_pthread.dylib+0x356d]  _pthread_body+0x0
C  [libsystem_pthread.dylib+0x2c5d]  thread_start+0xd


---------------  P R O C E S S  ---------------

Java Threads: ( => current thread )
  0x00007fe7c00bb800 JavaThread "Cache worker for file hash cache (/Users/annascott/Downloads/ud843-QuakeReport-starting-point/.gradle/4.4/fileHashes)" [_thread_blocked, id=23563, stack(0x0000700003e53000,0x0000700003f53000)]
  0x00007fe7be8ef800 JavaThread "Stdin handler" [_thread_blocked, id=24071, stack(0x0000700003b4a000,0x0000700003c4a000)]
  0x00007fe7c08ec000 JavaThread "Asynchronous log dispatcher for DefaultDaemonConnection: socket connection from /127.0.0.1:49553 to /127.0.0.1:49691" [_thread_blocked, id=23047, stack(0x0000700003a47000,0x0000700003b47000)]
  0x00007fe7bb8b1000 JavaThread "Cancel handler" [_thread_blocked, id=22535, stack(0x0000700003841000,0x0000700003941000)]
  0x00007fe7c1030000 JavaThread "Handler for socket connection from /127.0.0.1:49553 to /127.0.0.1:49691" [_thread_in_native, id=3079, stack(0x000070000373e000,0x000070000383e000)]
  0x00007fe7bc42c000 JavaThread "File lock request listener" [_thread_in_native, id=24835, stack(0x0000700003d50000,0x0000700003e50000)]
  0x00007fe7b9b0c800 JavaThread "Cache worker for file hash cache (/Users/annascott/.gradle/caches/4.4/fileHashes)" [_thread_blocked, id=41987, stack(0x0000700003c4d000,0x0000700003d4d000)]
  0x00007fe7bac2e000 JavaThread "Daemon worker" [_thread_blocked, id=23299, stack(0x0000700003944000,0x0000700003a44000)]
  0x00007fe7b9aed800 JavaThread "Daemon" [_thread_blocked, id=43011, stack(0x000070000363b000,0x000070000373b000)]
  0x00007fe7bc40f800 JavaThread "Daemon periodic checks" [_thread_blocked, id=22019, stack(0x0000700003538000,0x0000700003638000)]
  0x00007fe7bdb71800 JavaThread "Incoming local TCP Connector on port 49553" [_thread_in_native, id=21763, stack(0x0000700003435000,0x0000700003535000)]
  0x00007fe7bd81a800 JavaThread "Service Thread" daemon [_thread_blocked, id=16643, stack(0x000070000322f000,0x000070000332f000)]
  0x00007fe7bc800800 JavaThread "C1 CompilerThread3" daemon [_thread_blocked, id=15363, stack(0x000070000312c000,0x000070000322c000)]
  0x00007fe7bd800000 JavaThread "C2 CompilerThread2" daemon [_thread_in_native, id=15107, stack(0x0000700003029000,0x0000700003129000)]
  0x00007fe7bc02b800 JavaThread "C2 CompilerThread1" daemon [_thread_in_native, id=17411, stack(0x0000700002f26000,0x0000700003026000)]
  0x00007fe7bc029800 JavaThread "C2 CompilerThread0" daemon [_thread_blocked, id=14595, stack(0x0000700002e23000,0x0000700002f23000)]
  0x00007fe7ba813800 JavaThread "Signal Dispatcher" daemon [_thread_blocked, id=17927, stack(0x0000700002d20000,0x0000700002e20000)]
  0x00007fe7bd812000 JavaThread "Finalizer" daemon [_thread_blocked, id=13315, stack(0x0000700002c1d000,0x0000700002d1d000)]
  0x00007fe7bc047800 JavaThread "Reference Handler" daemon [_thread_blocked, id=12803, stack(0x0000700002b1a000,0x0000700002c1a000)]
  0x00007fe7bd801800 JavaThread "main" [_thread_blocked, id=5891, stack(0x00007000020fc000,0x00007000021fc000)]

Other Threads:
  0x00007fe7bc816000 VMThread [stack: 0x0000700002a17000,0x0000700002b17000] [id=20227]
  0x00007fe7bc02f000 WatcherThread [stack: 0x0000700003332000,0x0000700003432000] [id=16387]

=>0x00007fe7ba007000 (exited) GCTaskThread [stack: 0x0000700002914000,0x0000700002a14000] [id=12035]

VM state:at safepoint (normal execution)

VM Mutex/Monitor currently owned by a thread:  ([mutex/lock_event])
[0x00007fe7bb102880] Threads_lock - owner thread: 0x00007fe7bc816000
[0x00007fe7bb102d80] Heap_lock - owner thread: 0x00007fe7bac2e000

Heap:
 PSYoungGen      total 76288K, used 8786K [0x00000007aab00000, 0x00000007b0000000, 0x00000007c0000000)
  eden space 65536K, 0% used [0x00000007aab00000,0x00000007aab00000,0x00000007aeb00000)
  from space 10752K, 81% used [0x00000007aeb00000,0x00000007af394a30,0x00000007af580000)
  to   space 10752K, 0% used [0x00000007af580000,0x00000007af580000,0x00000007b0000000)
 ParOldGen       total 175104K, used 32K [0x0000000780000000, 0x000000078ab00000, 0x00000007aab00000)
  object space 175104K, 0% used [0x0000000780000000,0x0000000780008000,0x000000078ab00000)
 Metaspace       used 20758K, capacity 21178K, committed 21248K, reserved 1067008K
  class space    used 2900K, capacity 3055K, committed 3072K, reserved 1048576K

Card table byte_map: [0x0000000104c68000,0x0000000104e69000] byte_map_base: 0x0000000101068000

Marking Bits: (ParMarkBitMap*) 0x00000001045f81c8
 Begin Bits: [0x0000000114921000, 0x0000000115921000)
 End Bits:   [0x0000000115921000, 0x0000000116921000)

Polling page: 0x0000000102dcc000

CodeCache: size=245760Kb used=5859Kb max_used=5859Kb free=239900Kb
 bounds [0x0000000105921000, 0x0000000105ee1000, 0x0000000114921000]
 total_blobs=2116 nmethods=1741 adapters=289
 compilation: enabled

Compilation events (10 events):
Event: 44.930 Thread 0x00007fe7bc800800 1740       3       java.util.concurrent.ConcurrentHashMap::remove (8 bytes)
Event: 44.930 Thread 0x00007fe7bc800800 nmethod 1740 0x0000000105ed7c10 code [0x0000000105ed7d80, 0x0000000105ed7fa8]
Event: 44.933 Thread 0x00007fe7bc800800 1742       1       org.codehaus.groovy.runtime.metaclass.NewMetaMethod::getBytecodeParameterTypes (5 bytes)
Event: 44.933 Thread 0x00007fe7bc800800 nmethod 1742 0x0000000105edab90 code [0x0000000105edace0, 0x0000000105edadf0]
Event: 44.933 Thread 0x00007fe7bc800800 1743       1       org.codehaus.groovy.runtime.metaclass.NewInstanceMetaMethod::isStatic (2 bytes)
Event: 44.933 Thread 0x00007fe7bc800800 nmethod 1743 0x0000000105eda8d0 code [0x0000000105edaa20, 0x0000000105edab30]
Event: 44.933 Thread 0x00007fe7bc800800 1744       1       org.codehaus.groovy.runtime.metaclass.MetaClassRegistryImpl::access$400 (5 bytes)
Event: 44.933 Thread 0x00007fe7bc800800 nmethod 1744 0x0000000105eda610 code [0x0000000105eda760, 0x0000000105eda850]
Event: 44.937 Thread 0x00007fe7bc800800 1745       3       java.util.HashSet::<init> (17 bytes)
Event: 44.937 Thread 0x00007fe7bc800800 nmethod 1745 0x0000000105ed9f10 code [0x0000000105eda0c0, 0x0000000105eda468]

GC Heap History (7 events):
Event: 0.889 GC heap before
{Heap before GC invocations=1 (full 0):
 PSYoungGen      total 76288K, used 65536K [0x00000007aab00000, 0x00000007b0000000, 0x00000007c0000000)
  eden space 65536K, 100% used [0x00000007aab00000,0x00000007aeb00000,0x00000007aeb00000)
  from space 10752K, 0% used [0x00000007af580000,0x00000007af580000,0x00000007b0000000)
  to   space 10752K, 0% used [0x00000007aeb00000,0x00000007aeb00000,0x00000007af580000)
 ParOldGen       total 175104K, used 0K [0x0000000780000000, 0x000000078ab00000, 0x00000007aab00000)
  object space 175104K, 0% used [0x0000000780000000,0x0000000780000000,0x000000078ab00000)
 Metaspace       used 10664K, capacity 10984K, committed 11136K, reserved 1058816K
  class space    used 1429K, capacity 1550K, committed 1664K, reserved 1048576K
Event: 0.897 GC heap after
Heap after GC invocations=1 (full 0):
 PSYoungGen      total 76288K, used 7815K [0x00000007aab00000, 0x00000007b0000000, 0x00000007c0000000)
  eden space 65536K, 0% used [0x00000007aab00000,0x00000007aab00000,0x00000007aeb00000)
  from space 10752K, 72% used [0x00000007aeb00000,0x00000007af2a1d70,0x00000007af580000)
  to   space 10752K, 0% used [0x00000007af580000,0x00000007af580000,0x00000007b0000000)
 ParOldGen       total 175104K, used 16K [0x0000000780000000, 0x000000078ab00000, 0x00000007aab00000)
  object space 175104K, 0% used [0x0000000780000000,0x0000000780004000,0x000000078ab00000)
 Metaspace       used 10664K, capacity 10984K, committed 11136K, reserved 1058816K
  class space    used 1429K, capacity 1550K, committed 1664K, reserved 1048576K
}
Event: 10.867 GC heap before
{Heap before GC invocations=2 (full 0):
 PSYoungGen      total 76288K, used 73351K [0x00000007aab00000, 0x00000007b0000000, 0x00000007c0000000)
  eden space 65536K, 100% used [0x00000007aab00000,0x00000007aeb00000,0x00000007aeb00000)
  from space 10752K, 72% used [0x00000007aeb00000,0x00000007af2a1d70,0x00000007af580000)
  to   space 10752K, 0% used [0x00000007af580000,0x00000007af580000,0x00000007b0000000)
 ParOldGen       total 175104K, used 16K [0x0000000780000000, 0x000000078ab00000, 0x00000007aab00000)
  object space 175104K, 0% used [0x0000000780000000,0x0000000780004000,0x000000078ab00000)
 Metaspace       used 16678K, capacity 17100K, committed 17408K, reserved 1064960K
  class space    used 2397K, capacity 2558K, committed 2560K, reserved 1048576K
Event: 10.879 GC heap after
Heap after GC invocations=2 (full 0):
 PSYoungGen      total 76288K, used 10146K [0x00000007aab00000, 0x00000007b0000000, 0x00000007c0000000)
  eden space 65536K, 0% used [0x00000007aab00000,0x00000007aab00000,0x00000007aeb00000)
  from space 10752K, 94% used [0x00000007af580000,0x00000007aff688f8,0x00000007b0000000)
  to   space 10752K, 0% used [0x00000007aeb00000,0x00000007aeb00000,0x00000007af580000)
 ParOldGen       total 175104K, used 24K [0x0000000780000000, 0x000000078ab00000, 0x00000007aab00000)
  object space 175104K, 0% used [0x0000000780000000,0x0000000780006000,0x000000078ab00000)
 Metaspace       used 16678K, capacity 17100K, committed 17408K, reserved 1064960K
  class space    used 2397K, capacity 2558K, committed 2560K, reserved 1048576K
}
Event: 44.948 GC heap before
{Heap before GC invocations=3 (full 0):
 PSYoungGen      total 76288K, used 36745K [0x00000007aab00000, 0x00000007b0000000, 0x00000007c0000000)
  eden space 65536K, 40% used [0x00000007aab00000,0x00000007ac4f9b40,0x00000007aeb00000)
  from space 10752K, 94% used [0x00000007af580000,0x00000007aff688f8,0x00000007b0000000)
  to   space 10752K, 0% used [0x00000007aeb00000,0x00000007aeb00000,0x00000007af580000)
 ParOldGen       total 175104K, used 24K [0x0000000780000000, 0x000000078ab00000, 0x00000007aab00000)
  object space 175104K, 0% used [0x0000000780000000,0x0000000780006000,0x000000078ab00000)
 Metaspace       used 20758K, capacity 21178K, committed 21248K, reserved 1067008K
  class space    used 2900K, capacity 3055K, committed 3072K, reserved 1048576K
Event: 44.955 GC heap after
Heap after GC invocations=3 (full 0):
 PSYoungGen      total 76288K, used 8786K [0x00000007aab00000, 0x00000007b0000000, 0x00000007c0000000)
  eden space 65536K, 0% used [0x00000007aab00000,0x00000007aab00000,0x00000007aeb00000)
  from space 10752K, 81% used [0x00000007aeb00000,0x00000007af394a30,0x00000007af580000)
  to   space 10752K, 0% used [0x00000007af580000,0x00000007af580000,0x00000007b0000000)
 ParOldGen       total 175104K, used 32K [0x0000000780000000, 0x000000078ab00000, 0x00000007aab00000)
  object space 175104K, 0% used [0x0000000780000000,0x0000000780008000,0x000000078ab00000)
 Metaspace       used 20758K, capacity 21178K, committed 21248K, reserved 1067008K
  class space    used 2900K, capacity 3055K, committed 3072K, reserved 1048576K
}
Event: 44.955 GC heap before
{Heap before GC invocations=4 (full 1):
 PSYoungGen      total 76288K, used 8786K [0x00000007aab00000, 0x00000007b0000000, 0x00000007c0000000)
  eden space 65536K, 0% used [0x00000007aab00000,0x00000007aab00000,0x00000007aeb00000)
  from space 10752K, 81% used [0x00000007aeb00000,0x00000007af394a30,0x00000007af580000)
  to   space 10752K, 0% used [0x00000007af580000,0x00000007af580000,0x00000007b0000000)
 ParOldGen       total 175104K, used 32K [0x0000000780000000, 0x000000078ab00000, 0x00000007aab00000)
  object space 175104K, 0% used [0x0000000780000000,0x0000000780008000,0x000000078ab00000)
 Metaspace       used 20758K, capacity 21178K, committed 21248K, reserved 1067008K
  class space    used 2900K, capacity 3055K, committed 3072K, reserved 1048576K

Deoptimization events (10 events):
Event: 44.562 Thread 0x00007fe7bac2e000 Uncommon trap: reason=bimorphic action=maybe_recompile pc=0x0000000105d2b3ac method=java.lang.ClassLoader.loadClass(Ljava/lang/String;Z)Ljava/lang/Class; @ 38
Event: 44.562 Thread 0x00007fe7bac2e000 Uncommon trap: reason=bimorphic action=maybe_recompile pc=0x0000000105d2b3ac method=java.lang.ClassLoader.loadClass(Ljava/lang/String;Z)Ljava/lang/Class; @ 38
Event: 44.563 Thread 0x00007fe7bac2e000 Uncommon trap: reason=bimorphic action=maybe_recompile pc=0x0000000105e0c5c4 method=java.lang.ClassLoader.getPackage(Ljava/lang/String;)Ljava/lang/Package; @ 47
Event: 44.563 Thread 0x00007fe7bac2e000 Uncommon trap: reason=bimorphic action=maybe_recompile pc=0x0000000105e0c5c4 method=java.lang.ClassLoader.getPackage(Ljava/lang/String;)Ljava/lang/Package; @ 47
Event: 44.565 Thread 0x00007fe7bac2e000 Uncommon trap: reason=bimorphic action=maybe_recompile pc=0x0000000105e0c5c4 method=java.lang.ClassLoader.getPackage(Ljava/lang/String;)Ljava/lang/Package; @ 47
Event: 44.585 Thread 0x00007fe7bac2e000 Uncommon trap: reason=bimorphic action=maybe_recompile pc=0x0000000105e3c8e8 method=java.lang.ClassLoader.getPackage(Ljava/lang/String;)Ljava/lang/Package; @ 47
Event: 44.739 Thread 0x00007fe7bac2e000 Uncommon trap: reason=class_check action=maybe_recompile pc=0x0000000105e2c328 method=java.io.BufferedInputStream.read([BII)I @ 101
Event: 44.740 Thread 0x00007fe7bac2e000 Uncommon trap: reason=class_check action=maybe_recompile pc=0x0000000105e2c328 method=java.io.BufferedInputStream.read([BII)I @ 101
Event: 44.740 Thread 0x00007fe7bac2e000 Uncommon trap: reason=class_check action=maybe_recompile pc=0x0000000105e2c328 method=java.io.BufferedInputStream.read([BII)I @ 101
Event: 44.741 Thread 0x00007fe7bac2e000 Uncommon trap: reason=class_check action=maybe_recompile pc=0x0000000105e2c328 method=java.io.BufferedInputStream.read([BII)I @ 101

Classes redefined (0 events):
No events

Internal exceptions (10 events):
Event: 1.750 Thread 0x00007fe7b9aed800 Exception <a 'java/io/IOException'> (0x00000007aac3b560) thrown at [/Volumes/android/AOSP-openjdk-git/jdk8u/hotspot/src/share/vm/prims/jni.cpp, line 709]
Event: 1.750 Thread 0x00007fe7b9aed800 Exception <a 'java/io/IOException'> (0x00000007aac3beb0) thrown at [/Volumes/android/AOSP-openjdk-git/jdk8u/hotspot/src/share/vm/prims/jni.cpp, line 709]
Event: 1.753 Thread 0x00007fe7b9aed800 Exception <a 'java/io/IOException'> (0x00000007aea80be0) thrown at [/Volumes/android/AOSP-openjdk-git/jdk8u/hotspot/src/share/vm/prims/jni.cpp, line 709]
Event: 1.754 Thread 0x00007fe7b9aed800 Exception <a 'java/io/IOException'> (0x00000007aea89fd8) thrown at [/Volumes/android/AOSP-openjdk-git/jdk8u/hotspot/src/share/vm/prims/jni.cpp, line 709]
Event: 44.567 Thread 0x00007fe7bac2e000 Exception <a 'java/lang/NoSuchMethodError': <clinit>> (0x00000007ab159650) thrown at [/Volumes/android/AOSP-openjdk-git/jdk8u/hotspot/src/share/vm/prims/jni.cpp, line 1613]
Event: 44.590 Thread 0x00007fe7bac2e000 Exception <a 'java/lang/NoSuchMethodError': <clinit>> (0x00000007ab1a39c8) thrown at [/Volumes/android/AOSP-openjdk-git/jdk8u/hotspot/src/share/vm/prims/jni.cpp, line 1613]
Event: 44.591 Thread 0x00007fe7bac2e000 Exception <a 'java/lang/NoSuchMethodError': <clinit>> (0x00000007ab1b13b8) thrown at [/Volumes/android/AOSP-openjdk-git/jdk8u/hotspot/src/share/vm/prims/jni.cpp, line 1613]
Event: 44.604 Thread 0x00007fe7bac2e000 Exception <a 'java/lang/NoSuchMethodError': <clinit>> (0x00000007ab449b80) thrown at [/Volumes/android/AOSP-openjdk-git/jdk8u/hotspot/src/share/vm/prims/jni.cpp, line 1613]
Event: 44.604 Thread 0x00007fe7bac2e000 Exception <a 'java/lang/NoSuchMethodError': <clinit>> (0x00000007ab44d840) thrown at [/Volumes/android/AOSP-openjdk-git/jdk8u/hotspot/src/share/vm/prims/jni.cpp, line 1613]
Event: 44.604 Thread 0x00007fe7bac2e000 Exception <a 'java/lang/NoSuchMethodError': <clinit>> (0x00000007ab44f348) thrown at [/Volumes/android/AOSP-openjdk-git/jdk8u/hotspot/src/share/vm/prims/jni.cpp, line 1613]

Events (10 events):
Event: 44.940 loading class org/codehaus/groovy/reflection/CachedConstructor done
Event: 44.940 loading class org/codehaus/groovy/reflection/CachedConstructor$1
Event: 44.941 loading class org/codehaus/groovy/reflection/CachedConstructor$1 done
Event: 44.942 loading class org/codehaus/groovy/runtime/metaclass/ClosureMetaMethod
Event: 44.942 loading class org/codehaus/groovy/runtime/metaclass/ClosureMetaMethod done
Event: 44.943 loading class groovy/lang/ClosureInvokingMethod
Event: 44.943 loading class groovy/lang/ClosureInvokingMethod done
Event: 44.943 loading class org/codehaus/groovy/runtime/MetaClassHelper
Event: 44.943 loading class org/codehaus/groovy/runtime/MetaClassHelper done
Event: 44.948 Executing VM operation: CollectForMetadataAllocation


Dynamic libraries:
0x0000000005da5000 	/System/Library/Frameworks/Cocoa.framework/Versions/A/Cocoa
0x0000000005da5000 	/System/Library/Frameworks/Security.framework/Versions/A/Security
0x0000000005da5000 	/System/Library/Frameworks/ApplicationServices.framework/Versions/A/ApplicationServices
0x0000000005da5000 	/usr/lib/libz.1.dylib
0x0000000005da5000 	/usr/lib/libSystem.B.dylib
0x0000000005da5000 	/System/Library/Frameworks/CoreFoundation.framework/Versions/A/CoreFoundation
0x0000000005da5000 	/System/Library/Frameworks/Foundation.framework/Versions/C/Foundation
0x0000000005da5000 	/usr/lib/libobjc.A.dylib
0x0000000005da5000 	/System/Library/Frameworks/AppKit.framework/Versions/C/AppKit
0x0000000005da5000 	/System/Library/Frameworks/CoreData.framework/Versions/A/CoreData
0x0000000005da5000 	/System/Library/PrivateFrameworks/RemoteViewServices.framework/Versions/A/RemoteViewServices
0x0000000005da5000 	/System/Library/PrivateFrameworks/UIFoundation.framework/Versions/A/UIFoundation
0x0000000005da5000 	/System/Library/PrivateFrameworks/DFRFoundation.framework/Versions/A/DFRFoundation
0x0000000005da5000 	/System/Library/Frameworks/Metal.framework/Versions/A/Metal
0x0000000005da5000 	/System/Library/PrivateFrameworks/DesktopServicesPriv.framework/Versions/A/DesktopServicesPriv
0x0000000005da5000 	/usr/lib/libenergytrace.dylib
0x0000000005da5000 	/System/Library/PrivateFrameworks/SkyLight.framework/Versions/A/SkyLight
0x0000000005da5000 	/System/Library/Frameworks/CoreGraphics.framework/Versions/A/CoreGraphics
0x0000000005da5000 	/usr/lib/libScreenReader.dylib
0x0000000005da5000 	/System/Library/Frameworks/Accelerate.framework/Versions/A/Accelerate
0x0000000005da5000 	/System/Library/Frameworks/IOSurface.framework/Versions/A/IOSurface
0x0000000005da5000 	/System/Library/Frameworks/AudioToolbox.framework/Versions/A/AudioToolbox
0x0000000005da5000 	/System/Library/Frameworks/AudioUnit.framework/Versions/A/AudioUnit
0x0000000005da5000 	/System/Library/PrivateFrameworks/DataDetectorsCore.framework/Versions/A/DataDetectorsCore
0x0000000005da5000 	/System/Library/Frameworks/Carbon.framework/Versions/A/Frameworks/HIToolbox.framework/Versions/A/HIToolbox
0x0000000005da5000 	/usr/lib/libicucore.A.dylib
0x0000000005da5000 	/System/Library/Frameworks/QuartzCore.framework/Versions/A/QuartzCore
0x0000000005da5000 	/System/Library/Frameworks/Carbon.framework/Versions/A/Frameworks/SpeechRecognition.framework/Versions/A/SpeechRecognition
0x0000000005da5000 	/usr/lib/libauto.dylib
0x0000000005da5000 	/usr/lib/libxml2.2.dylib
0x0000000005da5000 	/System/Library/PrivateFrameworks/CoreUI.framework/Versions/A/CoreUI
0x0000000005da5000 	/System/Library/Frameworks/CoreAudio.framework/Versions/A/CoreAudio
0x0000000005da5000 	/System/Library/Frameworks/DiskArbitration.framework/Versions/A/DiskArbitration
0x0000000005da5000 	/usr/lib/liblangid.dylib
0x0000000005da5000 	/System/Library/PrivateFrameworks/MultitouchSupport.framework/Versions/A/MultitouchSupport
0x0000000005da5000 	/System/Library/Frameworks/IOKit.framework/Versions/A/IOKit
0x0000000005da5000 	/usr/lib/libDiagnosticMessagesClient.dylib
0x0000000005da5000 	/System/Library/Frameworks/CoreServices.framework/Versions/A/CoreServices
0x0000000005da5000 	/System/Library/PrivateFrameworks/PerformanceAnalysis.framework/Versions/A/PerformanceAnalysis
0x0000000005da5000 	/System/Library/Frameworks/OpenGL.framework/Versions/A/OpenGL
0x0000000005da5000 	/System/Library/Frameworks/ColorSync.framework/Versions/A/ColorSync
0x0000000005da5000 	/System/Library/Frameworks/CoreImage.framework/Versions/A/CoreImage
0x0000000005da5000 	/System/Library/Frameworks/CoreText.framework/Versions/A/CoreText
0x0000000005da5000 	/System/Library/Frameworks/ImageIO.framework/Versions/A/ImageIO
0x0000000005da5000 	/System/Library/PrivateFrameworks/Backup.framework/Versions/A/Backup
0x0000000005da5000 	/usr/lib/libarchive.2.dylib
0x0000000005da5000 	/System/Library/Frameworks/CFNetwork.framework/Versions/A/CFNetwork
0x0000000005da5000 	/System/Library/Frameworks/SystemConfiguration.framework/Versions/A/SystemConfiguration
0x0000000005da5000 	/usr/lib/libCRFSuite.dylib
0x0000000005da5000 	/usr/lib/libc++.1.dylib
0x0000000005da5000 	/usr/lib/libc++abi.dylib
0x0000000005da5000 	/usr/lib/system/libcache.dylib
0x0000000005da5000 	/usr/lib/system/libcommonCrypto.dylib
0x0000000005da5000 	/usr/lib/system/libcompiler_rt.dylib
0x0000000005da5000 	/usr/lib/system/libcopyfile.dylib
0x0000000005da5000 	/usr/lib/system/libcorecrypto.dylib
0x0000000005da5000 	/usr/lib/system/libdispatch.dylib
0x0000000005da5000 	/usr/lib/system/libdyld.dylib
0x0000000005da5000 	/usr/lib/system/libkeymgr.dylib
0x0000000005da5000 	/usr/lib/system/liblaunch.dylib
0x0000000005da5000 	/usr/lib/system/libmacho.dylib
0x0000000005da5000 	/usr/lib/system/libquarantine.dylib
0x0000000005da5000 	/usr/lib/system/libremovefile.dylib
0x0000000005da5000 	/usr/lib/system/libsystem_asl.dylib
0x0000000005da5000 	/usr/lib/system/libsystem_blocks.dylib
0x0000000005da5000 	/usr/lib/system/libsystem_c.dylib
0x0000000005da5000 	/usr/lib/system/libsystem_configuration.dylib
0x0000000005da5000 	/usr/lib/system/libsystem_coreservices.dylib
0x0000000005da5000 	/usr/lib/system/libsystem_darwin.dylib
0x0000000005da5000 	/usr/lib/system/libsystem_dnssd.dylib
0x0000000005da5000 	/usr/lib/system/libsystem_info.dylib
0x0000000005da5000 	/usr/lib/system/libsystem_m.dylib
0x0000000005da5000 	/usr/lib/system/libsystem_malloc.dylib
0x0000000005da5000 	/usr/lib/system/libsystem_network.dylib
0x0000000005da5000 	/usr/lib/system/libsystem_networkextension.dylib
0x0000000005da5000 	/usr/lib/system/libsystem_notify.dylib
0x0000000005da5000 	/usr/lib/system/libsystem_sandbox.dylib
0x0000000005da5000 	/usr/lib/system/libsystem_secinit.dylib
0x0000000005da5000 	/usr/lib/system/libsystem_kernel.dylib
0x0000000005da5000 	/usr/lib/system/libsystem_platform.dylib
0x0000000005da5000 	/usr/lib/system/libsystem_pthread.dylib
0x0000000005da5000 	/usr/lib/system/libsystem_symptoms.dylib
0x0000000005da5000 	/usr/lib/system/libsystem_trace.dylib
0x0000000005da5000 	/usr/lib/system/libunwind.dylib
0x0000000005da5000 	/usr/lib/system/libxpc.dylib
0x0000000005da5000 	/usr/lib/closure/libclosured.dylib
0x0000000005da5000 	/usr/lib/libbsm.0.dylib
0x0000000005da5000 	/usr/lib/system/libkxld.dylib
0x0000000005da5000 	/usr/lib/libOpenScriptingUtil.dylib
0x0000000005da5000 	/usr/lib/libcoretls.dylib
0x0000000005da5000 	/usr/lib/libcoretls_cfhelpers.dylib
0x0000000005da5000 	/usr/lib/libpam.2.dylib
0x0000000005da5000 	/usr/lib/libsqlite3.dylib
0x0000000005da5000 	/usr/lib/libxar.1.dylib
0x0000000005da5000 	/usr/lib/libbz2.1.0.dylib
0x0000000005da5000 	/usr/lib/liblzma.5.dylib
0x0000000005da5000 	/usr/lib/libnetwork.dylib
0x0000000005da5000 	/usr/lib/libapple_nghttp2.dylib
0x0000000005da5000 	/usr/lib/libpcap.A.dylib
0x0000000005da5000 	/usr/lib/libboringssl.dylib
0x0000000005da5000 	/usr/lib/libusrtcp.dylib
0x0000000005da5000 	/usr/lib/libapple_crypto.dylib
0x0000000005da5000 	/System/Library/Frameworks/CoreServices.framework/Versions/A/Frameworks/FSEvents.framework/Versions/A/FSEvents
0x0000000005da5000 	/System/Library/Frameworks/CoreServices.framework/Versions/A/Frameworks/CarbonCore.framework/Versions/A/CarbonCore
0x0000000005da5000 	/System/Library/Frameworks/CoreServices.framework/Versions/A/Frameworks/Metadata.framework/Versions/A/Metadata
0x0000000005da5000 	/System/Library/Frameworks/CoreServices.framework/Versions/A/Frameworks/OSServices.framework/Versions/A/OSServices
0x0000000005da5000 	/System/Library/Frameworks/CoreServices.framework/Versions/A/Frameworks/SearchKit.framework/Versions/A/SearchKit
0x0000000005da5000 	/System/Library/Frameworks/CoreServices.framework/Versions/A/Frameworks/AE.framework/Versions/A/AE
0x0000000005da5000 	/System/Library/Frameworks/CoreServices.framework/Versions/A/Frameworks/LaunchServices.framework/Versions/A/LaunchServices
0x0000000005da5000 	/System/Library/Frameworks/CoreServices.framework/Versions/A/Frameworks/DictionaryServices.framework/Versions/A/DictionaryServices
0x0000000005da5000 	/System/Library/Frameworks/CoreServices.framework/Versions/A/Frameworks/SharedFileList.framework/Versions/A/SharedFileList
0x0000000005da5000 	/System/Library/Frameworks/NetFS.framework/Versions/A/NetFS
0x0000000005da5000 	/System/Library/PrivateFrameworks/NetAuth.framework/Versions/A/NetAuth
0x0000000005da5000 	/System/Library/PrivateFrameworks/login.framework/Versions/A/Frameworks/loginsupport.framework/Versions/A/loginsupport
0x0000000005da5000 	/System/Library/PrivateFrameworks/TCC.framework/Versions/A/TCC
0x0000000005da5000 	/usr/lib/libmecabra.dylib
0x0000000005da5000 	/System/Library/Frameworks/ApplicationServices.framework/Versions/A/Frameworks/ATS.framework/Versions/A/ATS
0x0000000005da5000 	/System/Library/Frameworks/ApplicationServices.framework/Versions/A/Frameworks/ColorSyncLegacy.framework/Versions/A/ColorSyncLegacy
0x0000000005da5000 	/System/Library/Frameworks/ApplicationServices.framework/Versions/A/Frameworks/HIServices.framework/Versions/A/HIServices
0x0000000005da5000 	/System/Library/Frameworks/ApplicationServices.framework/Versions/A/Frameworks/LangAnalysis.framework/Versions/A/LangAnalysis
0x0000000005da5000 	/System/Library/Frameworks/ApplicationServices.framework/Versions/A/Frameworks/PrintCore.framework/Versions/A/PrintCore
0x0000000005da5000 	/System/Library/Frameworks/ApplicationServices.framework/Versions/A/Frameworks/QD.framework/Versions/A/QD
0x0000000005da5000 	/System/Library/Frameworks/ApplicationServices.framework/Versions/A/Frameworks/SpeechSynthesis.framework/Versions/A/SpeechSynthesis
0x0000000005da5000 	/System/Library/Frameworks/CoreDisplay.framework/Versions/A/CoreDisplay
0x0000000005da5000 	/System/Library/Frameworks/Accelerate.framework/Versions/A/Frameworks/vImage.framework/Versions/A/vImage
0x0000000005da5000 	/System/Library/Frameworks/Accelerate.framework/Versions/A/Frameworks/vecLib.framework/Versions/A/vecLib
0x0000000005da5000 	/System/Library/Frameworks/Accelerate.framework/Versions/A/Frameworks/vecLib.framework/Versions/A/libvDSP.dylib
0x0000000005da5000 	/System/Library/Frameworks/Accelerate.framework/Versions/A/Frameworks/vecLib.framework/Versions/A/libBNNS.dylib
0x0000000005da5000 	/System/Library/Frameworks/Accelerate.framework/Versions/A/Frameworks/vecLib.framework/Versions/A/libQuadrature.dylib
0x0000000005da5000 	/System/Library/Frameworks/Accelerate.framework/Versions/A/Frameworks/vecLib.framework/Versions/A/libvMisc.dylib
0x0000000005da5000 	/System/Library/Frameworks/Accelerate.framework/Versions/A/Frameworks/vecLib.framework/Versions/A/libLAPACK.dylib
0x0000000005da5000 	/System/Library/Frameworks/Accelerate.framework/Versions/A/Frameworks/vecLib.framework/Versions/A/libBLAS.dylib
0x0000000005da5000 	/System/Library/Frameworks/Accelerate.framework/Versions/A/Frameworks/vecLib.framework/Versions/A/libLinearAlgebra.dylib
0x0000000005da5000 	/System/Library/Frameworks/Accelerate.framework/Versions/A/Frameworks/vecLib.framework/Versions/A/libSparse.dylib
0x0000000005da5000 	/System/Library/Frameworks/Accelerate.framework/Versions/A/Frameworks/vecLib.framework/Versions/A/libSparseBLAS.dylib
0x0000000005da5000 	/System/Library/PrivateFrameworks/IOAccelerator.framework/Versions/A/IOAccelerator
0x0000000005da5000 	/System/Library/PrivateFrameworks/IOPresentment.framework/Versions/A/IOPresentment
0x0000000005da5000 	/System/Library/PrivateFrameworks/DSExternalDisplay.framework/Versions/A/DSExternalDisplay
0x0000000005da5000 	/System/Library/Frameworks/OpenGL.framework/Versions/A/Libraries/libCoreFSCache.dylib
0x0000000005da5000 	/System/Library/Frameworks/CoreVideo.framework/Versions/A/CoreVideo
0x0000000005da5000 	/System/Library/PrivateFrameworks/GraphVisualizer.framework/Versions/A/GraphVisualizer
0x0000000005da5000 	/System/Library/Frameworks/MetalPerformanceShaders.framework/Versions/A/MetalPerformanceShaders
0x0000000005da5000 	/usr/lib/libFosl_dynamic.dylib
0x0000000005da5000 	/System/Library/PrivateFrameworks/FaceCore.framework/Versions/A/FaceCore
0x0000000005da5000 	/System/Library/Frameworks/OpenCL.framework/Versions/A/OpenCL
0x0000000005da5000 	/usr/lib/libcompression.dylib
0x0000000005da5000 	/System/Library/Frameworks/ApplicationServices.framework/Versions/A/Frameworks/ATS.framework/Versions/A/Resources/libFontParser.dylib
0x0000000005da5000 	/System/Library/Frameworks/ApplicationServices.framework/Versions/A/Frameworks/ATS.framework/Versions/A/Resources/libFontRegistry.dylib
0x0000000005da5000 	/System/Library/Frameworks/ImageIO.framework/Versions/A/Resources/libJPEG.dylib
0x0000000005da5000 	/System/Library/Frameworks/ImageIO.framework/Versions/A/Resources/libTIFF.dylib
0x0000000005da5000 	/System/Library/Frameworks/ImageIO.framework/Versions/A/Resources/libPng.dylib
0x0000000005da5000 	/System/Library/Frameworks/ImageIO.framework/Versions/A/Resources/libGIF.dylib
0x0000000005da5000 	/System/Library/Frameworks/ImageIO.framework/Versions/A/Resources/libJP2.dylib
0x0000000005da5000 	/System/Library/Frameworks/ImageIO.framework/Versions/A/Resources/libRadiance.dylib
0x0000000005da5000 	/System/Library/PrivateFrameworks/AppleJPEG.framework/Versions/A/AppleJPEG
0x0000000005da5000 	/System/Library/PrivateFrameworks/MetalTools.framework/Versions/A/MetalTools
0x0000000005da5000 	/System/Library/Frameworks/MetalPerformanceShaders.framework/Frameworks/MPSCore.framework/Versions/A/MPSCore
0x0000000005da5000 	/System/Library/Frameworks/MetalPerformanceShaders.framework/Frameworks/MPSImage.framework/Versions/A/MPSImage
0x0000000005da5000 	/System/Library/Frameworks/MetalPerformanceShaders.framework/Frameworks/MPSMatrix.framework/Versions/A/MPSMatrix
0x0000000005da5000 	/System/Library/Frameworks/MetalPerformanceShaders.framework/Frameworks/MPSNeuralNetwork.framework/Versions/A/MPSNeuralNetwork
0x0000000005da5000 	/System/Library/Frameworks/OpenGL.framework/Versions/A/Libraries/libGLU.dylib
0x0000000005da5000 	/System/Library/Frameworks/OpenGL.framework/Versions/A/Libraries/libGFXShared.dylib
0x0000000005da5000 	/System/Library/Frameworks/OpenGL.framework/Versions/A/Libraries/libGL.dylib
0x0000000005da5000 	/System/Library/Frameworks/OpenGL.framework/Versions/A/Libraries/libGLImage.dylib
0x0000000005da5000 	/System/Library/Frameworks/OpenGL.framework/Versions/A/Libraries/libCVMSPluginSupport.dylib
0x0000000005da5000 	/System/Library/Frameworks/OpenGL.framework/Versions/A/Libraries/libCoreVMClient.dylib
0x0000000005da5000 	/usr/lib/libcups.2.dylib
0x0000000005da5000 	/System/Library/Frameworks/Kerberos.framework/Versions/A/Kerberos
0x0000000005da5000 	/System/Library/Frameworks/GSS.framework/Versions/A/GSS
0x0000000005da5000 	/usr/lib/libresolv.9.dylib
0x0000000005da5000 	/usr/lib/libiconv.2.dylib
0x0000000005da5000 	/System/Library/PrivateFrameworks/Heimdal.framework/Versions/A/Heimdal
0x0000000005da5000 	/usr/lib/libheimdal-asn1.dylib
0x0000000005da5000 	/System/Library/Frameworks/OpenDirectory.framework/Versions/A/OpenDirectory
0x0000000005da5000 	/System/Library/PrivateFrameworks/CommonAuth.framework/Versions/A/CommonAuth
0x0000000005da5000 	/System/Library/Frameworks/OpenDirectory.framework/Versions/A/Frameworks/CFOpenDirectory.framework/Versions/A/CFOpenDirectory
0x0000000005da5000 	/System/Library/Frameworks/SecurityFoundation.framework/Versions/A/SecurityFoundation
0x0000000005da5000 	/System/Library/PrivateFrameworks/APFS.framework/Versions/A/APFS
0x0000000005da5000 	/usr/lib/libutil.dylib
0x0000000005da5000 	/System/Library/PrivateFrameworks/AppleSauce.framework/Versions/A/AppleSauce
0x0000000005da5000 	/System/Library/PrivateFrameworks/LinguisticData.framework/Versions/A/LinguisticData
0x0000000005da5000 	/usr/lib/libmarisa.dylib
0x0000000005da5000 	/System/Library/PrivateFrameworks/Lexicon.framework/Versions/A/Lexicon
0x0000000005da5000 	/usr/lib/libChineseTokenizer.dylib
0x0000000005da5000 	/usr/lib/libcmph.dylib
0x0000000005da5000 	/System/Library/PrivateFrameworks/LanguageModeling.framework/Versions/A/LanguageModeling
0x0000000005da5000 	/System/Library/PrivateFrameworks/CoreEmoji.framework/Versions/A/CoreEmoji
0x0000000005da5000 	/System/Library/Frameworks/ServiceManagement.framework/Versions/A/ServiceManagement
0x0000000005da5000 	/System/Library/PrivateFrameworks/BackgroundTaskManagement.framework/Versions/A/BackgroundTaskManagement
0x0000000005da5000 	/usr/lib/libxslt.1.dylib
0x0000000005da5000 	/System/Library/Frameworks/Carbon.framework/Versions/A/Frameworks/Ink.framework/Versions/A/Ink
0x0000000005da5000 	/System/Library/PrivateFrameworks/TextureIO.framework/Versions/A/TextureIO
0x0000000005da5000 	/usr/lib/libate.dylib
0x0000000005da5000 	/System/Library/PrivateFrameworks/CrashReporterSupport.framework/Versions/A/CrashReporterSupport
0x0000000005da5000 	/System/Library/PrivateFrameworks/Sharing.framework/Versions/A/Sharing
0x0000000005da5000 	/System/Library/PrivateFrameworks/IconServices.framework/Versions/A/IconServices
0x0000000005da5000 	/System/Library/PrivateFrameworks/ProtocolBuffer.framework/Versions/A/ProtocolBuffer
0x0000000005da5000 	/System/Library/PrivateFrameworks/Apple80211.framework/Versions/A/Apple80211
0x0000000005da5000 	/System/Library/Frameworks/CoreWLAN.framework/Versions/A/CoreWLAN
0x0000000005da5000 	/System/Library/PrivateFrameworks/CoreUtils.framework/Versions/A/CoreUtils
0x0000000005da5000 	/System/Library/Frameworks/IOBluetooth.framework/Versions/A/IOBluetooth
0x0000000005da5000 	/System/Library/PrivateFrameworks/CoreWiFi.framework/Versions/A/CoreWiFi
0x0000000005da5000 	/System/Library/Frameworks/CoreBluetooth.framework/Versions/A/CoreBluetooth
0x0000000005da5000 	/System/Library/PrivateFrameworks/SignpostNotification.framework/Versions/A/SignpostNotification
0x0000000005da5000 	/System/Library/PrivateFrameworks/DebugSymbols.framework/Versions/A/DebugSymbols
0x0000000005da5000 	/System/Library/PrivateFrameworks/CoreSymbolication.framework/Versions/A/CoreSymbolication
0x0000000005da5000 	/System/Library/PrivateFrameworks/Symbolication.framework/Versions/A/Symbolication
0x0000000005da5000 	/System/Library/PrivateFrameworks/AppleFSCompression.framework/Versions/A/AppleFSCompression
0x0000000005da5000 	/System/Library/PrivateFrameworks/SpeechRecognitionCore.framework/Versions/A/SpeechRecognitionCore
0x0000000103e00000 	/Applications/Android Studio.app/Contents/jre/jdk/Contents/Home/jre/lib/server/libjvm.dylib
0x0000000005da5000 	/usr/lib/libstdc++.6.0.9.dylib
0x0000000102d8c000 	/Applications/Android Studio.app/Contents/jre/jdk/Contents/Home/jre/lib/libverify.dylib
0x0000000102d98000 	/Applications/Android Studio.app/Contents/jre/jdk/Contents/Home/jre/lib/libjava.dylib
0x0000000102dd6000 	/Applications/Android Studio.app/Contents/jre/jdk/Contents/Home/jre/lib/libzip.dylib
0x0000000118ef1000 	/Applications/Android Studio.app/Contents/jre/jdk/Contents/Home/jre/lib/libnet.dylib
0x0000000118f50000 	/Applications/Android Studio.app/Contents/jre/jdk/Contents/Home/jre/lib/libnio.dylib
0x0000000119175000 	/Users/annascott/.gradle/native/25/osx-amd64/libnative-platform.dylib
0x000000011953b000 	/Applications/Android Studio.app/Contents/jre/jdk/Contents/Home/jre/lib/libmanagement.dylib

VM Arguments:
jvm_args: -XX:+HeapDumpOnOutOfMemoryError -Xmx1024m -Dfile.encoding=UTF-8 -Duser.country=US -Duser.language=en -Duser.variant 
java_command: org.gradle.launcher.daemon.bootstrap.GradleDaemon 4.4
java_class_path (initial): /Users/annascott/.gradle/wrapper/dists/gradle-4.4-all/9br9xq1tocpiv8o6njlyu5op1/gradle-4.4/lib/gradle-launcher-4.4.jar
Launcher Type: SUN_STANDARD

Environment Variables:
PATH=/usr/local/bin:/usr/bin:/bin:/usr/sbin:/sbin
SHELL=/bin/bash

Signal Handlers:
SIGSEGV: [libjvm.dylib+0x53f567], sa_mask[0]=11111111011111110111111111111111, sa_flags=SA_ONSTACK|SA_RESTART|SA_SIGINFO
SIGBUS: [libjvm.dylib+0x53f567], sa_mask[0]=11111111011111110111111111111111, sa_flags=SA_RESTART|SA_SIGINFO
SIGFPE: [libjvm.dylib+0x437adf], sa_mask[0]=11111111011111110111111111111111, sa_flags=SA_RESTART|SA_SIGINFO
SIGPIPE: [libjvm.dylib+0x437adf], sa_mask[0]=11111111011111110111111111111111, sa_flags=SA_RESTART|SA_SIGINFO
SIGXFSZ: [libjvm.dylib+0x437adf], sa_mask[0]=11111111011111110111111111111111, sa_flags=SA_RESTART|SA_SIGINFO
SIGILL: [libjvm.dylib+0x437adf], sa_mask[0]=11111111011111110111111111111111, sa_flags=SA_RESTART|SA_SIGINFO
SIGUSR1: SIG_DFL, sa_mask[0]=00000000000000000000000000000000, sa_flags=none
SIGUSR2: [libjvm.dylib+0x438404], sa_mask[0]=00100000000000000000000000000000, sa_flags=SA_RESTART|SA_SIGINFO
SIGHUP: [libjvm.dylib+0x4365f9], sa_mask[0]=11111111011111110111111111111111, sa_flags=SA_RESTART|SA_SIGINFO
SIGINT: [libjvm.dylib+0x4365f9], sa_mask[0]=11111111011111110111111111111111, sa_flags=SA_RESTART|SA_SIGINFO
SIGTERM: [libjvm.dylib+0x4365f9], sa_mask[0]=11111111011111110111111111111111, sa_flags=SA_RESTART|SA_SIGINFO
SIGQUIT: [libjvm.dylib+0x4365f9], sa_mask[0]=11111111011111110111111111111111, sa_flags=SA_RESTART|SA_SIGINFO


---------------  S Y S T E M  ---------------

OS:Bsduname:Darwin 17.3.0 Darwin Kernel Version 17.3.0: Thu Nov  9 18:09:22 PST 2017; root:xnu-4570.31.3~1/RELEASE_X86_64 x86_64
rlimit: STACK 8192k, CORE 0k, NPROC 1418, NOFILE 10240, AS infinity
load average:3.27 1.77 1.44

CPU:total 8 (initial active 8) (4 cores per cpu, 2 threads per core) family 6 model 94 stepping 3, cmov, cx8, fxsr, mmx, sse, sse2, sse3, ssse3, sse4.1, sse4.2, popcnt, avx, avx2, aes, clmul, erms, rtm, 3dnowpref, lzcnt, ht, tsc, tscinvbit, bmi1, bmi2, adx

Memory: 4k page, physical 16777216k(3191964k free)

/proc/meminfo:


vm_info: OpenJDK 64-Bit Server VM (25.152-b01) for bsd-amd64 JRE (1.8.0_152-release-1024-b01), built by "builder" with gcc 4.2.1 Compatible Apple LLVM 8.1.0 (clang-802.0.42)

time: Wed Jun 13 21:13:03 2018
elapsed time: 44 seconds (0d 0h 0m 44s)

