#
# A fatal error has been detected by the Java Runtime Environment:
#
#  SIGSEGV (0xb) at pc=0x000000010968c4c2, pid=876, tid=0x0000000000003f03
#
# JRE version: OpenJDK Runtime Environment (8.0_152-b01) (build 1.8.0_152-release-1024-b01)
# Java VM: OpenJDK 64-Bit Server VM (25.152-b01 mixed mode bsd-amd64 compressed oops)
# Problematic frame:
# V  [libjvm.dylib+0x28c4c2]  IndexSet::free_block(unsigned int)+0x3e
#
# Failed to write core dump. Core dumps have been disabled. To enable core dumping, try "ulimit -c unlimited" before starting Java again
#
# If you would like to submit a bug report, please visit:
#   http://bugreport.java.com/bugreport/crash.jsp
#

---------------  T H R E A D  ---------------

Current thread (0x00007f89d4020000):  JavaThread "C2 CompilerThread2" daemon [_thread_in_native, id=16131, stack(0x0000700002379000,0x0000700002479000)]

siginfo: si_signo: 11 (SIGSEGV), si_code: 0 (unknown), si_addr: 0x0000000000000000

Registers:
RAX=0x00007f89d6d7e6e0, RBX=0x8000000109bf33f0, RCX=0x0000000000000014, RDX=0x00007f89d7557228
RSP=0x0000700002475950, RBP=0x0000700002475970, RSI=0x0000000000000014, RDI=0x0000000000000109
R8 =0x0000000109be1a28, R9 =0xffffffff00000000, R10=0x0000000109be1a20, R11=0x0000000109be1a28
R12=0x0000000109be1a48, R13=0x0000700002475b28, R14=0x0000000000000014, R15=0x0000000120016f90
RIP=0x000000010968c4c2, EFLAGS=0x0000000000010286, ERR=0x0000000000000000
  TRAPNO=0x000000000000000d

Top of Stack: (sp=0x0000700002475950)
0x0000700002475950:   0000000000000014 0000700002475b28
0x0000700002475960:   0000000120016f90 0000000109bf33f0
0x0000700002475970:   00007000024759a0 000000010954c3f8
0x0000700002475980:   00007000024773e8 000000000000024c
0x0000700002475990:   000000000000024c 00007f89d82080a8
0x00007000024759a0:   0000700002475a50 0000000109787e74
0x00007000024759b0:   00007f89d3202730 00007f89d8841200
0x00007000024759c0:   00007f89d8841250 00007f89d88491e8
0x00007000024759d0:   0000000000336268 0000000109bbe498
0x00007000024759e0:   00007f89d3202730 0000086000000080
0x00007000024759f0:   00007f89d6c58198 0000000000000000
0x0000700002475a00:   0000000000000001 0000000000000000
0x0000700002475a10:   00007f89d68bcb30 00000000000000c7
0x0000700002475a20:   0000000000000001 0000000000000000
0x0000700002475a30:   00007000024773a0 00007000024772b8
0x0000700002475a40:   0000700002475bf0 0000700002475b28
0x0000700002475a50:   0000700002475c80 0000000109549d91
0x0000700002475a60:   00007fff94c99000 0000000109bafbc0
0x0000700002475a70:   000070000000000d 0000700002478078
0x0000700002475a80:   00007000024772b8 00000001000038e7
0x0000700002475a90:   0000700002475b10 000000000000000c
0x0000700002475aa0:   0000700002475ac0 00007fff5bd4c50b
0x0000700002475ab0:   0000000000000000 0000000109bdeffc
0x0000700002475ac0:   0000700002475b00 0000000109832926
0x0000700002475ad0:   0000000000000000 000000000000e3b0
0x0000700002475ae0:   00007f89d710cc00 00007000024772b8
0x0000700002475af0:   00007f89d77d1400 000000000000e3b0
0x0000700002475b00:   0000700002475b50 0000000109498931
0x0000700002475b10:   0000000000000000 0000000000000000
0x0000700002475b20:   0000000000000000 000000000000000a
0x0000700002475b30:   0000700002478078 0000000120058010
0x0000700002475b40:   0000000120000010 00007f89d68b8810 

Instructions: (pc=0x000000010968c4c2)
0x000000010968c4a2:   55 00 49 63 3c 24 e8 ef 2c 2d 00 48 8b 80 b8 03
0x000000010968c4b2:   00 00 48 8b 80 88 00 00 00 48 8b 80 f0 07 00 00
0x000000010968c4c2:   48 89 03 49 63 3c 24 e8 ce 2c 2d 00 48 8b 80 b8
0x000000010968c4d2:   03 00 00 48 8b 80 88 00 00 00 48 89 98 f0 07 00 

Register to memory mapping:

RAX=0x00007f89d6d7e6e0 is an unknown value
RBX=0x8000000109bf33f0 is an unknown value
RCX=0x0000000000000014 is an unknown value
RDX=0x00007f89d7557228 is an unknown value
RSP=0x0000700002475950 is pointing into the stack for thread: 0x00007f89d4020000
RBP=0x0000700002475970 is pointing into the stack for thread: 0x00007f89d4020000
RSI=0x0000000000000014 is an unknown value
RDI=0x0000000000000109 is an unknown value
R8 =0x0000000109be1a28: _ZL8tc_mutex+0x20 in /Applications/Android Studio.app/Contents/jre/jdk/Contents/Home/jre/lib/server/libjvm.dylib at 0x0000000109400000
R9 =0xffffffff00000000 is an unknown value
R10=0x0000000109be1a20: _ZL8tc_mutex+0x18 in /Applications/Android Studio.app/Contents/jre/jdk/Contents/Home/jre/lib/server/libjvm.dylib at 0x0000000109400000
R11=0x0000000109be1a28: _ZL8tc_mutex+0x20 in /Applications/Android Studio.app/Contents/jre/jdk/Contents/Home/jre/lib/server/libjvm.dylib at 0x0000000109400000
R12=0x0000000109be1a48: _ZN18ThreadLocalStorage13_thread_indexE+0 in /Applications/Android Studio.app/Contents/jre/jdk/Contents/Home/jre/lib/server/libjvm.dylib at 0x0000000109400000
R13=0x0000700002475b28 is pointing into the stack for thread: 0x00007f89d4020000
R14=0x0000000000000014 is an unknown value
R15=0x0000000120016f90 is an unknown value


Stack: [0x0000700002379000,0x0000700002479000],  sp=0x0000700002475950,  free space=1010k
Native frames: (J=compiled Java code, j=interpreted, Vv=VM code, C=native code)
V  [libjvm.dylib+0x28c4c2]  IndexSet::free_block(unsigned int)+0x3e
V  [libjvm.dylib+0x14c3f8]  IndexSet::clear()+0x3e
V  [libjvm.dylib+0x387e74]  PhaseLive::compute(unsigned int)+0x544
V  [libjvm.dylib+0x149d91]  PhaseChaitin::Register_Allocate()+0x3c5
V  [libjvm.dylib+0x1969a0]  Compile::Code_Gen()+0x14e
V  [libjvm.dylib+0x195388]  Compile::Compile(ciEnv*, C2Compiler*, ciMethod*, int, bool, bool, bool)+0x9fa
V  [libjvm.dylib+0x13b9da]  C2Compiler::compile_method(ciEnv*, ciMethod*, int)+0xa4
V  [libjvm.dylib+0x1a067a]  CompileBroker::invoke_compiler_on_method(CompileTask*)+0x564
V  [libjvm.dylib+0x19fc78]  CompileBroker::compiler_thread_loop()+0x270
V  [libjvm.dylib+0x505e88]  JavaThread::thread_main_inner()+0x82
V  [libjvm.dylib+0x505d4d]  JavaThread::run()+0x199
V  [libjvm.dylib+0x435709]  java_start(Thread*)+0xfa
C  [libsystem_pthread.dylib+0x36c1]  _pthread_body+0x154
C  [libsystem_pthread.dylib+0x356d]  _pthread_body+0x0
C  [libsystem_pthread.dylib+0x2c5d]  thread_start+0xd
C  0x0000000000000000


Current CompileTask:
C2:   4452 2642       4       groovy.lang.MetaClassImpl$1MOPIter::methodNameAction (479 bytes)


---------------  P R O C E S S  ---------------

Java Threads: ( => current thread )
  0x00007f89d7a50000 JavaThread "build operations Thread 8" [_thread_blocked, id=38403, stack(0x0000700003abe000,0x0000700003bbe000)]
  0x00007f89d8263000 JavaThread "build operations Thread 7" [_thread_blocked, id=38659, stack(0x00007000039bb000,0x0000700003abb000)]
  0x00007f89d5c0b800 JavaThread "build operations Thread 6" [_thread_blocked, id=38915, stack(0x00007000038b8000,0x00007000039b8000)]
  0x00007f89d7963800 JavaThread "build operations Thread 5" [_thread_blocked, id=39427, stack(0x00007000037b5000,0x00007000038b5000)]
  0x00007f89d7963000 JavaThread "build operations Thread 4" [_thread_blocked, id=39683, stack(0x00007000036b2000,0x00007000037b2000)]
  0x00007f89d7f5b800 JavaThread "build operations Thread 3" [_thread_blocked, id=39939, stack(0x00007000035af000,0x00007000036af000)]
  0x00007f89d7f5b000 JavaThread "build operations Thread 2" [_thread_blocked, id=25603, stack(0x00007000034ac000,0x00007000035ac000)]
  0x00007f89d25ab000 JavaThread "build operations" [_thread_blocked, id=25347, stack(0x00007000033a9000,0x00007000034a9000)]
  0x00007f89d539d800 JavaThread "Cache worker for Artifact transforms cache (/Users/annascott/.gradle/caches/transforms-1)" [_thread_blocked, id=24835, stack(0x00007000032a6000,0x00007000033a6000)]
  0x00007f89d5061000 JavaThread "Cache worker for file hash cache (/Users/annascott/Downloads/ud843-QuakeReport-starting-point/.gradle/4.4/fileHashes)" [_thread_blocked, id=24323, stack(0x00007000031a3000,0x00007000032a3000)]
  0x00007f89d3b90000 JavaThread "File lock request listener" [_thread_in_native, id=23811, stack(0x00007000030a0000,0x00007000031a0000)]
  0x00007f89d23c6000 JavaThread "Cache worker for file hash cache (/Users/annascott/.gradle/caches/4.4/fileHashes)" [_thread_blocked, id=40707, stack(0x0000700002f9d000,0x000070000309d000)]
  0x00007f89d3b8f000 JavaThread "Stdin handler" [_thread_blocked, id=41219, stack(0x0000700002e9a000,0x0000700002f9a000)]
  0x00007f89d1c01800 JavaThread "Asynchronous log dispatcher for DefaultDaemonConnection: socket connection from /127.0.0.1:50286 to /127.0.0.1:50287" [_thread_blocked, id=41731, stack(0x0000700002d97000,0x0000700002e97000)]
  0x00007f89d45ac000 JavaThread "Daemon worker" [_thread_in_vm, id=42243, stack(0x0000700002c94000,0x0000700002d94000)]
  0x00007f89d1c00800 JavaThread "Cancel handler" [_thread_blocked, id=42499, stack(0x0000700002b91000,0x0000700002c91000)]
  0x00007f89d4572000 JavaThread "Handler for socket connection from /127.0.0.1:50286 to /127.0.0.1:50287" [_thread_in_native, id=22787, stack(0x0000700002a8e000,0x0000700002b8e000)]
  0x00007f89d23b3800 JavaThread "Daemon" [_thread_blocked, id=43011, stack(0x000070000298b000,0x0000700002a8b000)]
  0x00007f89d1ba8000 JavaThread "Daemon periodic checks" [_thread_blocked, id=22275, stack(0x0000700002888000,0x0000700002988000)]
  0x00007f89d18f2800 JavaThread "Incoming local TCP Connector on port 50286" [_thread_in_native, id=43267, stack(0x0000700002785000,0x0000700002885000)]
  0x00007f89d4028800 JavaThread "Service Thread" daemon [_thread_blocked, id=17155, stack(0x000070000257f000,0x000070000267f000)]
  0x00007f89d200d000 JavaThread "C1 CompilerThread3" daemon [_thread_blocked, id=17667, stack(0x000070000247c000,0x000070000257c000)]
=>0x00007f89d4020000 JavaThread "C2 CompilerThread2" daemon [_thread_in_native, id=16131, stack(0x0000700002379000,0x0000700002479000)]
  0x00007f89d200c800 JavaThread "C2 CompilerThread1" daemon [_thread_in_vm, id=18179, stack(0x0000700002276000,0x0000700002376000)]
  0x00007f89d1813000 JavaThread "C2 CompilerThread0" daemon [_thread_in_native, id=18435, stack(0x0000700002173000,0x0000700002273000)]
  0x00007f89d1818000 JavaThread "Signal Dispatcher" daemon [_thread_blocked, id=15371, stack(0x0000700002070000,0x0000700002170000)]
  0x00007f89d1811800 JavaThread "Finalizer" daemon [_thread_blocked, id=12803, stack(0x0000700001eea000,0x0000700001fea000)]
  0x00007f89d180e800 JavaThread "Reference Handler" daemon [_thread_blocked, id=19971, stack(0x0000700001de7000,0x0000700001ee7000)]
  0x00007f89d3805800 JavaThread "main" [_thread_blocked, id=10243, stack(0x00007000013c9000,0x00007000014c9000)]

Other Threads:
  0x00007f89d580a000 VMThread [stack: 0x0000700001ce4000,0x0000700001de4000] [id=12291]
  0x00007f89d4029800 WatcherThread [stack: 0x0000700002682000,0x0000700002782000] [id=16643]

VM state:not at safepoint (normal execution)

VM Mutex/Monitor currently owned by a thread: None

Heap:
 PSYoungGen      total 137728K, used 4046K [0x00000007aab00000, 0x00000007b5700000, 0x00000007c0000000)
  eden space 126976K, 3% used [0x00000007aab00000,0x00000007aaef3b60,0x00000007b2700000)
  from space 10752K, 0% used [0x00000007b2700000,0x00000007b2700000,0x00000007b3180000)
  to   space 13824K, 0% used [0x00000007b4980000,0x00000007b4980000,0x00000007b5700000)
 ParOldGen       total 172544K, used 19954K [0x0000000780000000, 0x000000078a880000, 0x00000007aab00000)
  object space 172544K, 11% used [0x0000000780000000,0x000000078137cab8,0x000000078a880000)
 Metaspace       used 35405K, capacity 35962K, committed 36312K, reserved 1081344K
  class space    used 4856K, capacity 5065K, committed 5120K, reserved 1048576K

Card table byte_map: [0x000000010a228000,0x000000010a429000] byte_map_base: 0x0000000106628000

Marking Bits: (ParMarkBitMap*) 0x0000000109bf81c8
 Begin Bits: [0x000000011b4cc000, 0x000000011c4cc000)
 End Bits:   [0x000000011c4cc000, 0x000000011d4cc000)

Polling page: 0x0000000108363000

CodeCache: size=245760Kb used=10941Kb max_used=10952Kb free=234818Kb
 bounds [0x000000010c4cc000, 0x000000010cf8c000, 0x000000011b4cc000]
 total_blobs=3869 nmethods=3162 adapters=620
 compilation: enabled

Compilation events (10 events):
Event: 4.408 Thread 0x00007f89d200d000 nmethod 3168 0x000000010cf77210 code [0x000000010cf774c0, 0x000000010cf78a18]
Event: 4.408 Thread 0x00007f89d200c800 nmethod 3166 0x000000010cf76b50 code [0x000000010cf76cc0, 0x000000010cf77018]
Event: 4.408 Thread 0x00007f89d200c800 3167       4       sun.misc.URLClassPath$JarLoader$2::getCodeSigners (8 bytes)
Event: 4.416 Thread 0x00007f89d200c800 nmethod 3167 0x000000010cf79450 code [0x000000010cf79620, 0x000000010cf79bd8]
Event: 4.416 Thread 0x00007f89d200c800 3169       4       com.google.common.collect.MapMakerInternalMap::rehash (49 bytes)
Event: 4.417 Thread 0x00007f89d200c800 nmethod 3169 0x000000010cf7a590 code [0x000000010cf7a6c0, 0x000000010cf7a758]
Event: 4.417 Thread 0x00007f89d200c800 3170       4       com.google.common.collect.MapMakerInternalMap::segmentFor (17 bytes)
Event: 4.417 Thread 0x00007f89d200c800 nmethod 3170 0x000000010cf7a290 code [0x000000010cf7a3e0, 0x000000010cf7a498]
Event: 4.444 Thread 0x00007f89d200c800 3171       4       java.util.concurrent.atomic.AtomicReferenceArray::checkedByteOffset (45 bytes)
Event: 4.444 Thread 0x00007f89d200c800 nmethod 3171 0x000000010cf84350 code [0x000000010cf844a0, 0x000000010cf84558]

GC Heap History (10 events):
Event: 2.224 GC heap before
{Heap before GC invocations=3 (full 0):
 PSYoungGen      total 76288K, used 32612K [0x00000007aab00000, 0x00000007b4000000, 0x00000007c0000000)
  eden space 65536K, 34% used [0x00000007aab00000,0x00000007ac0d2950,0x00000007aeb00000)
  from space 10752K, 95% used [0x00000007af580000,0x00000007aff86a88,0x00000007b0000000)
  to   space 10752K, 0% used [0x00000007aeb00000,0x00000007aeb00000,0x00000007af580000)
 ParOldGen       total 175104K, used 24K [0x0000000780000000, 0x000000078ab00000, 0x00000007aab00000)
  object space 175104K, 0% used [0x0000000780000000,0x0000000780006000,0x000000078ab00000)
 Metaspace       used 20803K, capacity 21096K, committed 21248K, reserved 1067008K
  class space    used 2912K, capacity 3016K, committed 3072K, reserved 1048576K
Event: 2.233 GC heap after
Heap after GC invocations=3 (full 0):
 PSYoungGen      total 76288K, used 9081K [0x00000007aab00000, 0x00000007b4000000, 0x00000007c0000000)
  eden space 65536K, 0% used [0x00000007aab00000,0x00000007aab00000,0x00000007aeb00000)
  from space 10752K, 84% used [0x00000007aeb00000,0x00000007af3de5e8,0x00000007af580000)
  to   space 10752K, 0% used [0x00000007b3580000,0x00000007b3580000,0x00000007b4000000)
 ParOldGen       total 175104K, used 32K [0x0000000780000000, 0x000000078ab00000, 0x00000007aab00000)
  object space 175104K, 0% used [0x0000000780000000,0x0000000780008000,0x000000078ab00000)
 Metaspace       used 20803K, capacity 21096K, committed 21248K, reserved 1067008K
  class space    used 2912K, capacity 3016K, committed 3072K, reserved 1048576K
}
Event: 2.233 GC heap before
{Heap before GC invocations=4 (full 1):
 PSYoungGen      total 76288K, used 9081K [0x00000007aab00000, 0x00000007b4000000, 0x00000007c0000000)
  eden space 65536K, 0% used [0x00000007aab00000,0x00000007aab00000,0x00000007aeb00000)
  from space 10752K, 84% used [0x00000007aeb00000,0x00000007af3de5e8,0x00000007af580000)
  to   space 10752K, 0% used [0x00000007b3580000,0x00000007b3580000,0x00000007b4000000)
 ParOldGen       total 175104K, used 32K [0x0000000780000000, 0x000000078ab00000, 0x00000007aab00000)
  object space 175104K, 0% used [0x0000000780000000,0x0000000780008000,0x000000078ab00000)
 Metaspace       used 20803K, capacity 21096K, committed 21248K, reserved 1067008K
  class space    used 2912K, capacity 3016K, committed 3072K, reserved 1048576K
Event: 2.270 GC heap after
Heap after GC invocations=4 (full 1):
 PSYoungGen      total 76288K, used 0K [0x00000007aab00000, 0x00000007b4000000, 0x00000007c0000000)
  eden space 65536K, 0% used [0x00000007aab00000,0x00000007aab00000,0x00000007aeb00000)
  from space 10752K, 0% used [0x00000007aeb00000,0x00000007aeb00000,0x00000007af580000)
  to   space 10752K, 0% used [0x00000007b3580000,0x00000007b3580000,0x00000007b4000000)
 ParOldGen       total 105472K, used 8811K [0x0000000780000000, 0x0000000786700000, 0x00000007aab00000)
  object space 105472K, 8% used [0x0000000780000000,0x000000078089ac10,0x0000000786700000)
 Metaspace       used 20803K, capacity 21096K, committed 21248K, reserved 1067008K
  class space    used 2912K, capacity 3016K, committed 3072K, reserved 1048576K
}
Event: 3.036 GC heap before
{Heap before GC invocations=5 (full 1):
 PSYoungGen      total 76288K, used 65536K [0x00000007aab00000, 0x00000007b4000000, 0x00000007c0000000)
  eden space 65536K, 100% used [0x00000007aab00000,0x00000007aeb00000,0x00000007aeb00000)
  from space 10752K, 0% used [0x00000007aeb00000,0x00000007aeb00000,0x00000007af580000)
  to   space 10752K, 0% used [0x00000007b3580000,0x00000007b3580000,0x00000007b4000000)
 ParOldGen       total 105472K, used 8811K [0x0000000780000000, 0x0000000786700000, 0x00000007aab00000)
  object space 105472K, 8% used [0x0000000780000000,0x000000078089ac10,0x0000000786700000)
 Metaspace       used 26047K, capacity 26472K, committed 26880K, reserved 1073152K
  class space    used 3607K, capacity 3775K, committed 3840K, reserved 1048576K
Event: 3.046 GC heap after
Heap after GC invocations=5 (full 1):
 PSYoungGen      total 105984K, used 6601K [0x00000007aab00000, 0x00000007b3c00000, 0x00000007c0000000)
  eden space 99328K, 0% used [0x00000007aab00000,0x00000007aab00000,0x00000007b0c00000)
  from space 6656K, 99% used [0x00000007b3580000,0x00000007b3bf2698,0x00000007b3c00000)
  to   space 10752K, 0% used [0x00000007b2700000,0x00000007b2700000,0x00000007b3180000)
 ParOldGen       total 105472K, used 8819K [0x0000000780000000, 0x0000000786700000, 0x00000007aab00000)
  object space 105472K, 8% used [0x0000000780000000,0x000000078089cc10,0x0000000786700000)
 Metaspace       used 26047K, capacity 26472K, committed 26880K, reserved 1073152K
  class space    used 3607K, capacity 3775K, committed 3840K, reserved 1048576K
}
Event: 4.333 GC heap before
{Heap before GC invocations=6 (full 1):
 PSYoungGen      total 105984K, used 102309K [0x00000007aab00000, 0x00000007b3c00000, 0x00000007c0000000)
  eden space 99328K, 96% used [0x00000007aab00000,0x00000007b0877050,0x00000007b0c00000)
  from space 6656K, 99% used [0x00000007b3580000,0x00000007b3bf2698,0x00000007b3c00000)
  to   space 10752K, 0% used [0x00000007b2700000,0x00000007b2700000,0x00000007b3180000)
 ParOldGen       total 105472K, used 8819K [0x0000000780000000, 0x0000000786700000, 0x00000007aab00000)
  object space 105472K, 8% used [0x0000000780000000,0x000000078089cc10,0x0000000786700000)
 Metaspace       used 34846K, capacity 35314K, committed 35416K, reserved 1079296K
  class space    used 4789K, capacity 4977K, committed 4992K, reserved 1048576K
Event: 4.348 GC heap after
Heap after GC invocations=6 (full 1):
 PSYoungGen      total 137728K, used 10750K [0x00000007aab00000, 0x00000007b5700000, 0x00000007c0000000)
  eden space 126976K, 0% used [0x00000007aab00000,0x00000007aab00000,0x00000007b2700000)
  from space 10752K, 99% used [0x00000007b2700000,0x00000007b317fbd0,0x00000007b3180000)
  to   space 13824K, 0% used [0x00000007b4980000,0x00000007b4980000,0x00000007b5700000)
 ParOldGen       total 105472K, used 11599K [0x0000000780000000, 0x0000000786700000, 0x00000007aab00000)
  object space 105472K, 10% used [0x0000000780000000,0x0000000780b53ee8,0x0000000786700000)
 Metaspace       used 34846K, capacity 35314K, committed 35416K, reserved 1079296K
  class space    used 4789K, capacity 4977K, committed 4992K, reserved 1048576K
}
Event: 4.348 GC heap before
{Heap before GC invocations=7 (full 2):
 PSYoungGen      total 137728K, used 10750K [0x00000007aab00000, 0x00000007b5700000, 0x00000007c0000000)
  eden space 126976K, 0% used [0x00000007aab00000,0x00000007aab00000,0x00000007b2700000)
  from space 10752K, 99% used [0x00000007b2700000,0x00000007b317fbd0,0x00000007b3180000)
  to   space 13824K, 0% used [0x00000007b4980000,0x00000007b4980000,0x00000007b5700000)
 ParOldGen       total 105472K, used 11599K [0x0000000780000000, 0x0000000786700000, 0x00000007aab00000)
  object space 105472K, 10% used [0x0000000780000000,0x0000000780b53ee8,0x0000000786700000)
 Metaspace       used 34846K, capacity 35314K, committed 35416K, reserved 1079296K
  class space    used 4789K, capacity 4977K, committed 4992K, reserved 1048576K
Event: 4.400 GC heap after
Heap after GC invocations=7 (full 2):
 PSYoungGen      total 137728K, used 0K [0x00000007aab00000, 0x00000007b5700000, 0x00000007c0000000)
  eden space 126976K, 0% used [0x00000007aab00000,0x00000007aab00000,0x00000007b2700000)
  from space 10752K, 0% used [0x00000007b2700000,0x00000007b2700000,0x00000007b3180000)
  to   space 13824K, 0% used [0x00000007b4980000,0x00000007b4980000,0x00000007b5700000)
 ParOldGen       total 172544K, used 19954K [0x0000000780000000, 0x000000078a880000, 0x00000007aab00000)
  object space 172544K, 11% used [0x0000000780000000,0x000000078137cab8,0x000000078a880000)
 Metaspace       used 34823K, capacity 35290K, committed 35416K, reserved 1079296K
  class space    used 4782K, capacity 4969K, committed 4992K, reserved 1048576K
}

Deoptimization events (10 events):
Event: 4.094 Thread 0x00007f89d45ac000 Uncommon trap: reason=bimorphic action=maybe_recompile pc=0x000000010cc09fb4 method=java.lang.ClassLoader.getPackage(Ljava/lang/String;)Ljava/lang/Package; @ 47
Event: 4.094 Thread 0x00007f89d45ac000 Uncommon trap: reason=bimorphic action=maybe_recompile pc=0x000000010cc09fb4 method=java.lang.ClassLoader.getPackage(Ljava/lang/String;)Ljava/lang/Package; @ 47
Event: 4.094 Thread 0x00007f89d45ac000 Uncommon trap: reason=bimorphic action=maybe_recompile pc=0x000000010cc09fb4 method=java.lang.ClassLoader.getPackage(Ljava/lang/String;)Ljava/lang/Package; @ 47
Event: 4.148 Thread 0x00007f89d45ac000 Uncommon trap: reason=class_check action=maybe_recompile pc=0x000000010c9fafc4 method=java.io.BufferedInputStream.read1([BII)I @ 39
Event: 4.148 Thread 0x00007f89d45ac000 Uncommon trap: reason=class_check action=maybe_recompile pc=0x000000010c9fafc4 method=java.io.BufferedInputStream.read1([BII)I @ 39
Event: 4.148 Thread 0x00007f89d45ac000 Uncommon trap: reason=class_check action=maybe_recompile pc=0x000000010c9fafc4 method=java.io.BufferedInputStream.read1([BII)I @ 39
Event: 4.150 Thread 0x00007f89d45ac000 Uncommon trap: reason=unstable_if action=reinterpret pc=0x000000010cc8b3f0 method=java.util.regex.Pattern.has(I)Z @ 6
Event: 4.254 Thread 0x00007f89d45ac000 Uncommon trap: reason=predicate action=maybe_recompile pc=0x000000010ce4a2bc method=java.util.Arrays.binarySearch0([Ljava/lang/Object;IILjava/lang/Object;Ljava/util/Comparator;)I @ 28
Event: 4.298 Thread 0x00007f89d45ac000 Uncommon trap: reason=unstable_if action=reinterpret pc=0x000000010ca1a444 method=sun.misc.MetaIndex.mayContain(Ljava/lang/String;)Z @ 38
Event: 4.299 Thread 0x00007f89d45ac000 Uncommon trap: reason=unstable_if action=reinterpret pc=0x000000010cf17244 method=java.security.CodeSource.hashCode()I @ 4

Classes redefined (0 events):
No events

Internal exceptions (10 events):
Event: 3.694 Thread 0x00007f89d45ac000 Exception <a 'java/lang/ClassNotFoundException': org/gradle/api/internal/AbstractTaskBeanInfo> (0x00000007ae6ebba8) thrown at [/Volumes/android/AOSP-openjdk-git/jdk8u/hotspot/src/share/vm/classfile/systemDictionary.cpp, line 210]
Event: 3.696 Thread 0x00007f89d45ac000 Exception <a 'java/lang/ClassNotFoundException': org/gradle/api/internal/AbstractTaskCustomizer> (0x00000007ae716138) thrown at [/Volumes/android/AOSP-openjdk-git/jdk8u/hotspot/src/share/vm/classfile/systemDictionary.cpp, line 210]
Event: 3.700 Thread 0x00007f89d45ac000 Exception <a 'java/lang/ClassNotFoundException': org/gradle/api/DefaultTaskCustomizer> (0x00000007ae79e3e8) thrown at [/Volumes/android/AOSP-openjdk-git/jdk8u/hotspot/src/share/vm/classfile/systemDictionary.cpp, line 210]
Event: 3.701 Thread 0x00007f89d45ac000 Exception <a 'java/lang/ClassNotFoundException': org/gradle/api/internal/ConventionTaskCustomizer> (0x00000007ae7d8258) thrown at [/Volumes/android/AOSP-openjdk-git/jdk8u/hotspot/src/share/vm/classfile/systemDictionary.cpp, line 210]
Event: 3.702 Thread 0x00007f89d45ac000 Exception <a 'java/lang/ClassNotFoundException': org/gradle/api/tasks/DeleteCustomizer> (0x00000007ae80fee0) thrown at [/Volumes/android/AOSP-openjdk-git/jdk8u/hotspot/src/share/vm/classfile/systemDictionary.cpp, line 210]
Event: 3.704 Thread 0x00007f89d45ac000 Exception <a 'java/lang/ClassNotFoundException': org/gradle/api/tasks/Delete_DecoratedCustomizer> (0x00000007ae855040) thrown at [/Volumes/android/AOSP-openjdk-git/jdk8u/hotspot/src/share/vm/classfile/systemDictionary.cpp, line 210]
Event: 4.083 Thread 0x00007f89d45ac000 Exception <a 'java/lang/ClassNotFoundException': build_80tymhhijqhe464lsmbvblbteBeanInfo> (0x00000007afd52478) thrown at [/Volumes/android/AOSP-openjdk-git/jdk8u/hotspot/src/share/vm/classfile/systemDictionary.cpp, line 210]
Event: 4.083 Thread 0x00007f89d45ac000 Exception <a 'java/lang/ClassNotFoundException': build_80tymhhijqhe464lsmbvblbteCustomizer> (0x00000007afd5d110) thrown at [/Volumes/android/AOSP-openjdk-git/jdk8u/hotspot/src/share/vm/classfile/systemDictionary.cpp, line 210]
Event: 4.090 Thread 0x00007f89d45ac000 Exception <a 'java/lang/ClassNotFoundException': org/gradle/api/internal/plugins/DefaultObjectConfigurationActionBeanInfo> (0x00000007afdc3748) thrown at [/Volumes/android/AOSP-openjdk-git/jdk8u/hotspot/src/share/vm/classfile/systemDictionary.cpp, line 21
Event: 4.091 Thread 0x00007f89d45ac000 Exception <a 'java/lang/ClassNotFoundException': org/gradle/api/internal/plugins/DefaultObjectConfigurationActionCustomizer> (0x00000007afdfaa00) thrown at [/Volumes/android/AOSP-openjdk-git/jdk8u/hotspot/src/share/vm/classfile/systemDictionary.cpp, line 

Events (10 events):
Event: 4.443 loading class com/google/gson/internal/bind/TypeAdapters$24
Event: 4.443 loading class com/google/gson/internal/bind/TypeAdapters$24 done
Event: 4.443 loading class com/google/gson/internal/bind/TypeAdapters$27
Event: 4.443 loading class com/google/gson/internal/bind/TypeAdapters$27 done
Event: 4.444 loading class com/google/gson/internal/bind/TypeAdapters$28
Event: 4.444 loading class com/google/gson/internal/bind/TypeAdapters$28 done
Event: 4.444 loading class com/google/gson/internal/bind/TypeAdapters$29
Event: 4.444 loading class com/google/gson/internal/bind/TypeAdapters$29 done
Event: 4.445 loading class com/google/gson/TypeAdapter$1
Event: 4.445 loading class com/google/gson/TypeAdapter$1 done


Dynamic libraries:
0x000000000c912000 	/System/Library/Frameworks/Cocoa.framework/Versions/A/Cocoa
0x000000000c912000 	/System/Library/Frameworks/Security.framework/Versions/A/Security
0x000000000c912000 	/System/Library/Frameworks/ApplicationServices.framework/Versions/A/ApplicationServices
0x000000000c912000 	/usr/lib/libz.1.dylib
0x000000000c912000 	/usr/lib/libSystem.B.dylib
0x000000000c912000 	/System/Library/Frameworks/CoreFoundation.framework/Versions/A/CoreFoundation
0x000000000c912000 	/System/Library/Frameworks/Foundation.framework/Versions/C/Foundation
0x000000000c912000 	/usr/lib/libobjc.A.dylib
0x000000000c912000 	/System/Library/Frameworks/AppKit.framework/Versions/C/AppKit
0x000000000c912000 	/System/Library/Frameworks/CoreData.framework/Versions/A/CoreData
0x000000000c912000 	/System/Library/PrivateFrameworks/RemoteViewServices.framework/Versions/A/RemoteViewServices
0x000000000c912000 	/System/Library/PrivateFrameworks/UIFoundation.framework/Versions/A/UIFoundation
0x000000000c912000 	/System/Library/PrivateFrameworks/DFRFoundation.framework/Versions/A/DFRFoundation
0x000000000c912000 	/System/Library/Frameworks/Metal.framework/Versions/A/Metal
0x000000000c912000 	/System/Library/PrivateFrameworks/DesktopServicesPriv.framework/Versions/A/DesktopServicesPriv
0x000000000c912000 	/usr/lib/libenergytrace.dylib
0x000000000c912000 	/System/Library/PrivateFrameworks/SkyLight.framework/Versions/A/SkyLight
0x000000000c912000 	/System/Library/Frameworks/CoreGraphics.framework/Versions/A/CoreGraphics
0x000000000c912000 	/usr/lib/libScreenReader.dylib
0x000000000c912000 	/System/Library/Frameworks/Accelerate.framework/Versions/A/Accelerate
0x000000000c912000 	/System/Library/Frameworks/IOSurface.framework/Versions/A/IOSurface
0x000000000c912000 	/System/Library/Frameworks/AudioToolbox.framework/Versions/A/AudioToolbox
0x000000000c912000 	/System/Library/Frameworks/AudioUnit.framework/Versions/A/AudioUnit
0x000000000c912000 	/System/Library/PrivateFrameworks/DataDetectorsCore.framework/Versions/A/DataDetectorsCore
0x000000000c912000 	/System/Library/Frameworks/Carbon.framework/Versions/A/Frameworks/HIToolbox.framework/Versions/A/HIToolbox
0x000000000c912000 	/usr/lib/libicucore.A.dylib
0x000000000c912000 	/System/Library/Frameworks/QuartzCore.framework/Versions/A/QuartzCore
0x000000000c912000 	/System/Library/Frameworks/Carbon.framework/Versions/A/Frameworks/SpeechRecognition.framework/Versions/A/SpeechRecognition
0x000000000c912000 	/usr/lib/libauto.dylib
0x000000000c912000 	/usr/lib/libxml2.2.dylib
0x000000000c912000 	/System/Library/PrivateFrameworks/CoreUI.framework/Versions/A/CoreUI
0x000000000c912000 	/System/Library/Frameworks/CoreAudio.framework/Versions/A/CoreAudio
0x000000000c912000 	/System/Library/Frameworks/DiskArbitration.framework/Versions/A/DiskArbitration
0x000000000c912000 	/usr/lib/liblangid.dylib
0x000000000c912000 	/System/Library/PrivateFrameworks/MultitouchSupport.framework/Versions/A/MultitouchSupport
0x000000000c912000 	/System/Library/Frameworks/IOKit.framework/Versions/A/IOKit
0x000000000c912000 	/usr/lib/libDiagnosticMessagesClient.dylib
0x000000000c912000 	/System/Library/Frameworks/CoreServices.framework/Versions/A/CoreServices
0x000000000c912000 	/System/Library/PrivateFrameworks/PerformanceAnalysis.framework/Versions/A/PerformanceAnalysis
0x000000000c912000 	/System/Library/Frameworks/OpenGL.framework/Versions/A/OpenGL
0x000000000c912000 	/System/Library/Frameworks/ColorSync.framework/Versions/A/ColorSync
0x000000000c912000 	/System/Library/Frameworks/CoreImage.framework/Versions/A/CoreImage
0x000000000c912000 	/System/Library/Frameworks/CoreText.framework/Versions/A/CoreText
0x000000000c912000 	/System/Library/Frameworks/ImageIO.framework/Versions/A/ImageIO
0x000000000c912000 	/System/Library/PrivateFrameworks/Backup.framework/Versions/A/Backup
0x000000000c912000 	/usr/lib/libarchive.2.dylib
0x000000000c912000 	/System/Library/Frameworks/CFNetwork.framework/Versions/A/CFNetwork
0x000000000c912000 	/System/Library/Frameworks/SystemConfiguration.framework/Versions/A/SystemConfiguration
0x000000000c912000 	/usr/lib/libCRFSuite.dylib
0x000000000c912000 	/usr/lib/libc++.1.dylib
0x000000000c912000 	/usr/lib/libc++abi.dylib
0x000000000c912000 	/usr/lib/system/libcache.dylib
0x000000000c912000 	/usr/lib/system/libcommonCrypto.dylib
0x000000000c912000 	/usr/lib/system/libcompiler_rt.dylib
0x000000000c912000 	/usr/lib/system/libcopyfile.dylib
0x000000000c912000 	/usr/lib/system/libcorecrypto.dylib
0x000000000c912000 	/usr/lib/system/libdispatch.dylib
0x000000000c912000 	/usr/lib/system/libdyld.dylib
0x000000000c912000 	/usr/lib/system/libkeymgr.dylib
0x000000000c912000 	/usr/lib/system/liblaunch.dylib
0x000000000c912000 	/usr/lib/system/libmacho.dylib
0x000000000c912000 	/usr/lib/system/libquarantine.dylib
0x000000000c912000 	/usr/lib/system/libremovefile.dylib
0x000000000c912000 	/usr/lib/system/libsystem_asl.dylib
0x000000000c912000 	/usr/lib/system/libsystem_blocks.dylib
0x000000000c912000 	/usr/lib/system/libsystem_c.dylib
0x000000000c912000 	/usr/lib/system/libsystem_configuration.dylib
0x000000000c912000 	/usr/lib/system/libsystem_coreservices.dylib
0x000000000c912000 	/usr/lib/system/libsystem_darwin.dylib
0x000000000c912000 	/usr/lib/system/libsystem_dnssd.dylib
0x000000000c912000 	/usr/lib/system/libsystem_info.dylib
0x000000000c912000 	/usr/lib/system/libsystem_m.dylib
0x000000000c912000 	/usr/lib/system/libsystem_malloc.dylib
0x000000000c912000 	/usr/lib/system/libsystem_network.dylib
0x000000000c912000 	/usr/lib/system/libsystem_networkextension.dylib
0x000000000c912000 	/usr/lib/system/libsystem_notify.dylib
0x000000000c912000 	/usr/lib/system/libsystem_sandbox.dylib
0x000000000c912000 	/usr/lib/system/libsystem_secinit.dylib
0x000000000c912000 	/usr/lib/system/libsystem_kernel.dylib
0x000000000c912000 	/usr/lib/system/libsystem_platform.dylib
0x000000000c912000 	/usr/lib/system/libsystem_pthread.dylib
0x000000000c912000 	/usr/lib/system/libsystem_symptoms.dylib
0x000000000c912000 	/usr/lib/system/libsystem_trace.dylib
0x000000000c912000 	/usr/lib/system/libunwind.dylib
0x000000000c912000 	/usr/lib/system/libxpc.dylib
0x000000000c912000 	/usr/lib/closure/libclosured.dylib
0x000000000c912000 	/usr/lib/libbsm.0.dylib
0x000000000c912000 	/usr/lib/system/libkxld.dylib
0x000000000c912000 	/usr/lib/libOpenScriptingUtil.dylib
0x000000000c912000 	/usr/lib/libcoretls.dylib
0x000000000c912000 	/usr/lib/libcoretls_cfhelpers.dylib
0x000000000c912000 	/usr/lib/libpam.2.dylib
0x000000000c912000 	/usr/lib/libsqlite3.dylib
0x000000000c912000 	/usr/lib/libxar.1.dylib
0x000000000c912000 	/usr/lib/libbz2.1.0.dylib
0x000000000c912000 	/usr/lib/liblzma.5.dylib
0x000000000c912000 	/usr/lib/libnetwork.dylib
0x000000000c912000 	/usr/lib/libapple_nghttp2.dylib
0x000000000c912000 	/usr/lib/libpcap.A.dylib
0x000000000c912000 	/usr/lib/libboringssl.dylib
0x000000000c912000 	/usr/lib/libusrtcp.dylib
0x000000000c912000 	/usr/lib/libapple_crypto.dylib
0x000000000c912000 	/System/Library/Frameworks/CoreServices.framework/Versions/A/Frameworks/FSEvents.framework/Versions/A/FSEvents
0x000000000c912000 	/System/Library/Frameworks/CoreServices.framework/Versions/A/Frameworks/CarbonCore.framework/Versions/A/CarbonCore
0x000000000c912000 	/System/Library/Frameworks/CoreServices.framework/Versions/A/Frameworks/Metadata.framework/Versions/A/Metadata
0x000000000c912000 	/System/Library/Frameworks/CoreServices.framework/Versions/A/Frameworks/OSServices.framework/Versions/A/OSServices
0x000000000c912000 	/System/Library/Frameworks/CoreServices.framework/Versions/A/Frameworks/SearchKit.framework/Versions/A/SearchKit
0x000000000c912000 	/System/Library/Frameworks/CoreServices.framework/Versions/A/Frameworks/AE.framework/Versions/A/AE
0x000000000c912000 	/System/Library/Frameworks/CoreServices.framework/Versions/A/Frameworks/LaunchServices.framework/Versions/A/LaunchServices
0x000000000c912000 	/System/Library/Frameworks/CoreServices.framework/Versions/A/Frameworks/DictionaryServices.framework/Versions/A/DictionaryServices
0x000000000c912000 	/System/Library/Frameworks/CoreServices.framework/Versions/A/Frameworks/SharedFileList.framework/Versions/A/SharedFileList
0x000000000c912000 	/System/Library/Frameworks/NetFS.framework/Versions/A/NetFS
0x000000000c912000 	/System/Library/PrivateFrameworks/NetAuth.framework/Versions/A/NetAuth
0x000000000c912000 	/System/Library/PrivateFrameworks/login.framework/Versions/A/Frameworks/loginsupport.framework/Versions/A/loginsupport
0x000000000c912000 	/System/Library/PrivateFrameworks/TCC.framework/Versions/A/TCC
0x000000000c912000 	/usr/lib/libmecabra.dylib
0x000000000c912000 	/System/Library/Frameworks/ApplicationServices.framework/Versions/A/Frameworks/ATS.framework/Versions/A/ATS
0x000000000c912000 	/System/Library/Frameworks/ApplicationServices.framework/Versions/A/Frameworks/ColorSyncLegacy.framework/Versions/A/ColorSyncLegacy
0x000000000c912000 	/System/Library/Frameworks/ApplicationServices.framework/Versions/A/Frameworks/HIServices.framework/Versions/A/HIServices
0x000000000c912000 	/System/Library/Frameworks/ApplicationServices.framework/Versions/A/Frameworks/LangAnalysis.framework/Versions/A/LangAnalysis
0x000000000c912000 	/System/Library/Frameworks/ApplicationServices.framework/Versions/A/Frameworks/PrintCore.framework/Versions/A/PrintCore
0x000000000c912000 	/System/Library/Frameworks/ApplicationServices.framework/Versions/A/Frameworks/QD.framework/Versions/A/QD
0x000000000c912000 	/System/Library/Frameworks/ApplicationServices.framework/Versions/A/Frameworks/SpeechSynthesis.framework/Versions/A/SpeechSynthesis
0x000000000c912000 	/System/Library/Frameworks/CoreDisplay.framework/Versions/A/CoreDisplay
0x000000000c912000 	/System/Library/Frameworks/Accelerate.framework/Versions/A/Frameworks/vImage.framework/Versions/A/vImage
0x000000000c912000 	/System/Library/Frameworks/Accelerate.framework/Versions/A/Frameworks/vecLib.framework/Versions/A/vecLib
0x000000000c912000 	/System/Library/Frameworks/Accelerate.framework/Versions/A/Frameworks/vecLib.framework/Versions/A/libvDSP.dylib
0x000000000c912000 	/System/Library/Frameworks/Accelerate.framework/Versions/A/Frameworks/vecLib.framework/Versions/A/libBNNS.dylib
0x000000000c912000 	/System/Library/Frameworks/Accelerate.framework/Versions/A/Frameworks/vecLib.framework/Versions/A/libQuadrature.dylib
0x000000000c912000 	/System/Library/Frameworks/Accelerate.framework/Versions/A/Frameworks/vecLib.framework/Versions/A/libvMisc.dylib
0x000000000c912000 	/System/Library/Frameworks/Accelerate.framework/Versions/A/Frameworks/vecLib.framework/Versions/A/libLAPACK.dylib
0x000000000c912000 	/System/Library/Frameworks/Accelerate.framework/Versions/A/Frameworks/vecLib.framework/Versions/A/libBLAS.dylib
0x000000000c912000 	/System/Library/Frameworks/Accelerate.framework/Versions/A/Frameworks/vecLib.framework/Versions/A/libLinearAlgebra.dylib
0x000000000c912000 	/System/Library/Frameworks/Accelerate.framework/Versions/A/Frameworks/vecLib.framework/Versions/A/libSparse.dylib
0x000000000c912000 	/System/Library/Frameworks/Accelerate.framework/Versions/A/Frameworks/vecLib.framework/Versions/A/libSparseBLAS.dylib
0x000000000c912000 	/System/Library/PrivateFrameworks/IOAccelerator.framework/Versions/A/IOAccelerator
0x000000000c912000 	/System/Library/PrivateFrameworks/IOPresentment.framework/Versions/A/IOPresentment
0x000000000c912000 	/System/Library/PrivateFrameworks/DSExternalDisplay.framework/Versions/A/DSExternalDisplay
0x000000000c912000 	/System/Library/Frameworks/OpenGL.framework/Versions/A/Libraries/libCoreFSCache.dylib
0x000000000c912000 	/System/Library/Frameworks/CoreVideo.framework/Versions/A/CoreVideo
0x000000000c912000 	/System/Library/PrivateFrameworks/GraphVisualizer.framework/Versions/A/GraphVisualizer
0x000000000c912000 	/System/Library/Frameworks/MetalPerformanceShaders.framework/Versions/A/MetalPerformanceShaders
0x000000000c912000 	/usr/lib/libFosl_dynamic.dylib
0x000000000c912000 	/System/Library/PrivateFrameworks/FaceCore.framework/Versions/A/FaceCore
0x000000000c912000 	/System/Library/Frameworks/OpenCL.framework/Versions/A/OpenCL
0x000000000c912000 	/usr/lib/libcompression.dylib
0x000000000c912000 	/System/Library/Frameworks/ApplicationServices.framework/Versions/A/Frameworks/ATS.framework/Versions/A/Resources/libFontParser.dylib
0x000000000c912000 	/System/Library/Frameworks/ApplicationServices.framework/Versions/A/Frameworks/ATS.framework/Versions/A/Resources/libFontRegistry.dylib
0x000000000c912000 	/System/Library/Frameworks/ImageIO.framework/Versions/A/Resources/libJPEG.dylib
0x000000000c912000 	/System/Library/Frameworks/ImageIO.framework/Versions/A/Resources/libTIFF.dylib
0x000000000c912000 	/System/Library/Frameworks/ImageIO.framework/Versions/A/Resources/libPng.dylib
0x000000000c912000 	/System/Library/Frameworks/ImageIO.framework/Versions/A/Resources/libGIF.dylib
0x000000000c912000 	/System/Library/Frameworks/ImageIO.framework/Versions/A/Resources/libJP2.dylib
0x000000000c912000 	/System/Library/Frameworks/ImageIO.framework/Versions/A/Resources/libRadiance.dylib
0x000000000c912000 	/System/Library/PrivateFrameworks/AppleJPEG.framework/Versions/A/AppleJPEG
0x000000000c912000 	/System/Library/PrivateFrameworks/MetalTools.framework/Versions/A/MetalTools
0x000000000c912000 	/System/Library/Frameworks/MetalPerformanceShaders.framework/Frameworks/MPSCore.framework/Versions/A/MPSCore
0x000000000c912000 	/System/Library/Frameworks/MetalPerformanceShaders.framework/Frameworks/MPSImage.framework/Versions/A/MPSImage
0x000000000c912000 	/System/Library/Frameworks/MetalPerformanceShaders.framework/Frameworks/MPSMatrix.framework/Versions/A/MPSMatrix
0x000000000c912000 	/System/Library/Frameworks/MetalPerformanceShaders.framework/Frameworks/MPSNeuralNetwork.framework/Versions/A/MPSNeuralNetwork
0x000000000c912000 	/System/Library/Frameworks/OpenGL.framework/Versions/A/Libraries/libGLU.dylib
0x000000000c912000 	/System/Library/Frameworks/OpenGL.framework/Versions/A/Libraries/libGFXShared.dylib
0x000000000c912000 	/System/Library/Frameworks/OpenGL.framework/Versions/A/Libraries/libGL.dylib
0x000000000c912000 	/System/Library/Frameworks/OpenGL.framework/Versions/A/Libraries/libGLImage.dylib
0x000000000c912000 	/System/Library/Frameworks/OpenGL.framework/Versions/A/Libraries/libCVMSPluginSupport.dylib
0x000000000c912000 	/System/Library/Frameworks/OpenGL.framework/Versions/A/Libraries/libCoreVMClient.dylib
0x000000000c912000 	/usr/lib/libcups.2.dylib
0x000000000c912000 	/System/Library/Frameworks/Kerberos.framework/Versions/A/Kerberos
0x000000000c912000 	/System/Library/Frameworks/GSS.framework/Versions/A/GSS
0x000000000c912000 	/usr/lib/libresolv.9.dylib
0x000000000c912000 	/usr/lib/libiconv.2.dylib
0x000000000c912000 	/System/Library/PrivateFrameworks/Heimdal.framework/Versions/A/Heimdal
0x000000000c912000 	/usr/lib/libheimdal-asn1.dylib
0x000000000c912000 	/System/Library/Frameworks/OpenDirectory.framework/Versions/A/OpenDirectory
0x000000000c912000 	/System/Library/PrivateFrameworks/CommonAuth.framework/Versions/A/CommonAuth
0x000000000c912000 	/System/Library/Frameworks/OpenDirectory.framework/Versions/A/Frameworks/CFOpenDirectory.framework/Versions/A/CFOpenDirectory
0x000000000c912000 	/System/Library/Frameworks/SecurityFoundation.framework/Versions/A/SecurityFoundation
0x000000000c912000 	/System/Library/PrivateFrameworks/APFS.framework/Versions/A/APFS
0x000000000c912000 	/usr/lib/libutil.dylib
0x000000000c912000 	/System/Library/PrivateFrameworks/AppleSauce.framework/Versions/A/AppleSauce
0x000000000c912000 	/System/Library/PrivateFrameworks/LinguisticData.framework/Versions/A/LinguisticData
0x000000000c912000 	/usr/lib/libmarisa.dylib
0x000000000c912000 	/System/Library/PrivateFrameworks/Lexicon.framework/Versions/A/Lexicon
0x000000000c912000 	/usr/lib/libChineseTokenizer.dylib
0x000000000c912000 	/usr/lib/libcmph.dylib
0x000000000c912000 	/System/Library/PrivateFrameworks/LanguageModeling.framework/Versions/A/LanguageModeling
0x000000000c912000 	/System/Library/PrivateFrameworks/CoreEmoji.framework/Versions/A/CoreEmoji
0x000000000c912000 	/System/Library/Frameworks/ServiceManagement.framework/Versions/A/ServiceManagement
0x000000000c912000 	/System/Library/PrivateFrameworks/BackgroundTaskManagement.framework/Versions/A/BackgroundTaskManagement
0x000000000c912000 	/usr/lib/libxslt.1.dylib
0x000000000c912000 	/System/Library/Frameworks/Carbon.framework/Versions/A/Frameworks/Ink.framework/Versions/A/Ink
0x000000000c912000 	/System/Library/PrivateFrameworks/TextureIO.framework/Versions/A/TextureIO
0x000000000c912000 	/usr/lib/libate.dylib
0x000000000c912000 	/System/Library/PrivateFrameworks/CrashReporterSupport.framework/Versions/A/CrashReporterSupport
0x000000000c912000 	/System/Library/PrivateFrameworks/Sharing.framework/Versions/A/Sharing
0x000000000c912000 	/System/Library/PrivateFrameworks/IconServices.framework/Versions/A/IconServices
0x000000000c912000 	/System/Library/PrivateFrameworks/ProtocolBuffer.framework/Versions/A/ProtocolBuffer
0x000000000c912000 	/System/Library/PrivateFrameworks/Apple80211.framework/Versions/A/Apple80211
0x000000000c912000 	/System/Library/Frameworks/CoreWLAN.framework/Versions/A/CoreWLAN
0x000000000c912000 	/System/Library/PrivateFrameworks/CoreUtils.framework/Versions/A/CoreUtils
0x000000000c912000 	/System/Library/Frameworks/IOBluetooth.framework/Versions/A/IOBluetooth
0x000000000c912000 	/System/Library/PrivateFrameworks/CoreWiFi.framework/Versions/A/CoreWiFi
0x000000000c912000 	/System/Library/Frameworks/CoreBluetooth.framework/Versions/A/CoreBluetooth
0x000000000c912000 	/System/Library/PrivateFrameworks/SignpostNotification.framework/Versions/A/SignpostNotification
0x000000000c912000 	/System/Library/PrivateFrameworks/DebugSymbols.framework/Versions/A/DebugSymbols
0x000000000c912000 	/System/Library/PrivateFrameworks/CoreSymbolication.framework/Versions/A/CoreSymbolication
0x000000000c912000 	/System/Library/PrivateFrameworks/Symbolication.framework/Versions/A/Symbolication
0x000000000c912000 	/System/Library/PrivateFrameworks/AppleFSCompression.framework/Versions/A/AppleFSCompression
0x000000000c912000 	/System/Library/PrivateFrameworks/SpeechRecognitionCore.framework/Versions/A/SpeechRecognitionCore
0x0000000109400000 	/Applications/Android Studio.app/Contents/jre/jdk/Contents/Home/jre/lib/server/libjvm.dylib
0x000000000c912000 	/usr/lib/libstdc++.6.0.9.dylib
0x0000000108323000 	/Applications/Android Studio.app/Contents/jre/jdk/Contents/Home/jre/lib/libverify.dylib
0x000000010832f000 	/Applications/Android Studio.app/Contents/jre/jdk/Contents/Home/jre/lib/libjava.dylib
0x00000001083ad000 	/Applications/Android Studio.app/Contents/jre/jdk/Contents/Home/jre/lib/libzip.dylib
0x000000011e486000 	/Applications/Android Studio.app/Contents/jre/jdk/Contents/Home/jre/lib/libnet.dylib
0x000000011e4e7000 	/Applications/Android Studio.app/Contents/jre/jdk/Contents/Home/jre/lib/libnio.dylib
0x000000011e74b000 	/Users/annascott/.gradle/native/25/osx-amd64/libnative-platform.dylib
0x000000011ead2000 	/Applications/Android Studio.app/Contents/jre/jdk/Contents/Home/jre/lib/libmanagement.dylib

VM Arguments:
jvm_args: -XX:+HeapDumpOnOutOfMemoryError -Xmx1024m -Dfile.encoding=UTF-8 -Duser.country=US -Duser.language=en -Duser.variant 
java_command: org.gradle.launcher.daemon.bootstrap.GradleDaemon 4.4
java_class_path (initial): /Users/annascott/.gradle/wrapper/dists/gradle-4.4-all/9br9xq1tocpiv8o6njlyu5op1/gradle-4.4/lib/gradle-launcher-4.4.jar
Launcher Type: SUN_STANDARD

Environment Variables:
PATH=/usr/local/bin:/usr/bin:/bin:/usr/sbin:/sbin
SHELL=/bin/bash

Signal Handlers:
SIGSEGV: [libjvm.dylib+0x53f567], sa_mask[0]=11111111011111110111111111111111, sa_flags=SA_ONSTACK|SA_RESTART|SA_SIGINFO
SIGBUS: [libjvm.dylib+0x53f567], sa_mask[0]=11111111011111110111111111111111, sa_flags=SA_RESTART|SA_SIGINFO
SIGFPE: [libjvm.dylib+0x437adf], sa_mask[0]=11111111011111110111111111111111, sa_flags=SA_RESTART|SA_SIGINFO
SIGPIPE: [libjvm.dylib+0x437adf], sa_mask[0]=11111111011111110111111111111111, sa_flags=SA_RESTART|SA_SIGINFO
SIGXFSZ: [libjvm.dylib+0x437adf], sa_mask[0]=11111111011111110111111111111111, sa_flags=SA_RESTART|SA_SIGINFO
SIGILL: [libjvm.dylib+0x437adf], sa_mask[0]=11111111011111110111111111111111, sa_flags=SA_RESTART|SA_SIGINFO
SIGUSR1: SIG_DFL, sa_mask[0]=00000000000000000000000000000000, sa_flags=none
SIGUSR2: [libjvm.dylib+0x438404], sa_mask[0]=00100000000000000000000000000000, sa_flags=SA_RESTART|SA_SIGINFO
SIGHUP: [libjvm.dylib+0x4365f9], sa_mask[0]=11111111011111110111111111111111, sa_flags=SA_RESTART|SA_SIGINFO
SIGINT: [libjvm.dylib+0x4365f9], sa_mask[0]=11111111011111110111111111111111, sa_flags=SA_RESTART|SA_SIGINFO
SIGTERM: [libjvm.dylib+0x4365f9], sa_mask[0]=11111111011111110111111111111111, sa_flags=SA_RESTART|SA_SIGINFO
SIGQUIT: [libjvm.dylib+0x4365f9], sa_mask[0]=11111111011111110111111111111111, sa_flags=SA_RESTART|SA_SIGINFO


---------------  S Y S T E M  ---------------

OS:Bsduname:Darwin 17.3.0 Darwin Kernel Version 17.3.0: Thu Nov  9 18:09:22 PST 2017; root:xnu-4570.31.3~1/RELEASE_X86_64 x86_64
rlimit: STACK 8192k, CORE 0k, NPROC 1418, NOFILE 10240, AS infinity
load average:2.90 2.28 2.03

CPU:total 8 (initial active 8) (4 cores per cpu, 2 threads per core) family 6 model 94 stepping 3, cmov, cx8, fxsr, mmx, sse, sse2, sse3, ssse3, sse4.1, sse4.2, popcnt, avx, avx2, aes, clmul, erms, rtm, 3dnowpref, lzcnt, ht, tsc, tscinvbit, bmi1, bmi2, adx

Memory: 4k page, physical 16777216k(1622264k free)

/proc/meminfo:


vm_info: OpenJDK 64-Bit Server VM (25.152-b01) for bsd-amd64 JRE (1.8.0_152-release-1024-b01), built by "builder" with gcc 4.2.1 Compatible Apple LLVM 8.1.0 (clang-802.0.42)

time: Tue Jun 12 13:05:34 2018
elapsed time: 4 seconds (0d 0h 0m 4s)

